Proving begin optimize: (main v0) === (mainNew v0)
Property accepted by cvec analysis
new lemma forall v0: CList. v0 === (tf11 v0 v0)
new lemma forall v0: CList. v1: List. (tf1 (tf3 v0) v1) === (tf1 (tf3 (tf11 v0 v0)) v1)
new lemma forall v0: Bool. v0 === (and True v0)
new lemma forall v0: List. False === (tf7 Zero v0)
new lemma forall v0: List. False === (tf7 (Succ Zero) v0)
new lemma forall v0: Bool. v0 === (and v0 True)
new lemma forall v0: Nat. v1: Nat. (and (gq v0 v1) True) === (gq v0 v1)
new lemma forall v0: Nat. v1: List. False === (and (gq (Succ Zero) v0) (tf7 v0 v1))
new lemma forall v0: Nat. v1: Nat. False === (and (gq (Succ Zero) v0) (gq v0 v1))
new lemma forall v0: Bool. v0 === (and v0 v0)
prove lemma forall v0: Bool. v1: Bool. (and v0 v1) === (and (and v0 v1) v1)
new lemma forall v0: Bool. v1: Bool. (and v0 (and v1 True)) === (and (and v0 v1) v1)
new lemma forall v0: Bool. v1: Bool. (and v0 v1) === (and (and v0 (and True v1)) v1)
new lemma forall v0: Bool. v1: Bool. (and v0 (and True v1)) === (and (and v0 v1) v1)
new lemma forall v0: Bool. v1: Bool. (and v0 v1) === (and (and v0 (and v1 True)) v1)
new lemma forall v0: Bool. v1: Bool. (and v0 (and v1 True)) === (and (and v0 (and v1 True)) v1)
new lemma forall v0: Bool. v1: Bool. (and v0 (and v1 True)) === (and (and v0 (and True v1)) v1)
new lemma forall v0: Bool. v1: Bool. (and v0 (and True v1)) === (and (and v0 (and True v1)) v1)
new lemma forall v0: Bool. v1: Bool. (and v0 (and True v1)) === (and (and v0 (and v1 True)) v1)
new lemma forall v0: Nat. v1: List. v2: Bool. (and (and (tf7 v0 v1) v2) v2) === (and (tf7 v0 v1) v2)
