Proving begin optimize: (main v0) === (mainNew v0)
Property accepted by cvec analysis
new lemma forall v0: List. v0 === (tf15 v0 v0)
new lemma forall v0: Nat. v0 === (plus v0 Zero)
new lemma forall v0: Nat. v1: Nat. (plus v0 v1) === (plus v1 v0)
prove lemma forall v0: List. (tf19 v0) === (tf5 v0)
new lemma forall v0: Nat. v0 === (ite3 (lq Zero v0) v0 Zero)
new lemma forall v0: Bool. v0 === (and True v0)
new lemma forall v0: CList. (and True (tf11 v0)) === (tf11 v0)
new lemma forall v0: CList. v0 === (tf17 v0)
new lemma forall v0: Bool. v0 === (and v0 True)
new lemma forall v0: Nat. (and (lq (Succ Zero) v0) True) === (lq (Succ Zero) v0)
new lemma forall v0: Nat. (and (lq (Succ Zero) (plus v0 Zero)) True) === (lq (Succ Zero) v0)
new lemma forall v0: Nat. (and (lq (Succ Zero) v0) True) === (lq (Succ Zero) (plus v0 Zero))
new lemma forall v0: Nat. (and (lq (Succ (Succ Zero)) v0) True) === (lq (Succ (Succ Zero)) v0)
new lemma forall v0: CList. v1: Nat. v2: CList. (Cat v0 (ite3 (lq Zero v1) v1 Zero) (tf17 v2)) === (Cat v0 (plus v1 Zero) v2)
new lemma forall v0: CList. v1: Nat. v2: CList. (Cat v0 (plus v1 Zero) v2) === (Cat (tf17 v0) (ite3 (lq Zero v1) v1 Zero) v2)
new lemma forall v0: CList. v1: Nat. v2: CList. (Cat v0 (plus v1 Zero) (tf17 v2)) === (Cat (tf17 v0) (plus v1 Zero) (tf17 v2))
new lemma forall v0: CList. v1: Nat. v2: CList. (Cat v0 (ite3 (lq Zero v1) v1 Zero) v2) === (Cat (tf17 v0) (plus v1 Zero) v2)
new lemma forall v0: CList. v1: Nat. v2: CList. (Cat v0 (ite3 (lq Zero v1) v1 Zero) v2) === (Cat v0 (plus v1 Zero) (tf17 v2))
new lemma forall v0: NList. True === (snd4 (tf13 v0))
