Proving begin optimize: (main v0) === (mainNew v0)
Property accepted by cvec analysis
new lemma forall v0: Nat. v0 === (ite2 (lq Zero v0) v0 Zero)
new lemma forall v0: Nat. (Succ v0) === (ite2 (lq Zero v0) (Succ v0) (Succ Zero))
new lemma forall v0: Nat. v1: Nat. True === (lq Zero (ite2 (lq Zero v0) (Succ (Succ (Succ v0))) (Succ v1)))
new lemma forall v0: Nat. v1: Nat. True === (lq Zero (ite2 (lq Zero v0) (Succ (Succ v0)) (Succ v1)))
new lemma forall v0: Nat. v1: Nat. True === (lq Zero (ite2 (lq (Succ Zero) v0) (Succ (Succ v0)) (Succ v1)))
new lemma forall v0: Bool. v1: Nat. v2: Nat. (lq Zero (ite2 v0 (Succ v1) v2)) === (lq Zero (ite2 v0 (Succ (Succ v1)) v2))
prove lemma forall v0: Nat. v1: Nat. v2: Nat. True === (lq Zero (ite2 (lq v0 (ite2 (lq Zero v1) v1 Zero)) (Succ v1) (Succ v2)))
prove lemma forall v0: Nat. v1: Nat. v2: Nat. True === (lq Zero (ite2 (lq v0 v1) (Succ v1) (Succ v2)))
prove lemma forall v0: Nat. v1: Nat. v2: Nat. True === (lq Zero (ite2 (lq (ite2 (lq Zero v0) v0 Zero) v1) (Succ v1) (Succ v2)))
prove lemma forall v0: Nat. v1: Nat. v2: Nat. True === (lq Zero (ite2 (lq v0 v1) (Succ v1) (Succ (ite2 (lq Zero v2) v2 Zero))))
prove lemma forall v0: Nat. v1: Nat. v2: Nat. True === (lq Zero (ite2 (lq (Succ v0) v1) (Succ v1) (Succ (ite2 (lq Zero v2) v2 Zero))))
prove lemma forall v0: Nat. v1: Nat. v2: Nat. True === (lq Zero (ite2 (lq (Succ v0) v1) (Succ v1) (Succ v2)))
prove lemma forall v0: Nat. v1: Nat. v2: Nat. True === (lq Zero (ite2 (lq (Succ v0) (ite2 (lq Zero v1) v1 Zero)) (Succ v1) (Succ v2)))
prove lemma forall v0: Nat. v1: Nat. v2: Nat. True === (lq Zero (ite2 (lq v0 (ite2 (lq Zero v1) v1 Zero)) (Succ (Succ v1)) (Succ v2)))
prove lemma forall v0: Nat. v1: Nat. v2: Nat. True === (lq Zero (ite2 (lq v0 v1) (Succ (Succ v1)) (Succ (ite2 (lq Zero v2) v2 Zero))))
prove lemma forall v0: Nat. v1: Nat. v2: Nat. True === (lq Zero (ite2 (lq (ite2 (lq Zero v0) v0 Zero) v1) (Succ (Succ v1)) (Succ v2)))
prove lemma forall v0: Nat. v1: Nat. v2: Nat. True === (lq Zero (ite2 (lq v0 v1) (Succ (Succ v1)) (Succ v2)))
prove lemma forall v0: Nat. v1: Nat. v2: Nat. True === (lq Zero (ite2 (lq (Succ v0) v1) (Succ (Succ v1)) (Succ v2)))
prove lemma forall v0: Nat. v1: Nat. v2: Nat. True === (lq Zero (ite2 (lq v0 v1) (Succ (Succ (Succ v1))) (Succ v2)))
prove lemma forall v0: Nat. v1: Nat. v2: Nat. True === (lq Zero (ite2 (lq (Succ (Succ v0)) v1) (Succ (Succ v1)) (Succ v2)))
prove lemma forall v0: Nat. v1: Nat. v2: Nat. True === (lq Zero (ite2 (lq (Succ v0) v1) (Succ (Succ (Succ v1))) (Succ v2)))
prove lemma forall v0: Nat. v1: Nat. v2: Nat. True === (lq Zero (ite2 (lq v0 v1) (Succ (Succ (Succ (Succ v1)))) (Succ v2)))
prove lemma forall v0: Nat. v1: Nat. (lq Zero (ite2 (lq v0 v1) v1 v0)) === (lq Zero (ite2 (lq v1 v0) v0 v1))
