Proving begin optimize: (main v0) === (mainNew v0)
Property accepted by cvec analysis
new lemma forall v0: Nat. v0 === (ite1 (lq Zero v0) v0 Zero)
new lemma forall v0: Nat. v0 === (plus v0 Zero)
new lemma forall v0: Nat. (lq Zero v0) === (lq Zero (plus v0 Zero))
new lemma forall v0: Nat. (ite1 (lq Zero v0) v0 Zero) === (plus v0 Zero)
new lemma forall v0: Nat. v0 === (plus (ite1 (lq Zero v0) v0 Zero) Zero)
new lemma forall v0: Nat. v1: Nat. True === (lq Zero (plus v0 (Succ v1)))
new lemma forall v0: Nat. v1: Nat. (Succ (plus v0 v1)) === (plus v0 (Succ v1))
new lemma forall v0: Nat. v1: Nat. True === (lq Zero (plus v0 (Succ (plus v1 Zero))))
new lemma forall v0: Nat. v1: Nat. True === (lq Zero (plus (plus v0 Zero) (Succ v1)))
new lemma forall v0: Nat. v1: Nat. (Succ (plus v0 (plus v1 Zero))) === (plus v0 (Succ v1))
new lemma forall v0: Nat. v1: Nat. (Succ (plus (plus v0 Zero) v1)) === (plus v0 (Succ v1))
new lemma forall v0: Nat. v1: Nat. (Succ (plus v0 v1)) === (plus (plus v0 Zero) (Succ v1))
new lemma forall v0: Nat. v1: Nat. (Succ (plus v0 v1)) === (plus v0 (Succ (plus v1 Zero)))
new lemma forall v0: Nat. v1: Nat. True === (lq Zero (plus (plus v0 Zero) (Succ (plus v1 Zero))))
new lemma forall v0: Nat. v1: Nat. True === (lq Zero (plus (ite1 (lq Zero v0) v0 Zero) (Succ v1)))
new lemma forall v0: Nat. v1: Nat. True === (lq Zero (plus v0 (Succ (ite1 (lq Zero v1) v1 Zero))))
new lemma forall v0: Nat. v1: Nat. (Succ (plus v0 v1)) === (plus (plus v0 Zero) (Succ (plus v1 Zero)))
new lemma forall v0: Nat. v1: Nat. (Succ (plus (plus v0 Zero) (plus v1 Zero))) === (plus v0 (Succ v1))
new lemma forall v0: Nat. (lq Zero v0) === (lq Zero (plus (ite1 (lq Zero v0) v0 Zero) Zero))
new lemma forall v0: Nat. v1: Nat. (Succ (plus v0 v1)) === (plus (ite1 (lq Zero v0) v0 Zero) (Succ v1))
new lemma forall v0: Nat. v1: Nat. (Succ (plus v0 (ite1 (lq Zero v1) v1 Zero))) === (plus v0 (Succ v1))
new lemma forall v0: Nat. v1: Nat. (Succ (plus (ite1 (lq Zero v0) v0 Zero) v1)) === (plus v0 (Succ v1))
new lemma forall v0: Nat. v1: Nat. (Succ (plus v0 v1)) === (plus v0 (Succ (ite1 (lq Zero v1) v1 Zero)))
new lemma forall v0: Nat. v1: Nat. True === (lq Zero (plus (ite1 (lq Zero v0) v0 Zero) (Succ (plus v1 Zero))))
new lemma forall v0: Nat. v1: Nat. True === (lq Zero (plus (plus v0 Zero) (Succ (ite1 (lq Zero v1) v1 Zero))))
