Proving begin optimize: (main v0) === (mainNew v0)
Property accepted by cvec analysis
new lemma forall v0: List. v0 === (tf7 v0)
new lemma forall v0: Nat. False === (lq v0 v0)
new lemma forall v0: Nat. v0 === (plus v0 Zero)
new lemma forall v0: Nat. v1: Nat. (Succ (plus v0 v1)) === (plus v0 (Succ v1))
prove lemma forall v0: Nat. v1: Nat. True === (lq v0 (Succ (plus v1 v0)))
new lemma forall v0: Nat. v1: Nat. True === (lq (plus v0 Zero) (Succ (plus v1 v0)))
new lemma forall v0: Nat. v1: Nat. True === (lq v0 (Succ (plus (plus v1 Zero) v0)))
new lemma forall v0: Nat. v1: Nat. True === (lq (plus v0 Zero) (Succ (plus (plus v1 Zero) v0)))
new lemma forall v0: Nat. v1: Nat. (gq v0 Zero) === (lq v1 (plus v0 v1))
new lemma forall v0: Nat. v1: Nat. (gq (plus v0 Zero) Zero) === (lq v1 (plus v0 v1))
new lemma forall v0: Nat. v1: Nat. (gq v0 Zero) === (lq (plus v1 Zero) (plus v0 v1))
new lemma forall v0: Nat. v1: Nat. (gq v0 Zero) === (lq v1 (plus (plus v0 Zero) v1))
new lemma forall v0: Nat. v1: Nat. (gq (plus v0 Zero) Zero) === (lq (plus v1 Zero) (plus v0 v1))
new lemma forall v0: Nat. v1: Nat. (gq v0 Zero) === (lq (plus v1 Zero) (plus (plus v0 Zero) v1))
new lemma forall v0: Nat. (Cons v0 (Elt Zero)) === (ite1 (gq v0 Zero) (Cons v0 (Elt Zero)) (Cons Zero (Elt v0)))
new lemma forall v0: Nat. (Cons v0 (Elt Zero)) === (ite1 (gq (plus v0 Zero) Zero) (Cons v0 (Elt Zero)) (Cons Zero (Elt v0)))
new lemma forall v0: Nat. (Cons (plus v0 Zero) (Elt Zero)) === (ite1 (gq v0 Zero) (Cons v0 (Elt Zero)) (Cons Zero (Elt v0)))
new lemma forall v0: Nat. (Cons (plus v0 Zero) (Elt Zero)) === (ite1 (gq (plus v0 Zero) Zero) (Cons v0 (Elt Zero)) (Cons Zero (Elt v0)))
new lemma forall v0: Nat. True === (lq v0 (Succ v0))
new lemma forall v0: Nat. True === (lq v0 (plus v0 (Succ Zero)))
new lemma forall v0: Nat. True === (lq (plus v0 Zero) (Succ v0))
new lemma forall v0: Nat. True === (lq (plus v0 Zero) (plus v0 (Succ Zero)))
new lemma forall v0: Nat. v1: Nat. (lq v0 (Succ v0)) === (lq v0 (Succ (plus v1 v0)))
new lemma forall v0: Nat. v1: Nat. (lq v0 (Succ v0)) === (lq v0 (plus v1 (Succ v0)))
new lemma forall v0: Nat. v1: Nat. (lq v0 (Succ (plus v1 v0))) === (lq v0 (plus v0 (Succ Zero)))
new lemma forall v0: Nat. v1: Nat. (lq v0 (plus v1 (Succ v0))) === (lq v0 (plus v0 (Succ Zero)))
new lemma forall v0: Nat. v1: Nat. (lq v0 (Succ v0)) === (lq (plus v0 Zero) (Succ (plus v1 v0)))
new lemma forall v0: Nat. v1: Nat. (lq v0 (Succ (plus v1 v0))) === (lq (plus v0 Zero) (Succ v0))
new lemma forall v0: Nat. v1: Nat. (lq v0 (Succ v0)) === (lq v0 (Succ (plus (plus v1 Zero) v0)))
new lemma forall v0: Nat. v1: Nat. (lq v0 (Succ v0)) === (lq (plus v0 Zero) (plus v1 (Succ v0)))
new lemma forall v0: Nat. v1: Nat. (lq v0 (plus v1 (Succ v0))) === (lq (plus v0 Zero) (Succ v0))
new lemma forall v0: Nat. v1: Nat. (lq v0 (plus v1 (Succ v0))) === (lq (plus v0 Zero) (plus v0 (Succ Zero)))
new lemma forall v0: Nat. v1: Nat. (lq (plus v0 Zero) (Succ v0)) === (lq (plus v0 Zero) (plus v1 (Succ v0)))
new lemma forall v0: Nat. v1: Nat. (lq v0 (Succ (plus (plus v1 Zero) v0))) === (lq (plus v0 Zero) (Succ v0))
new lemma forall v0: Nat. v1: Nat. (lq (plus v0 Zero) (Succ v0)) === (lq (plus v0 Zero) (Succ (plus v1 v0)))
new lemma forall v0: Nat. v1: Nat. (lq v0 (plus v0 (Succ Zero))) === (lq (plus v0 Zero) (plus v1 (Succ v0)))
new lemma forall v0: Nat. v1: Nat. (lq v0 (Succ (plus (plus v1 Zero) v0))) === (lq v0 (plus v0 (Succ Zero)))
new lemma forall v0: Nat. v1: Nat. (lq v0 (Succ v0)) === (lq (plus v0 Zero) (Succ (plus (plus v1 Zero) v0)))
new lemma forall v0: Nat. v1: Nat. (lq v0 (plus v0 (Succ Zero))) === (lq (plus v0 Zero) (Succ (plus v1 v0)))
new lemma forall v0: Nat. v1: Nat. (lq v0 (Succ (plus v1 v0))) === (lq (plus v0 Zero) (plus v0 (Succ Zero)))
new lemma forall v0: Nat. v1: Nat. (lq (plus v0 Zero) (Succ (plus v1 v0))) === (lq (plus v0 Zero) (plus v0 (Succ Zero)))
new lemma forall v0: Nat. v1: Nat. (lq (plus v0 Zero) (plus v1 (Succ v0))) === (lq (plus v0 Zero) (plus v0 (Succ Zero)))
new lemma forall v0: Nat. v1: Nat. (lq v0 (Succ (plus (plus v1 Zero) v0))) === (lq (plus v0 Zero) (plus v0 (Succ Zero)))
new lemma forall v0: Nat. v1: Nat. (lq v0 (plus v0 (Succ Zero))) === (lq (plus v0 Zero) (Succ (plus (plus v1 Zero) v0)))
new lemma forall v0: Nat. v1: Nat. (lq (plus v0 Zero) (Succ v0)) === (lq (plus v0 Zero) (Succ (plus (plus v1 Zero) v0)))
new lemma forall v0: Nat. v1: Nat. (lq (plus v0 Zero) (Succ (plus (plus v1 Zero) v0))) === (lq (plus v0 Zero) (plus v0 (Succ Zero)))
