Proving begin optimize: (main v0) === (mainNew v0)
Property accepted by cvec analysis
new lemma forall v0: Nat. v0 === (ite2 (gq v0 Zero) v0 Zero)
new lemma forall v0: Nat. v0 === (plus v0 Zero)
new lemma forall v0: Bool. v0 === (and True v0)
new lemma forall v0: Bool. v0 === (and v0 True)
new lemma forall v0: Nat. (and (gq v0 Zero) True) === (gq v0 Zero)
new lemma forall v0: Nat. (and (gq (plus v0 Zero) Zero) True) === (gq v0 Zero)
new lemma forall v0: Nat. (and (gq v0 Zero) True) === (gq (plus v0 Zero) Zero)
new lemma forall v0: List. v1: Unit. (tf7 v0) === (tf7 (tf3 (Nil v1) v0))
new lemma forall v0: Nat. v1: Nat. True === (gq (plus v0 (Succ v1)) Zero)
new lemma forall v0: Nat. v1: Nat. (Succ (plus v0 v1)) === (plus v0 (Succ v1))
prove lemma forall v0: Nat. v1: Nat. (gq v0 Zero) === (gq (plus v0 (plus v1 Zero)) v1)
prove lemma forall v0: Nat. v1: Nat. (gq v0 Zero) === (gq (plus v0 v1) v1)
prove lemma forall v0: Nat. v1: Nat. (gq (plus v0 v1) v1) === (gq (plus v0 Zero) Zero)
prove lemma forall v0: Nat. v1: Nat. True === (gq (Succ (plus v0 v1)) v1)
new lemma forall v0: CList. v1: Nat. (gq (plus (tf7 (tf5 v0)) v1) v1) === (gq (tf7 (tf5 v0)) Zero)
new lemma forall v0: List. (tf7 v0) === (tf7 (tf3 (Cons Zero (Nil Null)) v0))
new lemma forall v0: List. True === (gq (tf7 (tf3 (Cons (Succ Zero) (Nil Null)) v0)) Zero)
new lemma forall v0: CList. v1: Nat. (gq (plus (tf7 (tf5 v0)) (plus v1 Zero)) v1) === (gq (tf7 (tf5 v0)) Zero)
new lemma forall v0: CList. v1: Nat. (gq (plus (tf11 v0) (ite2 (gq v1 Zero) v1 Zero)) v1) === (gq (tf11 v0) Zero)
new lemma forall v0: List. v1: Nat. (gq (plus (tf7 v0) (ite2 (gq v1 Zero) v1 Zero)) v1) === (gq (tf7 v0) Zero)
