Proving begin optimize: (main v0) === (mainNew v0)
Property accepted by cvec analysis
new lemma forall v0: List. v1: UList. (tf1 v0 v1) === (tf1 v0 (tf11 v1))
new lemma forall v0: UList. (tf11 v0) === (tf11 (tf11 v0))
new lemma forall v0: Nat. v1: Nat. (gq v0 v1) === (lq v1 v0)
new lemma forall v0: UList. (tf11 v0) === (tf11 (tf11 (tf11 (tf11 (tf11 v0)))))
new lemma forall v0: UList. (tf11 v0) === (tf11 (tf11 (tf11 (tf11 (tf11 (tf11 v0))))))
new lemma forall v0: UList. (tf11 v0) === (tf11 (tf11 (tf11 (tf11 (tf11 (tf11 (tf11 v0)))))))
new lemma forall v0: UList. (tf11 v0) === (tf11 (tf11 (tf11 (tf11 (tf11 (tf11 (tf11 (tf11 v0))))))))
new lemma forall v0: Bool. v0 === (and v0 True)
prove lemma forall v0: Nat. v1: Nat. (and (gq v0 v1) (lq Zero v0)) === (gq v0 v1)
new lemma forall v0: Nat. v1: UList. (and (gq v0 (tf13 v1)) (gq v0 Zero)) === (gq v0 (tf13 v1))
new lemma forall v0: UList. (tf11 v0) === (tf11 (tf11 (tf11 (tf11 (tf11 (tf11 (tf11 (tf11 (tf11 v0)))))))))
new lemma forall v0: UList. (tf11 v0) === (tf11 (tf11 (tf11 (tf11 (tf11 (tf11 (tf11 (tf11 (tf11 (tf11 v0))))))))))
new lemma forall v0: Nat. v0 === (ite3 (lq Zero v0) v0 Zero)
new lemma forall v0: Bool. v0 === (and True v0)
new lemma forall v0: Bool. v0 === (and True (and v0 True))
new lemma forall v0: Bool. (and v0 True) === (and True v0)
new lemma forall v0: Nat. (Succ v0) === (ite3 (lq Zero v0) (Succ v0) (Succ Zero))
new lemma forall v0: Bool. v1: Nat. v0 === (and (gq (ite3 (gq v1 Zero) (Succ (Succ v1)) (Succ (Succ Zero))) Zero) v0)
new lemma forall v0: Bool. v1: Nat. v0 === (and (gq (ite3 (gq (Succ Zero) v1) (Succ Zero) v1) Zero) v0)
new lemma forall v0: Bool. v1: Nat. v0 === (and v0 (gq (ite3 (gq (Succ Zero) v1) (Succ (Succ Zero)) (Succ v1)) Zero))
prove lemma forall v0: Bool. v1: Nat. v0 === (and (gq (ite3 (gq (Succ (Succ Zero)) v1) (Succ (Succ Zero)) v1) Zero) v0)
