Proving begin optimize: (main v0 v1) === (mainNew v0 v1)
Property accepted by cvec analysis
new lemma forall v0: List. (tf6 (tf5 Zero) Zero v0) === (tf6 (tf5 Zero) Zero (tf8 (tf7 Zero) Zero v0))
new lemma forall v0: Nat. (nateq v0 Zero) === (nateq Zero v0)
new lemma forall v0: Nat. v1: Unit. (ite1 (nateq v0 Zero) (Succ Zero) Zero) === (tf6 (tf5 Zero) Zero (ite2 (nateq v0 Zero) (Cons v0 (Nil v1)) (Cons v0 (Nil Null))))
new lemma forall v0: Bool. v0 === (and v0 True)
new lemma forall v0: Bool. v0 === (and (and v0 True) True)
new lemma forall v0: Bool. (and (not v0) True) === (not v0)
new lemma forall v0: Bool. (and (and (not v0) True) True) === (not v0)
new lemma forall v0: Nat. v1: List. (Cons v0 v1) === (ite2 (nateq v0 Zero) (Cons v0 v1) (Cons v0 v1))
new lemma forall v0: Bool. v0 === (and True v0)
new lemma forall v0: Bool. v0 === (and True (and v0 True))
new lemma forall v0: Bool. (and v0 True) === (and True v0)
new lemma forall v0: Bool. v0 === (and (and True v0) v0)
prove lemma forall v0: Bool. v1: Bool. (and v0 v1) === (and (and v0 v1) v1)
new lemma forall v0: Bool. v1: Bool. (and v0 (and v1 True)) === (and (and v0 v1) v1)
new lemma forall v0: Bool. v1: Bool. (and v0 v1) === (and (and v0 (and v1 True)) v1)
new lemma forall v0: Bool. v1: Bool. (and (and (not v0) v1) v1) === (and (not v0) v1)
new lemma forall v0: Bool. v1: Bool. (and v0 (and v1 True)) === (and (and v0 (and v1 True)) v1)
new lemma forall v0: Bool. v1: Bool. (and (and (not v0) (and v1 True)) v1) === (and (not v0) v1)
