09:44:47 [WARN] Collecting statistics
09:44:47 [WARN]  ex is: true
09:44:47 [WARN]  ex is: false
09:44:47 [WARN]  ex is: zero
09:44:47 [WARN]  ex is: (succ zero)
09:44:47 [WARN]  ex is: (succ (succ zero))
09:44:47 [WARN]  ex is: null
09:44:47 [WARN]  ex is: (nil autovar_Unit_0)
09:44:47 [WARN]  ex is: (cons autovar_Nat_0 (nil autovar_Unit_0))
09:44:47 [WARN]  ex is: (cons autovar_Nat_1 (cons autovar_Nat_0 (nil autovar_Unit_0)))
09:44:47 [WARN] Running exploration without proof mode, but goals were given
09:44:47 [WARN] Proof mode: true
09:44:47 [WARN]  ex is: true
09:44:47 [WARN]  ex is: false
09:44:47 [WARN]  ex is: zero
09:44:47 [WARN]  ex is: (succ zero)
09:44:47 [WARN]  ex is: (succ (succ zero))
09:44:47 [WARN]  ex is: null
09:44:47 [WARN]  ex is: (nil autovar_Unit_0)
09:44:47 [WARN]  ex is: (cons autovar_Nat_0 (nil autovar_Unit_0))
09:44:47 [WARN]  ex is: (cons autovar_Nat_1 (cons autovar_Nat_0 (nil autovar_Unit_0)))
09:44:47 [WARN] Running exploration without proof mode, but goals were given
09:44:47 [WARN] Proof mode: true
09:44:47 [WARN] proved: (tf0 ?ts_ph_List_0) => ?ts_ph_List_0
09:44:47 [WARN] proved: (sum ?ts_ph_List_0) => (tf6 ?ts_ph_List_0)
09:44:47 [WARN] proved: (tf6 ?ts_ph_List_0) => (sum ?ts_ph_List_0)
09:44:47 [WARN] Found all lemmas
