14:13:15 [WARN] Collecting statistics
14:13:15 [WARN]  ex is: true
14:13:15 [WARN]  ex is: false
14:13:15 [WARN]  ex is: null
14:13:15 [WARN]  ex is: (nil autovar_Unit_0)
14:13:15 [WARN]  ex is: (cons autovar_Bool_0 (nil autovar_Unit_0))
14:13:15 [WARN]  ex is: (cons autovar_Bool_1 (cons autovar_Bool_0 (nil autovar_Unit_0)))
14:13:15 [WARN]  ex is: zero
14:13:15 [WARN]  ex is: (succ zero)
14:13:15 [WARN]  ex is: (succ (succ zero))
14:13:15 [WARN] Running exploration without proof mode, but goals were given
14:13:15 [WARN] Proof mode: true
14:13:15 [WARN]  ex is: true
14:13:15 [WARN]  ex is: false
14:13:15 [WARN]  ex is: null
14:13:15 [WARN]  ex is: (nil autovar_Unit_0)
14:13:15 [WARN]  ex is: (cons autovar_Bool_0 (nil autovar_Unit_0))
14:13:15 [WARN]  ex is: (cons autovar_Bool_1 (cons autovar_Bool_0 (nil autovar_Unit_0)))
14:13:15 [WARN]  ex is: zero
14:13:15 [WARN]  ex is: (succ zero)
14:13:15 [WARN]  ex is: (succ (succ zero))
14:13:15 [WARN] Running exploration without proof mode, but goals were given
14:13:15 [WARN] Proof mode: true
14:13:15 [WARN] proved: (or ?ts_ph_Bool_0 ?ts_ph_Bool_1) => (or ?ts_ph_Bool_1 ?ts_ph_Bool_0)
14:13:15 [WARN] proved: (or ?ts_ph_Bool_1 ?ts_ph_Bool_0) => (or ?ts_ph_Bool_0 ?ts_ph_Bool_1)
14:13:15 [WARN] proved: (or ?ts_ph_Bool_0 ?ts_ph_Bool_0) => ?ts_ph_Bool_0
14:13:15 [WARN] proved: (plus ?ts_ph_Nat_0 zero) => ?ts_ph_Nat_0
14:13:15 [WARN] proved: (max zero ?ts_ph_Nat_0) => ?ts_ph_Nat_0
14:13:15 [WARN] proved: (max ?ts_ph_Nat_0 ?ts_ph_Nat_0) => ?ts_ph_Nat_0
14:13:15 [WARN] proved: (ite ?ts_ph_Bool_0 ?ts_ph_pvar0_1 ?ts_ph_pvar0_1) => ?ts_ph_pvar0_1
