14:21:15 [WARN] Collecting statistics
14:21:15 [WARN]  ex is: true
14:21:15 [WARN]  ex is: false
14:21:15 [WARN]  ex is: zero
14:21:15 [WARN]  ex is: (succ zero)
14:21:15 [WARN]  ex is: (succ (succ zero))
14:21:15 [WARN]  ex is: null
14:21:15 [WARN]  ex is: (nil autovar_Unit_0)
14:21:15 [WARN]  ex is: (cons autovar_Nat_0 (nil autovar_Unit_0))
14:21:15 [WARN]  ex is: (cons autovar_Nat_1 (cons autovar_Nat_0 (nil autovar_Unit_0)))
14:21:15 [WARN] Running exploration without proof mode, but goals were given
14:21:15 [WARN] Proof mode: true
14:21:15 [WARN]  ex is: true
14:21:15 [WARN]  ex is: false
14:21:15 [WARN]  ex is: zero
14:21:15 [WARN]  ex is: (succ zero)
14:21:15 [WARN]  ex is: (succ (succ zero))
14:21:15 [WARN]  ex is: null
14:21:15 [WARN]  ex is: (nil autovar_Unit_0)
14:21:15 [WARN]  ex is: (cons autovar_Nat_0 (nil autovar_Unit_0))
14:21:15 [WARN]  ex is: (cons autovar_Nat_1 (cons autovar_Nat_0 (nil autovar_Unit_0)))
14:21:15 [WARN] Running exploration without proof mode, but goals were given
14:21:15 [WARN] Proof mode: true
14:21:15 [WARN] proved: (tf0 ?ts_ph_List_0) => ?ts_ph_List_0
14:21:15 [WARN] proved: (nil ?ts_ph_Unit_0) => (nil null)
14:21:15 [WARN] proved: (plus ?ts_ph_Nat_0 zero) => ?ts_ph_Nat_0
14:21:15 [WARN] proved: (times ?ts_ph_Nat_0 zero) => zero
