09:38:47 [WARN] Collecting statistics
09:38:47 [WARN]  ex is: true
09:38:47 [WARN]  ex is: false
09:38:47 [WARN]  ex is: zero
09:38:47 [WARN]  ex is: (succ zero)
09:38:47 [WARN]  ex is: (succ (succ zero))
09:38:47 [WARN]  ex is: null
09:38:47 [WARN]  ex is: (nil autovar_Unit_0)
09:38:47 [WARN]  ex is: (cons autovar_Nat_0 (nil autovar_Unit_0))
09:38:47 [WARN]  ex is: (cons autovar_Nat_1 (cons autovar_Nat_0 (nil autovar_Unit_0)))
09:38:47 [WARN] Running exploration without proof mode, but goals were given
09:38:47 [WARN] Proof mode: true
09:38:47 [WARN]  ex is: true
09:38:47 [WARN]  ex is: false
09:38:47 [WARN]  ex is: zero
09:38:47 [WARN]  ex is: (succ zero)
09:38:47 [WARN]  ex is: (succ (succ zero))
09:38:47 [WARN]  ex is: null
09:38:47 [WARN]  ex is: (nil autovar_Unit_0)
09:38:47 [WARN]  ex is: (cons autovar_Nat_0 (nil autovar_Unit_0))
09:38:47 [WARN]  ex is: (cons autovar_Nat_1 (cons autovar_Nat_0 (nil autovar_Unit_0)))
09:38:47 [WARN] Running exploration without proof mode, but goals were given
09:38:47 [WARN] Proof mode: true
09:38:47 [WARN] proved: (nil ?ts_ph_Unit_0) => (nil null)
09:38:47 [WARN] proved: (max zero ?ts_ph_Nat_0) => ?ts_ph_Nat_0
09:38:47 [WARN] proved: (max ?ts_ph_Nat_0 ?ts_ph_Nat_0) => ?ts_ph_Nat_0
09:38:47 [WARN] proved: (lq ?ts_ph_Nat_0 ?ts_ph_Nat_0) => false
09:38:47 [WARN] proved: (max zero ?ts_ph_Nat_0) => (plus ?ts_ph_Nat_0 zero)
09:38:47 [WARN] proved: (plus ?ts_ph_Nat_0 zero) => (max zero ?ts_ph_Nat_0)
09:38:47 [WARN] proved: (ite ?ts_ph_Bool_0 ?ts_ph_pvar0_1 ?ts_ph_pvar0_1) => ?ts_ph_pvar0_1
