12:50:50 [WARN] Collecting statistics
12:50:50 [WARN]  ex is: true
12:50:50 [WARN]  ex is: false
12:50:50 [WARN]  ex is: null
12:50:50 [WARN]  ex is: (nil autovar_Unit_0)
12:50:50 [WARN]  ex is: (cons autovar_Bool_0 (nil autovar_Unit_0))
12:50:50 [WARN]  ex is: (cons autovar_Bool_1 (cons autovar_Bool_0 (nil autovar_Unit_0)))
12:50:50 [WARN]  ex is: zero
12:50:50 [WARN]  ex is: (succ zero)
12:50:50 [WARN]  ex is: (succ (succ zero))
12:50:50 [WARN] Running exploration without proof mode, but goals were given
12:50:50 [WARN] Proof mode: true
12:50:50 [WARN]  ex is: true
12:50:50 [WARN]  ex is: false
12:50:50 [WARN]  ex is: null
12:50:50 [WARN]  ex is: (nil autovar_Unit_0)
12:50:50 [WARN]  ex is: (cons autovar_Bool_0 (nil autovar_Unit_0))
12:50:50 [WARN]  ex is: (cons autovar_Bool_1 (cons autovar_Bool_0 (nil autovar_Unit_0)))
12:50:50 [WARN]  ex is: zero
12:50:50 [WARN]  ex is: (succ zero)
12:50:50 [WARN]  ex is: (succ (succ zero))
12:50:50 [WARN] Running exploration without proof mode, but goals were given
12:50:50 [WARN] Proof mode: true
12:50:51 [WARN] proved: (or ?ts_ph_Bool_0 ?ts_ph_Bool_1) => (or ?ts_ph_Bool_1 ?ts_ph_Bool_0)
12:50:51 [WARN] proved: (or ?ts_ph_Bool_1 ?ts_ph_Bool_0) => (or ?ts_ph_Bool_0 ?ts_ph_Bool_1)
12:50:51 [WARN] proved: (or ?ts_ph_Bool_0 ?ts_ph_Bool_0) => ?ts_ph_Bool_0
12:50:51 [WARN] proved: (max ?ts_ph_Nat_0 ?ts_ph_Nat_0) => ?ts_ph_Nat_0
12:50:51 [WARN] proved: (max zero ?ts_ph_Nat_0) => ?ts_ph_Nat_0
12:50:51 [WARN] proved: (lq ?ts_ph_Nat_0 ?ts_ph_Nat_0) => false
12:50:51 [WARN] proved: (plus ?ts_ph_Nat_0 zero) => (max ?ts_ph_Nat_0 ?ts_ph_Nat_0)
12:50:51 [WARN] proved: (max ?ts_ph_Nat_0 ?ts_ph_Nat_0) => (plus ?ts_ph_Nat_0 zero)
12:50:51 [WARN] proved: (ite ?ts_ph_Bool_0 ?ts_ph_pvar0_1 ?ts_ph_pvar0_1) => ?ts_ph_pvar0_1
