14:05:15 [WARN] Collecting statistics
14:05:15 [WARN]  ex is: true
14:05:15 [WARN]  ex is: false
14:05:15 [WARN]  ex is: null
14:05:15 [WARN]  ex is: zero
14:05:15 [WARN]  ex is: (succ zero)
14:05:15 [WARN]  ex is: (succ (succ zero))
14:05:15 [WARN]  ex is: (nil autovar_Unit_0)
14:05:15 [WARN]  ex is: (cons autovar_Nat_0 (nil autovar_Unit_0))
14:05:15 [WARN]  ex is: (cons autovar_Nat_1 (cons autovar_Nat_0 (nil autovar_Unit_0)))
14:05:15 [WARN]  ex is: (pnil autovar_Unit_0)
14:05:15 [WARN]  ex is: (pcons autovar_Nat_0 autovar_Nat_1 (pnil autovar_Unit_0))
14:05:15 [WARN]  ex is: (pcons autovar_Nat_2 autovar_Nat_3 (pcons autovar_Nat_0 autovar_Nat_1 (pnil autovar_Unit_0)))
14:05:15 [WARN] Running exploration without proof mode, but goals were given
14:05:15 [WARN] Proof mode: true
14:05:15 [WARN]  ex is: true
14:05:15 [WARN]  ex is: false
14:05:15 [WARN]  ex is: null
14:05:15 [WARN]  ex is: zero
14:05:15 [WARN]  ex is: (succ zero)
14:05:15 [WARN]  ex is: (succ (succ zero))
14:05:15 [WARN]  ex is: (nil autovar_Unit_0)
14:05:15 [WARN]  ex is: (cons autovar_Nat_0 (nil autovar_Unit_0))
14:05:15 [WARN]  ex is: (cons autovar_Nat_1 (cons autovar_Nat_0 (nil autovar_Unit_0)))
14:05:15 [WARN]  ex is: (pnil autovar_Unit_0)
14:05:15 [WARN]  ex is: (pcons autovar_Nat_0 autovar_Nat_1 (pnil autovar_Unit_0))
14:05:15 [WARN]  ex is: (pcons autovar_Nat_2 autovar_Nat_3 (pcons autovar_Nat_0 autovar_Nat_1 (pnil autovar_Unit_0)))
14:05:15 [WARN] Running exploration without proof mode, but goals were given
14:05:15 [WARN] Proof mode: true
14:05:15 [WARN] proved: (nil ?ts_ph_Unit_0) => (nil null)
