10:41:52 [WARN] Collecting statistics
10:41:52 [WARN]  ex is: true
10:41:52 [WARN]  ex is: false
10:41:52 [WARN]  ex is: zero
10:41:52 [WARN]  ex is: (succ zero)
10:41:52 [WARN]  ex is: (succ (succ zero))
10:41:52 [WARN]  ex is: (tip autovar_Nat_0)
10:41:52 [WARN]  ex is: (bin (tip autovar_Nat_0) (tip autovar_Nat_0))
10:41:52 [WARN]  ex is: (bin (bin (tip autovar_Nat_0) (tip autovar_Nat_0)) (bin (tip autovar_Nat_0) (tip autovar_Nat_0)))
10:41:52 [WARN] Running exploration without proof mode, but goals were given
10:41:52 [WARN] Proof mode: true
10:41:52 [WARN]  ex is: true
10:41:52 [WARN]  ex is: false
10:41:52 [WARN]  ex is: zero
10:41:52 [WARN]  ex is: (succ zero)
10:41:52 [WARN]  ex is: (succ (succ zero))
10:41:52 [WARN]  ex is: (tip autovar_Nat_0)
10:41:52 [WARN]  ex is: (bin (tip autovar_Nat_0) (tip autovar_Nat_0))
10:41:52 [WARN]  ex is: (bin (bin (tip autovar_Nat_0) (tip autovar_Nat_0)) (bin (tip autovar_Nat_0) (tip autovar_Nat_0)))
10:41:52 [WARN] Running exploration without proof mode, but goals were given
10:41:52 [WARN] Proof mode: true
10:41:52 [WARN] proved: (max ?ts_ph_Nat_0 ?ts_ph_Nat_0) => ?ts_ph_Nat_0
10:41:52 [WARN] proved: (max zero ?ts_ph_Nat_0) => ?ts_ph_Nat_0
10:41:52 [WARN] proved: (lq ?ts_ph_Nat_0 ?ts_ph_Nat_0) => false
10:41:52 [WARN] proved: (max ?ts_ph_Nat_0 ?ts_ph_Nat_0) => (plus ?ts_ph_Nat_0 zero)
10:41:52 [WARN] proved: (plus ?ts_ph_Nat_0 zero) => (max ?ts_ph_Nat_0 ?ts_ph_Nat_0)
10:41:52 [WARN] proved: (ite ?ts_ph_Bool_0 ?ts_ph_pvar0_1 ?ts_ph_pvar0_1) => ?ts_ph_pvar0_1
10:42:19 [WARN] proved: (tf7 ?ts_ph_Tree_0) => (tf7 (tf3 ?ts_ph_Tree_0))
10:42:19 [WARN] proved: (tf7 (tf3 ?ts_ph_Tree_0)) => (tf7 ?ts_ph_Tree_0)
10:42:19 [WARN] proved: (tf5 (tf3 ?ts_ph_Tree_0)) => (succ (tf5 ?ts_ph_Tree_0))
10:42:19 [WARN] proved: (succ (tf5 ?ts_ph_Tree_0)) => (tf5 (tf3 ?ts_ph_Tree_0))
10:42:19 [WARN] proved: (succ (plus ?ts_ph_Nat_0 ?ts_ph_Nat_1)) => (plus ?ts_ph_Nat_0 (succ ?ts_ph_Nat_1))
10:42:19 [WARN] proved: (plus ?ts_ph_Nat_0 (succ ?ts_ph_Nat_1)) => (succ (plus ?ts_ph_Nat_0 ?ts_ph_Nat_1))
10:42:19 [WARN] proved: (lq (succ ?ts_ph_Nat_0) ?ts_ph_Nat_0) => false
10:42:19 [WARN] proved: (plus ?ts_ph_Nat_0 (succ zero)) => (max ?ts_ph_Nat_0 (succ ?ts_ph_Nat_0))
10:42:19 [WARN] proved: (max ?ts_ph_Nat_0 (succ ?ts_ph_Nat_0)) => (plus ?ts_ph_Nat_0 (succ zero))
10:42:20 [WARN] proved: (max (succ zero) ?ts_ph_Nat_0) => (max ?ts_ph_Nat_0 (succ zero))
10:42:20 [WARN] proved: (max ?ts_ph_Nat_0 (succ zero)) => (max (succ zero) ?ts_ph_Nat_0)
10:42:20 [WARN] proved: (plus ?ts_ph_Nat_0 ?ts_ph_Nat_1) => (max (plus ?ts_ph_Nat_0 ?ts_ph_Nat_1) ?ts_ph_Nat_0)
10:42:20 [WARN] proved: (max (plus ?ts_ph_Nat_0 ?ts_ph_Nat_1) ?ts_ph_Nat_0) => (plus ?ts_ph_Nat_0 ?ts_ph_Nat_1)
10:42:21 [WARN] Stopped case split due to node limit
10:42:21 [WARN] Stopped case split due to node limit
10:42:22 [WARN] Stopped case split due to node limit
10:42:22 [WARN] Stopped case split due to node limit
10:42:22 [WARN] Stopped case split due to node limit
10:42:22 [WARN] Stopped case split due to node limit
10:42:23 [WARN] Stopped case split due to node limit
10:42:23 [WARN] Stopped case split due to node limit
10:42:23 [WARN] Stopped case split due to node limit
10:42:24 [WARN] Stopped case split due to node limit
10:42:24 [WARN] Stopped case split due to node limit
10:42:24 [WARN] Stopped case split due to node limit
10:42:24 [WARN] Stopped case split due to node limit
10:42:25 [WARN] Stopped case split due to node limit
10:42:25 [WARN] Stopped case split due to node limit
10:42:25 [WARN] Stopped case split due to node limit
10:42:26 [WARN] Stopped case split due to node limit
10:42:26 [WARN] Stopped case split due to node limit
10:42:26 [WARN] Stopped case split due to node limit
10:42:26 [WARN] Stopped case split due to node limit
10:42:27 [WARN] Stopped case split due to node limit
10:42:27 [WARN] Stopped case split due to node limit
10:42:27 [WARN] Stopped case split due to node limit
10:42:27 [WARN] Stopped case split due to node limit
10:42:28 [WARN] Stopped case split due to node limit
10:42:28 [WARN] Stopped case split due to node limit
10:42:28 [WARN] Stopped case split due to node limit
10:42:28 [WARN] Stopped case split due to node limit
10:42:29 [WARN] Stopped case split due to node limit
10:42:29 [WARN] Stopped case split due to node limit
10:42:29 [WARN] Stopped case split due to node limit
10:42:29 [WARN] Stopped case split due to node limit
10:42:30 [WARN] Stopped case split due to node limit
10:42:30 [WARN] Stopped case split due to node limit
10:42:30 [WARN] Stopped case split due to node limit
10:42:31 [WARN] Stopped case split due to node limit
10:42:31 [WARN] Stopped case split due to node limit
10:42:31 [WARN] Stopped case split due to node limit
10:42:31 [WARN] Stopped case split due to node limit
10:42:32 [WARN] Stopped case split due to node limit
10:42:32 [WARN] Stopped case split due to node limit
10:42:32 [WARN] Stopped case split due to node limit
10:42:32 [WARN] Stopped case split due to node limit
10:42:33 [WARN] Stopped case split due to node limit
10:42:33 [WARN] Stopped case split due to node limit
10:42:33 [WARN] Stopped case split due to node limit
10:42:34 [WARN] Stopped case split due to node limit
10:42:34 [WARN] Stopped case split due to node limit
10:42:34 [WARN] Stopped case split due to node limit
10:42:34 [WARN] Stopped case split due to node limit
10:42:35 [WARN] Stopped case split due to node limit
10:42:35 [WARN] Stopped case split due to node limit
10:42:35 [WARN] Stopped case split due to node limit
10:42:35 [WARN] Stopped case split due to node limit
10:42:36 [WARN] Stopped case split due to node limit
10:42:36 [WARN] Stopped case split due to node limit
10:42:36 [WARN] Stopped case split due to node limit
10:42:36 [WARN] Stopped case split due to node limit
10:42:37 [WARN] Stopped case split due to node limit
10:42:37 [WARN] Stopped case split due to node limit
10:42:37 [WARN] Stopped case split due to node limit
10:42:38 [WARN] Stopped case split due to node limit
10:42:38 [WARN] Stopped case split due to node limit
10:42:38 [WARN] Stopped case split due to node limit
10:42:38 [WARN] Stopped case split due to node limit
10:42:39 [WARN] Stopped case split due to node limit
10:42:39 [WARN] Stopped case split due to node limit
10:42:39 [WARN] Stopped case split due to node limit
10:42:39 [WARN] Stopped case split due to node limit
10:42:40 [WARN] Stopped case split due to node limit
10:42:40 [WARN] Stopped case split due to node limit
10:42:40 [WARN] Stopped case split due to node limit
10:42:41 [WARN] Stopped case split due to node limit
10:42:41 [WARN] Stopped case split due to node limit
10:42:41 [WARN] Stopped case split due to node limit
10:42:41 [WARN] Stopped case split due to node limit
10:42:42 [WARN] Stopped case split due to node limit
10:42:42 [WARN] Stopped case split due to node limit
10:42:42 [WARN] Stopped case split due to node limit
10:42:42 [WARN] Stopped case split due to node limit
10:42:43 [WARN] Stopped case split due to node limit
10:42:43 [WARN] Stopped case split due to node limit
10:42:43 [WARN] Stopped case split due to node limit
10:42:44 [WARN] Stopped case split due to node limit
10:42:44 [WARN] Stopped case split due to node limit
10:42:44 [WARN] Stopped case split due to node limit
10:42:44 [WARN] Stopped case split due to node limit
10:42:45 [WARN] Stopped case split due to node limit
10:42:45 [WARN] Stopped case split due to node limit
10:42:45 [WARN] Stopped case split due to node limit
10:42:46 [WARN] Stopped case split due to node limit
10:42:46 [WARN] Stopped case split due to node limit
10:42:46 [WARN] Stopped case split due to node limit
10:42:46 [WARN] Stopped case split due to node limit
10:42:47 [WARN] Stopped case split due to node limit
10:42:47 [WARN] Stopped case split due to node limit
10:42:47 [WARN] Stopped case split due to node limit
10:42:47 [WARN] Stopped case split due to node limit
10:42:48 [WARN] Stopped case split due to node limit
10:42:48 [WARN] Stopped case split due to node limit
10:42:48 [WARN] Stopped case split due to node limit
10:42:49 [WARN] Stopped case split due to node limit
10:42:49 [WARN] Stopped case split due to node limit
10:42:49 [WARN] Stopped case split due to node limit
10:42:49 [WARN] Stopped case split due to node limit
10:42:50 [WARN] Stopped case split due to node limit
10:42:50 [WARN] Stopped case split due to node limit
10:42:50 [WARN] Stopped case split due to node limit
10:42:51 [WARN] Stopped case split due to node limit
10:42:51 [WARN] Stopped case split due to node limit
10:42:51 [WARN] Stopped case split due to node limit
10:42:51 [WARN] Stopped case split due to node limit
10:42:52 [WARN] Stopped case split due to node limit
10:42:52 [WARN] Stopped case split due to node limit
10:42:52 [WARN] Stopped case split due to node limit
10:42:52 [WARN] Stopped case split due to node limit
10:42:53 [WARN] Stopped case split due to node limit
10:42:53 [WARN] Stopped case split due to node limit
10:42:53 [WARN] Stopped case split due to node limit
10:42:53 [WARN] Stopped case split due to node limit
10:42:54 [WARN] Stopped case split due to node limit
10:42:54 [WARN] Stopped case split due to node limit
10:42:54 [WARN] Stopped case split due to node limit
10:42:55 [WARN] Stopped case split due to node limit
10:42:55 [WARN] Stopped case split due to node limit
10:42:55 [WARN] Stopped case split due to node limit
10:42:55 [WARN] Stopped case split due to node limit
10:42:56 [WARN] Stopped case split due to node limit
10:42:56 [WARN] Stopped case split due to node limit
10:42:56 [WARN] Stopped case split due to node limit
10:42:57 [WARN] Stopped case split due to node limit
10:42:57 [WARN] Stopped case split due to node limit
10:42:57 [WARN] Stopped case split due to node limit
10:42:57 [WARN] Stopped case split due to node limit
10:42:58 [WARN] Stopped case split due to node limit
10:42:58 [WARN] Stopped case split due to node limit
10:42:58 [WARN] Stopped case split due to node limit
10:42:59 [WARN] Stopped case split due to node limit
10:42:59 [WARN] Stopped case split due to node limit
10:42:59 [WARN] Stopped case split due to node limit
10:42:59 [WARN] Stopped case split due to node limit
10:43:00 [WARN] Stopped case split due to node limit
10:43:00 [WARN] Stopped case split due to node limit
10:43:00 [WARN] Stopped case split due to node limit
10:43:00 [WARN] Stopped case split due to node limit
10:43:01 [WARN] Stopped case split due to node limit
10:43:01 [WARN] Stopped case split due to node limit
10:43:01 [WARN] Stopped case split due to node limit
10:43:02 [WARN] Stopped case split due to node limit
10:43:02 [WARN] Stopped case split due to node limit
10:43:02 [WARN] Stopped case split due to node limit
10:43:03 [WARN] Stopped case split due to node limit
10:43:03 [WARN] Stopped case split due to node limit
10:43:03 [WARN] Stopped case split due to node limit
10:43:03 [WARN] Stopped case split due to node limit
10:43:04 [WARN] Stopped case split due to node limit
10:43:04 [WARN] Stopped case split due to node limit
10:43:04 [WARN] Stopped case split due to node limit
10:43:04 [WARN] Stopped case split due to node limit
10:43:05 [WARN] Stopped case split due to node limit
10:43:05 [WARN] Stopped case split due to node limit
10:43:05 [WARN] Stopped case split due to node limit
10:43:06 [WARN] Stopped case split due to node limit
10:43:06 [WARN] Stopped case split due to node limit
10:43:06 [WARN] Stopped case split due to node limit
10:43:06 [WARN] Stopped case split due to node limit
10:43:07 [WARN] Stopped case split due to node limit
10:43:07 [WARN] Stopped case split due to node limit
10:43:07 [WARN] Stopped case split due to node limit
10:43:07 [WARN] Stopped case split due to node limit
10:43:08 [WARN] Stopped case split due to node limit
10:43:08 [WARN] Stopped case split due to node limit
10:43:08 [WARN] Stopped case split due to node limit
10:43:09 [WARN] Stopped case split due to node limit
10:43:09 [WARN] Stopped case split due to node limit
10:43:09 [WARN] Stopped case split due to node limit
10:43:09 [WARN] Stopped case split due to node limit
10:43:10 [WARN] Stopped case split due to node limit
10:43:10 [WARN] Stopped case split due to node limit
10:43:10 [WARN] Stopped case split due to node limit
10:43:10 [WARN] Stopped case split due to node limit
10:43:11 [WARN] Stopped case split due to node limit
10:43:11 [WARN] Stopped case split due to node limit
10:43:11 [WARN] Stopped case split due to node limit
10:43:12 [WARN] Stopped case split due to node limit
10:43:12 [WARN] Stopped case split due to node limit
10:43:12 [WARN] Stopped case split due to node limit
10:43:12 [WARN] Stopped case split due to node limit
10:43:13 [WARN] Stopped case split due to node limit
10:43:13 [WARN] Stopped case split due to node limit
10:43:13 [WARN] Stopped case split due to node limit
10:43:14 [WARN] Stopped case split due to node limit
10:43:14 [WARN] Stopped case split due to node limit
10:43:14 [WARN] Stopped case split due to node limit
10:43:14 [WARN] Stopped case split due to node limit
10:43:15 [WARN] Stopped case split due to node limit
10:43:15 [WARN] Stopped case split due to node limit
10:43:15 [WARN] Stopped case split due to node limit
10:43:15 [WARN] Stopped case split due to node limit
10:43:16 [WARN] Stopped case split due to node limit
10:43:16 [WARN] Stopped case split due to node limit
10:43:16 [WARN] Stopped case split due to node limit
10:43:16 [WARN] Stopped case split due to node limit
10:43:17 [WARN] Stopped case split due to node limit
10:43:17 [WARN] Stopped case split due to node limit
10:43:17 [WARN] Stopped case split due to node limit
10:43:18 [WARN] Stopped case split due to node limit
10:43:18 [WARN] Stopped case split due to node limit
10:43:18 [WARN] Stopped case split due to node limit
10:43:18 [WARN] Stopped case split due to node limit
10:43:19 [WARN] Stopped case split due to node limit
10:43:19 [WARN] Stopped case split due to node limit
10:43:19 [WARN] Stopped case split due to node limit
10:43:19 [WARN] Stopped case split due to node limit
10:43:20 [WARN] Stopped case split due to node limit
10:43:20 [WARN] Stopped case split due to node limit
10:43:20 [WARN] Stopped case split due to node limit
10:43:21 [WARN] Stopped case split due to node limit
10:43:21 [WARN] Stopped case split due to node limit
10:43:21 [WARN] Stopped case split due to node limit
10:43:21 [WARN] Stopped case split due to node limit
10:43:22 [WARN] Stopped case split due to node limit
10:43:22 [WARN] Stopped case split due to node limit
10:43:22 [WARN] Stopped case split due to node limit
10:43:22 [WARN] Stopped case split due to node limit
10:43:23 [WARN] Stopped case split due to node limit
10:43:23 [WARN] Stopped case split due to node limit
10:43:23 [WARN] Stopped case split due to node limit
10:43:24 [WARN] Stopped case split due to node limit
10:43:24 [WARN] Stopped case split due to node limit
10:43:24 [WARN] Stopped case split due to node limit
10:43:24 [WARN] Stopped case split due to node limit
10:43:25 [WARN] Stopped case split due to node limit
10:43:25 [WARN] Stopped case split due to node limit
10:43:25 [WARN] Stopped case split due to node limit
10:43:25 [WARN] Stopped case split due to node limit
10:43:26 [WARN] Stopped case split due to node limit
10:43:26 [WARN] Stopped case split due to node limit
10:43:26 [WARN] Stopped case split due to node limit
10:43:27 [WARN] Stopped case split due to node limit
10:43:27 [WARN] Stopped case split due to node limit
10:43:27 [WARN] Stopped case split due to node limit
10:43:27 [WARN] Stopped case split due to node limit
10:43:28 [WARN] Stopped case split due to node limit
10:43:28 [WARN] Stopped case split due to node limit
10:43:28 [WARN] Stopped case split due to node limit
10:43:28 [WARN] Stopped case split due to node limit
10:43:29 [WARN] Stopped case split due to node limit
10:43:29 [WARN] Stopped case split due to node limit
10:43:29 [WARN] Stopped case split due to node limit
10:43:30 [WARN] Stopped case split due to node limit
10:43:30 [WARN] Stopped case split due to node limit
10:43:30 [WARN] Stopped case split due to node limit
10:43:30 [WARN] Stopped case split due to node limit
10:43:31 [WARN] Stopped case split due to node limit
10:43:31 [WARN] Stopped case split due to node limit
10:43:31 [WARN] Stopped case split due to node limit
10:43:31 [WARN] Stopped case split due to node limit
10:43:32 [WARN] Stopped case split due to node limit
10:43:32 [WARN] Stopped case split due to node limit
10:43:32 [WARN] Stopped case split due to node limit
10:43:33 [WARN] Stopped case split due to node limit
10:43:33 [WARN] Stopped case split due to node limit
10:43:33 [WARN] Stopped case split due to node limit
10:43:33 [WARN] Stopped case split due to node limit
10:43:34 [WARN] Stopped case split due to node limit
10:43:34 [WARN] Stopped case split due to node limit
10:43:34 [WARN] Stopped case split due to node limit
10:43:35 [WARN] Stopped case split due to node limit
10:43:35 [WARN] Stopped case split due to node limit
10:43:35 [WARN] Stopped case split due to node limit
10:43:35 [WARN] Stopped case split due to node limit
10:43:36 [WARN] Stopped case split due to node limit
10:43:36 [WARN] Stopped case split due to node limit
10:43:36 [WARN] Stopped case split due to node limit
10:43:37 [WARN] Stopped case split due to node limit
10:43:37 [WARN] Stopped case split due to node limit
10:43:37 [WARN] Stopped case split due to node limit
10:43:37 [WARN] Stopped case split due to node limit
10:43:38 [WARN] Stopped case split due to node limit
10:43:38 [WARN] Stopped case split due to node limit
10:43:38 [WARN] Stopped case split due to node limit
10:43:39 [WARN] Stopped case split due to node limit
10:43:39 [WARN] Stopped case split due to node limit
10:43:39 [WARN] Stopped case split due to node limit
10:43:39 [WARN] Stopped case split due to node limit
10:43:40 [WARN] Stopped case split due to node limit
10:43:40 [WARN] Stopped case split due to node limit
10:43:40 [WARN] Stopped case split due to node limit
10:43:40 [WARN] Stopped case split due to node limit
10:43:41 [WARN] Stopped case split due to node limit
10:43:41 [WARN] Stopped case split due to node limit
10:43:41 [WARN] Stopped case split due to node limit
10:43:42 [WARN] Stopped case split due to node limit
10:43:42 [WARN] Stopped case split due to node limit
10:43:42 [WARN] Stopped case split due to node limit
10:43:42 [WARN] Stopped case split due to node limit
10:43:43 [WARN] Stopped case split due to node limit
10:43:43 [WARN] Stopped case split due to node limit
10:43:43 [WARN] Stopped case split due to node limit
10:43:43 [WARN] Stopped case split due to node limit
10:43:44 [WARN] Stopped case split due to node limit
10:43:44 [WARN] Stopped case split due to node limit
10:43:44 [WARN] Stopped case split due to node limit
10:43:45 [WARN] Stopped case split due to node limit
10:43:45 [WARN] Stopped case split due to node limit
10:43:45 [WARN] Stopped case split due to node limit
10:43:45 [WARN] Stopped case split due to node limit
10:43:46 [WARN] Stopped case split due to node limit
10:43:46 [WARN] Stopped case split due to node limit
10:43:46 [WARN] Stopped case split due to node limit
10:43:47 [WARN] Stopped case split due to node limit
10:43:47 [WARN] Stopped case split due to node limit
10:43:47 [WARN] Stopped case split due to node limit
10:43:47 [WARN] Stopped case split due to node limit
10:43:48 [WARN] Stopped case split due to node limit
10:43:48 [WARN] Stopped case split due to node limit
10:43:48 [WARN] Stopped case split due to node limit
10:43:49 [WARN] Stopped case split due to node limit
10:43:49 [WARN] Stopped case split due to node limit
10:43:49 [WARN] Stopped case split due to node limit
10:43:49 [WARN] Stopped case split due to node limit
10:43:50 [WARN] Stopped case split due to node limit
10:43:50 [WARN] Stopped case split due to node limit
10:43:50 [WARN] Stopped case split due to node limit
10:43:50 [WARN] Stopped case split due to node limit
10:43:51 [WARN] Stopped case split due to node limit
10:43:51 [WARN] Stopped case split due to node limit
10:43:51 [WARN] Stopped case split due to node limit
10:43:52 [WARN] Stopped case split due to node limit
10:43:52 [WARN] Stopped case split due to node limit
10:43:52 [WARN] Stopped case split due to node limit
10:43:52 [WARN] Stopped case split due to node limit
10:43:53 [WARN] Stopped case split due to node limit
10:43:53 [WARN] Stopped case split due to node limit
10:43:53 [WARN] Stopped case split due to node limit
10:43:54 [WARN] Stopped case split due to node limit
10:43:54 [WARN] Stopped case split due to node limit
10:43:54 [WARN] Stopped case split due to node limit
10:43:54 [WARN] Stopped case split due to node limit
10:43:55 [WARN] Stopped case split due to node limit
10:43:55 [WARN] Stopped case split due to node limit
10:43:55 [WARN] Stopped case split due to node limit
10:43:55 [WARN] Stopped case split due to node limit
10:43:56 [WARN] Stopped case split due to node limit
10:43:56 [WARN] Stopped case split due to node limit
10:43:56 [WARN] Stopped case split due to node limit
10:43:57 [WARN] Stopped case split due to node limit
10:43:57 [WARN] Stopped case split due to node limit
10:43:57 [WARN] Stopped case split due to node limit
10:43:57 [WARN] Stopped case split due to node limit
10:43:58 [WARN] Stopped case split due to node limit
10:43:58 [WARN] Stopped case split due to node limit
10:43:58 [WARN] Stopped case split due to node limit
10:43:59 [WARN] Stopped case split due to node limit
10:43:59 [WARN] Stopped case split due to node limit
10:43:59 [WARN] Stopped case split due to node limit
10:43:59 [WARN] Stopped case split due to node limit
10:44:00 [WARN] Stopped case split due to node limit
10:44:00 [WARN] Stopped case split due to node limit
10:44:00 [WARN] Stopped case split due to node limit
10:44:01 [WARN] Stopped case split due to node limit
10:44:01 [WARN] Stopped case split due to node limit
10:44:01 [WARN] Stopped case split due to node limit
10:44:02 [WARN] Stopped case split due to node limit
10:44:02 [WARN] Stopped case split due to node limit
10:44:02 [WARN] Stopped case split due to node limit
10:44:02 [WARN] Stopped case split due to node limit
10:44:03 [WARN] Stopped case split due to node limit
10:44:03 [WARN] Stopped case split due to node limit
10:44:03 [WARN] Stopped case split due to node limit
10:44:03 [WARN] Stopped case split due to node limit
10:44:04 [WARN] Stopped case split due to node limit
10:44:04 [WARN] Stopped case split due to node limit
10:44:04 [WARN] Stopped case split due to node limit
10:44:04 [WARN] Stopped case split due to node limit
10:44:05 [WARN] Stopped case split due to node limit
10:44:05 [WARN] Stopped case split due to node limit
10:44:05 [WARN] Stopped case split due to node limit
10:44:05 [WARN] Stopped case split due to node limit
10:44:06 [WARN] Stopped case split due to node limit
10:44:06 [WARN] Stopped case split due to node limit
10:44:06 [WARN] Stopped case split due to node limit
10:44:07 [WARN] Stopped case split due to node limit
10:44:07 [WARN] Stopped case split due to node limit
10:44:07 [WARN] Stopped case split due to node limit
10:44:07 [WARN] Stopped case split due to node limit
10:44:08 [WARN] Stopped case split due to node limit
10:44:08 [WARN] Stopped case split due to node limit
10:44:08 [WARN] Stopped case split due to node limit
10:44:08 [WARN] Stopped case split due to node limit
10:44:09 [WARN] Stopped case split due to node limit
10:44:09 [WARN] Stopped case split due to node limit
10:44:09 [WARN] Stopped case split due to node limit
10:44:10 [WARN] Stopped case split due to node limit
10:44:10 [WARN] Stopped case split due to node limit
10:44:10 [WARN] Stopped case split due to node limit
10:44:10 [WARN] Stopped case split due to node limit
10:44:11 [WARN] Stopped case split due to node limit
10:44:11 [WARN] Stopped case split due to node limit
10:44:11 [WARN] Stopped case split due to node limit
10:44:11 [WARN] Stopped case split due to node limit
10:44:12 [WARN] Stopped case split due to node limit
10:44:12 [WARN] Stopped case split due to node limit
10:44:12 [WARN] Stopped case split due to node limit
10:44:12 [WARN] Stopped case split due to node limit
10:44:13 [WARN] Stopped case split due to node limit
10:44:13 [WARN] Stopped case split due to node limit
10:44:13 [WARN] Stopped case split due to node limit
10:44:14 [WARN] Stopped case split due to node limit
10:44:14 [WARN] Stopped case split due to node limit
10:44:14 [WARN] Stopped case split due to node limit
10:44:14 [WARN] Stopped case split due to node limit
10:44:15 [WARN] Stopped case split due to node limit
10:44:15 [WARN] Stopped case split due to node limit
10:44:15 [WARN] Stopped case split due to node limit
10:44:16 [WARN] Stopped case split due to node limit
10:44:16 [WARN] Stopped case split due to node limit
10:44:16 [WARN] Stopped case split due to node limit
10:44:16 [WARN] Stopped case split due to node limit
10:44:17 [WARN] Stopped case split due to node limit
10:44:17 [WARN] Stopped case split due to node limit
10:44:17 [WARN] Stopped case split due to node limit
10:44:17 [WARN] Stopped case split due to node limit
10:44:18 [WARN] Stopped case split due to node limit
10:44:18 [WARN] Stopped case split due to node limit
10:44:18 [WARN] Stopped case split due to node limit
10:44:19 [WARN] Stopped case split due to node limit
10:44:19 [WARN] Stopped case split due to node limit
10:44:19 [WARN] Stopped case split due to node limit
10:44:19 [WARN] Stopped case split due to node limit
10:44:20 [WARN] Stopped case split due to node limit
10:44:20 [WARN] Stopped case split due to node limit
10:44:20 [WARN] Stopped case split due to node limit
10:44:20 [WARN] Stopped case split due to node limit
10:44:21 [WARN] Stopped case split due to node limit
10:44:21 [WARN] Stopped case split due to node limit
10:44:21 [WARN] Stopped case split due to node limit
10:44:22 [WARN] Stopped case split due to node limit
10:44:22 [WARN] Stopped case split due to node limit
10:44:22 [WARN] Stopped case split due to node limit
10:44:22 [WARN] Stopped case split due to node limit
10:44:23 [WARN] Stopped case split due to node limit
10:44:23 [WARN] Stopped case split due to node limit
10:44:23 [WARN] Stopped case split due to node limit
10:44:23 [WARN] Stopped case split due to node limit
10:44:24 [WARN] Stopped case split due to node limit
10:44:24 [WARN] Stopped case split due to node limit
10:44:24 [WARN] Stopped case split due to node limit
10:44:25 [WARN] Stopped case split due to node limit
10:44:25 [WARN] Stopped case split due to node limit
10:44:25 [WARN] Stopped case split due to node limit
10:44:25 [WARN] Stopped case split due to node limit
10:44:26 [WARN] Stopped case split due to node limit
10:44:26 [WARN] Stopped case split due to node limit
10:44:26 [WARN] Stopped case split due to node limit
10:44:26 [WARN] Stopped case split due to node limit
10:44:27 [WARN] Stopped case split due to node limit
10:44:27 [WARN] Stopped case split due to node limit
10:44:27 [WARN] Stopped case split due to node limit
10:44:27 [WARN] Stopped case split due to node limit
10:44:28 [WARN] Stopped case split due to node limit
10:44:28 [WARN] Stopped case split due to node limit
10:44:28 [WARN] Stopped case split due to node limit
10:44:29 [WARN] Stopped case split due to node limit
10:44:29 [WARN] Stopped case split due to node limit
10:44:29 [WARN] Stopped case split due to node limit
10:44:29 [WARN] Stopped case split due to node limit
10:44:30 [WARN] Stopped case split due to node limit
10:44:30 [WARN] Stopped case split due to node limit
10:44:30 [WARN] Stopped case split due to node limit
10:44:30 [WARN] Stopped case split due to node limit
10:44:31 [WARN] Stopped case split due to node limit
10:44:31 [WARN] Stopped case split due to node limit
10:44:31 [WARN] Stopped case split due to node limit
10:44:31 [WARN] Stopped case split due to node limit
10:44:32 [WARN] Stopped case split due to node limit
10:44:32 [WARN] Stopped case split due to node limit
10:44:32 [WARN] Stopped case split due to node limit
10:44:33 [WARN] Stopped case split due to node limit
10:44:33 [WARN] Stopped case split due to node limit
10:44:33 [WARN] Stopped case split due to node limit
10:44:33 [WARN] Stopped case split due to node limit
10:44:34 [WARN] Stopped case split due to node limit
10:44:34 [WARN] Stopped case split due to node limit
10:44:34 [WARN] Stopped case split due to node limit
10:44:34 [WARN] Stopped case split due to node limit
10:44:35 [WARN] Stopped case split due to node limit
10:44:35 [WARN] Stopped case split due to node limit
10:44:35 [WARN] Stopped case split due to node limit
10:44:35 [WARN] Stopped case split due to node limit
10:44:36 [WARN] Stopped case split due to node limit
10:44:36 [WARN] Stopped case split due to node limit
10:44:36 [WARN] Stopped case split due to node limit
10:44:37 [WARN] Stopped case split due to node limit
10:44:37 [WARN] Stopped case split due to node limit
10:44:37 [WARN] Stopped case split due to node limit
10:44:37 [WARN] Stopped case split due to node limit
10:44:38 [WARN] Stopped case split due to node limit
10:44:38 [WARN] Stopped case split due to node limit
10:44:38 [WARN] Stopped case split due to node limit
10:44:38 [WARN] Stopped case split due to node limit
10:44:39 [WARN] Stopped case split due to node limit
10:44:39 [WARN] Stopped case split due to node limit
10:44:39 [WARN] Stopped case split due to node limit
10:44:39 [WARN] Stopped case split due to node limit
10:44:40 [WARN] Stopped case split due to node limit
10:44:40 [WARN] Stopped case split due to node limit
10:44:40 [WARN] Stopped case split due to node limit
10:44:41 [WARN] Stopped case split due to node limit
10:44:41 [WARN] Stopped case split due to node limit
10:44:41 [WARN] Stopped case split due to node limit
10:44:41 [WARN] Stopped case split due to node limit
10:44:42 [WARN] Stopped case split due to node limit
10:44:42 [WARN] Stopped case split due to node limit
10:44:42 [WARN] Stopped case split due to node limit
10:44:43 [WARN] Stopped case split due to node limit
10:44:43 [WARN] Stopped case split due to node limit
10:44:43 [WARN] Stopped case split due to node limit
10:44:43 [WARN] Stopped case split due to node limit
10:44:44 [WARN] Stopped case split due to node limit
10:44:44 [WARN] Stopped case split due to node limit
10:44:44 [WARN] Stopped case split due to node limit
10:44:44 [WARN] Stopped case split due to node limit
10:44:45 [WARN] Stopped case split due to node limit
10:44:45 [WARN] Stopped case split due to node limit
10:44:45 [WARN] Stopped case split due to node limit
10:44:45 [WARN] Stopped case split due to node limit
10:44:46 [WARN] Stopped case split due to node limit
10:44:46 [WARN] Stopped case split due to node limit
10:44:46 [WARN] Stopped case split due to node limit
10:44:47 [WARN] Stopped case split due to node limit
10:44:47 [WARN] Stopped case split due to node limit
10:44:47 [WARN] Stopped case split due to node limit
10:44:47 [WARN] Stopped case split due to node limit
10:44:48 [WARN] Stopped case split due to node limit
10:44:48 [WARN] Stopped case split due to node limit
10:44:48 [WARN] Stopped case split due to node limit
10:44:48 [WARN] Stopped case split due to node limit
10:44:49 [WARN] Stopped case split due to node limit
10:44:49 [WARN] Stopped case split due to node limit
10:44:49 [WARN] Stopped case split due to node limit
10:44:49 [WARN] Stopped case split due to node limit
10:44:50 [WARN] Stopped case split due to node limit
10:44:50 [WARN] Stopped case split due to node limit
10:44:50 [WARN] Stopped case split due to node limit
10:44:51 [WARN] Stopped case split due to node limit
10:44:51 [WARN] Stopped case split due to node limit
10:44:51 [WARN] Stopped case split due to node limit
10:44:51 [WARN] Stopped case split due to node limit
10:44:52 [WARN] Stopped case split due to node limit
10:44:52 [WARN] Stopped case split due to node limit
