14:29:15 [WARN] Collecting statistics
14:29:15 [WARN]  ex is: true
14:29:15 [WARN]  ex is: false
14:29:15 [WARN]  ex is: zero
14:29:15 [WARN]  ex is: (succ zero)
14:29:15 [WARN]  ex is: (succ (succ zero))
14:29:15 [WARN]  ex is: (leaf autovar_Nat_0)
14:29:15 [WARN]  ex is: (branch (leaf autovar_Nat_0) (leaf autovar_Nat_0))
14:29:15 [WARN]  ex is: (branch (branch (leaf autovar_Nat_0) (leaf autovar_Nat_0)) (branch (leaf autovar_Nat_0) (leaf autovar_Nat_0)))
14:29:15 [WARN] Running exploration without proof mode, but goals were given
14:29:15 [WARN] Proof mode: true
14:29:15 [WARN]  ex is: true
14:29:15 [WARN]  ex is: false
14:29:15 [WARN]  ex is: zero
14:29:15 [WARN]  ex is: (succ zero)
14:29:15 [WARN]  ex is: (succ (succ zero))
14:29:15 [WARN]  ex is: (leaf autovar_Nat_0)
14:29:15 [WARN]  ex is: (branch (leaf autovar_Nat_0) (leaf autovar_Nat_0))
14:29:15 [WARN]  ex is: (branch (branch (leaf autovar_Nat_0) (leaf autovar_Nat_0)) (branch (leaf autovar_Nat_0) (leaf autovar_Nat_0)))
14:29:15 [WARN] Running exploration without proof mode, but goals were given
14:29:15 [WARN] Proof mode: true
14:29:15 [WARN] proved: (tf5 ?ts_ph_Tree_0) => (main ?ts_ph_Tree_0)
14:29:15 [WARN] proved: (main ?ts_ph_Tree_0) => (tf5 ?ts_ph_Tree_0)
14:29:15 [WARN] Found all lemmas
