11:08:52 [WARN] Collecting statistics
11:08:52 [WARN]  ex is: true
11:08:52 [WARN]  ex is: false
11:08:52 [WARN]  ex is: null
11:08:52 [WARN]  ex is: zero
11:08:52 [WARN]  ex is: (succ zero)
11:08:52 [WARN]  ex is: (succ (succ zero))
11:08:52 [WARN]  ex is: (nil autovar_Unit_0)
11:08:52 [WARN]  ex is: (cons autovar_Nat_0 (nil autovar_Unit_0))
11:08:52 [WARN]  ex is: (cons autovar_Nat_1 (cons autovar_Nat_0 (nil autovar_Unit_0)))
11:08:52 [WARN]  ex is: (bnil autovar_Unit_0)
11:08:52 [WARN]  ex is: (bcons autovar_Bool_0 (bnil autovar_Unit_0))
11:08:52 [WARN]  ex is: (bcons autovar_Bool_1 (bcons autovar_Bool_0 (bnil autovar_Unit_0)))
11:08:52 [WARN] Running exploration without proof mode, but goals were given
11:08:52 [WARN] Proof mode: true
11:08:52 [WARN]  ex is: true
11:08:52 [WARN]  ex is: false
11:08:52 [WARN]  ex is: null
11:08:52 [WARN]  ex is: zero
11:08:52 [WARN]  ex is: (succ zero)
11:08:52 [WARN]  ex is: (succ (succ zero))
11:08:52 [WARN]  ex is: (nil autovar_Unit_0)
11:08:52 [WARN]  ex is: (cons autovar_Nat_0 (nil autovar_Unit_0))
11:08:52 [WARN]  ex is: (cons autovar_Nat_1 (cons autovar_Nat_0 (nil autovar_Unit_0)))
11:08:52 [WARN]  ex is: (bnil autovar_Unit_0)
11:08:52 [WARN]  ex is: (bcons autovar_Bool_0 (bnil autovar_Unit_0))
11:08:52 [WARN]  ex is: (bcons autovar_Bool_1 (bcons autovar_Bool_0 (bnil autovar_Unit_0)))
11:08:52 [WARN] Running exploration without proof mode, but goals were given
11:08:52 [WARN] Proof mode: true
11:08:52 [WARN] proved: (bnil ?ts_ph_Unit_0) => (bnil null)
11:08:52 [WARN] proved: (and ?ts_ph_Bool_1 ?ts_ph_Bool_0) => (and ?ts_ph_Bool_0 ?ts_ph_Bool_1)
11:08:52 [WARN] proved: (and ?ts_ph_Bool_0 ?ts_ph_Bool_1) => (and ?ts_ph_Bool_1 ?ts_ph_Bool_0)
11:08:52 [WARN] proved: (and ?ts_ph_Bool_0 ?ts_ph_Bool_0) => ?ts_ph_Bool_0
11:08:52 [WARN] proved: (geq ?ts_ph_Nat_0 ?ts_ph_Nat_0) => true
11:08:52 [WARN] proved: (lq ?ts_ph_Nat_0 ?ts_ph_Nat_0) => false
