13:36:50 [WARN] Collecting statistics
13:36:50 [WARN]  ex is: true
13:36:50 [WARN]  ex is: false
13:36:50 [WARN]  ex is: null
13:36:50 [WARN]  ex is: zero
13:36:50 [WARN]  ex is: (succ zero)
13:36:50 [WARN]  ex is: (succ (succ zero))
13:36:50 [WARN]  ex is: (nil autovar_Unit_0)
13:36:50 [WARN]  ex is: (cons autovar_Nat_0 (nil autovar_Unit_0))
13:36:50 [WARN]  ex is: (cons autovar_Nat_1 (cons autovar_Nat_0 (nil autovar_Unit_0)))
13:36:50 [WARN]  ex is: (single autovar_List_0)
13:36:50 [WARN]  ex is: (ncons autovar_List_1 (single autovar_List_0))
13:36:50 [WARN]  ex is: (ncons autovar_List_2 (ncons autovar_List_1 (single autovar_List_0)))
13:36:50 [WARN] Running exploration without proof mode, but goals were given
13:36:50 [WARN] Proof mode: true
13:36:50 [WARN]  ex is: true
13:36:50 [WARN]  ex is: false
13:36:50 [WARN]  ex is: null
13:36:50 [WARN]  ex is: zero
13:36:50 [WARN]  ex is: (succ zero)
13:36:50 [WARN]  ex is: (succ (succ zero))
13:36:50 [WARN]  ex is: (nil autovar_Unit_0)
13:36:50 [WARN]  ex is: (cons autovar_Nat_0 (nil autovar_Unit_0))
13:36:50 [WARN]  ex is: (cons autovar_Nat_1 (cons autovar_Nat_0 (nil autovar_Unit_0)))
13:36:50 [WARN]  ex is: (single autovar_List_0)
13:36:50 [WARN]  ex is: (ncons autovar_List_1 (single autovar_List_0))
13:36:50 [WARN]  ex is: (ncons autovar_List_2 (ncons autovar_List_1 (single autovar_List_0)))
13:36:50 [WARN] Running exploration without proof mode, but goals were given
13:36:50 [WARN] Proof mode: true
13:36:50 [WARN] proved: (nil ?ts_ph_Unit_0) => (nil null)
13:36:51 [WARN] proved: (plus ?ts_ph_Nat_0 zero) => ?ts_ph_Nat_0
13:36:51 [WARN] proved: (times ?ts_ph_Nat_0 zero) => zero
