12:46:50 [WARN] Collecting statistics
12:46:50 [WARN]  ex is: true
12:46:50 [WARN]  ex is: false
12:46:50 [WARN]  ex is: null
12:46:50 [WARN]  ex is: zero
12:46:50 [WARN]  ex is: (succ zero)
12:46:50 [WARN]  ex is: (succ (succ zero))
12:46:50 [WARN]  ex is: (nil autovar_Unit_0)
12:46:50 [WARN]  ex is: (node autovar_Nat_0 (nil autovar_Unit_0) (nil autovar_Unit_0))
12:46:50 [WARN]  ex is: (node autovar_Nat_1 (node autovar_Nat_0 (nil autovar_Unit_0) (nil autovar_Unit_0)) (node autovar_Nat_0 (nil autovar_Unit_0) (nil autovar_Unit_0)))
12:46:50 [WARN] Running exploration without proof mode, but goals were given
12:46:50 [WARN] Proof mode: true
12:46:50 [WARN]  ex is: true
12:46:50 [WARN]  ex is: false
12:46:50 [WARN]  ex is: null
12:46:50 [WARN]  ex is: zero
12:46:50 [WARN]  ex is: (succ zero)
12:46:50 [WARN]  ex is: (succ (succ zero))
12:46:50 [WARN]  ex is: (nil autovar_Unit_0)
12:46:50 [WARN]  ex is: (node autovar_Nat_0 (nil autovar_Unit_0) (nil autovar_Unit_0))
12:46:50 [WARN]  ex is: (node autovar_Nat_1 (node autovar_Nat_0 (nil autovar_Unit_0) (nil autovar_Unit_0)) (node autovar_Nat_0 (nil autovar_Unit_0) (nil autovar_Unit_0)))
12:46:50 [WARN] Running exploration without proof mode, but goals were given
12:46:50 [WARN] Proof mode: true
12:46:50 [WARN] proved: (max zero ?ts_ph_Nat_0) => ?ts_ph_Nat_0
12:46:50 [WARN] proved: (max ?ts_ph_Nat_0 ?ts_ph_Nat_0) => ?ts_ph_Nat_0
12:46:50 [WARN] proved: (lq ?ts_ph_Nat_0 ?ts_ph_Nat_0) => false
12:46:50 [WARN] proved: (ite ?ts_ph_Bool_0 ?ts_ph_pvar0_1 ?ts_ph_pvar0_1) => ?ts_ph_pvar0_1
