14:23:15 [WARN] Collecting statistics
14:23:15 [WARN]  ex is: true
14:23:15 [WARN]  ex is: false
14:23:15 [WARN]  ex is: zero
14:23:15 [WARN]  ex is: (succ zero)
14:23:15 [WARN]  ex is: (succ (succ zero))
14:23:15 [WARN]  ex is: (single autovar_Nat_0)
14:23:15 [WARN]  ex is: (cons autovar_Nat_1 (single autovar_Nat_0))
14:23:15 [WARN]  ex is: (cons autovar_Nat_2 (cons autovar_Nat_1 (single autovar_Nat_0)))
14:23:15 [WARN]  ex is: (elt autovar_Nat_0)
14:23:15 [WARN]  ex is: (cat (elt autovar_Nat_0) (elt autovar_Nat_0))
14:23:15 [WARN]  ex is: (cat (cat (elt autovar_Nat_0) (elt autovar_Nat_0)) (cat (elt autovar_Nat_0) (elt autovar_Nat_0)))
14:23:15 [WARN] Running exploration without proof mode, but goals were given
14:23:15 [WARN] Proof mode: true
14:23:15 [WARN]  ex is: true
14:23:15 [WARN]  ex is: false
14:23:15 [WARN]  ex is: zero
14:23:15 [WARN]  ex is: (succ zero)
14:23:15 [WARN]  ex is: (succ (succ zero))
14:23:15 [WARN]  ex is: (single autovar_Nat_0)
14:23:15 [WARN]  ex is: (cons autovar_Nat_1 (single autovar_Nat_0))
14:23:15 [WARN]  ex is: (cons autovar_Nat_2 (cons autovar_Nat_1 (single autovar_Nat_0)))
14:23:15 [WARN]  ex is: (elt autovar_Nat_0)
14:23:15 [WARN]  ex is: (cat (elt autovar_Nat_0) (elt autovar_Nat_0))
14:23:15 [WARN]  ex is: (cat (cat (elt autovar_Nat_0) (elt autovar_Nat_0)) (cat (elt autovar_Nat_0) (elt autovar_Nat_0)))
14:23:15 [WARN] Running exploration without proof mode, but goals were given
14:23:15 [WARN] Proof mode: true
14:23:15 [WARN] proved: (and ?ts_ph_Bool_0 ?ts_ph_Bool_1) => (and ?ts_ph_Bool_1 ?ts_ph_Bool_0)
14:23:15 [WARN] proved: (and ?ts_ph_Bool_1 ?ts_ph_Bool_0) => (and ?ts_ph_Bool_0 ?ts_ph_Bool_1)
14:23:15 [WARN] proved: (max ?ts_ph_Nat_0 ?ts_ph_Nat_0) => ?ts_ph_Nat_0
14:23:15 [WARN] proved: (max zero ?ts_ph_Nat_0) => ?ts_ph_Nat_0
14:23:15 [WARN] proved: (and ?ts_ph_Bool_0 ?ts_ph_Bool_0) => ?ts_ph_Bool_0
14:23:15 [WARN] proved: (lq zero ?ts_ph_Nat_0) => (gq ?ts_ph_Nat_0 zero)
14:23:15 [WARN] proved: (gq ?ts_ph_Nat_0 zero) => (lq zero ?ts_ph_Nat_0)
14:23:15 [WARN] proved: (ite ?ts_ph_Bool_0 ?ts_ph_pvar0_1 ?ts_ph_pvar0_1) => ?ts_ph_pvar0_1
14:23:15 [WARN] proved: (gq ?ts_ph_Nat_0 ?ts_ph_Nat_1) => (lq ?ts_ph_Nat_1 ?ts_ph_Nat_0)
14:23:15 [WARN] proved: (lq ?ts_ph_Nat_1 ?ts_ph_Nat_0) => (gq ?ts_ph_Nat_0 ?ts_ph_Nat_1)
14:23:15 [WARN] proved: (lq ?ts_ph_Nat_0 ?ts_ph_Nat_0) => false
14:23:43 [WARN] proved: (lq ?ts_ph_Nat_0 (succ ?ts_ph_Nat_0)) => true
14:23:43 [WARN] proved: (lq (succ ?ts_ph_Nat_0) ?ts_ph_Nat_0) => false
14:23:43 [WARN] proved: (max (succ zero) ?ts_ph_Nat_0) => (max ?ts_ph_Nat_0 (succ zero))
14:23:43 [WARN] proved: (max ?ts_ph_Nat_0 (succ zero)) => (max (succ zero) ?ts_ph_Nat_0)
14:23:43 [WARN] generalized case_split proof as: (and ?ts_ph_Bool_0 ?ts_ph_Bool_1) -- (and ?ts_ph_Bool_1 (and ?ts_ph_Bool_0 ?ts_ph_Bool_1))
14:23:43 [WARN] proved: (and ?ts_ph_Bool_0 ?ts_ph_Bool_1) => (and ?ts_ph_Bool_1 (and ?ts_ph_Bool_0 ?ts_ph_Bool_1))
14:23:43 [WARN] proved: (and ?ts_ph_Bool_1 (and ?ts_ph_Bool_0 ?ts_ph_Bool_1)) => (and ?ts_ph_Bool_0 ?ts_ph_Bool_1)
14:23:43 [WARN] generalized case_split proof as: (tf3 (tf3 ?ts_ph_List_1 ?ts_ph_List_2) ?ts_ph_List_0) -- (tf3 ?ts_ph_List_1 (tf3 ?ts_ph_List_2 ?ts_ph_List_0))
14:23:43 [WARN] proved: (tf3 (tf3 ?ts_ph_List_1 ?ts_ph_List_2) ?ts_ph_List_0) => (tf3 ?ts_ph_List_1 (tf3 ?ts_ph_List_2 ?ts_ph_List_0))
14:23:43 [WARN] proved: (tf3 ?ts_ph_List_1 (tf3 ?ts_ph_List_2 ?ts_ph_List_0)) => (tf3 (tf3 ?ts_ph_List_1 ?ts_ph_List_2) ?ts_ph_List_0)
14:23:43 [WARN] proved: (ite (and ?ts_ph_Bool_0 ?ts_ph_Bool_1) ?ts_ph_pvar0_0 ?ts_ph_pvar0_1) => (ite
  ?ts_ph_Bool_0
  (ite ?ts_ph_Bool_1 ?ts_ph_pvar0_0 ?ts_ph_pvar0_1)
  ?ts_ph_pvar0_1)
14:23:43 [WARN] proved: (ite
  ?ts_ph_Bool_0
  (ite ?ts_ph_Bool_1 ?ts_ph_pvar0_0 ?ts_ph_pvar0_1)
  ?ts_ph_pvar0_1) => (ite (and ?ts_ph_Bool_0 ?ts_ph_Bool_1) ?ts_ph_pvar0_0 ?ts_ph_pvar0_1)
14:23:43 [WARN] proved: (ite
  ?ts_ph_Bool_0
  ?ts_ph_pvar0_1
  (ite ?ts_ph_Bool_1 ?ts_ph_pvar0_0 ?ts_ph_pvar0_1)) => (ite
  ?ts_ph_Bool_1
  (ite ?ts_ph_Bool_0 ?ts_ph_pvar0_1 ?ts_ph_pvar0_0)
  ?ts_ph_pvar0_1)
14:23:43 [WARN] proved: (ite
  ?ts_ph_Bool_1
  (ite ?ts_ph_Bool_0 ?ts_ph_pvar0_1 ?ts_ph_pvar0_0)
  ?ts_ph_pvar0_1) => (ite
  ?ts_ph_Bool_0
  ?ts_ph_pvar0_1
  (ite ?ts_ph_Bool_1 ?ts_ph_pvar0_0 ?ts_ph_pvar0_1))
14:23:43 [WARN] proved: (ite
  ?ts_ph_Bool_0
  ?ts_ph_pvar0_1
  (ite ?ts_ph_Bool_1 ?ts_ph_pvar0_1 ?ts_ph_pvar0_0)) => (ite
  ?ts_ph_Bool_1
  ?ts_ph_pvar0_1
  (ite ?ts_ph_Bool_0 ?ts_ph_pvar0_1 ?ts_ph_pvar0_0))
14:23:43 [WARN] proved: (ite
  ?ts_ph_Bool_1
  ?ts_ph_pvar0_1
  (ite ?ts_ph_Bool_0 ?ts_ph_pvar0_1 ?ts_ph_pvar0_0)) => (ite
  ?ts_ph_Bool_0
  ?ts_ph_pvar0_1
  (ite ?ts_ph_Bool_1 ?ts_ph_pvar0_1 ?ts_ph_pvar0_0))
14:23:43 [WARN] proved: (ite
  ?ts_ph_Bool_0
  ?ts_ph_pvar0_1
  (ite ?ts_ph_Bool_0 ?ts_ph_pvar0_0 ?ts_ph_pvar0_1)) => ?ts_ph_pvar0_1
14:23:43 [WARN] proved: (ite ?ts_ph_Bool_0 ?ts_ph_pvar0_1 ?ts_ph_pvar0_0) => (ite
  ?ts_ph_Bool_0
  ?ts_ph_pvar0_1
  (ite ?ts_ph_Bool_0 ?ts_ph_pvar0_1 ?ts_ph_pvar0_0))
14:23:43 [WARN] proved: (ite
  ?ts_ph_Bool_0
  ?ts_ph_pvar0_1
  (ite ?ts_ph_Bool_0 ?ts_ph_pvar0_1 ?ts_ph_pvar0_0)) => (ite ?ts_ph_Bool_0 ?ts_ph_pvar0_1 ?ts_ph_pvar0_0)
14:23:43 [WARN] proved: (lq ?ts_ph_Nat_1 ?ts_ph_Nat_0) => (and (lq zero ?ts_ph_Nat_0) (lq ?ts_ph_Nat_1 ?ts_ph_Nat_0))
14:23:43 [WARN] proved: (and (lq zero ?ts_ph_Nat_0) (lq ?ts_ph_Nat_1 ?ts_ph_Nat_0)) => (lq ?ts_ph_Nat_1 ?ts_ph_Nat_0)
14:23:46 [WARN] proved: (ite (and ?ts_ph_Bool_0 ?ts_ph_Bool_1) ?ts_ph_pvar0_1 ?ts_ph_pvar0_0) => (ite
  ?ts_ph_Bool_0
  (ite ?ts_ph_Bool_1 ?ts_ph_pvar0_1 ?ts_ph_pvar0_0)
  (ite ?ts_ph_Bool_0 ?ts_ph_pvar0_1 ?ts_ph_pvar0_0))
14:23:46 [WARN] proved: (ite
  ?ts_ph_Bool_0
  (ite ?ts_ph_Bool_1 ?ts_ph_pvar0_1 ?ts_ph_pvar0_0)
  (ite ?ts_ph_Bool_0 ?ts_ph_pvar0_1 ?ts_ph_pvar0_0)) => (ite (and ?ts_ph_Bool_0 ?ts_ph_Bool_1) ?ts_ph_pvar0_1 ?ts_ph_pvar0_0)
14:23:46 [WARN] proved: (ite
  ?ts_ph_Bool_0
  (ite ?ts_ph_Bool_0 ?ts_ph_pvar0_1 ?ts_ph_pvar0_0)
  (ite ?ts_ph_Bool_1 ?ts_ph_pvar0_0 ?ts_ph_pvar0_1)) => (ite
  ?ts_ph_Bool_1
  (ite ?ts_ph_Bool_0 ?ts_ph_pvar0_1 ?ts_ph_pvar0_0)
  ?ts_ph_pvar0_1)
14:23:46 [WARN] proved: (ite
  ?ts_ph_Bool_1
  (ite ?ts_ph_Bool_0 ?ts_ph_pvar0_1 ?ts_ph_pvar0_0)
  ?ts_ph_pvar0_1) => (ite
  ?ts_ph_Bool_0
  (ite ?ts_ph_Bool_0 ?ts_ph_pvar0_1 ?ts_ph_pvar0_0)
  (ite ?ts_ph_Bool_1 ?ts_ph_pvar0_0 ?ts_ph_pvar0_1))
14:23:47 [WARN] proved: (ite
  ?ts_ph_Bool_0
  (ite ?ts_ph_Bool_0 ?ts_ph_pvar0_1 ?ts_ph_pvar0_0)
  (ite ?ts_ph_Bool_1 ?ts_ph_pvar0_1 ?ts_ph_pvar0_0)) => (ite
  ?ts_ph_Bool_1
  ?ts_ph_pvar0_1
  (ite ?ts_ph_Bool_0 ?ts_ph_pvar0_1 ?ts_ph_pvar0_0))
14:23:47 [WARN] proved: (ite
  ?ts_ph_Bool_1
  ?ts_ph_pvar0_1
  (ite ?ts_ph_Bool_0 ?ts_ph_pvar0_1 ?ts_ph_pvar0_0)) => (ite
  ?ts_ph_Bool_0
  (ite ?ts_ph_Bool_0 ?ts_ph_pvar0_1 ?ts_ph_pvar0_0)
  (ite ?ts_ph_Bool_1 ?ts_ph_pvar0_1 ?ts_ph_pvar0_0))
14:23:48 [WARN] generalized case_split proof as: (ite ?ts_ph_Bool_1 (ite ?ts_ph_Bool_0 ?ts_ph_pvar0_1 ?ts_ph_pvar0_0) (ite ?ts_ph_Bool_0 ?ts_ph_pvar0_0 ?ts_ph_pvar0_1)) -- (ite ?ts_ph_Bool_0 (ite ?ts_ph_Bool_1 ?ts_ph_pvar0_1 ?ts_ph_pvar0_0) (ite ?ts_ph_Bool_1 ?ts_ph_pvar0_0 ?ts_ph_pvar0_1))
14:23:48 [WARN] proved: (ite
  ?ts_ph_Bool_1
  (ite ?ts_ph_Bool_0 ?ts_ph_pvar0_1 ?ts_ph_pvar0_0)
  (ite ?ts_ph_Bool_0 ?ts_ph_pvar0_0 ?ts_ph_pvar0_1)) => (ite
  ?ts_ph_Bool_0
  (ite ?ts_ph_Bool_1 ?ts_ph_pvar0_1 ?ts_ph_pvar0_0)
  (ite ?ts_ph_Bool_1 ?ts_ph_pvar0_0 ?ts_ph_pvar0_1))
14:23:48 [WARN] proved: (ite
  ?ts_ph_Bool_0
  (ite ?ts_ph_Bool_1 ?ts_ph_pvar0_1 ?ts_ph_pvar0_0)
  (ite ?ts_ph_Bool_1 ?ts_ph_pvar0_0 ?ts_ph_pvar0_1)) => (ite
  ?ts_ph_Bool_1
  (ite ?ts_ph_Bool_0 ?ts_ph_pvar0_1 ?ts_ph_pvar0_0)
  (ite ?ts_ph_Bool_0 ?ts_ph_pvar0_0 ?ts_ph_pvar0_1))
