12:52:50 [WARN] Collecting statistics
12:52:50 [WARN]  ex is: true
12:52:50 [WARN]  ex is: false
12:52:50 [WARN]  ex is: null
12:52:50 [WARN]  ex is: zero
12:52:50 [WARN]  ex is: (succ zero)
12:52:50 [WARN]  ex is: (succ (succ zero))
12:52:50 [WARN]  ex is: (empty autovar_Unit_0)
12:52:50 [WARN]  ex is: (node autovar_Nat_0 (empty autovar_Unit_0) (empty autovar_Unit_0))
12:52:50 [WARN]  ex is: (node autovar_Nat_1 (node autovar_Nat_0 (empty autovar_Unit_0) (empty autovar_Unit_0)) (node autovar_Nat_0 (empty autovar_Unit_0) (empty autovar_Unit_0)))
12:52:50 [WARN]  ex is: (top autovar_Unit_0)
12:52:50 [WARN]  ex is: (left autovar_Nat_0 autovar_BTree_0 (top autovar_Unit_0))
12:52:50 [WARN]  ex is: (right autovar_Nat_1 autovar_BTree_1 (top autovar_Unit_0))
12:52:50 [WARN]  ex is: (left autovar_Nat_2 autovar_BTree_2 (right autovar_Nat_1 autovar_BTree_1 (top autovar_Unit_0)))
12:52:50 [WARN]  ex is: (right autovar_Nat_3 autovar_BTree_3 (right autovar_Nat_1 autovar_BTree_1 (top autovar_Unit_0)))
12:52:50 [WARN] Running exploration without proof mode, but goals were given
12:52:50 [WARN] Proof mode: true
12:52:50 [WARN]  ex is: true
12:52:50 [WARN]  ex is: false
12:52:50 [WARN]  ex is: null
12:52:50 [WARN]  ex is: zero
12:52:50 [WARN]  ex is: (succ zero)
12:52:50 [WARN]  ex is: (succ (succ zero))
12:52:50 [WARN]  ex is: (empty autovar_Unit_0)
12:52:50 [WARN]  ex is: (node autovar_Nat_0 (empty autovar_Unit_0) (empty autovar_Unit_0))
12:52:50 [WARN]  ex is: (node autovar_Nat_1 (node autovar_Nat_0 (empty autovar_Unit_0) (empty autovar_Unit_0)) (node autovar_Nat_0 (empty autovar_Unit_0) (empty autovar_Unit_0)))
12:52:50 [WARN]  ex is: (top autovar_Unit_0)
12:52:50 [WARN]  ex is: (left autovar_Nat_0 autovar_BTree_0 (top autovar_Unit_0))
12:52:50 [WARN]  ex is: (right autovar_Nat_1 autovar_BTree_1 (top autovar_Unit_0))
12:52:50 [WARN]  ex is: (left autovar_Nat_2 autovar_BTree_2 (right autovar_Nat_1 autovar_BTree_1 (top autovar_Unit_0)))
12:52:50 [WARN]  ex is: (right autovar_Nat_3 autovar_BTree_3 (right autovar_Nat_1 autovar_BTree_1 (top autovar_Unit_0)))
12:52:50 [WARN] Running exploration without proof mode, but goals were given
12:52:50 [WARN] Proof mode: true
12:52:51 [WARN] proved: (max ?ts_ph_Nat_0 ?ts_ph_Nat_0) => ?ts_ph_Nat_0
12:52:51 [WARN] proved: (max zero ?ts_ph_Nat_0) => ?ts_ph_Nat_0
12:52:51 [WARN] proved: (lq ?ts_ph_Nat_0 ?ts_ph_Nat_0) => false
12:52:51 [WARN] proved: (plus ?ts_ph_Nat_0 zero) => (max ?ts_ph_Nat_0 ?ts_ph_Nat_0)
12:52:51 [WARN] proved: (max ?ts_ph_Nat_0 ?ts_ph_Nat_0) => (plus ?ts_ph_Nat_0 zero)
12:52:51 [WARN] proved: (ite ?ts_ph_Bool_0 ?ts_ph_pvar0_1 ?ts_ph_pvar0_1) => ?ts_ph_pvar0_1
