09:47:47 [WARN] Collecting statistics
09:47:47 [WARN]  ex is: true
09:47:47 [WARN]  ex is: false
09:47:47 [WARN]  ex is: null
09:47:47 [WARN]  ex is: zero
09:47:47 [WARN]  ex is: (succ zero)
09:47:47 [WARN]  ex is: (succ (succ zero))
09:47:47 [WARN]  ex is: (nil autovar_Unit_0)
09:47:47 [WARN]  ex is: (node autovar_Nat_0 (nil autovar_Unit_0) (nil autovar_Unit_0))
09:47:47 [WARN]  ex is: (node autovar_Nat_1 (node autovar_Nat_0 (nil autovar_Unit_0) (nil autovar_Unit_0)) (node autovar_Nat_0 (nil autovar_Unit_0) (nil autovar_Unit_0)))
09:47:47 [WARN] Running exploration without proof mode, but goals were given
09:47:47 [WARN] Proof mode: true
09:47:47 [WARN]  ex is: true
09:47:47 [WARN]  ex is: false
09:47:47 [WARN]  ex is: null
09:47:47 [WARN]  ex is: zero
09:47:47 [WARN]  ex is: (succ zero)
09:47:47 [WARN]  ex is: (succ (succ zero))
09:47:47 [WARN]  ex is: (nil autovar_Unit_0)
09:47:47 [WARN]  ex is: (node autovar_Nat_0 (nil autovar_Unit_0) (nil autovar_Unit_0))
09:47:47 [WARN]  ex is: (node autovar_Nat_1 (node autovar_Nat_0 (nil autovar_Unit_0) (nil autovar_Unit_0)) (node autovar_Nat_0 (nil autovar_Unit_0) (nil autovar_Unit_0)))
09:47:47 [WARN] Running exploration without proof mode, but goals were given
09:47:47 [WARN] Proof mode: true
09:47:47 [WARN] proved: (nil ?ts_ph_Unit_0) => (nil null)
