10:14:47 [WARN] Collecting statistics
10:14:47 [WARN]  ex is: true
10:14:47 [WARN]  ex is: false
10:14:47 [WARN]  ex is: null
10:14:47 [WARN]  ex is: zero
10:14:47 [WARN]  ex is: (succ zero)
10:14:47 [WARN]  ex is: (succ (succ zero))
10:14:47 [WARN]  ex is: (unil autovar_Unit_0)
10:14:47 [WARN]  ex is: (uelt autovar_Nat_0)
10:14:47 [WARN]  ex is: (usplit (uelt autovar_Nat_0) autovar_Nat_1 autovar_Nat_2 (uelt autovar_Nat_0))
10:14:47 [WARN]  ex is: (usplit (usplit (uelt autovar_Nat_0) autovar_Nat_1 autovar_Nat_2 (uelt autovar_Nat_0)) autovar_Nat_3 autovar_Nat_4 (usplit (uelt autovar_Nat_0) autovar_Nat_1 autovar_Nat_2 (uelt autovar_Nat_0)))
10:14:47 [WARN]  ex is: (nil autovar_Unit_0)
10:14:47 [WARN]  ex is: (cons autovar_Nat_0 (nil autovar_Unit_0))
10:14:47 [WARN]  ex is: (cons autovar_Nat_1 (cons autovar_Nat_0 (nil autovar_Unit_0)))
10:14:47 [WARN] Running exploration without proof mode, but goals were given
10:14:47 [WARN] Proof mode: true
10:14:47 [WARN]  ex is: true
10:14:47 [WARN]  ex is: false
10:14:47 [WARN]  ex is: null
10:14:47 [WARN]  ex is: zero
10:14:47 [WARN]  ex is: (succ zero)
10:14:47 [WARN]  ex is: (succ (succ zero))
10:14:47 [WARN]  ex is: (unil autovar_Unit_0)
10:14:47 [WARN]  ex is: (uelt autovar_Nat_0)
10:14:47 [WARN]  ex is: (usplit (uelt autovar_Nat_0) autovar_Nat_1 autovar_Nat_2 (uelt autovar_Nat_0))
10:14:47 [WARN]  ex is: (usplit (usplit (uelt autovar_Nat_0) autovar_Nat_1 autovar_Nat_2 (uelt autovar_Nat_0)) autovar_Nat_3 autovar_Nat_4 (usplit (uelt autovar_Nat_0) autovar_Nat_1 autovar_Nat_2 (uelt autovar_Nat_0)))
10:14:47 [WARN]  ex is: (nil autovar_Unit_0)
10:14:47 [WARN]  ex is: (cons autovar_Nat_0 (nil autovar_Unit_0))
10:14:47 [WARN]  ex is: (cons autovar_Nat_1 (cons autovar_Nat_0 (nil autovar_Unit_0)))
10:14:47 [WARN] Running exploration without proof mode, but goals were given
10:14:47 [WARN] Proof mode: true
10:14:49 [WARN] proved: (nil ?ts_ph_Unit_0) => (nil null)
10:14:49 [WARN] proved: (and ?ts_ph_Bool_1 ?ts_ph_Bool_0) => (and ?ts_ph_Bool_0 ?ts_ph_Bool_1)
10:14:49 [WARN] proved: (and ?ts_ph_Bool_0 ?ts_ph_Bool_1) => (and ?ts_ph_Bool_1 ?ts_ph_Bool_0)
10:14:49 [WARN] proved: (plus ?ts_ph_Nat_0 zero) => ?ts_ph_Nat_0
10:14:49 [WARN] proved: (and ?ts_ph_Bool_0 ?ts_ph_Bool_0) => ?ts_ph_Bool_0
10:14:49 [WARN] proved: (geq ?ts_ph_Nat_0 ?ts_ph_Nat_0) => true
10:14:49 [WARN] proved: (tf5 zero ?ts_ph_List_0) => (tf7 ?ts_ph_List_0)
10:14:49 [WARN] proved: (tf7 ?ts_ph_List_0) => (tf5 zero ?ts_ph_List_0)
10:14:49 [WARN] proved: (geq zero ?ts_ph_Nat_0) => (leq ?ts_ph_Nat_0 zero)
10:14:49 [WARN] proved: (leq ?ts_ph_Nat_0 zero) => (geq zero ?ts_ph_Nat_0)
10:14:49 [WARN] proved: (ite ?ts_ph_Bool_0 ?ts_ph_pvar0_1 ?ts_ph_pvar0_1) => ?ts_ph_pvar0_1
