10:35:47 [WARN] Collecting statistics
10:35:47 [WARN]  ex is: true
10:35:47 [WARN]  ex is: false
10:35:47 [WARN]  ex is: null
10:35:47 [WARN]  ex is: zero
10:35:47 [WARN]  ex is: (succ zero)
10:35:47 [WARN]  ex is: (succ (succ zero))
10:35:47 [WARN]  ex is: (nil autovar_Unit_0)
10:35:47 [WARN]  ex is: (cons autovar_Nat_0 (nil autovar_Unit_0))
10:35:47 [WARN]  ex is: (cons autovar_Nat_1 (cons autovar_Nat_0 (nil autovar_Unit_0)))
10:35:47 [WARN]  ex is: (inil autovar_Unit_0)
10:35:47 [WARN]  ex is: (icons autovar_Nat_0 autovar_Nat_1 (inil autovar_Unit_0))
10:35:47 [WARN]  ex is: (icons autovar_Nat_2 autovar_Nat_3 (icons autovar_Nat_0 autovar_Nat_1 (inil autovar_Unit_0)))
10:35:47 [WARN] Running exploration without proof mode, but goals were given
10:35:47 [WARN] Proof mode: true
10:35:47 [WARN]  ex is: true
10:35:47 [WARN]  ex is: false
10:35:47 [WARN]  ex is: null
10:35:47 [WARN]  ex is: zero
10:35:47 [WARN]  ex is: (succ zero)
10:35:47 [WARN]  ex is: (succ (succ zero))
10:35:47 [WARN]  ex is: (nil autovar_Unit_0)
10:35:47 [WARN]  ex is: (cons autovar_Nat_0 (nil autovar_Unit_0))
10:35:47 [WARN]  ex is: (cons autovar_Nat_1 (cons autovar_Nat_0 (nil autovar_Unit_0)))
10:35:47 [WARN]  ex is: (inil autovar_Unit_0)
10:35:47 [WARN]  ex is: (icons autovar_Nat_0 autovar_Nat_1 (inil autovar_Unit_0))
10:35:47 [WARN]  ex is: (icons autovar_Nat_2 autovar_Nat_3 (icons autovar_Nat_0 autovar_Nat_1 (inil autovar_Unit_0)))
10:35:47 [WARN] Running exploration without proof mode, but goals were given
10:35:47 [WARN] Proof mode: true
10:35:47 [WARN] proved: (tf10 ?ts_ph_IDList_0) => ?ts_ph_IDList_0
10:35:47 [WARN] proved: (inil ?ts_ph_Unit_0) => (inil null)
10:35:47 [WARN] proved: (nil ?ts_ph_Unit_0) => (nil null)
10:35:47 [WARN] proved: (and ?ts_ph_Bool_0 ?ts_ph_Bool_1) => (and ?ts_ph_Bool_1 ?ts_ph_Bool_0)
10:35:47 [WARN] proved: (and ?ts_ph_Bool_1 ?ts_ph_Bool_0) => (and ?ts_ph_Bool_0 ?ts_ph_Bool_1)
10:35:47 [WARN] proved: (and ?ts_ph_Bool_0 ?ts_ph_Bool_0) => ?ts_ph_Bool_0
10:35:47 [WARN] proved: (plus ?ts_ph_Nat_0 zero) => ?ts_ph_Nat_0
10:35:47 [WARN] proved: (nat_eq ?ts_ph_Nat_0 ?ts_ph_Nat_0) => true
10:35:47 [WARN] proved: (leq ?ts_ph_Nat_0 ?ts_ph_Nat_0) => true
10:35:47 [WARN] proved: (gq ?ts_ph_Nat_0 ?ts_ph_Nat_0) => false
10:35:47 [WARN] proved: (nat_eq zero ?ts_ph_Nat_0) => (nat_eq ?ts_ph_Nat_0 zero)
10:35:47 [WARN] proved: (nat_eq ?ts_ph_Nat_0 zero) => (nat_eq zero ?ts_ph_Nat_0)
10:35:47 [WARN] proved: (leq ?ts_ph_Nat_0 zero) => (nat_eq ?ts_ph_Nat_0 zero)
10:35:47 [WARN] proved: (nat_eq ?ts_ph_Nat_0 zero) => (leq ?ts_ph_Nat_0 zero)
10:35:47 [WARN] proved: (ite ?ts_ph_Bool_0 ?ts_ph_pvar0_1 ?ts_ph_pvar0_1) => ?ts_ph_pvar0_1
