10:53:52 [WARN] Collecting statistics
10:53:52 [WARN]  ex is: true
10:53:52 [WARN]  ex is: false
10:53:52 [WARN]  ex is: null
10:53:52 [WARN]  ex is: zero
10:53:52 [WARN]  ex is: (succ zero)
10:53:52 [WARN]  ex is: (succ (succ zero))
10:53:52 [WARN]  ex is: (empty autovar_Unit_0)
10:53:52 [WARN]  ex is: (elt autovar_Nat_0)
10:53:52 [WARN]  ex is: (concat (elt autovar_Nat_0) (elt autovar_Nat_0))
10:53:52 [WARN]  ex is: (concat (concat (elt autovar_Nat_0) (elt autovar_Nat_0)) (concat (elt autovar_Nat_0) (elt autovar_Nat_0)))
10:53:52 [WARN]  ex is: (nil autovar_Unit_0)
10:53:52 [WARN]  ex is: (cons autovar_Nat_0 (nil autovar_Unit_0))
10:53:52 [WARN]  ex is: (cons autovar_Nat_1 (cons autovar_Nat_0 (nil autovar_Unit_0)))
10:53:52 [WARN] Running exploration without proof mode, but goals were given
10:53:52 [WARN] Proof mode: true
10:53:52 [WARN]  ex is: true
10:53:52 [WARN]  ex is: false
10:53:52 [WARN]  ex is: null
10:53:52 [WARN]  ex is: zero
10:53:52 [WARN]  ex is: (succ zero)
10:53:52 [WARN]  ex is: (succ (succ zero))
10:53:52 [WARN]  ex is: (empty autovar_Unit_0)
10:53:52 [WARN]  ex is: (elt autovar_Nat_0)
10:53:52 [WARN]  ex is: (concat (elt autovar_Nat_0) (elt autovar_Nat_0))
10:53:52 [WARN]  ex is: (concat (concat (elt autovar_Nat_0) (elt autovar_Nat_0)) (concat (elt autovar_Nat_0) (elt autovar_Nat_0)))
10:53:52 [WARN]  ex is: (nil autovar_Unit_0)
10:53:52 [WARN]  ex is: (cons autovar_Nat_0 (nil autovar_Unit_0))
10:53:52 [WARN]  ex is: (cons autovar_Nat_1 (cons autovar_Nat_0 (nil autovar_Unit_0)))
10:53:52 [WARN] Running exploration without proof mode, but goals were given
10:53:52 [WARN] Proof mode: true
10:53:53 [WARN] proved: (and ?ts_ph_Bool_1 ?ts_ph_Bool_0) => (and ?ts_ph_Bool_0 ?ts_ph_Bool_1)
10:53:53 [WARN] proved: (and ?ts_ph_Bool_0 ?ts_ph_Bool_1) => (and ?ts_ph_Bool_1 ?ts_ph_Bool_0)
10:53:53 [WARN] proved: (and ?ts_ph_Bool_0 ?ts_ph_Bool_0) => ?ts_ph_Bool_0
10:53:53 [WARN] proved: (min ?ts_ph_Nat_0 ?ts_ph_Nat_0) => ?ts_ph_Nat_0
10:53:53 [WARN] proved: (max ?ts_ph_Nat_0 ?ts_ph_Nat_0) => ?ts_ph_Nat_0
10:53:53 [WARN] proved: (plus ?ts_ph_Nat_0 zero) => ?ts_ph_Nat_0
10:53:53 [WARN] proved: (max ?ts_ph_Nat_0 zero) => ?ts_ph_Nat_0
10:53:53 [WARN] proved: (gq ?ts_ph_Nat_0 ?ts_ph_Nat_0) => false
10:53:53 [WARN] proved: (min zero ?ts_ph_Nat_0) => zero
10:53:53 [WARN] proved: (nat_eq ?ts_ph_Nat_0 ?ts_ph_Nat_0) => true
10:53:53 [WARN] proved: (lq zero ?ts_ph_Nat_0) => (gq ?ts_ph_Nat_0 zero)
10:53:53 [WARN] proved: (gq ?ts_ph_Nat_0 zero) => (lq zero ?ts_ph_Nat_0)
10:53:53 [WARN] proved: (nat_eq ?ts_ph_Nat_0 zero) => (geq zero ?ts_ph_Nat_0)
10:53:53 [WARN] proved: (geq zero ?ts_ph_Nat_0) => (nat_eq ?ts_ph_Nat_0 zero)
10:53:53 [WARN] proved: (nat_eq zero ?ts_ph_Nat_0) => (geq zero ?ts_ph_Nat_0)
10:53:53 [WARN] proved: (geq zero ?ts_ph_Nat_0) => (nat_eq zero ?ts_ph_Nat_0)
10:53:53 [WARN] proved: (geq ?ts_ph_Nat_0 ?ts_ph_Nat_0) => (nat_eq ?ts_ph_Nat_0 ?ts_ph_Nat_0)
10:53:53 [WARN] proved: (nat_eq ?ts_ph_Nat_0 ?ts_ph_Nat_0) => (geq ?ts_ph_Nat_0 ?ts_ph_Nat_0)
10:53:53 [WARN] proved: (ite ?ts_ph_Bool_0 ?ts_ph_pvar0_1 ?ts_ph_pvar0_1) => ?ts_ph_pvar0_1
