13:40:51 [WARN] Collecting statistics
13:40:51 [WARN]  ex is: true
13:40:51 [WARN]  ex is: false
13:40:51 [WARN]  ex is: zero
13:40:51 [WARN]  ex is: (succ zero)
13:40:51 [WARN]  ex is: (succ (succ zero))
13:40:51 [WARN]  ex is: (leaf autovar_Nat_0)
13:40:51 [WARN]  ex is: (node autovar_Nat_1 (leaf autovar_Nat_0) (leaf autovar_Nat_0))
13:40:51 [WARN]  ex is: (node autovar_Nat_2 (node autovar_Nat_1 (leaf autovar_Nat_0) (leaf autovar_Nat_0)) (node autovar_Nat_1 (leaf autovar_Nat_0) (leaf autovar_Nat_0)))
13:40:51 [WARN] Running exploration without proof mode, but goals were given
13:40:51 [WARN] Proof mode: true
13:40:51 [WARN]  ex is: true
13:40:51 [WARN]  ex is: false
13:40:51 [WARN]  ex is: zero
13:40:51 [WARN]  ex is: (succ zero)
13:40:51 [WARN]  ex is: (succ (succ zero))
13:40:51 [WARN]  ex is: (leaf autovar_Nat_0)
13:40:51 [WARN]  ex is: (node autovar_Nat_1 (leaf autovar_Nat_0) (leaf autovar_Nat_0))
13:40:51 [WARN]  ex is: (node autovar_Nat_2 (node autovar_Nat_1 (leaf autovar_Nat_0) (leaf autovar_Nat_0)) (node autovar_Nat_1 (leaf autovar_Nat_0) (leaf autovar_Nat_0)))
13:40:51 [WARN] Running exploration without proof mode, but goals were given
13:40:51 [WARN] Proof mode: true
13:40:51 [WARN] proved: (tf3 ?ts_ph_Tree_0) => ?ts_ph_Tree_0
13:40:51 [WARN] proved: (and ?ts_ph_Bool_0 ?ts_ph_Bool_1) => (and ?ts_ph_Bool_1 ?ts_ph_Bool_0)
13:40:51 [WARN] proved: (and ?ts_ph_Bool_1 ?ts_ph_Bool_0) => (and ?ts_ph_Bool_0 ?ts_ph_Bool_1)
13:40:51 [WARN] proved: (and ?ts_ph_Bool_0 ?ts_ph_Bool_0) => ?ts_ph_Bool_0
13:40:51 [WARN] proved: (lq ?ts_ph_Nat_0 ?ts_ph_Nat_0) => false
13:41:13 [WARN] proved: (lq (succ ?ts_ph_Nat_0) ?ts_ph_Nat_0) => false
13:41:13 [WARN] generalized case_split proof as: (and ?ts_ph_Bool_0 ?ts_ph_Bool_1) -- (and ?ts_ph_Bool_1 (and ?ts_ph_Bool_0 ?ts_ph_Bool_1))
13:41:13 [WARN] proved: (and ?ts_ph_Bool_0 ?ts_ph_Bool_1) => (and ?ts_ph_Bool_1 (and ?ts_ph_Bool_0 ?ts_ph_Bool_1))
13:41:13 [WARN] proved: (and ?ts_ph_Bool_1 (and ?ts_ph_Bool_0 ?ts_ph_Bool_1)) => (and ?ts_ph_Bool_0 ?ts_ph_Bool_1)
13:41:13 [WARN] proved: (lq ?ts_ph_Nat_1 ?ts_ph_Nat_0) => (and (lq ?ts_ph_Nat_1 ?ts_ph_Nat_0) (lq zero ?ts_ph_Nat_0))
13:41:13 [WARN] proved: (and (lq ?ts_ph_Nat_1 ?ts_ph_Nat_0) (lq zero ?ts_ph_Nat_0)) => (lq ?ts_ph_Nat_1 ?ts_ph_Nat_0)
13:41:14 [WARN] proved: (fst_1 (tf1 ?ts_ph_Tree_0)) => (snd_2 (tf5 ?ts_ph_Tree_0))
13:41:14 [WARN] proved: (snd_2 (tf5 ?ts_ph_Tree_0)) => (fst_1 (tf1 ?ts_ph_Tree_0))
13:41:14 [WARN] proved: (lq ?ts_ph_Nat_0 (succ ?ts_ph_Nat_0)) => true
13:41:14 [WARN] proved: (and (lq ?ts_ph_Nat_0 ?ts_ph_Nat_1) (lq ?ts_ph_Nat_1 ?ts_ph_Nat_0)) => false
