09:32:46 [WARN] Collecting statistics
09:32:46 [WARN]  ex is: true
09:32:46 [WARN]  ex is: false
09:32:46 [WARN]  ex is: (flit autovar_Bool_0)
09:32:46 [WARN]  ex is: (fand (flit autovar_Bool_0) (flit autovar_Bool_0))
09:32:46 [WARN]  ex is: (forr (flit autovar_Bool_0) (flit autovar_Bool_0))
09:32:46 [WARN]  ex is: (fnot (flit autovar_Bool_0))
09:32:46 [WARN]  ex is: (fand (fnot (flit autovar_Bool_0)) (fnot (flit autovar_Bool_0)))
09:32:46 [WARN]  ex is: (forr (fnot (flit autovar_Bool_0)) (fnot (flit autovar_Bool_0)))
09:32:46 [WARN]  ex is: (fnot (fnot (flit autovar_Bool_0)))
09:32:46 [WARN]  ex is: (nfneglit autovar_Bool_0)
09:32:46 [WARN]  ex is: (nflit autovar_Bool_1)
09:32:46 [WARN]  ex is: (nfand (nflit autovar_Bool_1) (nflit autovar_Bool_1))
09:32:46 [WARN]  ex is: (nfor (nflit autovar_Bool_1) (nflit autovar_Bool_1))
09:32:46 [WARN]  ex is: (nfand (nfor (nflit autovar_Bool_1) (nflit autovar_Bool_1)) (nfor (nflit autovar_Bool_1) (nflit autovar_Bool_1)))
09:32:46 [WARN]  ex is: (nfor (nfor (nflit autovar_Bool_1) (nflit autovar_Bool_1)) (nfor (nflit autovar_Bool_1) (nflit autovar_Bool_1)))
09:32:46 [WARN] Running exploration without proof mode, but goals were given
09:32:46 [WARN] Proof mode: true
09:32:46 [WARN]  ex is: true
09:32:46 [WARN]  ex is: false
09:32:46 [WARN]  ex is: (flit autovar_Bool_0)
09:32:46 [WARN]  ex is: (fand (flit autovar_Bool_0) (flit autovar_Bool_0))
09:32:46 [WARN]  ex is: (forr (flit autovar_Bool_0) (flit autovar_Bool_0))
09:32:46 [WARN]  ex is: (fnot (flit autovar_Bool_0))
09:32:46 [WARN]  ex is: (fand (fnot (flit autovar_Bool_0)) (fnot (flit autovar_Bool_0)))
09:32:46 [WARN]  ex is: (forr (fnot (flit autovar_Bool_0)) (fnot (flit autovar_Bool_0)))
09:32:46 [WARN]  ex is: (fnot (fnot (flit autovar_Bool_0)))
09:32:46 [WARN]  ex is: (nfneglit autovar_Bool_0)
09:32:46 [WARN]  ex is: (nflit autovar_Bool_1)
09:32:46 [WARN]  ex is: (nfand (nflit autovar_Bool_1) (nflit autovar_Bool_1))
09:32:46 [WARN]  ex is: (nfor (nflit autovar_Bool_1) (nflit autovar_Bool_1))
09:32:46 [WARN]  ex is: (nfand (nfor (nflit autovar_Bool_1) (nflit autovar_Bool_1)) (nfor (nflit autovar_Bool_1) (nflit autovar_Bool_1)))
09:32:46 [WARN]  ex is: (nfor (nfor (nflit autovar_Bool_1) (nflit autovar_Bool_1)) (nfor (nflit autovar_Bool_1) (nflit autovar_Bool_1)))
09:32:46 [WARN] Running exploration without proof mode, but goals were given
09:32:46 [WARN] Proof mode: true
09:32:46 [WARN] proved: (ite ?ts_ph_Bool_0) => (not ?ts_ph_Bool_0)
09:32:46 [WARN] proved: (not ?ts_ph_Bool_0) => (ite ?ts_ph_Bool_0)
09:32:46 [WARN] proved: (or ?ts_ph_Bool_0 ?ts_ph_Bool_1) => (or ?ts_ph_Bool_1 ?ts_ph_Bool_0)
09:32:46 [WARN] proved: (or ?ts_ph_Bool_1 ?ts_ph_Bool_0) => (or ?ts_ph_Bool_0 ?ts_ph_Bool_1)
09:32:46 [WARN] proved: (and ?ts_ph_Bool_0 ?ts_ph_Bool_1) => (and ?ts_ph_Bool_1 ?ts_ph_Bool_0)
09:32:46 [WARN] proved: (and ?ts_ph_Bool_1 ?ts_ph_Bool_0) => (and ?ts_ph_Bool_0 ?ts_ph_Bool_1)
09:32:46 [WARN] proved: (or ?ts_ph_Bool_0 ?ts_ph_Bool_0) => ?ts_ph_Bool_0
09:32:46 [WARN] proved: (and ?ts_ph_Bool_0 ?ts_ph_Bool_0) => ?ts_ph_Bool_0
09:32:46 [WARN] proved: (main ?ts_ph_NnfFormula_0) => (tf5 ?ts_ph_NnfFormula_0)
09:32:46 [WARN] proved: (tf5 ?ts_ph_NnfFormula_0) => (main ?ts_ph_NnfFormula_0)
09:32:46 [WARN] Found all lemmas
