14:07:15 [WARN] Collecting statistics
14:07:15 [WARN]  ex is: true
14:07:15 [WARN]  ex is: false
14:07:15 [WARN]  ex is: null
14:07:15 [WARN]  ex is: zero
14:07:15 [WARN]  ex is: (succ zero)
14:07:15 [WARN]  ex is: (succ (succ zero))
14:07:15 [WARN]  ex is: (nil autovar_Unit_0)
14:07:15 [WARN]  ex is: (node autovar_Nat_0 (nil autovar_Unit_0) (nil autovar_Unit_0))
14:07:15 [WARN]  ex is: (node autovar_Nat_1 (node autovar_Nat_0 (nil autovar_Unit_0) (nil autovar_Unit_0)) (node autovar_Nat_0 (nil autovar_Unit_0) (nil autovar_Unit_0)))
14:07:15 [WARN] Running exploration without proof mode, but goals were given
14:07:15 [WARN] Proof mode: true
14:07:15 [WARN]  ex is: true
14:07:15 [WARN]  ex is: false
14:07:15 [WARN]  ex is: null
14:07:15 [WARN]  ex is: zero
14:07:15 [WARN]  ex is: (succ zero)
14:07:15 [WARN]  ex is: (succ (succ zero))
14:07:15 [WARN]  ex is: (nil autovar_Unit_0)
14:07:15 [WARN]  ex is: (node autovar_Nat_0 (nil autovar_Unit_0) (nil autovar_Unit_0))
14:07:15 [WARN]  ex is: (node autovar_Nat_1 (node autovar_Nat_0 (nil autovar_Unit_0) (nil autovar_Unit_0)) (node autovar_Nat_0 (nil autovar_Unit_0) (nil autovar_Unit_0)))
14:07:15 [WARN] Running exploration without proof mode, but goals were given
14:07:15 [WARN] Proof mode: true
14:07:15 [WARN] proved: (max ?ts_ph_Nat_0 ?ts_ph_Nat_0) => ?ts_ph_Nat_0
14:07:15 [WARN] proved: (max zero ?ts_ph_Nat_0) => ?ts_ph_Nat_0
14:07:15 [WARN] proved: (ite ?ts_ph_Bool_0 ?ts_ph_pvar0_1 ?ts_ph_pvar0_1) => ?ts_ph_pvar0_1
