09:59:47 [WARN] Collecting statistics
09:59:47 [WARN]  ex is: true
09:59:47 [WARN]  ex is: false
09:59:47 [WARN]  ex is: zero
09:59:47 [WARN]  ex is: (succ zero)
09:59:47 [WARN]  ex is: (succ (succ zero))
09:59:47 [WARN]  ex is: (elt autovar_Nat_0)
09:59:47 [WARN]  ex is: (cons autovar_Nat_1 (elt autovar_Nat_0))
09:59:47 [WARN]  ex is: (cons autovar_Nat_2 (cons autovar_Nat_1 (elt autovar_Nat_0)))
09:59:47 [WARN]  ex is: (single autovar_Nat_0)
09:59:47 [WARN]  ex is: (concat (single autovar_Nat_0) (single autovar_Nat_0))
09:59:47 [WARN]  ex is: (concat (concat (single autovar_Nat_0) (single autovar_Nat_0)) (concat (single autovar_Nat_0) (single autovar_Nat_0)))
09:59:47 [WARN] Running exploration without proof mode, but goals were given
09:59:47 [WARN] Proof mode: true
09:59:47 [WARN]  ex is: true
09:59:47 [WARN]  ex is: false
09:59:47 [WARN]  ex is: zero
09:59:47 [WARN]  ex is: (succ zero)
09:59:47 [WARN]  ex is: (succ (succ zero))
09:59:47 [WARN]  ex is: (elt autovar_Nat_0)
09:59:47 [WARN]  ex is: (cons autovar_Nat_1 (elt autovar_Nat_0))
09:59:47 [WARN]  ex is: (cons autovar_Nat_2 (cons autovar_Nat_1 (elt autovar_Nat_0)))
09:59:47 [WARN]  ex is: (single autovar_Nat_0)
09:59:47 [WARN]  ex is: (concat (single autovar_Nat_0) (single autovar_Nat_0))
09:59:47 [WARN]  ex is: (concat (concat (single autovar_Nat_0) (single autovar_Nat_0)) (concat (single autovar_Nat_0) (single autovar_Nat_0)))
09:59:47 [WARN] Running exploration without proof mode, but goals were given
09:59:47 [WARN] Proof mode: true
09:59:47 [WARN] proved: (tf12 ?ts_ph_CList_0) => ?ts_ph_CList_0
09:59:47 [WARN] proved: (and ?ts_ph_Bool_0 ?ts_ph_Bool_1) => (and ?ts_ph_Bool_1 ?ts_ph_Bool_0)
09:59:47 [WARN] proved: (and ?ts_ph_Bool_1 ?ts_ph_Bool_0) => (and ?ts_ph_Bool_0 ?ts_ph_Bool_1)
09:59:47 [WARN] proved: (and ?ts_ph_Bool_0 ?ts_ph_Bool_0) => ?ts_ph_Bool_0
09:59:47 [WARN] proved: (max ?ts_ph_Nat_0 ?ts_ph_Nat_0) => ?ts_ph_Nat_0
09:59:47 [WARN] proved: (max zero ?ts_ph_Nat_0) => ?ts_ph_Nat_0
09:59:47 [WARN] proved: (min zero ?ts_ph_Nat_0) => zero
09:59:47 [WARN] proved: (lq ?ts_ph_Nat_0 ?ts_ph_Nat_0) => false
09:59:47 [WARN] proved: (ite ?ts_ph_Bool_0 ?ts_ph_pvar0_1 ?ts_ph_pvar0_1) => ?ts_ph_pvar0_1
10:02:30 [WARN] proved: (lq ?ts_ph_Nat_0 (succ ?ts_ph_Nat_0)) => true
10:02:30 [WARN] proved: (min (succ zero) ?ts_ph_Nat_0) => (min ?ts_ph_Nat_0 (succ zero))
10:02:30 [WARN] proved: (min ?ts_ph_Nat_0 (succ zero)) => (min (succ zero) ?ts_ph_Nat_0)
10:02:30 [WARN] proved: (max (succ zero) ?ts_ph_Nat_0) => (max ?ts_ph_Nat_0 (succ zero))
10:02:30 [WARN] proved: (max ?ts_ph_Nat_0 (succ zero)) => (max (succ zero) ?ts_ph_Nat_0)
10:02:30 [WARN] generalized case_split proof as: (and ?ts_ph_Bool_0 ?ts_ph_Bool_1) -- (and ?ts_ph_Bool_1 (and ?ts_ph_Bool_0 ?ts_ph_Bool_1))
10:02:30 [WARN] proved: (and ?ts_ph_Bool_0 ?ts_ph_Bool_1) => (and ?ts_ph_Bool_1 (and ?ts_ph_Bool_0 ?ts_ph_Bool_1))
10:02:30 [WARN] proved: (and ?ts_ph_Bool_1 (and ?ts_ph_Bool_0 ?ts_ph_Bool_1)) => (and ?ts_ph_Bool_0 ?ts_ph_Bool_1)
10:02:30 [WARN] generalized case_split proof as: (tf1 ?ts_ph_List_1 (tf1 ?ts_ph_List_2 ?ts_ph_List_0)) -- (tf1 (tf1 ?ts_ph_List_1 ?ts_ph_List_2) ?ts_ph_List_0)
10:02:30 [WARN] proved: (tf1 ?ts_ph_List_1 (tf1 ?ts_ph_List_2 ?ts_ph_List_0)) => (tf1 (tf1 ?ts_ph_List_1 ?ts_ph_List_2) ?ts_ph_List_0)
10:02:30 [WARN] proved: (tf1 (tf1 ?ts_ph_List_1 ?ts_ph_List_2) ?ts_ph_List_0) => (tf1 ?ts_ph_List_1 (tf1 ?ts_ph_List_2 ?ts_ph_List_0))
10:02:31 [WARN] proved: (lq (tf15 ?ts_ph_CList_0) (main_ ?ts_ph_CList_0)) => false
10:02:31 [WARN] proved: (tf15 ?ts_ph_CList_0) => (max (main_ ?ts_ph_CList_0) (tf15 ?ts_ph_CList_0))
10:02:31 [WARN] proved: (max (main_ ?ts_ph_CList_0) (tf15 ?ts_ph_CList_0)) => (tf15 ?ts_ph_CList_0)
10:02:31 [WARN] proved: (main_ ?ts_ph_CList_0) => (min (main_ ?ts_ph_CList_0) (tf15 ?ts_ph_CList_0))
10:02:31 [WARN] proved: (min (main_ ?ts_ph_CList_0) (tf15 ?ts_ph_CList_0)) => (main_ ?ts_ph_CList_0)
10:02:34 [WARN] proved: (min (main ?ts_ph_CList_0) (main_ ?ts_ph_CList_0)) => (min (main ?ts_ph_CList_0) (tf15 ?ts_ph_CList_0))
10:02:34 [WARN] proved: (min (main ?ts_ph_CList_0) (tf15 ?ts_ph_CList_0)) => (min (main ?ts_ph_CList_0) (main_ ?ts_ph_CList_0))
10:02:34 [WARN] proved: (min (tf15 ?ts_ph_CList_0) (main ?ts_ph_CList_0)) => (min (main_ ?ts_ph_CList_0) (main ?ts_ph_CList_0))
10:02:34 [WARN] proved: (min (main_ ?ts_ph_CList_0) (main ?ts_ph_CList_0)) => (min (tf15 ?ts_ph_CList_0) (main ?ts_ph_CList_0))
10:02:34 [WARN] proved: (lq (main_ ?ts_ph_CList_0) (main ?ts_ph_CList_0)) => (lq (tf15 ?ts_ph_CList_0) (main ?ts_ph_CList_0))
10:02:34 [WARN] proved: (lq (tf15 ?ts_ph_CList_0) (main ?ts_ph_CList_0)) => (lq (main_ ?ts_ph_CList_0) (main ?ts_ph_CList_0))
10:02:35 [WARN] proved: (ite (and ?ts_ph_Bool_0 ?ts_ph_Bool_1) ?ts_ph_pvar0_0 ?ts_ph_pvar0_1) => (ite
  ?ts_ph_Bool_1
  (ite ?ts_ph_Bool_0 ?ts_ph_pvar0_0 ?ts_ph_pvar0_1)
  ?ts_ph_pvar0_1)
10:02:35 [WARN] proved: (ite
  ?ts_ph_Bool_1
  (ite ?ts_ph_Bool_0 ?ts_ph_pvar0_0 ?ts_ph_pvar0_1)
  ?ts_ph_pvar0_1) => (ite (and ?ts_ph_Bool_0 ?ts_ph_Bool_1) ?ts_ph_pvar0_0 ?ts_ph_pvar0_1)
10:02:38 [WARN] Stopped case split due to node limit
10:02:40 [WARN] Stopped case split due to node limit
10:02:42 [WARN] Stopped case split due to node limit
10:02:45 [WARN] Stopped case split due to node limit
