13:24:50 [WARN] Collecting statistics
13:24:50 [WARN]  ex is: true
13:24:50 [WARN]  ex is: false
13:24:50 [WARN]  ex is: zero
13:24:50 [WARN]  ex is: (succ zero)
13:24:50 [WARN]  ex is: (succ (succ zero))
13:24:50 [WARN]  ex is: (elt autovar_Nat_0)
13:24:50 [WARN]  ex is: (cons autovar_Nat_1 (elt autovar_Nat_0))
13:24:50 [WARN]  ex is: (cons autovar_Nat_2 (cons autovar_Nat_1 (elt autovar_Nat_0)))
13:24:50 [WARN]  ex is: (sglt autovar_Nat_0)
13:24:50 [WARN]  ex is: (cat (sglt autovar_Nat_0) autovar_Nat_1 (sglt autovar_Nat_0))
13:24:50 [WARN]  ex is: (cat (cat (sglt autovar_Nat_0) autovar_Nat_1 (sglt autovar_Nat_0)) autovar_Nat_2 (cat (sglt autovar_Nat_0) autovar_Nat_1 (sglt autovar_Nat_0)))
13:24:50 [WARN] Running exploration without proof mode, but goals were given
13:24:50 [WARN] Proof mode: true
13:24:50 [WARN]  ex is: true
13:24:50 [WARN]  ex is: false
13:24:50 [WARN]  ex is: zero
13:24:50 [WARN]  ex is: (succ zero)
13:24:50 [WARN]  ex is: (succ (succ zero))
13:24:50 [WARN]  ex is: (elt autovar_Nat_0)
13:24:50 [WARN]  ex is: (cons autovar_Nat_1 (elt autovar_Nat_0))
13:24:50 [WARN]  ex is: (cons autovar_Nat_2 (cons autovar_Nat_1 (elt autovar_Nat_0)))
13:24:50 [WARN]  ex is: (sglt autovar_Nat_0)
13:24:50 [WARN]  ex is: (cat (sglt autovar_Nat_0) autovar_Nat_1 (sglt autovar_Nat_0))
13:24:50 [WARN]  ex is: (cat (cat (sglt autovar_Nat_0) autovar_Nat_1 (sglt autovar_Nat_0)) autovar_Nat_2 (cat (sglt autovar_Nat_0) autovar_Nat_1 (sglt autovar_Nat_0)))
13:24:50 [WARN] Running exploration without proof mode, but goals were given
13:24:50 [WARN] Proof mode: true
13:24:51 [WARN] proved: (and ?ts_ph_Bool_0 ?ts_ph_Bool_1) => (and ?ts_ph_Bool_1 ?ts_ph_Bool_0)
13:24:51 [WARN] proved: (and ?ts_ph_Bool_1 ?ts_ph_Bool_0) => (and ?ts_ph_Bool_0 ?ts_ph_Bool_1)
13:24:51 [WARN] proved: (or ?ts_ph_Bool_0 ?ts_ph_Bool_1) => (or ?ts_ph_Bool_1 ?ts_ph_Bool_0)
13:24:51 [WARN] proved: (or ?ts_ph_Bool_1 ?ts_ph_Bool_0) => (or ?ts_ph_Bool_0 ?ts_ph_Bool_1)
13:24:51 [WARN] proved: (plus ?ts_ph_Nat_0 zero) => ?ts_ph_Nat_0
13:24:51 [WARN] proved: (max ?ts_ph_Nat_0 ?ts_ph_Nat_0) => ?ts_ph_Nat_0
13:24:51 [WARN] proved: (max ?ts_ph_Nat_0 zero) => ?ts_ph_Nat_0
13:24:51 [WARN] proved: (and ?ts_ph_Bool_0 ?ts_ph_Bool_0) => ?ts_ph_Bool_0
13:24:51 [WARN] proved: (or ?ts_ph_Bool_0 ?ts_ph_Bool_0) => ?ts_ph_Bool_0
13:24:51 [WARN] proved: (gq ?ts_ph_Nat_0 ?ts_ph_Nat_0) => false
13:24:51 [WARN] proved: (lq ?ts_ph_Nat_0 ?ts_ph_Nat_0) => false
13:24:51 [WARN] proved: (times ?ts_ph_Nat_0 zero) => zero
13:24:51 [WARN] proved: (nat_eq ?ts_ph_Nat_0 zero) => (geq zero ?ts_ph_Nat_0)
13:24:51 [WARN] proved: (geq zero ?ts_ph_Nat_0) => (nat_eq ?ts_ph_Nat_0 zero)
13:24:51 [WARN] proved: (nat_eq zero ?ts_ph_Nat_0) => (geq zero ?ts_ph_Nat_0)
13:24:51 [WARN] proved: (geq zero ?ts_ph_Nat_0) => (nat_eq zero ?ts_ph_Nat_0)
13:24:51 [WARN] proved: (lq zero ?ts_ph_Nat_0) => (gq ?ts_ph_Nat_0 zero)
13:24:51 [WARN] proved: (gq ?ts_ph_Nat_0 zero) => (lq zero ?ts_ph_Nat_0)
13:24:52 [WARN] proved: (nat_eq ?ts_ph_Nat_0 ?ts_ph_Nat_0) => (geq ?ts_ph_Nat_0 ?ts_ph_Nat_0)
13:24:52 [WARN] proved: (geq ?ts_ph_Nat_0 ?ts_ph_Nat_0) => (nat_eq ?ts_ph_Nat_0 ?ts_ph_Nat_0)
13:24:52 [WARN] proved: (ite ?ts_ph_Bool_0 ?ts_ph_pvar0_1 ?ts_ph_pvar0_1) => ?ts_ph_pvar0_1
13:24:52 [WARN] proved: (lq ?ts_ph_Nat_1 ?ts_ph_Nat_0) => (gq ?ts_ph_Nat_0 ?ts_ph_Nat_1)
13:24:52 [WARN] proved: (gq ?ts_ph_Nat_0 ?ts_ph_Nat_1) => (lq ?ts_ph_Nat_1 ?ts_ph_Nat_0)
13:24:52 [WARN] proved: (geq ?ts_ph_Nat_0 ?ts_ph_Nat_0) => true
