10:38:52 [WARN] Collecting statistics
10:38:52 [WARN]  ex is: true
10:38:52 [WARN]  ex is: false
10:38:52 [WARN]  ex is: zero
10:38:52 [WARN]  ex is: (succ zero)
10:38:52 [WARN]  ex is: (succ (succ zero))
10:38:52 [WARN]  ex is: (elt autovar_Nat_0)
10:38:52 [WARN]  ex is: (cons autovar_Nat_1 (elt autovar_Nat_0))
10:38:52 [WARN]  ex is: (cons autovar_Nat_2 (cons autovar_Nat_1 (elt autovar_Nat_0)))
10:38:52 [WARN]  ex is: (single autovar_Nat_0)
10:38:52 [WARN]  ex is: (concat (single autovar_Nat_0) (single autovar_Nat_0))
10:38:52 [WARN]  ex is: (concat (concat (single autovar_Nat_0) (single autovar_Nat_0)) (concat (single autovar_Nat_0) (single autovar_Nat_0)))
10:38:52 [WARN] Running exploration without proof mode, but goals were given
10:38:52 [WARN] Proof mode: true
10:38:52 [WARN]  ex is: true
10:38:52 [WARN]  ex is: false
10:38:52 [WARN]  ex is: zero
10:38:52 [WARN]  ex is: (succ zero)
10:38:52 [WARN]  ex is: (succ (succ zero))
10:38:52 [WARN]  ex is: (elt autovar_Nat_0)
10:38:52 [WARN]  ex is: (cons autovar_Nat_1 (elt autovar_Nat_0))
10:38:52 [WARN]  ex is: (cons autovar_Nat_2 (cons autovar_Nat_1 (elt autovar_Nat_0)))
10:38:52 [WARN]  ex is: (single autovar_Nat_0)
10:38:52 [WARN]  ex is: (concat (single autovar_Nat_0) (single autovar_Nat_0))
10:38:52 [WARN]  ex is: (concat (concat (single autovar_Nat_0) (single autovar_Nat_0)) (concat (single autovar_Nat_0) (single autovar_Nat_0)))
10:38:52 [WARN] Running exploration without proof mode, but goals were given
10:38:52 [WARN] Proof mode: true
10:38:52 [WARN] proved: (max ?ts_ph_Nat_0 ?ts_ph_Nat_0) => ?ts_ph_Nat_0
10:38:52 [WARN] proved: (max ?ts_ph_Nat_0 zero) => ?ts_ph_Nat_0
10:38:52 [WARN] proved: (ite ?ts_ph_Bool_0 ?ts_ph_pvar0_1 ?ts_ph_pvar0_1) => ?ts_ph_pvar0_1
10:38:52 [WARN] proved: (gq ?ts_ph_Nat_0 ?ts_ph_Nat_0) => false
10:39:19 [WARN] proved: (gq ?ts_ph_Nat_0 (succ ?ts_ph_Nat_0)) => false
10:39:19 [WARN] proved: (gq (succ ?ts_ph_Nat_0) ?ts_ph_Nat_0) => true
10:39:19 [WARN] proved: (max (succ zero) ?ts_ph_Nat_0) => (max ?ts_ph_Nat_0 (succ zero))
10:39:19 [WARN] proved: (max ?ts_ph_Nat_0 (succ zero)) => (max (succ zero) ?ts_ph_Nat_0)
10:39:19 [WARN] proved: (ite
  ?ts_ph_Bool_1
  (ite ?ts_ph_Bool_0 ?ts_ph_pvar0_1 ?ts_ph_pvar0_0)
  ?ts_ph_pvar0_1) => (ite
  ?ts_ph_Bool_0
  ?ts_ph_pvar0_1
  (ite ?ts_ph_Bool_1 ?ts_ph_pvar0_0 ?ts_ph_pvar0_1))
10:39:19 [WARN] proved: (ite
  ?ts_ph_Bool_0
  ?ts_ph_pvar0_1
  (ite ?ts_ph_Bool_1 ?ts_ph_pvar0_0 ?ts_ph_pvar0_1)) => (ite
  ?ts_ph_Bool_1
  (ite ?ts_ph_Bool_0 ?ts_ph_pvar0_1 ?ts_ph_pvar0_0)
  ?ts_ph_pvar0_1)
10:39:19 [WARN] proved: (ite
  ?ts_ph_Bool_0
  ?ts_ph_pvar0_1
  (ite ?ts_ph_Bool_1 ?ts_ph_pvar0_1 ?ts_ph_pvar0_0)) => (ite
  ?ts_ph_Bool_1
  ?ts_ph_pvar0_1
  (ite ?ts_ph_Bool_0 ?ts_ph_pvar0_1 ?ts_ph_pvar0_0))
10:39:19 [WARN] proved: (ite
  ?ts_ph_Bool_1
  ?ts_ph_pvar0_1
  (ite ?ts_ph_Bool_0 ?ts_ph_pvar0_1 ?ts_ph_pvar0_0)) => (ite
  ?ts_ph_Bool_0
  ?ts_ph_pvar0_1
  (ite ?ts_ph_Bool_1 ?ts_ph_pvar0_1 ?ts_ph_pvar0_0))
10:39:19 [WARN] proved: (ite
  ?ts_ph_Bool_0
  (ite ?ts_ph_Bool_1 ?ts_ph_pvar0_0 ?ts_ph_pvar0_1)
  ?ts_ph_pvar0_1) => (ite
  ?ts_ph_Bool_1
  (ite ?ts_ph_Bool_0 ?ts_ph_pvar0_0 ?ts_ph_pvar0_1)
  ?ts_ph_pvar0_1)
10:39:19 [WARN] proved: (ite
  ?ts_ph_Bool_1
  (ite ?ts_ph_Bool_0 ?ts_ph_pvar0_0 ?ts_ph_pvar0_1)
  ?ts_ph_pvar0_1) => (ite
  ?ts_ph_Bool_0
  (ite ?ts_ph_Bool_1 ?ts_ph_pvar0_0 ?ts_ph_pvar0_1)
  ?ts_ph_pvar0_1)
10:39:19 [WARN] proved: (ite
  ?ts_ph_Bool_0
  ?ts_ph_pvar0_1
  (ite ?ts_ph_Bool_0 ?ts_ph_pvar0_0 ?ts_ph_pvar0_1)) => ?ts_ph_pvar0_1
10:39:19 [WARN] proved: (ite
  ?ts_ph_Bool_0
  (ite ?ts_ph_Bool_0 ?ts_ph_pvar0_0 ?ts_ph_pvar0_1)
  ?ts_ph_pvar0_1) => (ite ?ts_ph_Bool_0 ?ts_ph_pvar0_0 ?ts_ph_pvar0_1)
10:39:19 [WARN] proved: (ite ?ts_ph_Bool_0 ?ts_ph_pvar0_0 ?ts_ph_pvar0_1) => (ite
  ?ts_ph_Bool_0
  (ite ?ts_ph_Bool_0 ?ts_ph_pvar0_0 ?ts_ph_pvar0_1)
  ?ts_ph_pvar0_1)
10:39:19 [WARN] proved: (ite ?ts_ph_Bool_0 ?ts_ph_pvar0_1 ?ts_ph_pvar0_0) => (ite
  ?ts_ph_Bool_0
  ?ts_ph_pvar0_1
  (ite ?ts_ph_Bool_0 ?ts_ph_pvar0_1 ?ts_ph_pvar0_0))
10:39:19 [WARN] proved: (ite
  ?ts_ph_Bool_0
  ?ts_ph_pvar0_1
  (ite ?ts_ph_Bool_0 ?ts_ph_pvar0_1 ?ts_ph_pvar0_0)) => (ite ?ts_ph_Bool_0 ?ts_ph_pvar0_1 ?ts_ph_pvar0_0)
10:39:19 [WARN] proved: (ite
  ?ts_ph_Bool_0
  (ite ?ts_ph_Bool_0 ?ts_ph_pvar0_1 ?ts_ph_pvar0_0)
  (ite ?ts_ph_Bool_1 ?ts_ph_pvar0_0 ?ts_ph_pvar0_1)) => (ite
  ?ts_ph_Bool_0
  ?ts_ph_pvar0_1
  (ite ?ts_ph_Bool_1 ?ts_ph_pvar0_0 ?ts_ph_pvar0_1))
10:39:19 [WARN] proved: (ite
  ?ts_ph_Bool_0
  ?ts_ph_pvar0_1
  (ite ?ts_ph_Bool_1 ?ts_ph_pvar0_0 ?ts_ph_pvar0_1)) => (ite
  ?ts_ph_Bool_0
  (ite ?ts_ph_Bool_0 ?ts_ph_pvar0_1 ?ts_ph_pvar0_0)
  (ite ?ts_ph_Bool_1 ?ts_ph_pvar0_0 ?ts_ph_pvar0_1))
10:39:19 [WARN] proved: (ite
  ?ts_ph_Bool_0
  (ite ?ts_ph_Bool_0 ?ts_ph_pvar0_1 ?ts_ph_pvar0_0)
  (ite ?ts_ph_Bool_1 ?ts_ph_pvar0_1 ?ts_ph_pvar0_0)) => (ite
  ?ts_ph_Bool_1
  ?ts_ph_pvar0_1
  (ite ?ts_ph_Bool_0 ?ts_ph_pvar0_1 ?ts_ph_pvar0_0))
10:39:19 [WARN] proved: (ite
  ?ts_ph_Bool_1
  ?ts_ph_pvar0_1
  (ite ?ts_ph_Bool_0 ?ts_ph_pvar0_1 ?ts_ph_pvar0_0)) => (ite
  ?ts_ph_Bool_0
  (ite ?ts_ph_Bool_0 ?ts_ph_pvar0_1 ?ts_ph_pvar0_0)
  (ite ?ts_ph_Bool_1 ?ts_ph_pvar0_1 ?ts_ph_pvar0_0))
10:39:19 [WARN] proved: (ite
  ?ts_ph_Bool_1
  (ite ?ts_ph_Bool_0 ?ts_ph_pvar0_0 ?ts_ph_pvar0_1)
  ?ts_ph_pvar0_1) => (ite
  ?ts_ph_Bool_0
  (ite ?ts_ph_Bool_1 ?ts_ph_pvar0_0 ?ts_ph_pvar0_1)
  (ite ?ts_ph_Bool_0 ?ts_ph_pvar0_0 ?ts_ph_pvar0_1))
10:39:19 [WARN] proved: (ite
  ?ts_ph_Bool_0
  (ite ?ts_ph_Bool_1 ?ts_ph_pvar0_0 ?ts_ph_pvar0_1)
  (ite ?ts_ph_Bool_0 ?ts_ph_pvar0_0 ?ts_ph_pvar0_1)) => (ite
  ?ts_ph_Bool_1
  (ite ?ts_ph_Bool_0 ?ts_ph_pvar0_0 ?ts_ph_pvar0_1)
  ?ts_ph_pvar0_1)
10:39:20 [WARN] generalized case_split proof as: (ite ?ts_ph_Bool_1 (ite ?ts_ph_Bool_0 ?ts_ph_pvar0_0 ?ts_ph_pvar0_1) (ite ?ts_ph_Bool_0 ?ts_ph_pvar0_1 ?ts_ph_pvar0_0)) -- (ite ?ts_ph_Bool_0 (ite ?ts_ph_Bool_1 ?ts_ph_pvar0_0 ?ts_ph_pvar0_1) (ite ?ts_ph_Bool_1 ?ts_ph_pvar0_1 ?ts_ph_pvar0_0))
10:39:20 [WARN] proved: (ite
  ?ts_ph_Bool_1
  (ite ?ts_ph_Bool_0 ?ts_ph_pvar0_0 ?ts_ph_pvar0_1)
  (ite ?ts_ph_Bool_0 ?ts_ph_pvar0_1 ?ts_ph_pvar0_0)) => (ite
  ?ts_ph_Bool_0
  (ite ?ts_ph_Bool_1 ?ts_ph_pvar0_0 ?ts_ph_pvar0_1)
  (ite ?ts_ph_Bool_1 ?ts_ph_pvar0_1 ?ts_ph_pvar0_0))
10:39:20 [WARN] proved: (ite
  ?ts_ph_Bool_0
  (ite ?ts_ph_Bool_1 ?ts_ph_pvar0_0 ?ts_ph_pvar0_1)
  (ite ?ts_ph_Bool_1 ?ts_ph_pvar0_1 ?ts_ph_pvar0_0)) => (ite
  ?ts_ph_Bool_1
  (ite ?ts_ph_Bool_0 ?ts_ph_pvar0_0 ?ts_ph_pvar0_1)
  (ite ?ts_ph_Bool_0 ?ts_ph_pvar0_1 ?ts_ph_pvar0_0))
10:39:48 [WARN] proved: (tf3 ?ts_ph_List_1 (tf3 ?ts_ph_List_2 ?ts_ph_List_0)) => (tf3 (tf3 ?ts_ph_List_1 ?ts_ph_List_2) ?ts_ph_List_0)
10:39:48 [WARN] proved: (tf3 (tf3 ?ts_ph_List_1 ?ts_ph_List_2) ?ts_ph_List_0) => (tf3 ?ts_ph_List_1 (tf3 ?ts_ph_List_2 ?ts_ph_List_0))
