14:15:15 [WARN] Collecting statistics
14:15:15 [WARN]  ex is: true
14:15:15 [WARN]  ex is: false
14:15:15 [WARN]  ex is: zero
14:15:15 [WARN]  ex is: (succ zero)
14:15:15 [WARN]  ex is: (succ (succ zero))
14:15:15 [WARN]  ex is: (elt autovar_Nat_0)
14:15:15 [WARN]  ex is: (cons autovar_Nat_1 (elt autovar_Nat_0))
14:15:15 [WARN]  ex is: (cons autovar_Nat_2 (cons autovar_Nat_1 (elt autovar_Nat_0)))
14:15:15 [WARN]  ex is: (ielt autovar_Nat_0)
14:15:15 [WARN]  ex is: (icons autovar_Nat_1 autovar_Nat_2 (ielt autovar_Nat_0))
14:15:15 [WARN]  ex is: (icons autovar_Nat_3 autovar_Nat_4 (icons autovar_Nat_1 autovar_Nat_2 (ielt autovar_Nat_0)))
14:15:15 [WARN] Running exploration without proof mode, but goals were given
14:15:15 [WARN] Proof mode: true
14:15:15 [WARN]  ex is: true
14:15:15 [WARN]  ex is: false
14:15:15 [WARN]  ex is: zero
14:15:15 [WARN]  ex is: (succ zero)
14:15:15 [WARN]  ex is: (succ (succ zero))
14:15:15 [WARN]  ex is: (elt autovar_Nat_0)
14:15:15 [WARN]  ex is: (cons autovar_Nat_1 (elt autovar_Nat_0))
14:15:15 [WARN]  ex is: (cons autovar_Nat_2 (cons autovar_Nat_1 (elt autovar_Nat_0)))
14:15:15 [WARN]  ex is: (ielt autovar_Nat_0)
14:15:15 [WARN]  ex is: (icons autovar_Nat_1 autovar_Nat_2 (ielt autovar_Nat_0))
14:15:15 [WARN]  ex is: (icons autovar_Nat_3 autovar_Nat_4 (icons autovar_Nat_1 autovar_Nat_2 (ielt autovar_Nat_0)))
14:15:15 [WARN] Running exploration without proof mode, but goals were given
14:15:15 [WARN] Proof mode: true
14:15:15 [WARN] proved: (and ?ts_ph_Bool_0 ?ts_ph_Bool_1) => (and ?ts_ph_Bool_1 ?ts_ph_Bool_0)
14:15:15 [WARN] proved: (and ?ts_ph_Bool_1 ?ts_ph_Bool_0) => (and ?ts_ph_Bool_0 ?ts_ph_Bool_1)
14:15:15 [WARN] proved: (and ?ts_ph_Bool_0 ?ts_ph_Bool_0) => ?ts_ph_Bool_0
14:15:15 [WARN] proved: (max zero ?ts_ph_Nat_0) => ?ts_ph_Nat_0
14:15:15 [WARN] proved: (max ?ts_ph_Nat_0 ?ts_ph_Nat_0) => ?ts_ph_Nat_0
14:15:15 [WARN] proved: (gq ?ts_ph_Nat_0 ?ts_ph_Nat_0) => false
14:15:15 [WARN] proved: (max zero ?ts_ph_Nat_0) => (plus ?ts_ph_Nat_0 zero)
14:15:15 [WARN] proved: (plus ?ts_ph_Nat_0 zero) => (max zero ?ts_ph_Nat_0)
14:15:15 [WARN] proved: (lq zero ?ts_ph_Nat_0) => (gq ?ts_ph_Nat_0 zero)
14:15:15 [WARN] proved: (gq ?ts_ph_Nat_0 zero) => (lq zero ?ts_ph_Nat_0)
14:15:15 [WARN] proved: (ite ?ts_ph_Bool_0 ?ts_ph_pvar0_1 ?ts_ph_pvar0_1) => ?ts_ph_pvar0_1
14:15:15 [WARN] proved: (gq ?ts_ph_Nat_0 ?ts_ph_Nat_1) => (lq ?ts_ph_Nat_1 ?ts_ph_Nat_0)
14:15:15 [WARN] proved: (lq ?ts_ph_Nat_1 ?ts_ph_Nat_0) => (gq ?ts_ph_Nat_0 ?ts_ph_Nat_1)
