12:58:50 [WARN] Collecting statistics
12:58:50 [WARN]  ex is: true
12:58:50 [WARN]  ex is: false
12:58:50 [WARN]  ex is: null
12:58:50 [WARN]  ex is: zero
12:58:50 [WARN]  ex is: (succ zero)
12:58:50 [WARN]  ex is: (succ (succ zero))
12:58:50 [WARN]  ex is: (nil autovar_Unit_0)
12:58:50 [WARN]  ex is: (cons autovar_Nat_0 (nil autovar_Unit_0))
12:58:50 [WARN]  ex is: (cons autovar_Nat_1 (cons autovar_Nat_0 (nil autovar_Unit_0)))
12:58:50 [WARN]  ex is: (inil autovar_Unit_0)
12:58:50 [WARN]  ex is: (icons autovar_Nat_0 autovar_Nat_1 (inil autovar_Unit_0))
12:58:50 [WARN]  ex is: (icons autovar_Nat_2 autovar_Nat_3 (icons autovar_Nat_0 autovar_Nat_1 (inil autovar_Unit_0)))
12:58:50 [WARN] Running exploration without proof mode, but goals were given
12:58:50 [WARN] Proof mode: true
12:58:50 [WARN]  ex is: true
12:58:50 [WARN]  ex is: false
12:58:50 [WARN]  ex is: null
12:58:50 [WARN]  ex is: zero
12:58:50 [WARN]  ex is: (succ zero)
12:58:50 [WARN]  ex is: (succ (succ zero))
12:58:50 [WARN]  ex is: (nil autovar_Unit_0)
12:58:50 [WARN]  ex is: (cons autovar_Nat_0 (nil autovar_Unit_0))
12:58:50 [WARN]  ex is: (cons autovar_Nat_1 (cons autovar_Nat_0 (nil autovar_Unit_0)))
12:58:50 [WARN]  ex is: (inil autovar_Unit_0)
12:58:50 [WARN]  ex is: (icons autovar_Nat_0 autovar_Nat_1 (inil autovar_Unit_0))
12:58:50 [WARN]  ex is: (icons autovar_Nat_2 autovar_Nat_3 (icons autovar_Nat_0 autovar_Nat_1 (inil autovar_Unit_0)))
12:58:50 [WARN] Running exploration without proof mode, but goals were given
12:58:50 [WARN] Proof mode: true
12:58:51 [WARN] proved: (max ?ts_ph_Nat_0) => ?ts_ph_Nat_0
12:58:51 [WARN] proved: (inil ?ts_ph_Unit_0) => (inil null)
12:58:51 [WARN] proved: (and ?ts_ph_Bool_0 ?ts_ph_Bool_1) => (and ?ts_ph_Bool_1 ?ts_ph_Bool_0)
12:58:51 [WARN] proved: (and ?ts_ph_Bool_1 ?ts_ph_Bool_0) => (and ?ts_ph_Bool_0 ?ts_ph_Bool_1)
12:58:51 [WARN] proved: (and ?ts_ph_Bool_0 ?ts_ph_Bool_0) => ?ts_ph_Bool_0
12:58:51 [WARN] proved: (plus ?ts_ph_Nat_0 zero) => ?ts_ph_Nat_0
12:58:51 [WARN] proved: (gq ?ts_ph_Nat_0 ?ts_ph_Nat_0) => false
12:58:51 [WARN] proved: (nat_eq ?ts_ph_Nat_0 ?ts_ph_Nat_0) => true
12:58:51 [WARN] proved: (leq ?ts_ph_Nat_0 ?ts_ph_Nat_0) => true
12:58:51 [WARN] proved: (nat_eq ?ts_ph_Nat_0 zero) => (leq ?ts_ph_Nat_0 zero)
12:58:51 [WARN] proved: (leq ?ts_ph_Nat_0 zero) => (nat_eq ?ts_ph_Nat_0 zero)
12:58:51 [WARN] proved: (nat_eq zero ?ts_ph_Nat_0) => (leq ?ts_ph_Nat_0 zero)
12:58:51 [WARN] proved: (leq ?ts_ph_Nat_0 zero) => (nat_eq zero ?ts_ph_Nat_0)
12:58:51 [WARN] proved: (ite ?ts_ph_Bool_0 ?ts_ph_pvar0_1 ?ts_ph_pvar0_1) => ?ts_ph_pvar0_1
