13:32:50 [WARN] Collecting statistics
13:32:50 [WARN]  ex is: true
13:32:50 [WARN]  ex is: false
13:32:50 [WARN]  ex is: zero
13:32:50 [WARN]  ex is: (succ zero)
13:32:50 [WARN]  ex is: (succ (succ zero))
13:32:50 [WARN]  ex is: (ctwo autovar_Nat_0 autovar_Nat_1)
13:32:50 [WARN]  ex is: (concat (ctwo autovar_Nat_0 autovar_Nat_1) (ctwo autovar_Nat_0 autovar_Nat_1))
13:32:50 [WARN]  ex is: (concat (concat (ctwo autovar_Nat_0 autovar_Nat_1) (ctwo autovar_Nat_0 autovar_Nat_1)) (concat (ctwo autovar_Nat_0 autovar_Nat_1) (ctwo autovar_Nat_0 autovar_Nat_1)))
13:32:50 [WARN]  ex is: (two autovar_Nat_0 autovar_Nat_1)
13:32:50 [WARN]  ex is: (cons autovar_Nat_2 (two autovar_Nat_0 autovar_Nat_1))
13:32:50 [WARN]  ex is: (cons autovar_Nat_3 (cons autovar_Nat_2 (two autovar_Nat_0 autovar_Nat_1)))
13:32:50 [WARN] Running exploration without proof mode, but goals were given
13:32:50 [WARN] Proof mode: true
13:32:50 [WARN]  ex is: true
13:32:50 [WARN]  ex is: false
13:32:50 [WARN]  ex is: zero
13:32:50 [WARN]  ex is: (succ zero)
13:32:50 [WARN]  ex is: (succ (succ zero))
13:32:50 [WARN]  ex is: (ctwo autovar_Nat_0 autovar_Nat_1)
13:32:50 [WARN]  ex is: (concat (ctwo autovar_Nat_0 autovar_Nat_1) (ctwo autovar_Nat_0 autovar_Nat_1))
13:32:50 [WARN]  ex is: (concat (concat (ctwo autovar_Nat_0 autovar_Nat_1) (ctwo autovar_Nat_0 autovar_Nat_1)) (concat (ctwo autovar_Nat_0 autovar_Nat_1) (ctwo autovar_Nat_0 autovar_Nat_1)))
13:32:50 [WARN]  ex is: (two autovar_Nat_0 autovar_Nat_1)
13:32:50 [WARN]  ex is: (cons autovar_Nat_2 (two autovar_Nat_0 autovar_Nat_1))
13:32:50 [WARN]  ex is: (cons autovar_Nat_3 (cons autovar_Nat_2 (two autovar_Nat_0 autovar_Nat_1)))
13:32:50 [WARN] Running exploration without proof mode, but goals were given
13:32:50 [WARN] Proof mode: true
13:32:51 [WARN] proved: (tf10 ?ts_ph_CList_0) => ?ts_ph_CList_0
13:32:51 [WARN] proved: (and ?ts_ph_Bool_1 ?ts_ph_Bool_0) => (and ?ts_ph_Bool_0 ?ts_ph_Bool_1)
13:32:51 [WARN] proved: (and ?ts_ph_Bool_0 ?ts_ph_Bool_1) => (and ?ts_ph_Bool_1 ?ts_ph_Bool_0)
13:32:51 [WARN] proved: (min ?ts_ph_Nat_0 ?ts_ph_Nat_0) => ?ts_ph_Nat_0
13:32:51 [WARN] proved: (max zero ?ts_ph_Nat_0) => ?ts_ph_Nat_0
13:32:51 [WARN] proved: (and ?ts_ph_Bool_0 ?ts_ph_Bool_0) => ?ts_ph_Bool_0
13:32:51 [WARN] proved: (min zero ?ts_ph_Nat_0) => zero
13:32:51 [WARN] proved: (gq ?ts_ph_Nat_0 ?ts_ph_Nat_0) => false
13:32:51 [WARN] proved: (gq ?ts_ph_Nat_0 zero) => (lq zero ?ts_ph_Nat_0)
13:32:51 [WARN] proved: (lq zero ?ts_ph_Nat_0) => (gq ?ts_ph_Nat_0 zero)
13:32:51 [WARN] proved: (ite ?ts_ph_Bool_0 ?ts_ph_pvar0_1 ?ts_ph_pvar0_1) => ?ts_ph_pvar0_1
13:32:51 [WARN] proved: (lq ?ts_ph_Nat_1 ?ts_ph_Nat_0) => (gq ?ts_ph_Nat_0 ?ts_ph_Nat_1)
13:32:51 [WARN] proved: (gq ?ts_ph_Nat_0 ?ts_ph_Nat_1) => (lq ?ts_ph_Nat_1 ?ts_ph_Nat_0)
13:32:51 [WARN] proved: (tf7 zero ?ts_ph_List_0) => false
