13:34:50 [WARN] Collecting statistics
13:34:50 [WARN]  ex is: true
13:34:50 [WARN]  ex is: false
13:34:50 [WARN]  ex is: null
13:34:50 [WARN]  ex is: zero
13:34:50 [WARN]  ex is: (succ zero)
13:34:50 [WARN]  ex is: (succ (succ zero))
13:34:50 [WARN]  ex is: (unil autovar_Unit_0)
13:34:50 [WARN]  ex is: (uelt autovar_Nat_0)
13:34:50 [WARN]  ex is: (usplit (uelt autovar_Nat_0) autovar_Nat_1 autovar_Nat_2 (uelt autovar_Nat_0))
13:34:50 [WARN]  ex is: (usplit (usplit (uelt autovar_Nat_0) autovar_Nat_1 autovar_Nat_2 (uelt autovar_Nat_0)) autovar_Nat_3 autovar_Nat_4 (usplit (uelt autovar_Nat_0) autovar_Nat_1 autovar_Nat_2 (uelt autovar_Nat_0)))
13:34:50 [WARN]  ex is: (nil autovar_Unit_0)
13:34:50 [WARN]  ex is: (cons autovar_Nat_0 (nil autovar_Unit_0))
13:34:50 [WARN]  ex is: (cons autovar_Nat_1 (cons autovar_Nat_0 (nil autovar_Unit_0)))
13:34:50 [WARN] Running exploration without proof mode, but goals were given
13:34:50 [WARN] Proof mode: true
13:34:50 [WARN]  ex is: true
13:34:50 [WARN]  ex is: false
13:34:50 [WARN]  ex is: null
13:34:50 [WARN]  ex is: zero
13:34:50 [WARN]  ex is: (succ zero)
13:34:50 [WARN]  ex is: (succ (succ zero))
13:34:50 [WARN]  ex is: (unil autovar_Unit_0)
13:34:50 [WARN]  ex is: (uelt autovar_Nat_0)
13:34:50 [WARN]  ex is: (usplit (uelt autovar_Nat_0) autovar_Nat_1 autovar_Nat_2 (uelt autovar_Nat_0))
13:34:50 [WARN]  ex is: (usplit (usplit (uelt autovar_Nat_0) autovar_Nat_1 autovar_Nat_2 (uelt autovar_Nat_0)) autovar_Nat_3 autovar_Nat_4 (usplit (uelt autovar_Nat_0) autovar_Nat_1 autovar_Nat_2 (uelt autovar_Nat_0)))
13:34:50 [WARN]  ex is: (nil autovar_Unit_0)
13:34:50 [WARN]  ex is: (cons autovar_Nat_0 (nil autovar_Unit_0))
13:34:50 [WARN]  ex is: (cons autovar_Nat_1 (cons autovar_Nat_0 (nil autovar_Unit_0)))
13:34:50 [WARN] Running exploration without proof mode, but goals were given
13:34:50 [WARN] Proof mode: true
13:34:57 [WARN] proved: (and ?ts_ph_Bool_1 ?ts_ph_Bool_0) => (and ?ts_ph_Bool_0 ?ts_ph_Bool_1)
13:34:57 [WARN] proved: (and ?ts_ph_Bool_0 ?ts_ph_Bool_1) => (and ?ts_ph_Bool_1 ?ts_ph_Bool_0)
13:34:57 [WARN] proved: (and ?ts_ph_Bool_0 ?ts_ph_Bool_0) => ?ts_ph_Bool_0
13:34:57 [WARN] proved: (max zero ?ts_ph_Nat_0) => ?ts_ph_Nat_0
13:34:57 [WARN] proved: (max ?ts_ph_Nat_0 ?ts_ph_Nat_0) => ?ts_ph_Nat_0
13:34:57 [WARN] proved: (lq ?ts_ph_Nat_0 ?ts_ph_Nat_0) => false
13:34:57 [WARN] proved: (gq ?ts_ph_Nat_0 ?ts_ph_Nat_0) => false
13:34:57 [WARN] proved: (tf3 zero ?ts_ph_List_0) => false
13:34:57 [WARN] proved: (tf5 zero ?ts_ph_List_0) => false
13:34:58 [WARN] proved: (lq zero ?ts_ph_Nat_0) => (gq ?ts_ph_Nat_0 zero)
13:34:58 [WARN] proved: (gq ?ts_ph_Nat_0 zero) => (lq zero ?ts_ph_Nat_0)
13:34:58 [WARN] proved: (ite ?ts_ph_Bool_0 ?ts_ph_pvar0_1 ?ts_ph_pvar0_1) => ?ts_ph_pvar0_1
