09:32:47 [WARN] Collecting statistics
09:32:47 [WARN]  ex is: true
09:32:47 [WARN]  ex is: false
09:32:47 [WARN]  ex is: zero
09:32:47 [WARN]  ex is: (succ zero)
09:32:47 [WARN]  ex is: (succ (succ zero))
09:32:47 [WARN]  ex is: (uelt autovar_Nat_0)
09:32:47 [WARN]  ex is: (usplit (uelt autovar_Nat_0) autovar_Nat_1 autovar_Nat_2 (uelt autovar_Nat_0))
09:32:47 [WARN]  ex is: (usplit (usplit (uelt autovar_Nat_0) autovar_Nat_1 autovar_Nat_2 (uelt autovar_Nat_0)) autovar_Nat_3 autovar_Nat_4 (usplit (uelt autovar_Nat_0) autovar_Nat_1 autovar_Nat_2 (uelt autovar_Nat_0)))
09:32:47 [WARN]  ex is: (elt autovar_Nat_0)
09:32:47 [WARN]  ex is: (cons autovar_Nat_1 (elt autovar_Nat_0))
09:32:47 [WARN]  ex is: (cons autovar_Nat_2 (cons autovar_Nat_1 (elt autovar_Nat_0)))
09:32:47 [WARN] Running exploration without proof mode, but goals were given
09:32:47 [WARN] Proof mode: true
09:32:47 [WARN]  ex is: true
09:32:47 [WARN]  ex is: false
09:32:47 [WARN]  ex is: zero
09:32:47 [WARN]  ex is: (succ zero)
09:32:47 [WARN]  ex is: (succ (succ zero))
09:32:47 [WARN]  ex is: (uelt autovar_Nat_0)
09:32:47 [WARN]  ex is: (usplit (uelt autovar_Nat_0) autovar_Nat_1 autovar_Nat_2 (uelt autovar_Nat_0))
09:32:47 [WARN]  ex is: (usplit (usplit (uelt autovar_Nat_0) autovar_Nat_1 autovar_Nat_2 (uelt autovar_Nat_0)) autovar_Nat_3 autovar_Nat_4 (usplit (uelt autovar_Nat_0) autovar_Nat_1 autovar_Nat_2 (uelt autovar_Nat_0)))
09:32:47 [WARN]  ex is: (elt autovar_Nat_0)
09:32:47 [WARN]  ex is: (cons autovar_Nat_1 (elt autovar_Nat_0))
09:32:47 [WARN]  ex is: (cons autovar_Nat_2 (cons autovar_Nat_1 (elt autovar_Nat_0)))
09:32:47 [WARN] Running exploration without proof mode, but goals were given
09:32:47 [WARN] Proof mode: true
09:32:52 [WARN] proved: (and ?ts_ph_Bool_1 ?ts_ph_Bool_0) => (and ?ts_ph_Bool_0 ?ts_ph_Bool_1)
09:32:52 [WARN] proved: (and ?ts_ph_Bool_0 ?ts_ph_Bool_1) => (and ?ts_ph_Bool_1 ?ts_ph_Bool_0)
09:32:52 [WARN] proved: (max ?ts_ph_Nat_0 ?ts_ph_Nat_0) => ?ts_ph_Nat_0
09:32:52 [WARN] proved: (max zero ?ts_ph_Nat_0) => ?ts_ph_Nat_0
09:32:52 [WARN] proved: (and ?ts_ph_Bool_0 ?ts_ph_Bool_0) => ?ts_ph_Bool_0
09:32:52 [WARN] proved: (lq ?ts_ph_Nat_0 ?ts_ph_Nat_0) => false
09:32:52 [WARN] proved: (gq ?ts_ph_Nat_0 zero) => (lq zero ?ts_ph_Nat_0)
09:32:52 [WARN] proved: (lq zero ?ts_ph_Nat_0) => (gq ?ts_ph_Nat_0 zero)
09:32:52 [WARN] proved: (ite ?ts_ph_Bool_0 ?ts_ph_pvar0_1 ?ts_ph_pvar0_1) => ?ts_ph_pvar0_1
09:32:52 [WARN] proved: (tf13 ?ts_ph_UList_0) => ?ts_ph_UList_0
09:32:52 [WARN] proved: (gq ?ts_ph_Nat_0 ?ts_ph_Nat_1) => (lq ?ts_ph_Nat_1 ?ts_ph_Nat_0)
09:32:52 [WARN] proved: (lq ?ts_ph_Nat_1 ?ts_ph_Nat_0) => (gq ?ts_ph_Nat_0 ?ts_ph_Nat_1)
09:32:52 [WARN] proved: (tf5 zero ?ts_ph_List_0) => false
