14:17:15 [WARN] Collecting statistics
14:17:15 [WARN]  ex is: true
14:17:15 [WARN]  ex is: false
14:17:15 [WARN]  ex is: zero
14:17:15 [WARN]  ex is: (succ zero)
14:17:15 [WARN]  ex is: (succ (succ zero))
14:17:15 [WARN]  ex is: (leaf autovar_Nat_0)
14:17:15 [WARN]  ex is: (node autovar_Nat_1 (leaf autovar_Nat_0) (leaf autovar_Nat_0))
14:17:15 [WARN]  ex is: (node autovar_Nat_2 (node autovar_Nat_1 (leaf autovar_Nat_0) (leaf autovar_Nat_0)) (node autovar_Nat_1 (leaf autovar_Nat_0) (leaf autovar_Nat_0)))
14:17:15 [WARN] Running exploration without proof mode, but goals were given
14:17:15 [WARN] Proof mode: true
14:17:15 [WARN]  ex is: true
14:17:15 [WARN]  ex is: false
14:17:15 [WARN]  ex is: zero
14:17:15 [WARN]  ex is: (succ zero)
14:17:15 [WARN]  ex is: (succ (succ zero))
14:17:15 [WARN]  ex is: (leaf autovar_Nat_0)
14:17:15 [WARN]  ex is: (node autovar_Nat_1 (leaf autovar_Nat_0) (leaf autovar_Nat_0))
14:17:15 [WARN]  ex is: (node autovar_Nat_2 (node autovar_Nat_1 (leaf autovar_Nat_0) (leaf autovar_Nat_0)) (node autovar_Nat_1 (leaf autovar_Nat_0) (leaf autovar_Nat_0)))
14:17:15 [WARN] Running exploration without proof mode, but goals were given
14:17:15 [WARN] Proof mode: true
14:17:15 [WARN] proved: (and ?ts_ph_Bool_1 ?ts_ph_Bool_0) => (and ?ts_ph_Bool_0 ?ts_ph_Bool_1)
14:17:15 [WARN] proved: (and ?ts_ph_Bool_0 ?ts_ph_Bool_1) => (and ?ts_ph_Bool_1 ?ts_ph_Bool_0)
14:17:15 [WARN] proved: (and ?ts_ph_Bool_0 ?ts_ph_Bool_0) => ?ts_ph_Bool_0
14:17:15 [WARN] proved: (max zero ?ts_ph_Nat_0) => ?ts_ph_Nat_0
14:17:15 [WARN] proved: (min ?ts_ph_Nat_0 ?ts_ph_Nat_0) => ?ts_ph_Nat_0
14:17:15 [WARN] proved: (min zero ?ts_ph_Nat_0) => zero
14:17:15 [WARN] proved: (geq ?ts_ph_Nat_0 ?ts_ph_Nat_0) => true
14:17:15 [WARN] proved: (leq ?ts_ph_Nat_0 ?ts_ph_Nat_0) => (geq ?ts_ph_Nat_0 ?ts_ph_Nat_0)
14:17:15 [WARN] proved: (geq ?ts_ph_Nat_0 ?ts_ph_Nat_0) => (leq ?ts_ph_Nat_0 ?ts_ph_Nat_0)
14:17:15 [WARN] proved: (geq zero ?ts_ph_Nat_0) => (leq ?ts_ph_Nat_0 zero)
14:17:15 [WARN] proved: (leq ?ts_ph_Nat_0 zero) => (geq zero ?ts_ph_Nat_0)
14:17:15 [WARN] proved: (ite ?ts_ph_Bool_0 ?ts_ph_pvar0_1 ?ts_ph_pvar0_1) => ?ts_ph_pvar0_1
14:17:15 [WARN] proved: (tf9 ?ts_ph_Tree_0) => ?ts_ph_Tree_0
14:17:15 [WARN] proved: (leq ?ts_ph_Nat_0 ?ts_ph_Nat_1) => (geq ?ts_ph_Nat_1 ?ts_ph_Nat_0)
14:17:15 [WARN] proved: (geq ?ts_ph_Nat_1 ?ts_ph_Nat_0) => (leq ?ts_ph_Nat_0 ?ts_ph_Nat_1)
14:17:15 [WARN] proved: (lq ?ts_ph_Nat_0 ?ts_ph_Nat_0) => false
