09:44:47 [WARN] Collecting statistics
09:44:47 [WARN]  ex is: true
09:44:47 [WARN]  ex is: false
09:44:47 [WARN]  ex is: zero
09:44:47 [WARN]  ex is: (succ zero)
09:44:47 [WARN]  ex is: (succ (succ zero))
09:44:47 [WARN]  ex is: (elt autovar_Nat_0)
09:44:47 [WARN]  ex is: (cons autovar_Nat_1 (elt autovar_Nat_0))
09:44:47 [WARN]  ex is: (cons autovar_Nat_2 (cons autovar_Nat_1 (elt autovar_Nat_0)))
09:44:47 [WARN]  ex is: (single autovar_Nat_0)
09:44:47 [WARN]  ex is: (concat (single autovar_Nat_0) (single autovar_Nat_0))
09:44:47 [WARN]  ex is: (concat (concat (single autovar_Nat_0) (single autovar_Nat_0)) (concat (single autovar_Nat_0) (single autovar_Nat_0)))
09:44:47 [WARN] Running exploration without proof mode, but goals were given
09:44:47 [WARN] Proof mode: true
09:44:47 [WARN]  ex is: true
09:44:47 [WARN]  ex is: false
09:44:47 [WARN]  ex is: zero
09:44:47 [WARN]  ex is: (succ zero)
09:44:47 [WARN]  ex is: (succ (succ zero))
09:44:47 [WARN]  ex is: (elt autovar_Nat_0)
09:44:47 [WARN]  ex is: (cons autovar_Nat_1 (elt autovar_Nat_0))
09:44:47 [WARN]  ex is: (cons autovar_Nat_2 (cons autovar_Nat_1 (elt autovar_Nat_0)))
09:44:47 [WARN]  ex is: (single autovar_Nat_0)
09:44:47 [WARN]  ex is: (concat (single autovar_Nat_0) (single autovar_Nat_0))
09:44:47 [WARN]  ex is: (concat (concat (single autovar_Nat_0) (single autovar_Nat_0)) (concat (single autovar_Nat_0) (single autovar_Nat_0)))
09:44:47 [WARN] Running exploration without proof mode, but goals were given
09:44:47 [WARN] Proof mode: true
09:44:47 [WARN] proved: (min ?ts_ph_Nat_0 ?ts_ph_Nat_0) => ?ts_ph_Nat_0
09:44:47 [WARN] proved: (min zero ?ts_ph_Nat_0) => zero
09:44:47 [WARN] proved: (min ?ts_ph_Nat_0 ?ts_ph_Nat_0) => (plus ?ts_ph_Nat_0 zero)
09:44:47 [WARN] proved: (plus ?ts_ph_Nat_0 zero) => (min ?ts_ph_Nat_0 ?ts_ph_Nat_0)
09:44:47 [WARN] proved: (nat_eq zero ?ts_ph_Nat_0) => (nat_eq ?ts_ph_Nat_0 zero)
09:44:47 [WARN] proved: (nat_eq ?ts_ph_Nat_0 zero) => (nat_eq zero ?ts_ph_Nat_0)
09:44:47 [WARN] proved: (ite ?ts_ph_Bool_0 ?ts_ph_pvar0_1 ?ts_ph_pvar0_1) => ?ts_ph_pvar0_1
09:44:47 [WARN] proved: (lq ?ts_ph_Nat_0 ?ts_ph_Nat_0) => false
09:44:47 [WARN] proved: (nat_eq ?ts_ph_Nat_0 ?ts_ph_Nat_0) => true
