11:02:52 [WARN] Collecting statistics
11:02:52 [WARN]  ex is: true
11:02:52 [WARN]  ex is: false
11:02:52 [WARN]  ex is: null
11:02:52 [WARN]  ex is: zero
11:02:52 [WARN]  ex is: (succ zero)
11:02:52 [WARN]  ex is: (succ (succ zero))
11:02:52 [WARN]  ex is: (empty autovar_Unit_0)
11:02:52 [WARN]  ex is: (node autovar_Nat_0 (empty autovar_Unit_0) (empty autovar_Unit_0))
11:02:52 [WARN]  ex is: (node autovar_Nat_1 (node autovar_Nat_0 (empty autovar_Unit_0) (empty autovar_Unit_0)) (node autovar_Nat_0 (empty autovar_Unit_0) (empty autovar_Unit_0)))
11:02:52 [WARN]  ex is: (nil autovar_Unit_0)
11:02:52 [WARN]  ex is: (cons autovar_Nat_0 (nil autovar_Unit_0))
11:02:52 [WARN]  ex is: (cons autovar_Nat_1 (cons autovar_Nat_0 (nil autovar_Unit_0)))
11:02:52 [WARN] Running exploration without proof mode, but goals were given
11:02:52 [WARN] Proof mode: true
11:02:52 [WARN]  ex is: true
11:02:52 [WARN]  ex is: false
11:02:52 [WARN]  ex is: null
11:02:52 [WARN]  ex is: zero
11:02:52 [WARN]  ex is: (succ zero)
11:02:52 [WARN]  ex is: (succ (succ zero))
11:02:52 [WARN]  ex is: (empty autovar_Unit_0)
11:02:52 [WARN]  ex is: (node autovar_Nat_0 (empty autovar_Unit_0) (empty autovar_Unit_0))
11:02:52 [WARN]  ex is: (node autovar_Nat_1 (node autovar_Nat_0 (empty autovar_Unit_0) (empty autovar_Unit_0)) (node autovar_Nat_0 (empty autovar_Unit_0) (empty autovar_Unit_0)))
11:02:52 [WARN]  ex is: (nil autovar_Unit_0)
11:02:52 [WARN]  ex is: (cons autovar_Nat_0 (nil autovar_Unit_0))
11:02:52 [WARN]  ex is: (cons autovar_Nat_1 (cons autovar_Nat_0 (nil autovar_Unit_0)))
11:02:52 [WARN] Running exploration without proof mode, but goals were given
11:02:52 [WARN] Proof mode: true
11:02:53 [WARN] proved: (tf9 ?ts_ph_Tree_0) => (main_ ?ts_ph_Tree_0)
11:02:53 [WARN] proved: (main_ ?ts_ph_Tree_0) => (tf9 ?ts_ph_Tree_0)
11:02:53 [WARN] proved: (nil ?ts_ph_Unit_0) => (nil null)
11:02:53 [WARN] proved: (empty ?ts_ph_Unit_0) => (empty null)
11:02:53 [WARN] proved: (plus ?ts_ph_Nat_0 zero) => ?ts_ph_Nat_0
11:02:53 [WARN] proved: (max zero ?ts_ph_Nat_0) => ?ts_ph_Nat_0
11:02:53 [WARN] proved: (max ?ts_ph_Nat_0 ?ts_ph_Nat_0) => ?ts_ph_Nat_0
11:02:53 [WARN] proved: (lq ?ts_ph_Nat_0 ?ts_ph_Nat_0) => false
11:02:53 [WARN] proved: (ite ?ts_ph_Bool_0 ?ts_ph_pvar0_1 ?ts_ph_pvar0_1) => ?ts_ph_pvar0_1
