13:26:50 [WARN] Collecting statistics
13:26:50 [WARN]  ex is: true
13:26:50 [WARN]  ex is: false
13:26:50 [WARN]  ex is: null
13:26:50 [WARN]  ex is: zero
13:26:50 [WARN]  ex is: (succ zero)
13:26:50 [WARN]  ex is: (succ (succ zero))
13:26:50 [WARN]  ex is: (nil autovar_Unit_0)
13:26:50 [WARN]  ex is: (cons autovar_Nat_0 (nil autovar_Unit_0))
13:26:50 [WARN]  ex is: (cons autovar_Nat_1 (cons autovar_Nat_0 (nil autovar_Unit_0)))
13:26:50 [WARN]  ex is: (inil autovar_Unit_0)
13:26:50 [WARN]  ex is: (icons autovar_Nat_0 autovar_Nat_1 (inil autovar_Unit_0))
13:26:50 [WARN]  ex is: (icons autovar_Nat_2 autovar_Nat_3 (icons autovar_Nat_0 autovar_Nat_1 (inil autovar_Unit_0)))
13:26:50 [WARN] Running exploration without proof mode, but goals were given
13:26:50 [WARN] Proof mode: true
13:26:50 [WARN]  ex is: true
13:26:50 [WARN]  ex is: false
13:26:50 [WARN]  ex is: null
13:26:50 [WARN]  ex is: zero
13:26:50 [WARN]  ex is: (succ zero)
13:26:50 [WARN]  ex is: (succ (succ zero))
13:26:50 [WARN]  ex is: (nil autovar_Unit_0)
13:26:50 [WARN]  ex is: (cons autovar_Nat_0 (nil autovar_Unit_0))
13:26:50 [WARN]  ex is: (cons autovar_Nat_1 (cons autovar_Nat_0 (nil autovar_Unit_0)))
13:26:50 [WARN]  ex is: (inil autovar_Unit_0)
13:26:50 [WARN]  ex is: (icons autovar_Nat_0 autovar_Nat_1 (inil autovar_Unit_0))
13:26:50 [WARN]  ex is: (icons autovar_Nat_2 autovar_Nat_3 (icons autovar_Nat_0 autovar_Nat_1 (inil autovar_Unit_0)))
13:26:50 [WARN] Running exploration without proof mode, but goals were given
13:26:50 [WARN] Proof mode: true
13:26:50 [WARN] proved: (nil ?ts_ph_Unit_0) => (nil null)
13:26:50 [WARN] proved: (plus ?ts_ph_Nat_0 zero) => ?ts_ph_Nat_0
