10:29:47 [WARN] Collecting statistics
10:29:47 [WARN]  ex is: true
10:29:47 [WARN]  ex is: false
10:29:47 [WARN]  ex is: (elt autovar_Bool_0)
10:29:47 [WARN]  ex is: (cons autovar_Bool_1 (elt autovar_Bool_0))
10:29:47 [WARN]  ex is: (cons autovar_Bool_2 (cons autovar_Bool_1 (elt autovar_Bool_0)))
10:29:47 [WARN]  ex is: (single autovar_Bool_0)
10:29:47 [WARN]  ex is: (concat (single autovar_Bool_0) (single autovar_Bool_0))
10:29:47 [WARN]  ex is: (concat (concat (single autovar_Bool_0) (single autovar_Bool_0)) (concat (single autovar_Bool_0) (single autovar_Bool_0)))
10:29:47 [WARN] Running exploration without proof mode, but goals were given
10:29:47 [WARN] Proof mode: true
10:29:47 [WARN]  ex is: true
10:29:47 [WARN]  ex is: false
10:29:47 [WARN]  ex is: (elt autovar_Bool_0)
10:29:47 [WARN]  ex is: (cons autovar_Bool_1 (elt autovar_Bool_0))
10:29:47 [WARN]  ex is: (cons autovar_Bool_2 (cons autovar_Bool_1 (elt autovar_Bool_0)))
10:29:47 [WARN]  ex is: (single autovar_Bool_0)
10:29:47 [WARN]  ex is: (concat (single autovar_Bool_0) (single autovar_Bool_0))
10:29:47 [WARN]  ex is: (concat (concat (single autovar_Bool_0) (single autovar_Bool_0)) (concat (single autovar_Bool_0) (single autovar_Bool_0)))
10:29:47 [WARN] Running exploration without proof mode, but goals were given
10:29:47 [WARN] Proof mode: true
10:29:47 [WARN] proved: (and ?ts_ph_Bool_0 ?ts_ph_Bool_1) => (and ?ts_ph_Bool_1 ?ts_ph_Bool_0)
10:29:47 [WARN] proved: (and ?ts_ph_Bool_1 ?ts_ph_Bool_0) => (and ?ts_ph_Bool_0 ?ts_ph_Bool_1)
10:29:47 [WARN] proved: (or ?ts_ph_Bool_1 ?ts_ph_Bool_0) => (or ?ts_ph_Bool_0 ?ts_ph_Bool_1)
10:29:47 [WARN] proved: (or ?ts_ph_Bool_0 ?ts_ph_Bool_1) => (or ?ts_ph_Bool_1 ?ts_ph_Bool_0)
10:29:47 [WARN] proved: (and ?ts_ph_Bool_0 ?ts_ph_Bool_0) => ?ts_ph_Bool_0
10:29:47 [WARN] proved: (or ?ts_ph_Bool_0 ?ts_ph_Bool_0) => ?ts_ph_Bool_0
10:30:36 [WARN] proved: (not (not ?ts_ph_Bool_0)) => ?ts_ph_Bool_0
10:30:36 [WARN] proved: (or ?ts_ph_Bool_0 (not ?ts_ph_Bool_0)) => true
10:30:36 [WARN] proved: (and ?ts_ph_Bool_0 (not ?ts_ph_Bool_0)) => false
10:30:36 [WARN] generalized case_split proof as: (and ?ts_ph_Bool_1 (or ?ts_ph_Bool_0 ?ts_ph_Bool_1)) -- ?ts_ph_Bool_1
10:30:36 [WARN] proved: (and ?ts_ph_Bool_1 (or ?ts_ph_Bool_0 ?ts_ph_Bool_1)) => ?ts_ph_Bool_1
10:30:36 [WARN] generalized case_split proof as: (or ?ts_ph_Bool_1 (and ?ts_ph_Bool_0 ?ts_ph_Bool_1)) -- ?ts_ph_Bool_1
10:30:36 [WARN] proved: (or ?ts_ph_Bool_1 (and ?ts_ph_Bool_0 ?ts_ph_Bool_1)) => ?ts_ph_Bool_1
10:30:36 [WARN] generalized case_split proof as: (and ?ts_ph_Bool_0 ?ts_ph_Bool_1) -- (and ?ts_ph_Bool_1 (and ?ts_ph_Bool_0 ?ts_ph_Bool_1))
10:30:36 [WARN] proved: (and ?ts_ph_Bool_0 ?ts_ph_Bool_1) => (and ?ts_ph_Bool_1 (and ?ts_ph_Bool_0 ?ts_ph_Bool_1))
10:30:36 [WARN] proved: (and ?ts_ph_Bool_1 (and ?ts_ph_Bool_0 ?ts_ph_Bool_1)) => (and ?ts_ph_Bool_0 ?ts_ph_Bool_1)
10:30:36 [WARN] generalized case_split proof as: (or ?ts_ph_Bool_0 ?ts_ph_Bool_1) -- (or ?ts_ph_Bool_1 (or ?ts_ph_Bool_0 ?ts_ph_Bool_1))
10:30:36 [WARN] proved: (or ?ts_ph_Bool_0 ?ts_ph_Bool_1) => (or ?ts_ph_Bool_1 (or ?ts_ph_Bool_0 ?ts_ph_Bool_1))
10:30:36 [WARN] proved: (or ?ts_ph_Bool_1 (or ?ts_ph_Bool_0 ?ts_ph_Bool_1)) => (or ?ts_ph_Bool_0 ?ts_ph_Bool_1)
10:30:36 [WARN] generalized case_split proof as: (tf1 ?ts_ph_List_1 (tf1 ?ts_ph_List_2 ?ts_ph_List_0)) -- (tf1 (tf1 ?ts_ph_List_1 ?ts_ph_List_2) ?ts_ph_List_0)
10:30:36 [WARN] proved: (tf1 ?ts_ph_List_1 (tf1 ?ts_ph_List_2 ?ts_ph_List_0)) => (tf1 (tf1 ?ts_ph_List_1 ?ts_ph_List_2) ?ts_ph_List_0)
10:30:36 [WARN] proved: (tf1 (tf1 ?ts_ph_List_1 ?ts_ph_List_2) ?ts_ph_List_0) => (tf1 ?ts_ph_List_1 (tf1 ?ts_ph_List_2 ?ts_ph_List_0))
10:30:36 [WARN] proved: (and (not ?ts_ph_Bool_0) (not ?ts_ph_Bool_1)) => (not (or ?ts_ph_Bool_0 ?ts_ph_Bool_1))
10:30:36 [WARN] proved: (not (or ?ts_ph_Bool_0 ?ts_ph_Bool_1)) => (and (not ?ts_ph_Bool_0) (not ?ts_ph_Bool_1))
10:30:36 [WARN] proved: (or (not ?ts_ph_Bool_0) (not ?ts_ph_Bool_1)) => (not (and ?ts_ph_Bool_0 ?ts_ph_Bool_1))
10:30:36 [WARN] proved: (not (and ?ts_ph_Bool_0 ?ts_ph_Bool_1)) => (or (not ?ts_ph_Bool_0) (not ?ts_ph_Bool_1))
10:30:37 [WARN] proved: (or (or ?ts_ph_Bool_0 ?ts_ph_Bool_1) (not ?ts_ph_Bool_0)) => true
10:30:37 [WARN] proved: (and (and ?ts_ph_Bool_0 ?ts_ph_Bool_1) (not ?ts_ph_Bool_0)) => false
10:30:37 [WARN] proved: (and ?ts_ph_Bool_1 (not ?ts_ph_Bool_0)) => (and (or ?ts_ph_Bool_0 ?ts_ph_Bool_1) (not ?ts_ph_Bool_0))
10:30:37 [WARN] proved: (and (or ?ts_ph_Bool_0 ?ts_ph_Bool_1) (not ?ts_ph_Bool_0)) => (and ?ts_ph_Bool_1 (not ?ts_ph_Bool_0))
10:30:37 [WARN] proved: (or ?ts_ph_Bool_1 (not ?ts_ph_Bool_0)) => (or (and ?ts_ph_Bool_0 ?ts_ph_Bool_1) (not ?ts_ph_Bool_0))
10:30:37 [WARN] proved: (or (and ?ts_ph_Bool_0 ?ts_ph_Bool_1) (not ?ts_ph_Bool_0)) => (or ?ts_ph_Bool_1 (not ?ts_ph_Bool_0))
10:30:37 [WARN] generalized case_split proof as: (and ?ts_ph_Bool_0 ?ts_ph_Bool_1) -- (and (or ?ts_ph_Bool_0 ?ts_ph_Bool_1) (and ?ts_ph_Bool_0 ?ts_ph_Bool_1))
10:30:37 [WARN] proved: (and ?ts_ph_Bool_0 ?ts_ph_Bool_1) => (and (or ?ts_ph_Bool_0 ?ts_ph_Bool_1) (and ?ts_ph_Bool_0 ?ts_ph_Bool_1))
10:30:37 [WARN] proved: (and (or ?ts_ph_Bool_0 ?ts_ph_Bool_1) (and ?ts_ph_Bool_0 ?ts_ph_Bool_1)) => (and ?ts_ph_Bool_0 ?ts_ph_Bool_1)
