11:05:52 [WARN] Collecting statistics
11:05:52 [WARN]  ex is: true
11:05:52 [WARN]  ex is: false
11:05:52 [WARN]  ex is: zero
11:05:52 [WARN]  ex is: (succ zero)
11:05:52 [WARN]  ex is: (succ (succ zero))
11:05:52 [WARN]  ex is: (elt autovar_Nat_0)
11:05:52 [WARN]  ex is: (cons autovar_Nat_1 (elt autovar_Nat_0))
11:05:52 [WARN]  ex is: (cons autovar_Nat_2 (cons autovar_Nat_1 (elt autovar_Nat_0)))
11:05:52 [WARN]  ex is: (single autovar_Nat_0)
11:05:52 [WARN]  ex is: (concat (single autovar_Nat_0) (single autovar_Nat_0))
11:05:52 [WARN]  ex is: (concat (concat (single autovar_Nat_0) (single autovar_Nat_0)) (concat (single autovar_Nat_0) (single autovar_Nat_0)))
11:05:52 [WARN] Running exploration without proof mode, but goals were given
11:05:52 [WARN] Proof mode: true
11:05:52 [WARN]  ex is: true
11:05:52 [WARN]  ex is: false
11:05:52 [WARN]  ex is: zero
11:05:52 [WARN]  ex is: (succ zero)
11:05:52 [WARN]  ex is: (succ (succ zero))
11:05:52 [WARN]  ex is: (elt autovar_Nat_0)
11:05:52 [WARN]  ex is: (cons autovar_Nat_1 (elt autovar_Nat_0))
11:05:52 [WARN]  ex is: (cons autovar_Nat_2 (cons autovar_Nat_1 (elt autovar_Nat_0)))
11:05:52 [WARN]  ex is: (single autovar_Nat_0)
11:05:52 [WARN]  ex is: (concat (single autovar_Nat_0) (single autovar_Nat_0))
11:05:52 [WARN]  ex is: (concat (concat (single autovar_Nat_0) (single autovar_Nat_0)) (concat (single autovar_Nat_0) (single autovar_Nat_0)))
11:05:52 [WARN] Running exploration without proof mode, but goals were given
11:05:52 [WARN] Proof mode: true
11:05:52 [WARN] proved: (min ?ts_ph_Nat_0 ?ts_ph_Nat_0) => ?ts_ph_Nat_0
11:05:52 [WARN] proved: (min zero ?ts_ph_Nat_0) => zero
11:05:52 [WARN] proved: (ite ?ts_ph_Bool_0 ?ts_ph_pvar0_1 ?ts_ph_pvar0_1) => ?ts_ph_pvar0_1
11:05:52 [WARN] proved: (lq ?ts_ph_Nat_0 ?ts_ph_Nat_0) => false
11:06:19 [WARN] proved: (lq (succ ?ts_ph_Nat_0) ?ts_ph_Nat_0) => false
11:06:19 [WARN] proved: (min (succ zero) ?ts_ph_Nat_0) => (min ?ts_ph_Nat_0 (succ zero))
11:06:19 [WARN] proved: (min ?ts_ph_Nat_0 (succ zero)) => (min (succ zero) ?ts_ph_Nat_0)
11:06:19 [WARN] proved: (ite
  ?ts_ph_Bool_0
  ?ts_ph_pvar0_1
  (ite ?ts_ph_Bool_1 ?ts_ph_pvar0_1 ?ts_ph_pvar0_0)) => (ite
  ?ts_ph_Bool_1
  ?ts_ph_pvar0_1
  (ite ?ts_ph_Bool_0 ?ts_ph_pvar0_1 ?ts_ph_pvar0_0))
11:06:19 [WARN] proved: (ite
  ?ts_ph_Bool_1
  ?ts_ph_pvar0_1
  (ite ?ts_ph_Bool_0 ?ts_ph_pvar0_1 ?ts_ph_pvar0_0)) => (ite
  ?ts_ph_Bool_0
  ?ts_ph_pvar0_1
  (ite ?ts_ph_Bool_1 ?ts_ph_pvar0_1 ?ts_ph_pvar0_0))
11:06:19 [WARN] proved: (ite
  ?ts_ph_Bool_1
  (ite ?ts_ph_Bool_0 ?ts_ph_pvar0_0 ?ts_ph_pvar0_1)
  ?ts_ph_pvar0_1) => (ite
  ?ts_ph_Bool_0
  (ite ?ts_ph_Bool_1 ?ts_ph_pvar0_0 ?ts_ph_pvar0_1)
  ?ts_ph_pvar0_1)
11:06:19 [WARN] proved: (ite
  ?ts_ph_Bool_0
  (ite ?ts_ph_Bool_1 ?ts_ph_pvar0_0 ?ts_ph_pvar0_1)
  ?ts_ph_pvar0_1) => (ite
  ?ts_ph_Bool_1
  (ite ?ts_ph_Bool_0 ?ts_ph_pvar0_0 ?ts_ph_pvar0_1)
  ?ts_ph_pvar0_1)
11:06:19 [WARN] proved: (ite
  ?ts_ph_Bool_0
  ?ts_ph_pvar0_1
  (ite ?ts_ph_Bool_1 ?ts_ph_pvar0_0 ?ts_ph_pvar0_1)) => (ite
  ?ts_ph_Bool_1
  (ite ?ts_ph_Bool_0 ?ts_ph_pvar0_1 ?ts_ph_pvar0_0)
  ?ts_ph_pvar0_1)
11:06:19 [WARN] proved: (ite
  ?ts_ph_Bool_1
  (ite ?ts_ph_Bool_0 ?ts_ph_pvar0_1 ?ts_ph_pvar0_0)
  ?ts_ph_pvar0_1) => (ite
  ?ts_ph_Bool_0
  ?ts_ph_pvar0_1
  (ite ?ts_ph_Bool_1 ?ts_ph_pvar0_0 ?ts_ph_pvar0_1))
11:06:19 [WARN] proved: (ite
  ?ts_ph_Bool_0
  (ite ?ts_ph_Bool_0 ?ts_ph_pvar0_1 ?ts_ph_pvar0_0)
  ?ts_ph_pvar0_1) => ?ts_ph_pvar0_1
11:06:19 [WARN] proved: (ite
  ?ts_ph_Bool_0
  ?ts_ph_pvar0_1
  (ite ?ts_ph_Bool_0 ?ts_ph_pvar0_1 ?ts_ph_pvar0_0)) => (ite ?ts_ph_Bool_0 ?ts_ph_pvar0_1 ?ts_ph_pvar0_0)
11:06:19 [WARN] proved: (ite ?ts_ph_Bool_0 ?ts_ph_pvar0_1 ?ts_ph_pvar0_0) => (ite
  ?ts_ph_Bool_0
  ?ts_ph_pvar0_1
  (ite ?ts_ph_Bool_0 ?ts_ph_pvar0_1 ?ts_ph_pvar0_0))
11:06:19 [WARN] proved: (ite
  ?ts_ph_Bool_0
  (ite ?ts_ph_Bool_0 ?ts_ph_pvar0_0 ?ts_ph_pvar0_1)
  ?ts_ph_pvar0_1) => (ite ?ts_ph_Bool_0 ?ts_ph_pvar0_0 ?ts_ph_pvar0_1)
11:06:19 [WARN] proved: (ite ?ts_ph_Bool_0 ?ts_ph_pvar0_0 ?ts_ph_pvar0_1) => (ite
  ?ts_ph_Bool_0
  (ite ?ts_ph_Bool_0 ?ts_ph_pvar0_0 ?ts_ph_pvar0_1)
  ?ts_ph_pvar0_1)
11:06:19 [WARN] proved: (ite
  ?ts_ph_Bool_1
  ?ts_ph_pvar0_1
  (ite ?ts_ph_Bool_0 ?ts_ph_pvar0_1 ?ts_ph_pvar0_0)) => (ite
  ?ts_ph_Bool_0
  (ite ?ts_ph_Bool_0 ?ts_ph_pvar0_1 ?ts_ph_pvar0_0)
  (ite ?ts_ph_Bool_1 ?ts_ph_pvar0_1 ?ts_ph_pvar0_0))
11:06:19 [WARN] proved: (ite
  ?ts_ph_Bool_0
  (ite ?ts_ph_Bool_0 ?ts_ph_pvar0_1 ?ts_ph_pvar0_0)
  (ite ?ts_ph_Bool_1 ?ts_ph_pvar0_1 ?ts_ph_pvar0_0)) => (ite
  ?ts_ph_Bool_1
  ?ts_ph_pvar0_1
  (ite ?ts_ph_Bool_0 ?ts_ph_pvar0_1 ?ts_ph_pvar0_0))
11:06:19 [WARN] proved: (ite
  ?ts_ph_Bool_0
  (ite ?ts_ph_Bool_1 ?ts_ph_pvar0_0 ?ts_ph_pvar0_1)
  ?ts_ph_pvar0_1) => (ite
  ?ts_ph_Bool_0
  (ite ?ts_ph_Bool_1 ?ts_ph_pvar0_0 ?ts_ph_pvar0_1)
  (ite ?ts_ph_Bool_0 ?ts_ph_pvar0_0 ?ts_ph_pvar0_1))
11:06:19 [WARN] proved: (ite
  ?ts_ph_Bool_0
  (ite ?ts_ph_Bool_1 ?ts_ph_pvar0_0 ?ts_ph_pvar0_1)
  (ite ?ts_ph_Bool_0 ?ts_ph_pvar0_0 ?ts_ph_pvar0_1)) => (ite
  ?ts_ph_Bool_0
  (ite ?ts_ph_Bool_1 ?ts_ph_pvar0_0 ?ts_ph_pvar0_1)
  ?ts_ph_pvar0_1)
11:06:19 [WARN] proved: (ite
  ?ts_ph_Bool_0
  (ite ?ts_ph_Bool_0 ?ts_ph_pvar0_1 ?ts_ph_pvar0_0)
  (ite ?ts_ph_Bool_1 ?ts_ph_pvar0_0 ?ts_ph_pvar0_1)) => (ite
  ?ts_ph_Bool_1
  (ite ?ts_ph_Bool_0 ?ts_ph_pvar0_1 ?ts_ph_pvar0_0)
  ?ts_ph_pvar0_1)
11:06:19 [WARN] proved: (ite
  ?ts_ph_Bool_1
  (ite ?ts_ph_Bool_0 ?ts_ph_pvar0_1 ?ts_ph_pvar0_0)
  ?ts_ph_pvar0_1) => (ite
  ?ts_ph_Bool_0
  (ite ?ts_ph_Bool_0 ?ts_ph_pvar0_1 ?ts_ph_pvar0_0)
  (ite ?ts_ph_Bool_1 ?ts_ph_pvar0_0 ?ts_ph_pvar0_1))
11:06:20 [WARN] generalized case_split proof as: (ite ?ts_ph_Bool_1 (ite ?ts_ph_Bool_0 ?ts_ph_pvar0_1 ?ts_ph_pvar0_0) (ite ?ts_ph_Bool_0 ?ts_ph_pvar0_0 ?ts_ph_pvar0_1)) -- (ite ?ts_ph_Bool_0 (ite ?ts_ph_Bool_1 ?ts_ph_pvar0_1 ?ts_ph_pvar0_0) (ite ?ts_ph_Bool_1 ?ts_ph_pvar0_0 ?ts_ph_pvar0_1))
11:06:20 [WARN] proved: (ite
  ?ts_ph_Bool_1
  (ite ?ts_ph_Bool_0 ?ts_ph_pvar0_1 ?ts_ph_pvar0_0)
  (ite ?ts_ph_Bool_0 ?ts_ph_pvar0_0 ?ts_ph_pvar0_1)) => (ite
  ?ts_ph_Bool_0
  (ite ?ts_ph_Bool_1 ?ts_ph_pvar0_1 ?ts_ph_pvar0_0)
  (ite ?ts_ph_Bool_1 ?ts_ph_pvar0_0 ?ts_ph_pvar0_1))
11:06:20 [WARN] proved: (ite
  ?ts_ph_Bool_0
  (ite ?ts_ph_Bool_1 ?ts_ph_pvar0_1 ?ts_ph_pvar0_0)
  (ite ?ts_ph_Bool_1 ?ts_ph_pvar0_0 ?ts_ph_pvar0_1)) => (ite
  ?ts_ph_Bool_1
  (ite ?ts_ph_Bool_0 ?ts_ph_pvar0_1 ?ts_ph_pvar0_0)
  (ite ?ts_ph_Bool_0 ?ts_ph_pvar0_0 ?ts_ph_pvar0_1))
11:06:49 [WARN] proved: (lq ?ts_ph_Nat_0 (succ ?ts_ph_Nat_0)) => true
