13:16:50 [WARN] Collecting statistics
13:16:50 [WARN]  ex is: true
13:16:50 [WARN]  ex is: false
13:16:50 [WARN]  ex is: zero
13:16:50 [WARN]  ex is: (succ zero)
13:16:50 [WARN]  ex is: (succ (succ zero))
13:16:50 [WARN]  ex is: (elt autovar_Nat_0)
13:16:50 [WARN]  ex is: (cons autovar_Nat_1 (elt autovar_Nat_0))
13:16:50 [WARN]  ex is: (cons autovar_Nat_2 (cons autovar_Nat_1 (elt autovar_Nat_0)))
13:16:50 [WARN]  ex is: (line autovar_List_0)
13:16:50 [WARN]  ex is: (ncons autovar_List_1 (line autovar_List_0))
13:16:50 [WARN]  ex is: (ncons autovar_List_2 (ncons autovar_List_1 (line autovar_List_0)))
13:16:50 [WARN] Running exploration without proof mode, but goals were given
13:16:50 [WARN] Proof mode: true
13:16:50 [WARN]  ex is: true
13:16:50 [WARN]  ex is: false
13:16:50 [WARN]  ex is: zero
13:16:50 [WARN]  ex is: (succ zero)
13:16:50 [WARN]  ex is: (succ (succ zero))
13:16:50 [WARN]  ex is: (elt autovar_Nat_0)
13:16:50 [WARN]  ex is: (cons autovar_Nat_1 (elt autovar_Nat_0))
13:16:50 [WARN]  ex is: (cons autovar_Nat_2 (cons autovar_Nat_1 (elt autovar_Nat_0)))
13:16:50 [WARN]  ex is: (line autovar_List_0)
13:16:50 [WARN]  ex is: (ncons autovar_List_1 (line autovar_List_0))
13:16:50 [WARN]  ex is: (ncons autovar_List_2 (ncons autovar_List_1 (line autovar_List_0)))
13:16:50 [WARN] Running exploration without proof mode, but goals were given
13:16:50 [WARN] Proof mode: true
13:16:51 [WARN] proved: (and ?ts_ph_Bool_1 ?ts_ph_Bool_0) => (and ?ts_ph_Bool_0 ?ts_ph_Bool_1)
13:16:51 [WARN] proved: (and ?ts_ph_Bool_0 ?ts_ph_Bool_1) => (and ?ts_ph_Bool_1 ?ts_ph_Bool_0)
13:16:51 [WARN] proved: (and ?ts_ph_Bool_0 ?ts_ph_Bool_0) => ?ts_ph_Bool_0
13:16:51 [WARN] proved: (min ?ts_ph_Nat_0 ?ts_ph_Nat_0) => ?ts_ph_Nat_0
13:16:51 [WARN] proved: (max ?ts_ph_Nat_0 ?ts_ph_Nat_0) => ?ts_ph_Nat_0
13:16:51 [WARN] proved: (max zero ?ts_ph_Nat_0) => ?ts_ph_Nat_0
13:16:51 [WARN] proved: (min ?ts_ph_Nat_0 zero) => zero
13:16:51 [WARN] proved: (lq ?ts_ph_Nat_0 ?ts_ph_Nat_0) => false
13:16:51 [WARN] proved: (gq ?ts_ph_Nat_0 ?ts_ph_Nat_0) => false
13:16:51 [WARN] proved: (gq ?ts_ph_Nat_0 zero) => (lq zero ?ts_ph_Nat_0)
13:16:51 [WARN] proved: (lq zero ?ts_ph_Nat_0) => (gq ?ts_ph_Nat_0 zero)
13:16:51 [WARN] proved: (ite ?ts_ph_Bool_0 ?ts_ph_pvar0_1 ?ts_ph_pvar0_1) => ?ts_ph_pvar0_1
13:16:51 [WARN] proved: (tf4 ?ts_ph_NList_0) => ?ts_ph_NList_0
13:16:51 [WARN] proved: (gq ?ts_ph_Nat_0 ?ts_ph_Nat_1) => (lq ?ts_ph_Nat_1 ?ts_ph_Nat_0)
13:16:51 [WARN] proved: (lq ?ts_ph_Nat_1 ?ts_ph_Nat_0) => (gq ?ts_ph_Nat_0 ?ts_ph_Nat_1)
13:16:51 [WARN] proved: (leq ?ts_ph_Nat_0 ?ts_ph_Nat_0) => true
