10:38:47 [WARN] Collecting statistics
10:38:47 [WARN]  ex is: true
10:38:47 [WARN]  ex is: false
10:38:47 [WARN]  ex is: zero
10:38:47 [WARN]  ex is: (succ zero)
10:38:47 [WARN]  ex is: (succ (succ zero))
10:38:47 [WARN]  ex is: (elt autovar_Nat_0)
10:38:47 [WARN]  ex is: (cons autovar_Nat_1 (elt autovar_Nat_0))
10:38:47 [WARN]  ex is: (cons autovar_Nat_2 (cons autovar_Nat_1 (elt autovar_Nat_0)))
10:38:47 [WARN]  ex is: (single autovar_Nat_0)
10:38:47 [WARN]  ex is: (concat (single autovar_Nat_0) (single autovar_Nat_0))
10:38:47 [WARN]  ex is: (concat (concat (single autovar_Nat_0) (single autovar_Nat_0)) (concat (single autovar_Nat_0) (single autovar_Nat_0)))
10:38:47 [WARN] Running exploration without proof mode, but goals were given
10:38:47 [WARN] Proof mode: true
10:38:47 [WARN]  ex is: true
10:38:47 [WARN]  ex is: false
10:38:47 [WARN]  ex is: zero
10:38:47 [WARN]  ex is: (succ zero)
10:38:47 [WARN]  ex is: (succ (succ zero))
10:38:47 [WARN]  ex is: (elt autovar_Nat_0)
10:38:47 [WARN]  ex is: (cons autovar_Nat_1 (elt autovar_Nat_0))
10:38:47 [WARN]  ex is: (cons autovar_Nat_2 (cons autovar_Nat_1 (elt autovar_Nat_0)))
10:38:47 [WARN]  ex is: (single autovar_Nat_0)
10:38:47 [WARN]  ex is: (concat (single autovar_Nat_0) (single autovar_Nat_0))
10:38:47 [WARN]  ex is: (concat (concat (single autovar_Nat_0) (single autovar_Nat_0)) (concat (single autovar_Nat_0) (single autovar_Nat_0)))
10:38:47 [WARN] Running exploration without proof mode, but goals were given
10:38:47 [WARN] Proof mode: true
10:38:47 [WARN] proved: (and ?ts_ph_Bool_1 ?ts_ph_Bool_0) => (and ?ts_ph_Bool_0 ?ts_ph_Bool_1)
10:38:47 [WARN] proved: (and ?ts_ph_Bool_0 ?ts_ph_Bool_1) => (and ?ts_ph_Bool_1 ?ts_ph_Bool_0)
10:38:47 [WARN] proved: (and ?ts_ph_Bool_0 ?ts_ph_Bool_0) => ?ts_ph_Bool_0
10:38:47 [WARN] proved: (lq ?ts_ph_Nat_0 ?ts_ph_Nat_0) => false
10:38:51 [WARN] proved: (lq ?ts_ph_Nat_0 (succ ?ts_ph_Nat_0)) => true
10:38:51 [WARN] generalized case_split proof as: (and ?ts_ph_Bool_0 ?ts_ph_Bool_1) -- (and ?ts_ph_Bool_1 (and ?ts_ph_Bool_0 ?ts_ph_Bool_1))
10:38:51 [WARN] proved: (and ?ts_ph_Bool_0 ?ts_ph_Bool_1) => (and ?ts_ph_Bool_1 (and ?ts_ph_Bool_0 ?ts_ph_Bool_1))
10:38:51 [WARN] proved: (and ?ts_ph_Bool_1 (and ?ts_ph_Bool_0 ?ts_ph_Bool_1)) => (and ?ts_ph_Bool_0 ?ts_ph_Bool_1)
10:38:51 [WARN] generalized case_split proof as: (tf1 ?ts_ph_SList_1 (tf1 ?ts_ph_SList_2 ?ts_ph_SList_0)) -- (tf1 (tf1 ?ts_ph_SList_1 ?ts_ph_SList_2) ?ts_ph_SList_0)
10:38:51 [WARN] proved: (tf1 ?ts_ph_SList_1 (tf1 ?ts_ph_SList_2 ?ts_ph_SList_0)) => (tf1 (tf1 ?ts_ph_SList_1 ?ts_ph_SList_2) ?ts_ph_SList_0)
10:38:51 [WARN] proved: (tf1 (tf1 ?ts_ph_SList_1 ?ts_ph_SList_2) ?ts_ph_SList_0) => (tf1 ?ts_ph_SList_1 (tf1 ?ts_ph_SList_2 ?ts_ph_SList_0))
10:38:51 [WARN] proved: (and (lq ?ts_ph_Nat_1 ?ts_ph_Nat_0) (lq zero ?ts_ph_Nat_0)) => (lq ?ts_ph_Nat_1 ?ts_ph_Nat_0)
10:38:51 [WARN] proved: (lq ?ts_ph_Nat_1 ?ts_ph_Nat_0) => (and (lq ?ts_ph_Nat_1 ?ts_ph_Nat_0) (lq zero ?ts_ph_Nat_0))
10:38:52 [WARN] proved: (lq (succ ?ts_ph_Nat_0) ?ts_ph_Nat_0) => false
10:38:52 [WARN] proved: (and (lq ?ts_ph_Nat_1 ?ts_ph_Nat_0) (lq ?ts_ph_Nat_0 ?ts_ph_Nat_1)) => false
