09:50:47 [WARN] Collecting statistics
09:50:47 [WARN]  ex is: true
09:50:47 [WARN]  ex is: false
09:50:47 [WARN]  ex is: null
09:50:47 [WARN]  ex is: zero
09:50:47 [WARN]  ex is: (succ zero)
09:50:47 [WARN]  ex is: (succ (succ zero))
09:50:47 [WARN]  ex is: (cnil autovar_Unit_0)
09:50:47 [WARN]  ex is: (single autovar_Nat_0)
09:50:47 [WARN]  ex is: (concat (single autovar_Nat_0) (single autovar_Nat_0))
09:50:47 [WARN]  ex is: (concat (concat (single autovar_Nat_0) (single autovar_Nat_0)) (concat (single autovar_Nat_0) (single autovar_Nat_0)))
09:50:47 [WARN]  ex is: (nil autovar_Unit_0)
09:50:47 [WARN]  ex is: (cons autovar_Nat_0 (nil autovar_Unit_0))
09:50:47 [WARN]  ex is: (cons autovar_Nat_1 (cons autovar_Nat_0 (nil autovar_Unit_0)))
09:50:47 [WARN] Running exploration without proof mode, but goals were given
09:50:47 [WARN] Proof mode: true
09:50:47 [WARN]  ex is: true
09:50:47 [WARN]  ex is: false
09:50:47 [WARN]  ex is: null
09:50:47 [WARN]  ex is: zero
09:50:47 [WARN]  ex is: (succ zero)
09:50:47 [WARN]  ex is: (succ (succ zero))
09:50:47 [WARN]  ex is: (cnil autovar_Unit_0)
09:50:47 [WARN]  ex is: (single autovar_Nat_0)
09:50:47 [WARN]  ex is: (concat (single autovar_Nat_0) (single autovar_Nat_0))
09:50:47 [WARN]  ex is: (concat (concat (single autovar_Nat_0) (single autovar_Nat_0)) (concat (single autovar_Nat_0) (single autovar_Nat_0)))
09:50:47 [WARN]  ex is: (nil autovar_Unit_0)
09:50:47 [WARN]  ex is: (cons autovar_Nat_0 (nil autovar_Unit_0))
09:50:47 [WARN]  ex is: (cons autovar_Nat_1 (cons autovar_Nat_0 (nil autovar_Unit_0)))
09:50:47 [WARN] Running exploration without proof mode, but goals were given
09:50:47 [WARN] Proof mode: true
09:50:47 [WARN] proved: (cnil ?ts_ph_Unit_0) => (cnil null)
09:50:47 [WARN] proved: (and ?ts_ph_Bool_1 ?ts_ph_Bool_0) => (and ?ts_ph_Bool_0 ?ts_ph_Bool_1)
09:50:47 [WARN] proved: (and ?ts_ph_Bool_0 ?ts_ph_Bool_1) => (and ?ts_ph_Bool_1 ?ts_ph_Bool_0)
09:50:47 [WARN] proved: (max zero ?ts_ph_Nat_0) => ?ts_ph_Nat_0
09:50:47 [WARN] proved: (min ?ts_ph_Nat_0 ?ts_ph_Nat_0) => ?ts_ph_Nat_0
09:50:47 [WARN] proved: (and ?ts_ph_Bool_0 ?ts_ph_Bool_0) => ?ts_ph_Bool_0
09:50:47 [WARN] proved: (min zero ?ts_ph_Nat_0) => zero
09:50:47 [WARN] proved: (gq ?ts_ph_Nat_0 zero) => (lq zero ?ts_ph_Nat_0)
09:50:47 [WARN] proved: (lq zero ?ts_ph_Nat_0) => (gq ?ts_ph_Nat_0 zero)
09:50:47 [WARN] proved: (ite ?ts_ph_Bool_0 ?ts_ph_pvar0_1 ?ts_ph_pvar0_1) => ?ts_ph_pvar0_1
