09:35:47 [WARN] Collecting statistics
09:35:47 [WARN]  ex is: true
09:35:47 [WARN]  ex is: false
09:35:47 [WARN]  ex is: zero
09:35:47 [WARN]  ex is: (succ zero)
09:35:47 [WARN]  ex is: (succ (succ zero))
09:35:47 [WARN]  ex is: (elt autovar_Nat_0)
09:35:47 [WARN]  ex is: (cons autovar_Nat_1 (elt autovar_Nat_0))
09:35:47 [WARN]  ex is: (cons autovar_Nat_2 (cons autovar_Nat_1 (elt autovar_Nat_0)))
09:35:47 [WARN]  ex is: (line autovar_List_0)
09:35:47 [WARN]  ex is: (ncons autovar_List_1 (line autovar_List_0))
09:35:47 [WARN]  ex is: (ncons autovar_List_2 (ncons autovar_List_1 (line autovar_List_0)))
09:35:47 [WARN] Running exploration without proof mode, but goals were given
09:35:47 [WARN] Proof mode: true
09:35:47 [WARN]  ex is: true
09:35:47 [WARN]  ex is: false
09:35:47 [WARN]  ex is: zero
09:35:47 [WARN]  ex is: (succ zero)
09:35:47 [WARN]  ex is: (succ (succ zero))
09:35:47 [WARN]  ex is: (elt autovar_Nat_0)
09:35:47 [WARN]  ex is: (cons autovar_Nat_1 (elt autovar_Nat_0))
09:35:47 [WARN]  ex is: (cons autovar_Nat_2 (cons autovar_Nat_1 (elt autovar_Nat_0)))
09:35:47 [WARN]  ex is: (line autovar_List_0)
09:35:47 [WARN]  ex is: (ncons autovar_List_1 (line autovar_List_0))
09:35:47 [WARN]  ex is: (ncons autovar_List_2 (ncons autovar_List_1 (line autovar_List_0)))
09:35:47 [WARN] Running exploration without proof mode, but goals were given
09:35:47 [WARN] Proof mode: true
09:35:47 [WARN] proved: (tf12 ?ts_ph_NList_0) => ?ts_ph_NList_0
09:35:47 [WARN] proved: (and ?ts_ph_Bool_0 ?ts_ph_Bool_1) => (and ?ts_ph_Bool_1 ?ts_ph_Bool_0)
09:35:47 [WARN] proved: (and ?ts_ph_Bool_1 ?ts_ph_Bool_0) => (and ?ts_ph_Bool_0 ?ts_ph_Bool_1)
09:35:47 [WARN] proved: (and ?ts_ph_Bool_0 ?ts_ph_Bool_0) => ?ts_ph_Bool_0
09:35:47 [WARN] proved: (max ?ts_ph_Nat_0 ?ts_ph_Nat_0) => ?ts_ph_Nat_0
09:35:47 [WARN] proved: (max zero ?ts_ph_Nat_0) => ?ts_ph_Nat_0
09:35:47 [WARN] proved: (min zero ?ts_ph_Nat_0) => zero
09:35:47 [WARN] proved: (leq ?ts_ph_Nat_0 ?ts_ph_Nat_0) => true
09:35:47 [WARN] proved: (geq ?ts_ph_Nat_0 ?ts_ph_Nat_0) => true
09:35:47 [WARN] proved: (tf7 ?ts_ph_NList_0) => (tf5 zero ?ts_ph_NList_0)
09:35:47 [WARN] proved: (tf5 zero ?ts_ph_NList_0) => (tf7 ?ts_ph_NList_0)
09:35:47 [WARN] proved: (geq zero ?ts_ph_Nat_0) => (leq ?ts_ph_Nat_0 zero)
09:35:47 [WARN] proved: (leq ?ts_ph_Nat_0 zero) => (geq zero ?ts_ph_Nat_0)
09:35:47 [WARN] proved: (ite ?ts_ph_Bool_0 ?ts_ph_pvar0_1 ?ts_ph_pvar0_1) => ?ts_ph_pvar0_1
09:35:47 [WARN] proved: (geq ?ts_ph_Nat_1 ?ts_ph_Nat_0) => (leq ?ts_ph_Nat_0 ?ts_ph_Nat_1)
09:35:47 [WARN] proved: (leq ?ts_ph_Nat_0 ?ts_ph_Nat_1) => (geq ?ts_ph_Nat_1 ?ts_ph_Nat_0)
09:35:47 [WARN] proved: (lq ?ts_ph_Nat_0 ?ts_ph_Nat_0) => false
