13:49:15 [WARN] Collecting statistics
13:49:15 [WARN]  ex is: true
13:49:15 [WARN]  ex is: false
13:49:15 [WARN]  ex is: zero
13:49:15 [WARN]  ex is: (succ zero)
13:49:15 [WARN]  ex is: (succ (succ zero))
13:49:15 [WARN]  ex is: (elt autovar_Nat_0)
13:49:15 [WARN]  ex is: (cons autovar_Nat_1 (elt autovar_Nat_0))
13:49:15 [WARN]  ex is: (cons autovar_Nat_2 (cons autovar_Nat_1 (elt autovar_Nat_0)))
13:49:15 [WARN]  ex is: (line autovar_List_0)
13:49:15 [WARN]  ex is: (ncons autovar_List_1 (line autovar_List_0))
13:49:15 [WARN]  ex is: (ncons autovar_List_2 (ncons autovar_List_1 (line autovar_List_0)))
13:49:15 [WARN]  ex is: (sglt autovar_List_0)
13:49:15 [WARN]  ex is: (cat (sglt autovar_List_0) autovar_Nat_0 (sglt autovar_List_0))
13:49:15 [WARN]  ex is: (cat (cat (sglt autovar_List_0) autovar_Nat_0 (sglt autovar_List_0)) autovar_Nat_1 (cat (sglt autovar_List_0) autovar_Nat_0 (sglt autovar_List_0)))
13:49:15 [WARN] Running exploration without proof mode, but goals were given
13:49:15 [WARN] Proof mode: true
13:49:15 [WARN]  ex is: true
13:49:15 [WARN]  ex is: false
13:49:15 [WARN]  ex is: zero
13:49:15 [WARN]  ex is: (succ zero)
13:49:15 [WARN]  ex is: (succ (succ zero))
13:49:15 [WARN]  ex is: (elt autovar_Nat_0)
13:49:15 [WARN]  ex is: (cons autovar_Nat_1 (elt autovar_Nat_0))
13:49:15 [WARN]  ex is: (cons autovar_Nat_2 (cons autovar_Nat_1 (elt autovar_Nat_0)))
13:49:15 [WARN]  ex is: (line autovar_List_0)
13:49:15 [WARN]  ex is: (ncons autovar_List_1 (line autovar_List_0))
13:49:15 [WARN]  ex is: (ncons autovar_List_2 (ncons autovar_List_1 (line autovar_List_0)))
13:49:15 [WARN]  ex is: (sglt autovar_List_0)
13:49:15 [WARN]  ex is: (cat (sglt autovar_List_0) autovar_Nat_0 (sglt autovar_List_0))
13:49:15 [WARN]  ex is: (cat (cat (sglt autovar_List_0) autovar_Nat_0 (sglt autovar_List_0)) autovar_Nat_1 (cat (sglt autovar_List_0) autovar_Nat_0 (sglt autovar_List_0)))
13:49:15 [WARN] Running exploration without proof mode, but goals were given
13:49:15 [WARN] Proof mode: true
13:49:15 [WARN] proved: (tf14 ?ts_ph_List_0) => ?ts_ph_List_0
13:49:15 [WARN] proved: (and ?ts_ph_Bool_1 ?ts_ph_Bool_0) => (and ?ts_ph_Bool_0 ?ts_ph_Bool_1)
13:49:15 [WARN] proved: (and ?ts_ph_Bool_0 ?ts_ph_Bool_1) => (and ?ts_ph_Bool_1 ?ts_ph_Bool_0)
13:49:15 [WARN] proved: (and ?ts_ph_Bool_0 ?ts_ph_Bool_0) => ?ts_ph_Bool_0
13:49:15 [WARN] proved: (min ?ts_ph_Nat_0 ?ts_ph_Nat_0) => ?ts_ph_Nat_0
13:49:15 [WARN] proved: (plus ?ts_ph_Nat_0 zero) => ?ts_ph_Nat_0
13:49:15 [WARN] proved: (max zero ?ts_ph_Nat_0) => ?ts_ph_Nat_0
13:49:15 [WARN] proved: (lq ?ts_ph_Nat_0 ?ts_ph_Nat_0) => false
13:49:16 [WARN] proved: (min zero ?ts_ph_Nat_0) => zero
13:49:16 [WARN] proved: (geq ?ts_ph_Nat_0 ?ts_ph_Nat_0) => (leq ?ts_ph_Nat_0 ?ts_ph_Nat_0)
13:49:16 [WARN] proved: (leq ?ts_ph_Nat_0 ?ts_ph_Nat_0) => (geq ?ts_ph_Nat_0 ?ts_ph_Nat_0)
13:49:16 [WARN] proved: (geq zero ?ts_ph_Nat_0) => (leq ?ts_ph_Nat_0 zero)
13:49:16 [WARN] proved: (leq ?ts_ph_Nat_0 zero) => (geq zero ?ts_ph_Nat_0)
13:49:16 [WARN] proved: (ite ?ts_ph_Bool_0 ?ts_ph_pvar0_1 ?ts_ph_pvar0_1) => ?ts_ph_pvar0_1
13:49:16 [WARN] proved: (tf17 ?ts_ph_CList_0) => ?ts_ph_CList_0
13:49:16 [WARN] proved: (leq ?ts_ph_Nat_0 ?ts_ph_Nat_1) => (geq ?ts_ph_Nat_1 ?ts_ph_Nat_0)
13:49:16 [WARN] proved: (geq ?ts_ph_Nat_1 ?ts_ph_Nat_0) => (leq ?ts_ph_Nat_0 ?ts_ph_Nat_1)
13:49:16 [WARN] proved: (geq ?ts_ph_Nat_0 ?ts_ph_Nat_0) => true
