11:11:52 [WARN] Collecting statistics
11:11:52 [WARN]  ex is: true
11:11:52 [WARN]  ex is: false
11:11:52 [WARN]  ex is: zero
11:11:52 [WARN]  ex is: (succ zero)
11:11:52 [WARN]  ex is: (succ (succ zero))
11:11:52 [WARN]  ex is: (elt autovar_Nat_0)
11:11:52 [WARN]  ex is: (cons autovar_Nat_1 (elt autovar_Nat_0))
11:11:52 [WARN]  ex is: (cons autovar_Nat_2 (cons autovar_Nat_1 (elt autovar_Nat_0)))
11:11:52 [WARN]  ex is: (single autovar_Nat_0)
11:11:52 [WARN]  ex is: (concat (single autovar_Nat_0) (single autovar_Nat_0))
11:11:52 [WARN]  ex is: (concat (concat (single autovar_Nat_0) (single autovar_Nat_0)) (concat (single autovar_Nat_0) (single autovar_Nat_0)))
11:11:52 [WARN] Running exploration without proof mode, but goals were given
11:11:52 [WARN] Proof mode: true
11:11:52 [WARN]  ex is: true
11:11:52 [WARN]  ex is: false
11:11:52 [WARN]  ex is: zero
11:11:52 [WARN]  ex is: (succ zero)
11:11:52 [WARN]  ex is: (succ (succ zero))
11:11:52 [WARN]  ex is: (elt autovar_Nat_0)
11:11:52 [WARN]  ex is: (cons autovar_Nat_1 (elt autovar_Nat_0))
11:11:52 [WARN]  ex is: (cons autovar_Nat_2 (cons autovar_Nat_1 (elt autovar_Nat_0)))
11:11:52 [WARN]  ex is: (single autovar_Nat_0)
11:11:52 [WARN]  ex is: (concat (single autovar_Nat_0) (single autovar_Nat_0))
11:11:52 [WARN]  ex is: (concat (concat (single autovar_Nat_0) (single autovar_Nat_0)) (concat (single autovar_Nat_0) (single autovar_Nat_0)))
11:11:52 [WARN] Running exploration without proof mode, but goals were given
11:11:52 [WARN] Proof mode: true
11:11:53 [WARN] proved: (max ?ts_ph_Nat_0 zero) => ?ts_ph_Nat_0
11:11:53 [WARN] proved: (max ?ts_ph_Nat_0 ?ts_ph_Nat_0) => ?ts_ph_Nat_0
11:11:53 [WARN] proved: (lq ?ts_ph_Nat_0 ?ts_ph_Nat_0) => (gq ?ts_ph_Nat_0 ?ts_ph_Nat_0)
11:11:53 [WARN] proved: (gq ?ts_ph_Nat_0 ?ts_ph_Nat_0) => (lq ?ts_ph_Nat_0 ?ts_ph_Nat_0)
11:11:53 [WARN] proved: (plus ?ts_ph_Nat_0 zero) => (max ?ts_ph_Nat_0 zero)
11:11:53 [WARN] proved: (max ?ts_ph_Nat_0 zero) => (plus ?ts_ph_Nat_0 zero)
11:11:53 [WARN] proved: (nat_eq zero ?ts_ph_Nat_0) => (nat_eq ?ts_ph_Nat_0 zero)
11:11:53 [WARN] proved: (nat_eq ?ts_ph_Nat_0 zero) => (nat_eq zero ?ts_ph_Nat_0)
11:11:53 [WARN] proved: (lq zero ?ts_ph_Nat_0) => (gq ?ts_ph_Nat_0 zero)
11:11:53 [WARN] proved: (gq ?ts_ph_Nat_0 zero) => (lq zero ?ts_ph_Nat_0)
11:11:53 [WARN] proved: (ite ?ts_ph_Bool_0 ?ts_ph_pvar0_1 ?ts_ph_pvar0_1) => ?ts_ph_pvar0_1
11:11:53 [WARN] proved: (lq ?ts_ph_Nat_1 ?ts_ph_Nat_0) => (gq ?ts_ph_Nat_0 ?ts_ph_Nat_1)
11:11:53 [WARN] proved: (gq ?ts_ph_Nat_0 ?ts_ph_Nat_1) => (lq ?ts_ph_Nat_1 ?ts_ph_Nat_0)
11:11:53 [WARN] proved: (gq ?ts_ph_Nat_0 ?ts_ph_Nat_0) => false
11:11:53 [WARN] proved: (nat_eq ?ts_ph_Nat_0 ?ts_ph_Nat_0) => true
