10:20:47 [WARN] Collecting statistics
10:20:47 [WARN]  ex is: true
10:20:47 [WARN]  ex is: false
10:20:47 [WARN]  ex is: null
10:20:47 [WARN]  ex is: zero
10:20:47 [WARN]  ex is: (succ zero)
10:20:47 [WARN]  ex is: (succ (succ zero))
10:20:47 [WARN]  ex is: (nil autovar_Unit_0)
10:20:47 [WARN]  ex is: (cons autovar_Nat_0 (nil autovar_Unit_0))
10:20:47 [WARN]  ex is: (cons autovar_Nat_1 (cons autovar_Nat_0 (nil autovar_Unit_0)))
10:20:47 [WARN]  ex is: (zip autovar_List_0 autovar_List_1)
10:20:47 [WARN] Running exploration without proof mode, but goals were given
10:20:47 [WARN] Proof mode: true
10:20:47 [WARN]  ex is: true
10:20:47 [WARN]  ex is: false
10:20:47 [WARN]  ex is: null
10:20:47 [WARN]  ex is: zero
10:20:47 [WARN]  ex is: (succ zero)
10:20:47 [WARN]  ex is: (succ (succ zero))
10:20:47 [WARN]  ex is: (nil autovar_Unit_0)
10:20:47 [WARN]  ex is: (cons autovar_Nat_0 (nil autovar_Unit_0))
10:20:47 [WARN]  ex is: (cons autovar_Nat_1 (cons autovar_Nat_0 (nil autovar_Unit_0)))
10:20:47 [WARN]  ex is: (zip autovar_List_0 autovar_List_1)
10:20:47 [WARN] Running exploration without proof mode, but goals were given
10:20:47 [WARN] Proof mode: true
10:20:47 [WARN] proved: (tf7 ?ts_ph_List_0) => (tf10 ?ts_ph_List_0)
10:20:47 [WARN] proved: (tf10 ?ts_ph_List_0) => (tf7 ?ts_ph_List_0)
10:20:47 [WARN] proved: (nil ?ts_ph_Unit_0) => (nil null)
10:20:47 [WARN] proved: (plus ?ts_ph_Nat_0 zero) => ?ts_ph_Nat_0
