13:10:50 [WARN] Collecting statistics
13:10:50 [WARN]  ex is: true
13:10:50 [WARN]  ex is: false
13:10:50 [WARN]  ex is: zero
13:10:50 [WARN]  ex is: (succ zero)
13:10:50 [WARN]  ex is: (succ (succ zero))
13:10:50 [WARN]  ex is: (elt autovar_Nat_0)
13:10:50 [WARN]  ex is: (cons autovar_Nat_1 (elt autovar_Nat_0))
13:10:50 [WARN]  ex is: (cons autovar_Nat_2 (cons autovar_Nat_1 (elt autovar_Nat_0)))
13:10:50 [WARN] Running exploration without proof mode, but goals were given
13:10:50 [WARN] Proof mode: true
13:10:50 [WARN]  ex is: true
13:10:50 [WARN]  ex is: false
13:10:50 [WARN]  ex is: zero
13:10:50 [WARN]  ex is: (succ zero)
13:10:50 [WARN]  ex is: (succ (succ zero))
13:10:50 [WARN]  ex is: (elt autovar_Nat_0)
13:10:50 [WARN]  ex is: (cons autovar_Nat_1 (elt autovar_Nat_0))
13:10:50 [WARN]  ex is: (cons autovar_Nat_2 (cons autovar_Nat_1 (elt autovar_Nat_0)))
13:10:50 [WARN] Running exploration without proof mode, but goals were given
13:10:50 [WARN] Proof mode: true
13:10:51 [WARN] proved: (tf6 ?ts_ph_List_0) => ?ts_ph_List_0
13:10:51 [WARN] proved: (tf7 ?ts_ph_List_1 ?ts_ph_List_0) => ?ts_ph_List_1
13:10:51 [WARN] proved: (and ?ts_ph_Bool_1 ?ts_ph_Bool_0) => (and ?ts_ph_Bool_0 ?ts_ph_Bool_1)
13:10:51 [WARN] proved: (and ?ts_ph_Bool_0 ?ts_ph_Bool_1) => (and ?ts_ph_Bool_1 ?ts_ph_Bool_0)
13:10:51 [WARN] proved: (min ?ts_ph_Nat_0 ?ts_ph_Nat_0) => ?ts_ph_Nat_0
13:10:51 [WARN] proved: (and ?ts_ph_Bool_0 ?ts_ph_Bool_0) => ?ts_ph_Bool_0
13:10:51 [WARN] proved: (min ?ts_ph_Nat_0 zero) => zero
13:10:51 [WARN] proved: (ite ?ts_ph_Bool_0 ?ts_ph_pvar0_1 ?ts_ph_pvar0_1) => ?ts_ph_pvar0_1
13:10:51 [WARN] proved: (gq ?ts_ph_Nat_0 ?ts_ph_Nat_0) => false
13:10:51 [WARN] proved: (leq ?ts_ph_Nat_0 ?ts_ph_Nat_0) => true
13:10:51 [WARN] proved: (tf3 ?ts_ph_List_0) => (tf1 zero ?ts_ph_List_0)
13:10:51 [WARN] proved: (tf1 zero ?ts_ph_List_0) => (tf3 ?ts_ph_List_0)
13:12:10 [WARN] proved: (leq (succ ?ts_ph_Nat_1) ?ts_ph_Nat_0) => (gq ?ts_ph_Nat_0 ?ts_ph_Nat_1)
13:12:10 [WARN] proved: (gq ?ts_ph_Nat_0 ?ts_ph_Nat_1) => (leq (succ ?ts_ph_Nat_1) ?ts_ph_Nat_0)
13:12:10 [WARN] proved: (gq ?ts_ph_Nat_0 (succ ?ts_ph_Nat_0)) => false
13:12:10 [WARN] proved: (min ?ts_ph_Nat_0 (succ zero)) => (min (succ zero) ?ts_ph_Nat_0)
13:12:10 [WARN] proved: (min (succ zero) ?ts_ph_Nat_0) => (min ?ts_ph_Nat_0 (succ zero))
13:12:10 [WARN] proved: (gq (succ ?ts_ph_Nat_0) ?ts_ph_Nat_0) => (leq ?ts_ph_Nat_0 (succ ?ts_ph_Nat_0))
13:12:10 [WARN] proved: (leq ?ts_ph_Nat_0 (succ ?ts_ph_Nat_0)) => (gq (succ ?ts_ph_Nat_0) ?ts_ph_Nat_0)
13:12:10 [WARN] generalized case_split proof as: (and ?ts_ph_Bool_0 ?ts_ph_Bool_1) -- (and ?ts_ph_Bool_1 (and ?ts_ph_Bool_0 ?ts_ph_Bool_1))
13:12:10 [WARN] proved: (and ?ts_ph_Bool_0 ?ts_ph_Bool_1) => (and ?ts_ph_Bool_1 (and ?ts_ph_Bool_0 ?ts_ph_Bool_1))
13:12:10 [WARN] proved: (and ?ts_ph_Bool_1 (and ?ts_ph_Bool_0 ?ts_ph_Bool_1)) => (and ?ts_ph_Bool_0 ?ts_ph_Bool_1)
13:12:10 [WARN] proved: (ite (leq ?ts_ph_Nat_0 zero) ?ts_ph_pvar0_0 ?ts_ph_pvar0_1) => (ite (gq ?ts_ph_Nat_0 zero) ?ts_ph_pvar0_1 ?ts_ph_pvar0_0)
13:12:10 [WARN] proved: (ite (gq ?ts_ph_Nat_0 zero) ?ts_ph_pvar0_1 ?ts_ph_pvar0_0) => (ite (leq ?ts_ph_Nat_0 zero) ?ts_ph_pvar0_0 ?ts_ph_pvar0_1)
13:12:10 [WARN] proved: (ite
  ?ts_ph_Bool_1
  (ite ?ts_ph_Bool_0 ?ts_ph_pvar0_0 ?ts_ph_pvar0_1)
  ?ts_ph_pvar0_1) => (ite (and ?ts_ph_Bool_0 ?ts_ph_Bool_1) ?ts_ph_pvar0_0 ?ts_ph_pvar0_1)
13:12:10 [WARN] proved: (ite (and ?ts_ph_Bool_0 ?ts_ph_Bool_1) ?ts_ph_pvar0_0 ?ts_ph_pvar0_1) => (ite
  ?ts_ph_Bool_1
  (ite ?ts_ph_Bool_0 ?ts_ph_pvar0_0 ?ts_ph_pvar0_1)
  ?ts_ph_pvar0_1)
13:12:10 [WARN] proved: (ite
  ?ts_ph_Bool_1
  ?ts_ph_pvar0_1
  (ite ?ts_ph_Bool_0 ?ts_ph_pvar0_0 ?ts_ph_pvar0_1)) => (ite
  ?ts_ph_Bool_0
  (ite ?ts_ph_Bool_1 ?ts_ph_pvar0_1 ?ts_ph_pvar0_0)
  ?ts_ph_pvar0_1)
13:12:10 [WARN] proved: (ite
  ?ts_ph_Bool_0
  (ite ?ts_ph_Bool_1 ?ts_ph_pvar0_1 ?ts_ph_pvar0_0)
  ?ts_ph_pvar0_1) => (ite
  ?ts_ph_Bool_1
  ?ts_ph_pvar0_1
  (ite ?ts_ph_Bool_0 ?ts_ph_pvar0_0 ?ts_ph_pvar0_1))
13:12:10 [WARN] proved: (ite
  ?ts_ph_Bool_1
  ?ts_ph_pvar0_1
  (ite ?ts_ph_Bool_0 ?ts_ph_pvar0_1 ?ts_ph_pvar0_0)) => (ite
  ?ts_ph_Bool_0
  ?ts_ph_pvar0_1
  (ite ?ts_ph_Bool_1 ?ts_ph_pvar0_1 ?ts_ph_pvar0_0))
13:12:10 [WARN] proved: (ite
  ?ts_ph_Bool_0
  ?ts_ph_pvar0_1
  (ite ?ts_ph_Bool_1 ?ts_ph_pvar0_1 ?ts_ph_pvar0_0)) => (ite
  ?ts_ph_Bool_1
  ?ts_ph_pvar0_1
  (ite ?ts_ph_Bool_0 ?ts_ph_pvar0_1 ?ts_ph_pvar0_0))
13:12:10 [WARN] proved: (ite
  ?ts_ph_Bool_0
  ?ts_ph_pvar0_1
  (ite ?ts_ph_Bool_0 ?ts_ph_pvar0_0 ?ts_ph_pvar0_1)) => ?ts_ph_pvar0_1
13:12:10 [WARN] proved: (ite
  ?ts_ph_Bool_0
  ?ts_ph_pvar0_1
  (ite ?ts_ph_Bool_0 ?ts_ph_pvar0_1 ?ts_ph_pvar0_0)) => (ite ?ts_ph_Bool_0 ?ts_ph_pvar0_1 ?ts_ph_pvar0_0)
13:12:10 [WARN] proved: (ite ?ts_ph_Bool_0 ?ts_ph_pvar0_1 ?ts_ph_pvar0_0) => (ite
  ?ts_ph_Bool_0
  ?ts_ph_pvar0_1
  (ite ?ts_ph_Bool_0 ?ts_ph_pvar0_1 ?ts_ph_pvar0_0))
13:12:10 [WARN] proved: (and (leq ?ts_ph_Nat_0 zero) (gq ?ts_ph_Nat_0 ?ts_ph_Nat_1)) => false
13:12:10 [WARN] proved: (gq ?ts_ph_Nat_0 ?ts_ph_Nat_1) => (and (gq ?ts_ph_Nat_0 zero) (gq ?ts_ph_Nat_0 ?ts_ph_Nat_1))
13:12:10 [WARN] proved: (and (gq ?ts_ph_Nat_0 zero) (gq ?ts_ph_Nat_0 ?ts_ph_Nat_1)) => (gq ?ts_ph_Nat_0 ?ts_ph_Nat_1)
