09:56:47 [WARN] Collecting statistics
09:56:47 [WARN]  ex is: true
09:56:47 [WARN]  ex is: false
09:56:47 [WARN]  ex is: null
09:56:47 [WARN]  ex is: zero
09:56:47 [WARN]  ex is: (succ zero)
09:56:47 [WARN]  ex is: (succ (succ zero))
09:56:47 [WARN]  ex is: (nil autovar_Unit_0)
09:56:47 [WARN]  ex is: (leaf autovar_Nat_0)
09:56:47 [WARN]  ex is: (node autovar_Nat_1 (leaf autovar_Nat_0) (leaf autovar_Nat_0))
09:56:47 [WARN]  ex is: (node autovar_Nat_2 (node autovar_Nat_1 (leaf autovar_Nat_0) (leaf autovar_Nat_0)) (node autovar_Nat_1 (leaf autovar_Nat_0) (leaf autovar_Nat_0)))
09:56:47 [WARN] Running exploration without proof mode, but goals were given
09:56:47 [WARN] Proof mode: true
09:56:47 [WARN]  ex is: true
09:56:47 [WARN]  ex is: false
09:56:47 [WARN]  ex is: null
09:56:47 [WARN]  ex is: zero
09:56:47 [WARN]  ex is: (succ zero)
09:56:47 [WARN]  ex is: (succ (succ zero))
09:56:47 [WARN]  ex is: (nil autovar_Unit_0)
09:56:47 [WARN]  ex is: (leaf autovar_Nat_0)
09:56:47 [WARN]  ex is: (node autovar_Nat_1 (leaf autovar_Nat_0) (leaf autovar_Nat_0))
09:56:47 [WARN]  ex is: (node autovar_Nat_2 (node autovar_Nat_1 (leaf autovar_Nat_0) (leaf autovar_Nat_0)) (node autovar_Nat_1 (leaf autovar_Nat_0) (leaf autovar_Nat_0)))
09:56:47 [WARN] Running exploration without proof mode, but goals were given
09:56:47 [WARN] Proof mode: true
09:56:47 [WARN] proved: (and ?ts_ph_Bool_0 ?ts_ph_Bool_1) => (and ?ts_ph_Bool_1 ?ts_ph_Bool_0)
09:56:47 [WARN] proved: (and ?ts_ph_Bool_1 ?ts_ph_Bool_0) => (and ?ts_ph_Bool_0 ?ts_ph_Bool_1)
09:56:47 [WARN] proved: (and ?ts_ph_Bool_0 ?ts_ph_Bool_0) => ?ts_ph_Bool_0
09:56:47 [WARN] proved: (nat_eq zero ?ts_ph_Nat_0) => (nat_eq ?ts_ph_Nat_0 zero)
09:56:47 [WARN] proved: (nat_eq ?ts_ph_Nat_0 zero) => (nat_eq zero ?ts_ph_Nat_0)
