File processed.
Depth 1: 19 terms, 100 tests, 451 evaluations, 16 classes, 3 raw equations.
Depth 2: 423 terms, 400 tests, 39611 evaluations, 222 classes, 201 raw equations.
Depth 3: 43806 terms, 800 tests, 5477214 evaluations, 13908 classes, 29898 raw equations.
QuickSpec done, 13908 classes, 29898 equations.
Failed to prove optimize {- main inp0 == mainNew inp0 -}
Failed to prove var0_0 == var0_1
[034m[1mProved Null == var0_0 by induction on var0_0[0m using Z3
[034m[1mProved tf0 var0_0 == var0_0 by induction on var0_0[0m using Z3
[034mProved tf1 (tf1 var0_0 var0_1) var0_2 == tf1 var0_0 (tf1 var0_1 var0_2) without induction[0m using Z3
[034mProved tf1 var0_0 (tf1 var0_1 var0_0) == tf1 var0_1 var0_0 without induction[0m using Z3
[034mProved tf1 (Cons var0_0 var0_1) (tf1 var0_2 var0_1) == tf1 (Cons var0_0 var0_2) (tf1 var0_2 var0_1) without induction[0m using Z3
Failed to prove tf1 (Cons True var0_0) (tf1 var0_1 var0_2) == tf1 (Cons var0_0a var0_0) (tf1 var0_1 var0_2)
Failed to prove tf1 (Cons True var0_0) (tf1 var0_0 var0_1) == tf1 (Cons var0_2 var0_0) (tf1 var0_0 var0_1)
Failed to prove tf1 (Cons True var0_0) (tf1 var0_1 var0_0) == tf1 (Cons var0_2 var0_0) (tf1 var0_1 var0_0)
Failed to prove tf1 (Cons True var0_0) (tf1 var0_1 var0_0) == tf1 (Cons var0_2 var0_1) (tf1 var0_1 var0_0)
Failed to prove tf1 (Cons True var0_0) (tf1 var0_0 var0_1) == tf1 (Cons var0_2 var0_1) (tf1 var0_0 var0_1)
[034mProved alhead var0_0 == tf5 var0_0 without induction[0m using Z3
[034m[1mProved plus var0_0 var0_1 == plus var0_1 var0_0 by induction on var0_1,var0_0[0m using Z3
[034m[1mProved plus var0_0 (plus var0_1 var0_2) == plus var0_1 (plus var0_0 var0_2) by induction on var0_2[0m using Z3
[034mProved tf4 var0_0 True var0_1 == tf4 var0_2 True var0_1 without induction[0m using Z3
[034mProved tf4 False var0_0 var0_1 == tf4 var0_0 var0_0 var0_1 without induction[0m using Z3
[034mProved tf4 var0_0 var0_0 (Cons var0_1 var0_2) == tf4 var0_1 var0_0 (Cons var0_1 var0_2) without induction[0m using Z3
[034mProved tf4 var0_0 var0_1 (Cons False var0_2) == tf4 var0_1 var0_0 (Cons False var0_2) without induction[0m using Z3
[034mProved tf4 var0_0 var0_1 (Cons True var0_2) == tf4 var0_0a var0_1 (Cons True var0_2) without induction[0m using Z3
[034mProved tf4 var0_0 var0_0 (Cons False var0_1) == tf4 var0_0 var0_0 var0_1 without induction[0m using Z3
[034mProved tf4 var0_0 False (Cons var0_0 var0_1) == tf4 var0_0 False var0_1 without induction[0m using Z3
[034mProved tf4 True var0_0 (Cons var0_0 var0_1) == tf4 var0_2 True (Cons var0_0 var0_1) without induction[0m using Z3
[034mProved Succ (tf4 True False var0_0) == tf4 var0_1 True (Cons True var0_0) without induction[0m using Z3
[034mProved plus (tf2 var0_0) var0_1 == plus var0_1 (tf2 var0_0) without induction[0m using Z3
[034mProved plus (tf2 var0_0) (tf2 var0_1) == plus (tf2 var0_1) (tf2 var0_0) without induction[0m using Z3
[034mProved plus Zero (tf2 var0_0) == tf2 var0_0 without induction[0m using Z3
[034mProved plus (tf2 var0_0) (Succ Zero) == Succ (tf2 var0_0) without induction[0m using Z3
[034mProved tf4 (tf5 var0_0) var0_1 var0_0 == tf4 var0_1 var0_1 var0_0 without induction[0m using Z3
[034mProved tf4 var0_0 (tf5 var0_1) (Cons var0_2 var0_1) == tf4 var0_2 (tf5 var0_1) (Cons var0_0 var0_1) without induction[0m using Z3
[034mProved tf4 var0_0 (tf5 var0_1) (Cons var0_0 var0_1) == tf4 var0_0 (tf5 var0_1) var0_1 without induction[0m using Z3
[034mProved tf4 (tf5 var0_0) var0_1 (tf1 var0_2 var0_0) == tf4 var0_1 var0_1 (tf1 var0_2 var0_0) without induction[0m using Z3
[034m[1mProved nateq var0_0 var0_1 == nateq var0_1 var0_0 by induction on var0_0[0m using Z3
[034m[1mProved nateq var0_0 var0_0 == True by induction on var0_0[0m using Z3
[034m[1mProved nateq var0_0 (Succ var0_0) == False by induction on var0_0[0m using Z3
[034m[1mProved nateq var0_0 (plus var0_0 var0_1) == nateq var0_1 Zero by induction on var0_0[0m using Z3
[034m[1mProved nateq (plus var0_0 var0_1) (plus var0_0 var0_2) == nateq var0_1 var0_2 by induction on var0_2[0m using Z3
[034mProved nateq (plus var0_0 var0_1) (Succ var0_1) == nateq (plus var0_0 var0_2) (Succ var0_2) without induction[0m using Z3
[034m[1mProved nateq (plus var0_0 var0_0) (plus var0_1 var0_1) == nateq var0_0 var0_1 by induction on var0_0,var0_1[0m using Z3
[034mProved nateq (plus var0_0 var0_0) (Succ Zero) == False without induction[0m using Z3
[034mProved tf7 (Cons False var0_0) == tf7 var0_0 without induction[0m using Z3
[034mProved tf8 (Nil var0_0) == Zero without induction[0m using Z3
[034m[1mProved tf8 (Cons False var0_0) == tf8 var0_0 by induction on var0_0[0m using Z3
Failed to prove nateq var0_0 (tf4 var0_1 var0_2 var0_0a) == nateq var0_0 (tf4 var0_1a var0_2 var0_0a)
Failed to prove nateq (tf4 var0_0 var0_1 var0_2) var0_0a == nateq var0_0a (tf4 var0_1a var0_1 var0_2)
Failed to prove nateq var0_0 (tf4 var0_1 var0_1 var0_2) == nateq var0_0 (tf4 var0_0a var0_1 var0_2)
Failed to prove nateq (tf4 var0_0 var0_0 var0_1) var0_2 == nateq var0_2 (tf4 var0_0a var0_0 var0_1)
Failed to prove nateq (tf4 var0_0 var0_1 var0_2) (Succ var0_0a) == nateq (tf4 var0_1a var0_1 var0_2) (Succ var0_0a)
