File processed.
Depth 1: 19 terms, 100 tests, 449 evaluations, 16 classes, 3 raw equations.
Depth 2: 282 terms, 100 tests, 15781 evaluations, 169 classes, 113 raw equations.
Depth 3: 30338 terms, 400 tests, 2592042 evaluations, 12272 classes, 18066 raw equations.
QuickSpec done, 12272 classes, 18066 equations.
Failed to prove optimize {- main inp0 == mainNew inp0 -}
Failed to prove var0_0 == var0_1
[034m[1mProved Null == var0_0 by induction on var0_0[0m using Z3
[034m[1mProved tf0 var0_0 == var0_0 by induction on var0_0[0m using Z3
Failed to prove tf1 var0_0 (tf1 var0_1 var0_2) == tf1 var0_1 var0_2
[034mProved tf1 (tf1 var0_0 var0_1) var0_2 == tf1 var0_0 (tf1 var0_1 var0_2) without induction[0m using Z3
Failed to prove tf1 (tf1 var0_0 var0_1) var0_2 == tf1 var0_1 var0_2
[034mProved tf1 var0_0 (tf1 var0_1 var0_0) == tf1 var0_1 var0_0 without induction[0m using Z3
Failed to prove tf1 (Cons var0_0 var0_1) (tf1 var0_2 var0_0a) == tf1 (Cons var0_1a var0_1) (tf1 var0_2 var0_0a)
Failed to prove tf1 (tf1 var0_0 var0_1) (tf1 var0_0 var0_2) == tf1 var0_0 var0_2
Failed to prove tf1 (tf1 var0_0 var0_1) (tf1 var0_2 var0_0) == tf1 var0_2 var0_0
Failed to prove tf1 (tf1 var0_0 var0_1) (tf1 var0_1 var0_2) == tf1 var0_1 var0_2
Failed to prove tf1 (tf1 var0_0 var0_1) (tf1 var0_2 var0_1) == tf1 var0_2 var0_1
Failed to prove tf1 (Cons var0_0 var0_1) (tf1 var0_1 var0_2) == tf1 (Cons var0_0 var0_0a) (tf1 var0_1 var0_2)
Failed to prove tf1 (Cons var0_0 var0_1) (tf1 var0_2 var0_1) == tf1 (Cons var0_0 var0_0a) (tf1 var0_2 var0_1)
[034mProved tf1 (Cons var0_0 var0_1) (tf1 var0_2 var0_1) == tf1 (Cons var0_0 var0_2) (tf1 var0_2 var0_1) without induction[0m using Z3
Failed to prove tf1 (Cons var0_0 var0_1) (tf1 var0_1 var0_2) == tf1 (Cons var0_0a var0_1a) (tf1 var0_1 var0_2)
Failed to prove tf1 (Cons var0_0 var0_1) (tf1 var0_2 var0_1) == tf1 (Cons var0_0a var0_1a) (tf1 var0_2 var0_1)
Failed to prove tf1 (Cons True var0_0) (tf1 var0_1 var0_2) == tf1 (Cons var0_0a var0_0) (tf1 var0_1 var0_2)
Failed to prove tf1 (Cons False var0_0) (tf1 var0_0 var0_1) == tf1 (Cons False var0_2) (tf1 var0_0 var0_1)
Failed to prove tf1 (Cons False var0_0) (tf1 var0_1 var0_0) == tf1 (Cons False var0_2) (tf1 var0_1 var0_0)
Failed to prove tf1 (Cons True var0_0) (tf1 var0_0 var0_1) == tf1 (Cons var0_2 var0_0a) (tf1 var0_0 var0_1)
Failed to prove tf1 (Cons True var0_0) (tf1 var0_1 var0_0) == tf1 (Cons var0_2 var0_0a) (tf1 var0_1 var0_0)
[034m[1mProved plus var0_0 var0_1 == plus var0_1 var0_0 by induction on var0_1,var0_0[0m using Z3
[034m[1mProved plus var0_0 (plus var0_1 var0_2) == plus var0_1 (plus var0_0 var0_2) by induction on var0_2[0m using Z3
[034m[1mProved lq var0_0 var0_0 == False by induction on var0_0[0m using Z3
[034mProved lq var0_0 Zero == False without induction[0m using Z3
[034m[1mProved lq var0_0 (Succ var0_0) == True by induction on var0_0[0m using Z3
[034m[1mProved lq (Succ var0_0) var0_0 == False by induction on var0_0[0m using Z3
[034m[1mProved lq var0_0 (plus var0_0 var0_1) == lq Zero var0_1 by induction on var0_0[0m using Z3
[034m[1mProved lq (plus var0_0 var0_1) var0_0 == False by induction on var0_0[0m using Z3
[034m[1mProved lq (plus var0_0 var0_1) (plus var0_0 var0_2) == lq var0_1 var0_2 by induction on var0_2[0m using Z3
[034m[1mProved lq (plus var0_0 var0_1) (Succ var0_1) == lq (plus var0_0 var0_2) (Succ var0_2) by induction on var0_1[0m using Z3
[034m[1mProved lq (Succ var0_0) (plus var0_0 var0_1) == lq (Succ var0_2) (plus var0_2 var0_1) by induction on var0_1[0m using Z3
[034m[1mProved lq (plus var0_0 var0_0) (plus var0_1 var0_1) == lq var0_0 var0_1 by induction on var0_0,var0_1[0m using Z3
[034mProved lq (plus var0_0 var0_0) (Succ Zero) == lq (plus var0_0 var0_1) (Succ var0_1) without induction[0m using Z3
[034mProved lq (Succ Zero) (plus var0_0 var0_0) == lq Zero var0_0 without induction[0m using Z3
[034m[1mProved tf7 (Nil var0_0) == Zero by induction on var0_0[0m using Z3
[034m[1mProved tf7 (Cons False var0_0) == tf7 var0_0 by induction on var0_0[0m using Z3
[034mProved MakeTuple2 (tf7 var0_0) Zero == tf6 (Cons False var0_0) without induction[0m using Z3
