File processed.
Depth 1: 19 terms, 100 tests, 451 evaluations, 16 classes, 3 raw equations.
Depth 2: 375 terms, 400 tests, 36987 evaluations, 210 classes, 165 raw equations.
Depth 3: 32826 terms, 400 tests, 3093080 evaluations, 9590 classes, 23236 raw equations.
QuickSpec done, 9590 classes, 23236 equations.
Failed to prove optimize {- main inp0 == mainNew inp0 -}
Failed to prove var0_0 == var0_1
[034m[1mProved Null == var0_0 by induction on var0_0[0m using Z3
[034m[1mProved tf0 var0_0 == var0_0 by induction on var0_0[0m using Z3
[034mProved tf1 (tf1 var0_0 var0_1) var0_2 == tf1 var0_0 (tf1 var0_1 var0_2) without induction[0m using Z3
[034mProved tf1 var0_0 (tf1 var0_1 var0_0) == tf1 var0_1 var0_0 without induction[0m using Z3
[034mProved tf1 (Cons var0_0 var0_1) (tf1 var0_2 var0_1) == tf1 (Cons var0_0 var0_2) (tf1 var0_2 var0_1) without induction[0m using Z3
[034m[1mProved plus var0_0 var0_1 == plus var0_1 var0_0 by induction on var0_1,var0_0[0m using Z3
[034m[1mProved plus var0_0 (plus var0_1 var0_2) == plus var0_1 (plus var0_0 var0_2) by induction on var0_2[0m using Z3
[034mProved tf7 (Nil var0_0) == Zero without induction[0m using Z3
[034mProved tf7 (Cons False var0_0) == tf7 var0_0 without induction[0m using Z3
[034m[1mProved MakeTuple2 (tf7 var0_0) False == tf6 (Cons False var0_0) by induction on var0_0[0m using Z3
[034m[1mProved tf4 var0_0 (tf4 var0_1 var0_2 var0_0a) var0_1a == tf4 var0_1 (tf4 var0_0 var0_2 var0_1a) var0_0a by induction on var0_0a,var0_1a[0m using Z3
[034m[1mProved plus var0_0 (tf4 var0_1 var0_2 var0_0a) == plus var0_2 (tf4 var0_1 var0_0 var0_0a) by induction on var0_0a[0m using Z3
[034m[1mProved tf4 var0_0 (plus var0_1 var0_2) var0_0a == plus var0_1 (tf4 var0_0 var0_2 var0_0a) by induction on var0_2[0m using Z3
[034mProved tf4 var0_0 var0_1 (Cons var0_0 var0_2) == tf4 var0_0 var0_1 var0_2 without induction[0m using Z3
[034m[1mProved tf4 var0_0 var0_1 (Cons False var0_2) == tf4 False var0_1 var0_2 by induction on var0_0[0m using Z3
[034mProved tf4 True var0_0 (Cons var0_1 var0_2) == tf4 var0_1 var0_0 var0_2 without induction[0m using Z3
[034mProved tf4 False var0_0 (Cons True var0_1) == Succ (tf4 True var0_0 var0_1) without induction[0m using Z3
[034mProved plus (tf2 var0_0) var0_1 == tf4 False var0_1 var0_0 without induction[0m using Z3
[034mProved plus (tf2 var0_0) (tf2 var0_1) == plus (tf2 var0_1) (tf2 var0_0) without induction[0m using Z3
[034mProved tf4 False (tf2 var0_0) var0_1 == plus (tf2 var0_0) (tf2 var0_1) without induction[0m using Z3
[034mProved plus (tf2 var0_0) (Succ Zero) == Succ (tf2 var0_0) without induction[0m using Z3
Failed to prove MakeTuple2 (tf2 var0_0) False == tf6 (Cons False var0_0)
[034m[1mProved plus var0_0 (tf7 var0_1) == tf4 False var0_0 var0_1 by induction on var0_1,var0_0[0m using Z3
[034mProved not (not var0_0) == var0_0 without induction[0m using Z3
[034m[1mProved tf4 (not var0_0) var0_1 (Cons var0_0 var0_2) == tf4 False var0_1 (Cons var0_0 var0_2) by induction on var0_0[0m using Z3
[034mProved ite1 var0_0 var0_1 var0_1 == var0_1 without induction[0m using Z3
[034mProved ite1 var0_0 var0_1 (ite1 var0_0 var0_2 var0_0a) == ite1 var0_0 var0_1 var0_0a without induction[0m using Z3
[034mProved ite1 var0_0 var0_1 (ite1 var0_2 var0_1 var0_0a) == ite1 var0_2 var0_1 (ite1 var0_0 var0_1 var0_0a) without induction[0m using Z3
[034mProved ite1 var0_0 (ite1 var0_1 var0_2 var0_0a) var0_2 == ite1 var0_1 var0_2 (ite1 var0_0 var0_0a var0_2) without induction[0m using Z3
[034mProved ite1 var0_0 (ite1 var0_1 var0_2 var0_0a) var0_0a == ite1 var0_1 (ite1 var0_0 var0_2 var0_0a) var0_0a without induction[0m using Z3
[034mProved ite1 var0_0 (ite1 var0_0 var0_1 var0_2) var0_0a == ite1 var0_0 var0_1 var0_0a without induction[0m using Z3
[034mProved ite1 var0_0 (Succ var0_1) (Succ var0_2) == Succ (ite1 var0_0 var0_1 var0_2) without induction[0m using Z3
[034mProved plus var0_0 (ite1 var0_1 var0_2 Zero) == ite1 var0_1 (plus var0_0 var0_2) var0_0 without induction[0m using Z3
[034mProved plus var0_0 (ite1 var0_1 Zero var0_2) == ite1 var0_1 var0_0 (plus var0_0 var0_2) without induction[0m using Z3
[034m[1mProved ite1 var0_0 var0_1 (tf4 False var0_2 var0_0a) == ite1 var0_0 var0_1 (tf4 var0_0 var0_2 var0_0a) by induction on var0_0[0m using Z3
[034mProved ite1 var0_0 (tf4 True var0_1 var0_2) var0_0a == ite1 var0_0 (tf4 var0_0 var0_1 var0_2) var0_0a without induction[0m using Z3
[034mProved ite1 (not var0_0) var0_1 var0_2 == ite1 var0_0 var0_2 var0_1 without induction[0m using Z3
[034mProved or var0_0 var0_1 == or var0_1 var0_0 without induction[0m using Z3
[034mProved or var0_0 var0_0 == var0_0 without induction[0m using Z3
[034mProved or var0_0 (or var0_1 var0_2) == or var0_1 (or var0_0 var0_2) without induction[0m using Z3
[034mProved or var0_0 (not var0_0) == True without induction[0m using Z3
[034mProved ite1 (or var0_0 var0_1) var0_2 var0_0a == ite1 var0_0 var0_2 (ite1 var0_1 var0_2 var0_0a) without induction[0m using Z3
