File processed.
Depth 1: 19 terms, 100 tests, 459 evaluations, 16 classes, 3 raw equations.
Depth 2: 326 terms, 200 tests, 21971 evaluations, 173 classes, 153 raw equations.
Depth 3: 26174 terms, 800 tests, 3371674 evaluations, 8137 classes, 18037 raw equations.
QuickSpec done, 8137 classes, 18037 equations.
Failed to prove optimize {- main inp0 == mainNew inp0 -}
Failed to prove var0_0 == var0_1
[034m[1mProved Null == var0_0 by induction on var0_0[0m using Z3
[034m[1mProved tf0 var0_0 == var0_0 by induction on var0_0[0m using Z3
[034mProved tf1 (tf1 var0_0 var0_1) var0_2 == tf1 var0_0 (tf1 var0_1 var0_2) without induction[0m using Z3
[034mProved tf1 var0_0 (tf1 var0_1 var0_0) == tf1 var0_1 var0_0 without induction[0m using Z3
[034mProved tf1 (Cons var0_0 var0_1) (tf1 var0_2 var0_1) == tf1 (Cons var0_0 var0_2) (tf1 var0_2 var0_1) without induction[0m using Z3
Failed to prove tf1 (Cons True var0_0) (tf1 var0_1 var0_2) == tf1 (Cons var0_0a var0_0) (tf1 var0_1 var0_2)
Failed to prove tf1 (Cons True var0_0) (tf1 var0_0 var0_1) == tf1 (Cons var0_2 var0_0) (tf1 var0_0 var0_1)
Failed to prove tf1 (Cons True var0_0) (tf1 var0_1 var0_0) == tf1 (Cons var0_2 var0_0) (tf1 var0_1 var0_0)
Failed to prove tf1 (Cons True var0_0) (tf1 var0_1 var0_0) == tf1 (Cons var0_2 var0_1) (tf1 var0_1 var0_0)
Failed to prove tf1 (Cons True var0_0) (tf1 var0_0 var0_1) == tf1 (Cons var0_2 var0_1) (tf1 var0_0 var0_1)
[034m[1mProved plus var0_0 var0_1 == plus var0_1 var0_0 by induction on var0_1,var0_0[0m using Z3
[034m[1mProved plus var0_0 (plus var0_1 var0_2) == plus var0_1 (plus var0_0 var0_2) by induction on var0_2[0m using Z3
[034m[1mProved nateq var0_0 var0_1 == nateq var0_1 var0_0 by induction on var0_0[0m using Z3
[034m[1mProved nateq var0_0 var0_0 == True by induction on var0_0[0m using Z3
[034m[1mProved nateq var0_0 (Succ var0_0) == False by induction on var0_0[0m using Z3
[034m[1mProved nateq var0_0 (plus var0_0 var0_1) == nateq var0_1 Zero by induction on var0_0[0m using Z3
[034m[1mProved nateq (plus var0_0 var0_1) (plus var0_0 var0_2) == nateq var0_1 var0_2 by induction on var0_2[0m using Z3
[034mProved nateq (plus var0_0 var0_1) (Succ var0_1) == nateq (plus var0_0 var0_2) (Succ var0_2) without induction[0m using Z3
[034m[1mProved nateq (plus var0_0 var0_0) (plus var0_1 var0_1) == nateq var0_0 var0_1 by induction on var0_0,var0_1[0m using Z3
[034mProved nateq (plus var0_0 var0_0) (Succ Zero) == False without induction[0m using Z3
[034mProved tf7 (Nil var0_0) == True without induction[0m using Z3
[034m[1mProved tf7 (Cons True var0_0) == tf7 var0_0 by induction on var0_0[0m using Z3
[034mProved not (not var0_0) == var0_0 without induction[0m using Z3
[034mProved tf4 var0_0 (Cons var0_0 var0_1) == tf4 var0_0 var0_1 without induction[0m using Z3
[034mProved tf4 (tf4 var0_0 var0_1) var0_1 == tf4 var0_0 var0_1 without induction[0m using Z3
Failed to prove tf4 (tf4 var0_0 var0_1) (Cons var0_0 var0_2) == tf4 (tf4 var0_0a var0_1) (Cons var0_0 var0_2)
[034m[1mProved tf4 (tf4 var0_0 var0_1) (Cons var0_2 var0_1) == tf4 (tf4 var0_2 var0_1) (Cons var0_0 var0_1) by induction on var0_0[0m using Z3
[034mProved tf4 var0_0 (Cons False var0_1) == tf4 False var0_1 without induction[0m using Z3
[034mProved tf4 True (Cons var0_0 var0_1) == tf4 var0_0 var0_1 without induction[0m using Z3
[034mProved tf4 (tf4 var0_0 var0_1) (Cons True var0_1) == tf4 var0_0 var0_1 without induction[0m using Z3
Failed to prove tf4 (tf4 var0_0 var0_1) (tf1 var0_2 var0_1) == tf4 var0_0 (tf1 var0_2 var0_1)
Failed to prove tf4 (zsos var0_0) (Cons var0_1 var0_2) == tf4 (tf4 var0_0a var0_0) (Cons var0_1 var0_2)
[034mProved tf4 (zsos var0_0) (Cons var0_1 var0_2) == tf4 (tf4 var0_1 var0_0) (Cons var0_1 var0_2) without induction[0m using Z3
[034mProved tf4 (zsos var0_0) (Cons True var0_1) == tf4 (zsos var0_1) (Cons True var0_0) without induction[0m using Z3
[034mProved tf4 (zsos var0_0) (tf1 var0_1 var0_0) == zsos (tf1 var0_1 var0_0) without induction[0m using Z3
Failed to prove tf4 False (Cons var0_0 var0_1) == tf4 (nateq var0_2 var0_0a) (Cons var0_0 var0_1)
Failed to prove tf4 (nateq var0_0 Zero) (Cons var0_1 var0_2) == tf4 (nateq var0_0 var0_0a) (Cons var0_1 var0_2)
Failed to prove tf4 (nateq var0_0 Zero) (Cons var0_1 var0_2) == tf4 (nateq var0_0a var0_1a) (Cons var0_1 var0_2)
Failed to prove tf4 (nateq var0_0 Zero) (Cons var0_1 var0_2) == tf4 False (Cons var0_1 var0_2)
Failed to prove tf4 (tf4 False var0_0) (Cons var0_1 var0_2) == tf4 (nateq var0_0a Zero) (Cons var0_1 var0_2)
Failed to prove tf7 (Cons var0_0 var0_1) == tf4 var0_0 var0_1
Failed to prove tf7 (Cons False var0_0) == tf4 False var0_0
Failed to prove tf2 var0_0 == tf7 var0_0
Failed to prove tf2 (tf1 var0_0 var0_1) == tf7 (tf1 var0_0 var0_1)
Failed to prove tf7 var0_0 == zsos var0_0
Failed to prove tf7 (tf1 var0_0 var0_1) == zsos (tf1 var0_0 var0_1)
[034mProved tf4 (not var0_0) (Cons var0_0 var0_1) == tf4 False (Cons var0_0 var0_1) without induction[0m using Z3
Failed to prove tf3 (tf4 var0_0 var0_1) (Cons var0_0 var0_2) == tf4 (tf4 var0_0a var0_1) (Cons var0_0 var0_2)
Failed to prove tf3 (tf4 var0_0 var0_1) (tf1 var0_2 var0_1) == tf4 var0_0 (tf1 var0_2 var0_1)
Failed to prove tf3 (zsos var0_0) (Cons var0_1 var0_2) == tf4 (tf4 var0_0a var0_0) (Cons var0_1 var0_2)
