File processed.
Depth 1: 12 terms, 7 tests, 41 evaluations, 12 classes, 0 raw equations.
Depth 2: 200 terms, 100 tests, 11361 evaluations, 119 classes, 81 raw equations.
Depth 3: 14008 terms, 200 tests, 1224006 evaluations, 5257 classes, 8751 raw equations.
QuickSpec done, 5257 classes, 8751 equations.
Failed to prove optimize {- main inp0 == mainNew inp0 -}
[034mProved ite1 var0_0 var0_1 var0_1 == var0_1 without induction[0m using Z3
[034mProved ite1 var0_0 var0_1 (ite1 var0_0 var0_2 var0_0a) == ite1 var0_0 var0_1 var0_0a without induction[0m using Z3
[034mProved ite1 var0_0 var0_1 (ite1 var0_2 var0_1 var0_0a) == ite1 var0_2 var0_1 (ite1 var0_0 var0_1 var0_0a) without induction[0m using Z3
[034mProved ite1 var0_0 (ite1 var0_1 var0_2 var0_0a) var0_2 == ite1 var0_1 var0_2 (ite1 var0_0 var0_0a var0_2) without induction[0m using Z3
[034mProved ite1 var0_0 (ite1 var0_1 var0_2 var0_0a) var0_0a == ite1 var0_1 (ite1 var0_0 var0_2 var0_0a) var0_0a without induction[0m using Z3
[034mProved ite1 var0_0 (ite1 var0_0 var0_1 var0_2) var0_0a == ite1 var0_0 var0_1 var0_0a without induction[0m using Z3
[034mProved ite1 var0_0 (Succ var0_1) (Succ var0_2) == Succ (ite1 var0_0 var0_1 var0_2) without induction[0m using Z3
[034m[1mProved lq var0_0 var0_0 == False by induction on var0_0[0m using Z3
[034mProved lq var0_0 Zero == False without induction[0m using Z3
[034m[1mProved lq var0_0 (Succ var0_0) == True by induction on var0_0[0m using Z3
[034m[1mProved lq (Succ var0_0) var0_0 == False by induction on var0_0[0m using Z3
[034mProved lq (ite1 var0_0 var0_1 var0_2) var0_1 == lq var0_2 (ite1 var0_0 var0_2 var0_1) without induction[0m using Z3
[034mProved lq (ite1 var0_0 var0_1 var0_2) var0_2 == lq var0_1 (ite1 var0_0 var0_2 var0_1) without induction[0m using Z3
[034m[1mProved ite1 (lq var0_0 var0_1) var0_1 var0_0 == ite1 (lq var0_1 var0_0) var0_0 var0_1 by induction on var0_0[0m using Z3
[034mProved ite1 (lq var0_0 var0_1) var0_0 var0_1 == ite1 (lq var0_1 var0_0) var0_1 var0_0 without induction[0m using Z3
[034mProved lq var0_0 (ite1 var0_1 var0_2 Zero) == lq var0_0 (ite1 var0_1 var0_2 var0_0) without induction[0m using Z3
[034mProved lq var0_0 (ite1 var0_1 Zero var0_2) == lq var0_0 (ite1 var0_1 var0_0 var0_2) without induction[0m using Z3
[034mProved lq (Succ var0_0) (ite1 var0_1 var0_2 Zero) == lq (Succ var0_0) (ite1 var0_1 var0_2 var0_0) without induction[0m using Z3
[034mProved lq (Succ var0_0) (ite1 var0_1 Zero var0_2) == lq (Succ var0_0) (ite1 var0_1 var0_0 var0_2) without induction[0m using Z3
[034mProved lq (ite1 var0_0 var0_1 Zero) (Succ var0_2) == lq (ite1 var0_0 var0_1 var0_2) (Succ var0_2) without induction[0m using Z3
[034mProved lq (ite1 var0_0 Zero var0_1) (Succ var0_2) == lq (ite1 var0_0 var0_2 var0_1) (Succ var0_2) without induction[0m using Z3
[034mProved ite1 (lq Zero var0_0) var0_1 Zero == ite1 (lq Zero var0_0) var0_1 var0_0 without induction[0m using Z3
[034mProved ite1 (lq Zero var0_0) var0_1 (Succ Zero) == ite1 (lq Zero var0_0) var0_1 (Succ var0_0) without induction[0m using Z3
[034mProved tf5 (Bin var0_0 var0_1) == tf5 (Bin var0_1 var0_0) without induction[0m using Z3
[034m[1mProved tf5 (Bin var0_0 var0_0) == tf5 var0_0 by induction on var0_0[0m using Z3
[034mProved max var0_0 var0_1 == max var0_1 var0_0 without induction[0m using Z3
[034mProved max var0_0 var0_0 == var0_0 without induction[0m using Z3
[034m[1mProved max var0_0 Zero == var0_0 by induction on var0_0[0m using Z3
[034m[1mProved max var0_0 (max var0_1 var0_2) == max var0_1 (max var0_0 var0_2) by induction on var0_2[0m using Z3
[034mProved lq var0_0 (max var0_0 var0_1) == lq var0_0 var0_1 without induction[0m using Z3
[034mProved max var0_0 (Succ var0_0) == Succ var0_0 without induction[0m using Z3
[034mProved lq (max var0_0 var0_1) (Succ var0_0) == lq var0_1 (Succ var0_0) without induction[0m using Z3
[034mProved max (Succ var0_0) (Succ var0_1) == Succ (max var0_0 var0_1) without induction[0m using Z3
[034mProved max var0_0 (ite1 var0_1 var0_0 var0_2) == ite1 var0_1 var0_0 (max var0_0 var0_2) without induction[0m using Z3
[034mProved ite1 var0_0 (max var0_1 var0_2) var0_1 == max var0_1 (ite1 var0_0 var0_2 var0_1) without induction[0m using Z3
[034mProved ite1 (lq var0_0 var0_1) var0_1 var0_0 == max var0_0 var0_1 without induction[0m using Z3
[034mProved max var0_0 (ite1 var0_1 var0_2 Zero) == max var0_0 (ite1 var0_1 var0_2 var0_0) without induction[0m using Z3
[034mProved max var0_0 (ite1 var0_1 Zero var0_2) == ite1 var0_1 var0_0 (max var0_0 var0_2) without induction[0m using Z3
[034m[1mProved ite1 (lq var0_0 var0_1) var0_1 (Succ var0_0) == max var0_1 (Succ var0_0) by induction on var0_0[0m using Z3
[034m[1mProved max (Succ var0_0) (ite1 var0_1 var0_2 Zero) == max (ite1 var0_1 var0_2 var0_0) (Succ var0_0) by induction on var0_2,var0_1[0m using Z3
[034m[1mProved max (Succ var0_0) (ite1 var0_1 Zero var0_2) == max (ite1 var0_1 var0_0 var0_2) (Succ var0_0) by induction on var0_1[0m using Z3
Failed to prove max (tf5 var0_0) (tf5 var0_1) == tf5 (Bin var0_0 var0_1)
Failed to prove max (tf5 var0_0) (tf5 var0_1) == tf5 (Bin var0_1 var0_0)
[034m[1mProved plus var0_0 var0_1 == plus var0_1 var0_0 by induction on var0_1,var0_0[0m using Z3
[034m[1mProved plus var0_0 (plus var0_1 var0_2) == plus var0_1 (plus var0_0 var0_2) by induction on var0_2[0m using Z3
[034m[1mProved lq var0_0 (plus var0_0 var0_1) == lq Zero var0_1 by induction on var0_0[0m using Z3
[034m[1mProved lq (plus var0_0 var0_1) var0_0 == False by induction on var0_0,var0_1[0m using Z3
[034m[1mProved lq (plus var0_0 var0_1) (plus var0_0 var0_2) == lq var0_1 var0_2 by induction on var0_0[0m using Z3
[034m[1mProved lq (plus var0_0 var0_1) (Succ var0_1) == lq (plus var0_0 var0_2) (Succ var0_2) by induction on var0_1[0m using Z3
[034m[1mProved lq (Succ var0_0) (plus var0_0 var0_1) == lq (Succ var0_2) (plus var0_2 var0_1) by induction on var0_1[0m using Z3
[034m[1mProved lq (plus var0_0 var0_0) (plus var0_1 var0_1) == lq var0_0 var0_1 by induction on var0_0,var0_1[0m using Z3
Failed to prove lq (Succ Zero) (plus var0_0 var0_1) == lq Zero (plus var0_0 var0_1)
Failed to prove lq (Succ Zero) (plus var0_0 var0_1) == lq Zero (plus var0_1 var0_0)
[034m[1mProved lq (Succ Zero) (plus var0_0 var0_0) == lq Zero var0_0 by induction on var0_0[0m using Z3
Failed to prove max (plus var0_0 var0_1) (plus var0_0 var0_2) == plus var0_0 (max var0_1 var0_2)
Failed to prove max (plus var0_0 var0_1) (plus var0_1 var0_2) == plus var0_1 (max var0_0 var0_2)
Failed to prove max (plus var0_0 var0_1) (plus var0_2 var0_0) == plus var0_0 (max var0_1 var0_2)
Failed to prove max (plus var0_0 var0_1) (plus var0_2 var0_1) == plus var0_1 (max var0_0 var0_2)
Failed to prove max (plus var0_0 var0_1) (plus var0_0 var0_2) == plus var0_0 (max var0_2 var0_1)
Failed to prove max (plus var0_0 var0_1) (plus var0_2 var0_0) == plus var0_0 (max var0_2 var0_1)
Failed to prove max (plus var0_0 var0_1) (plus var0_2 var0_1) == plus var0_1 (max var0_2 var0_0)
Failed to prove max (plus var0_0 var0_1) (plus var0_1 var0_2) == plus var0_1 (max var0_2 var0_0)
Failed to prove lq Zero (max var0_0 var0_1) == lq Zero (plus var0_0 var0_1)
Failed to prove max (plus var0_0 var0_1) (plus var0_0 var0_0) == plus var0_0 (max var0_0 var0_1)
Failed to prove max (plus var0_0 var0_1) (plus var0_1 var0_1) == plus var0_1 (max var0_0 var0_1)
Failed to prove max (plus var0_0 var0_1) (plus var0_1 var0_1) == plus var0_1 (max var0_1 var0_0)
Failed to prove max (plus var0_0 var0_1) (plus var0_0 var0_0) == plus var0_0 (max var0_1 var0_0)
Failed to prove lq (max var0_0 var0_1) (plus var0_0 var0_0) == lq var0_1 (plus var0_0 var0_0)
Failed to prove lq (max var0_0 var0_1) (plus var0_1 var0_1) == lq var0_0 (plus var0_1 var0_1)
Failed to prove max (plus var0_0 var0_0) (plus var0_0 var0_1) == plus var0_0 (max var0_0 var0_1)
Failed to prove max (plus var0_0 var0_0) (plus var0_1 var0_0) == plus var0_0 (max var0_0 var0_1)
Failed to prove max (plus var0_0 var0_0) (plus var0_1 var0_1) == plus (max var0_0 var0_1) (max var0_0 var0_1)
Failed to prove max (plus var0_0 var0_0) (plus var0_1 var0_0) == plus var0_0 (max var0_1 var0_0)
Failed to prove max (plus var0_0 var0_0) (plus var0_0 var0_1) == plus var0_0 (max var0_1 var0_0)
Failed to prove max (plus var0_0 var0_0) (plus var0_1 var0_1) == plus (max var0_1 var0_0) (max var0_1 var0_0)
Failed to prove lq (max var0_0 var0_1) (Succ Zero) == lq (plus var0_0 var0_1) (Succ Zero)
