File processed.
Depth 1: 14 terms, 100 tests, 431 evaluations, 11 classes, 3 raw equations.
Depth 2: 121 terms, 100 tests, 7741 evaluations, 69 classes, 52 raw equations.
Depth 3: 4096 terms, 100 tests, 342671 evaluations, 1717 classes, 2379 raw equations.
QuickSpec done, 1717 classes, 2379 equations.
Failed to prove optimize {- main inp0 == mainNew inp0 -}
Failed to prove var0_0 == var0_1
[034m[1mProved Null == var0_0 by induction on var0_0[0m using Z3
[034m[1mProved tf1 (tf1 var0_0 var0_1) var0_2 == tf1 var0_0 (tf1 var0_1 var0_2) by induction on var0_2[0m using Z3
[034m[1mProved tf1 (Nil var0_0) var0_1 == var0_1 by induction on var0_1[0m using Z3
[034m[1mProved plus var0_0 var0_1 == plus var0_1 var0_0 by induction on var0_1,var0_0[0m using Z3
[034m[1mProved plus var0_0 (plus var0_1 var0_2) == plus var0_1 (plus var0_0 var0_2) by induction on var0_2[0m using Z3
[034m[1mProved tf5 (tf1 var0_0 var0_1) == tf5 (tf1 var0_1 var0_0) by induction on var0_1,var0_0[0m using Z3
[034m[1mProved plus (tf5 var0_0) (tf5 var0_1) == tf5 (tf1 var0_0 var0_1) by induction on var0_1[0m using Z3
[034mProved main (Concat var0_0 var0_1) == main (Concat var0_1 var0_0) without induction[0m using Z3
[034mProved main (Single var0_0) == var0_0 without induction[0m using Z3
[034m[1mProved main var0_0 == tf7 var0_0 by induction on var0_0[0m using Z3
Merry-go-round!
[034mProved optimize {- main inp0 == mainNew inp0 -} without induction[0m using Z3
Proved:
    main var0_0 == tf7 var0_0
    plus (tf5 var0_0) (tf5 var0_1) == tf5 (tf1 var0_0 var0_1)
    tf5 (tf1 var0_0 var0_1) == tf5 (tf1 var0_1 var0_0)
    plus var0_0 (plus var0_1 var0_2) == plus var0_1 (plus var0_0 var0_2)
    plus var0_0 var0_1 == plus var0_1 var0_0
    tf1 (Nil var0_0) var0_1 == var0_1
    tf1 (tf1 var0_0 var0_1) var0_2 == tf1 var0_0 (tf1 var0_1 var0_2)
    Null == var0_0
    optimize {- main inp0 == mainNew inp0 -}

