File processed.
Depth 1: 18 terms, 6 tests, 53 evaluations, 18 classes, 0 raw equations.
Depth 2: 188 terms, 100 tests, 6633 evaluations, 147 classes, 41 raw equations.
Depth 3: 4877 terms, 3200 tests, 2777434 evaluations, 2771 classes, 2106 raw equations.
QuickSpec done, 2771 classes, 2106 equations.
Failed to prove optimize {- main inp0 == mainNew inp0 -}
[034m[1mProved tf3 var0_0 == var0_0 by induction on var0_0[0m using Z3
[034m[1mProved MakeTuple2 (fst2 var0_0) (snd2 var0_0) == var0_0 by induction on var0_0[0m using Z3
[034mProved and var0_0 var0_1 == and var0_1 var0_0 without induction[0m using Z3
[034mProved and var0_0 var0_0 == var0_0 without induction[0m using Z3
[034mProved and var0_0 (and var0_1 var0_2) == and var0_1 (and var0_0 var0_2) without induction[0m using Z3
[034m[1mProved lq var0_0 var0_0 == False by induction on var0_0[0m using Z3
[034mProved lq var0_0 Zero == False without induction[0m using Z3
[034m[1mProved lq var0_0 (Succ var0_0) == True by induction on var0_0[0m using Z3
[034m[1mProved lq (Succ var0_0) var0_0 == False by induction on var0_0[0m using Z3
[034m[1mProved and (lq var0_0 var0_1) (lq var0_1 var0_0) == False by induction on var0_1[0m using Z3
[034mProved and (lq var0_0 var0_1) (lq Zero var0_1) == lq var0_0 var0_1 without induction[0m using Z3
Failed to prove tf1 (Node var0_0 var0_1 var0_2) == tf1 (Node var0_0 var0_0a var0_2)
Failed to prove tf1 (Node var0_0 var0_1 var0_2) == MakeTuple1 var0_0 False
[034mProved tf1 (Node var0_0 var0_1 var0_1) == MakeTuple1 var0_0 False without induction[0m using Z3
[034mProved tf1 (Node Zero var0_0 var0_1) == MakeTuple1 Zero False without induction[0m using Z3
Failed to prove tf0 (Node var0_0 var0_1 var0_2) == tf1 (Node var0_0 var0_0a var0_2)
Failed to prove tf0 (Node var0_0 var0_1 var0_2) == MakeTuple1 var0_0 False
Failed to prove spec (Node var0_0 var0_1 var0_2) == spec (Node var0_0 var0_0a var0_2)
Failed to prove spec (Node var0_0 var0_1 var0_2) == spec (Node var0_0a var0_1 var0_2)
Failed to prove spec (Node var0_0 var0_1 var0_2) == spec (Node var0_0a var0_1a var0_2)
[034mProved spec (Node var0_0 var0_1 var0_1) == False without induction[0m using Z3
[034mProved spec (Leaf var0_0) == True without induction[0m using Z3
[034mProved spec (Node Zero var0_0 var0_1) == False without induction[0m using Z3
Failed to prove main (Node var0_0 var0_1 var0_2) == main (Node var0_0 var0_0a var0_2)
Failed to prove main (Node var0_0 var0_1 var0_2) == main (Node var0_0a var0_1 var0_2)
Failed to prove main (Node var0_0 var0_1 var0_2) == main (Node var0_0a var0_1a var0_2)
[034mProved main (Node var0_0 var0_1 var0_1) == False without induction[0m using Z3
[034mProved main (Leaf var0_0) == True without induction[0m using Z3
[034mProved main (Node Zero var0_0 var0_1) == False without induction[0m using Z3
Failed to prove tf5 (Node var0_0 var0_1 var0_2) == tf5 (Node var0_0 var0_0a var0_2)
Failed to prove tf5 (Node var0_0 var0_1 var0_2) == MakeTuple2 False var0_0
[034mProved tf5 (Node var0_0 var0_1 var0_1) == MakeTuple2 False var0_0 without induction[0m using Z3
[034mProved tf5 (Node Zero var0_0 var0_1) == MakeTuple2 False Zero without induction[0m using Z3
Failed to prove mainNew (Node var0_0 var0_1 var0_2) == mainNew (Node var0_0 var0_0a var0_2)
Failed to prove mainNew (Node var0_0 var0_1 var0_2) == mainNew (Node var0_0a var0_1 var0_2)
Failed to prove mainNew (Node var0_0 var0_1 var0_2) == mainNew (Node var0_0a var0_1a var0_2)
[034mProved mainNew (Node var0_0 var0_1 var0_1) == False without induction[0m using Z3
[034mProved mainNew (Leaf var0_0) == True without induction[0m using Z3
[034mProved mainNew (Node Zero var0_0 var0_1) == False without induction[0m using Z3
[034m[1mProved mainNew var0_0 == spec var0_0 by induction on var0_0[0m using Z3
[034mProved main var0_0 == mainNew var0_0 without induction[0m using Z3
