File processed.
Depth 1: 19 terms, 100 tests, 447 evaluations, 16 classes, 3 raw equations.
Depth 2: 255 terms, 200 tests, 12031 evaluations, 175 classes, 80 raw equations.
Depth 3: 24210 terms, 400 tests, 2104866 evaluations, 9929 classes, 14281 raw equations.
QuickSpec done, 9929 classes, 14281 equations.
Failed to prove optimize {- main inp0 == mainNew inp0 -}
Failed to prove var0_0 == var0_1
[034m[1mProved Null == var0_0 by induction on var0_0[0m using Z3
[034m[1mProved plus var0_0 var0_1 == plus var0_1 var0_0 by induction on var0_1,var0_0[0m using Z3
[034m[1mProved plus var0_0 (plus var0_1 var0_2) == plus var0_1 (plus var0_0 var0_2) by induction on var0_2[0m using Z3
[034m[1mProved lq var0_0 var0_0 == False by induction on var0_0[0m using Z3
[034mProved lq var0_0 Zero == False without induction[0m using Z3
[034m[1mProved lq var0_0 (Succ var0_0) == True by induction on var0_0[0m using Z3
[034m[1mProved lq (Succ var0_0) var0_0 == False by induction on var0_0[0m using Z3
[034m[1mProved lq var0_0 (plus var0_0 var0_1) == lq Zero var0_1 by induction on var0_0[0m using Z3
[034m[1mProved lq (plus var0_0 var0_1) var0_0 == False by induction on var0_0[0m using Z3
[034m[1mProved lq (plus var0_0 var0_1) (plus var0_0 var0_2) == lq var0_1 var0_2 by induction on var0_2[0m using Z3
[034m[1mProved lq (plus var0_0 var0_1) (Succ var0_1) == lq (plus var0_0 var0_2) (Succ var0_2) by induction on var0_1[0m using Z3
[034mProved lq (Succ var0_0) (plus var0_0 var0_1) == lq (Succ var0_2) (plus var0_2 var0_1) without induction[0m using Z3
[034m[1mProved lq (plus var0_0 var0_0) (plus var0_1 var0_1) == lq var0_0 var0_1 by induction on var0_0,var0_1[0m using Z3
[034m[1mProved lq (plus var0_0 var0_0) (Succ Zero) == lq (plus var0_0 var0_1) (Succ var0_1) by induction on var0_1[0m using Z3
[034mProved lq (Succ Zero) (plus var0_0 var0_0) == lq Zero var0_0 without induction[0m using Z3
[034mProved tf7 (Cons Zero var0_0) == tf7 var0_0 without induction[0m using Z3
[034m[1mProved gq var0_0 var0_0 == False by induction on var0_0[0m using Z3
[034m[1mProved gq var0_0 (Succ var0_0) == False by induction on var0_0[0m using Z3
[034m[1mProved gq (Succ var0_0) var0_0 == True by induction on var0_0[0m using Z3
[034m[1mProved gq var0_0 (plus var0_0 var0_1) == False by induction on var0_0[0m using Z3
[034m[1mProved gq (plus var0_0 var0_1) var0_0 == gq var0_1 Zero by induction on var0_0[0m using Z3
[034m[1mProved gq (plus var0_0 var0_1) (plus var0_0 var0_2) == gq var0_1 var0_2 by induction on var0_0[0m using Z3
[034m[1mProved gq (plus var0_0 var0_1) (Succ var0_1) == gq (plus var0_0 var0_2) (Succ var0_2) by induction on var0_1[0m using Z3
[034m[1mProved gq (Succ var0_0) (plus var0_0 var0_1) == gq (Succ var0_2) (plus var0_2 var0_1) by induction on var0_1[0m using Z3
[034m[1mProved gq (plus var0_0 var0_0) (plus var0_1 var0_1) == gq var0_0 var0_1 by induction on var0_0,var0_1[0m using Z3
[034m[1mProved gq (plus var0_0 var0_0) (Succ Zero) == gq var0_0 Zero by induction on var0_0[0m using Z3
[034m[1mProved gq (Succ Zero) (plus var0_0 var0_0) == gq (Succ var0_1) (plus var0_0 var0_1) by induction on var0_0[0m using Z3
[034mProved tf5 (Icons var0_0 var0_0 var0_1) == tf5 var0_1 without induction[0m using Z3
[034m[1mProved tf5 (Icons var0_0 Zero var0_1) == plus var0_0 (tf5 var0_1) by induction on var0_0[0m using Z3
[034mProved tf5 (Icons Zero var0_0 var0_1) == tf5 var0_1 without induction[0m using Z3
[034mProved plus (main var0_0) var0_1 == plus var0_1 (main var0_0) without induction[0m using Z3
[034mProved plus (main var0_0) (main var0_1) == plus (main var0_1) (main var0_0) without induction[0m using Z3
[034mProved main (Cons Zero var0_0) == main var0_0 without induction[0m using Z3
[034mProved plus Zero (main var0_0) == main var0_0 without induction[0m using Z3
[034mProved gq Zero (main var0_0) == False without induction[0m using Z3
[034mProved gq (main var0_0) (main var0_0) == False without induction[0m using Z3
[034mProved plus (main var0_0) (Succ Zero) == Succ (main var0_0) without induction[0m using Z3
[034m[1mProved gq var0_0 var0_1 == lq var0_1 var0_0 by induction on var0_0,var0_1[0m using Z3
[034mProved lq (main var0_0) var0_1 == gq var0_1 (main var0_0) without induction[0m using Z3
[034mProved gq (main var0_0) var0_1 == lq var0_1 (main var0_0) without induction[0m using Z3
[034mProved gq (main var0_0) (main var0_1) == lq (main var0_1) (main var0_0) without induction[0m using Z3
Failed to prove main var0_0 == tf7 var0_0
Failed to prove Icons var0_0 (main var0_1) var0_2 == Icons var0_0 (tf7 var0_1) var0_2
Failed to prove Icons (main var0_0) var0_1 var0_2 == Icons (tf7 var0_0) var0_1 var0_2
Failed to prove main (Cons var0_0 var0_1) == tf7 (Cons var0_0 var0_1)
Failed to prove plus var0_0 (main var0_1) == plus var0_0 (tf7 var0_1)
Failed to prove lq var0_0 (main var0_1) == lq var0_0 (tf7 var0_1)
Failed to prove gq var0_0 (main var0_1) == gq var0_0 (tf7 var0_1)
Failed to prove Cons (main var0_0) var0_1 == Cons (tf7 var0_0) var0_1
Failed to prove Succ (main var0_0) == Succ (tf7 var0_0)
Failed to prove Cons (main var0_0) var0_0 == Cons (tf7 var0_0) var0_0
Failed to prove Icons (plus var0_0 var0_1) (main var0_2) var0_0a == Icons (plus var0_0 var0_1) (tf7 var0_2) var0_0a
Failed to prove Icons (main var0_0) (plus var0_1 var0_2) var0_0a == Icons (tf7 var0_0) (plus var0_1 var0_2) var0_0a
Failed to prove plus (plus var0_0 var0_1) (main var0_2) == plus (plus var0_0 var0_1) (tf7 var0_2)
Failed to prove lq (plus var0_0 var0_1) (main var0_2) == lq (plus var0_0 var0_1) (tf7 var0_2)
Failed to prove gq (plus var0_0 var0_1) (main var0_2) == gq (plus var0_0 var0_1) (tf7 var0_2)
