File processed.
Depth 1: 15 terms, 4 tests, 43 evaluations, 15 classes, 0 raw equations.
Depth 2: 220 terms, 100 tests, 11972 evaluations, 138 classes, 82 raw equations.
Depth 3: 14127 terms, 200 tests, 1145362 evaluations, 5464 classes, 8663 raw equations.
QuickSpec done, 5464 classes, 8663 equations.
Failed to prove optimize {- main inp0 == mainNew inp0 -}
[034mProved ite2 var0_0 var0_1 var0_1 == var0_1 without induction[0m using Z3
[034mProved ite2 var0_0 var0_1 (ite2 var0_0 var0_2 var0_0a) == ite2 var0_0 var0_1 var0_0a without induction[0m using Z3
[034mProved ite2 var0_0 var0_1 (ite2 var0_2 var0_1 var0_0a) == ite2 var0_2 var0_1 (ite2 var0_0 var0_1 var0_0a) without induction[0m using Z3
[034mProved ite2 var0_0 (ite2 var0_1 var0_2 var0_0a) var0_2 == ite2 var0_1 var0_2 (ite2 var0_0 var0_0a var0_2) without induction[0m using Z3
[034mProved ite2 var0_0 (ite2 var0_1 var0_2 var0_0a) var0_0a == ite2 var0_1 (ite2 var0_0 var0_2 var0_0a) var0_0a without induction[0m using Z3
[034mProved ite2 var0_0 (ite2 var0_0 var0_1 var0_2) var0_0a == ite2 var0_0 var0_1 var0_0a without induction[0m using Z3
[034mProved ite2 var0_0 (Succ var0_1) (Succ var0_2) == Succ (ite2 var0_0 var0_1 var0_2) without induction[0m using Z3
[034m[1mProved lq var0_0 var0_0 == False by induction on var0_0[0m using Z3
[034mProved lq var0_0 Zero == False without induction[0m using Z3
[034m[1mProved lq var0_0 (Succ var0_0) == True by induction on var0_0[0m using Z3
[034m[1mProved lq (Succ var0_0) var0_0 == False by induction on var0_0[0m using Z3
[034mProved lq (ite2 var0_0 var0_1 var0_2) var0_1 == lq var0_2 (ite2 var0_0 var0_2 var0_1) without induction[0m using Z3
[034mProved lq (ite2 var0_0 var0_1 var0_2) var0_2 == lq var0_1 (ite2 var0_0 var0_2 var0_1) without induction[0m using Z3
[034m[1mProved ite2 (lq var0_0 var0_1) var0_1 var0_0 == ite2 (lq var0_1 var0_0) var0_0 var0_1 by induction on var0_0[0m using Z3
[034mProved ite2 (lq var0_0 var0_1) var0_0 var0_1 == ite2 (lq var0_1 var0_0) var0_1 var0_0 without induction[0m using Z3
[034mProved lq var0_0 (ite2 var0_1 var0_2 Zero) == lq var0_0 (ite2 var0_1 var0_2 var0_0) without induction[0m using Z3
[034mProved lq var0_0 (ite2 var0_1 Zero var0_2) == lq var0_0 (ite2 var0_1 var0_0 var0_2) without induction[0m using Z3
[034mProved lq (Succ var0_0) (ite2 var0_1 var0_2 Zero) == lq (Succ var0_0) (ite2 var0_1 var0_2 var0_0) without induction[0m using Z3
[034mProved lq (Succ var0_0) (ite2 var0_1 Zero var0_2) == lq (Succ var0_0) (ite2 var0_1 var0_0 var0_2) without induction[0m using Z3
[034mProved lq (ite2 var0_0 var0_1 Zero) (Succ var0_2) == lq (ite2 var0_0 var0_1 var0_2) (Succ var0_2) without induction[0m using Z3
[034mProved lq (ite2 var0_0 Zero var0_1) (Succ var0_2) == lq (ite2 var0_0 var0_2 var0_1) (Succ var0_2) without induction[0m using Z3
[034mProved ite2 (lq Zero var0_0) var0_1 Zero == ite2 (lq Zero var0_0) var0_1 var0_0 without induction[0m using Z3
[034mProved ite2 (lq Zero var0_0) var0_1 (Succ Zero) == ite2 (lq Zero var0_0) var0_1 (Succ var0_0) without induction[0m using Z3
[034mProved tf7 (Concat var0_0 var0_1) == tf7 (Concat var0_1 var0_0) without induction[0m using Z3
[034mProved tf7 (Concat var0_0 var0_0) == tf7 var0_0 without induction[0m using Z3
[034mProved min var0_0 var0_1 == min var0_1 var0_0 without induction[0m using Z3
[034mProved min var0_0 var0_0 == var0_0 without induction[0m using Z3
[034mProved min var0_0 Zero == Zero without induction[0m using Z3
[034m[1mProved min var0_0 (min var0_1 var0_2) == min var0_1 (min var0_0 var0_2) by induction on var0_2[0m using Z3
[034mProved lq var0_0 (min var0_0 var0_1) == False without induction[0m using Z3
[034mProved lq (min var0_0 var0_1) var0_0 == lq var0_1 var0_0 without induction[0m using Z3
[034mProved min var0_0 (Succ var0_0) == var0_0 without induction[0m using Z3
[034mProved lq (min var0_0 var0_1) (Succ var0_0) == True without induction[0m using Z3
[034mProved min (Succ var0_0) (Succ var0_1) == Succ (min var0_0 var0_1) without induction[0m using Z3
[034mProved min var0_0 (ite2 var0_1 var0_0 var0_2) == ite2 var0_1 var0_0 (min var0_0 var0_2) without induction[0m using Z3
[034mProved ite2 var0_0 (min var0_1 var0_2) var0_1 == min var0_1 (ite2 var0_0 var0_2 var0_1) without induction[0m using Z3
[034mProved ite2 (lq var0_0 var0_1) var0_0 var0_1 == min var0_0 var0_1 without induction[0m using Z3
[034mProved min var0_0 (ite2 var0_1 var0_2 Zero) == min var0_2 (ite2 var0_1 var0_0 Zero) without induction[0m using Z3
[034mProved min var0_0 (ite2 var0_1 Zero var0_2) == min var0_2 (ite2 var0_1 Zero var0_0) without induction[0m using Z3
[034mProved ite2 var0_0 Zero (min var0_1 var0_2) == min var0_1 (ite2 var0_0 Zero var0_2) without induction[0m using Z3
[034mProved ite2 var0_0 (min var0_1 var0_2) Zero == min var0_1 (ite2 var0_0 var0_2 Zero) without induction[0m using Z3
[034m[1mProved ite2 (lq var0_0 var0_1) (Succ var0_0) var0_1 == min var0_1 (Succ var0_0) by induction on var0_0[0m using Z3
Failed to prove min (tf7 var0_0) (tf7 var0_1) == tf7 (Concat var0_0 var0_1)
Failed to prove min (tf7 var0_0) (tf7 var0_1) == tf7 (Concat var0_1 var0_0)
[034m[1mProved tf3 (tf3 var0_0 var0_1) var0_2 == tf3 var0_0 (tf3 var0_1 var0_2) by induction on var0_2[0m using Z3
Failed to prove tf1 (Cons Zero var0_0) == Zero
Failed to prove min var0_0 (tf1 var0_1) == tf1 (Cons var0_0 var0_1)
Failed to prove min (tf1 var0_0) var0_1 == tf1 (Cons var0_1 var0_0)
Failed to prove min (tf1 var0_0) (min var0_1 var0_1) == tf1 (Cons var0_1 var0_0)
Failed to prove min (min var0_0 var0_0) (tf1 var0_1) == tf1 (Cons var0_0 var0_1)
Failed to prove min (ite2 var0_0 var0_1 var0_1) (tf1 var0_2) == tf1 (Cons var0_1 var0_2)
Failed to prove min (tf1 var0_0) (ite2 var0_1 var0_2 var0_2) == tf1 (Cons var0_2 var0_0)
Failed to prove tf1 (tf3 var0_0 var0_1) == tf1 (tf3 var0_1 var0_0)
Failed to prove tf1 (tf3 var0_0 var0_0) == tf1 var0_0
Failed to prove main (Concat var0_0 var0_1) == main (Concat var0_1 var0_0)
Failed to prove main (Concat var0_0 var0_0) == main var0_0
Failed to prove main var0_0 == tf7 var0_0
Failed to prove main (Concat var0_0 var0_1) == tf7 (Concat var0_0 var0_1)
Failed to prove min (tf1 var0_0) (tf1 var0_1) == tf1 (tf3 var0_0 var0_1)
Failed to prove spec (Cons Zero var0_0) == Zero
Failed to prove spec (tf3 var0_0 var0_1) == tf1 (tf3 var0_1 var0_0)
Failed to prove spec (tf3 var0_0 var0_0) == tf1 var0_0
Failed to prove tf0 (Cons Zero var0_0) == Zero
Failed to prove tf0 (tf3 var0_0 var0_1) == tf1 (tf3 var0_1 var0_0)
Failed to prove tf0 (tf3 var0_0 var0_0) == tf1 var0_0
Merry-go-round!
Failed to prove optimize {- main inp0 == mainNew inp0 -}
Failed to prove min (tf7 var0_0) (tf7 var0_1) == tf7 (Concat var0_0 var0_1)
Failed to prove min (tf7 var0_0) (tf7 var0_1) == tf7 (Concat var0_1 var0_0)
Failed to prove tf1 (Cons Zero var0_0) == Zero
Failed to prove min var0_0 (tf1 var0_1) == tf1 (Cons var0_0 var0_1)
Failed to prove min (tf1 var0_0) var0_1 == tf1 (Cons var0_1 var0_0)
Failed to prove min (tf1 var0_0) (min var0_1 var0_1) == tf1 (Cons var0_1 var0_0)
Failed to prove min (min var0_0 var0_0) (tf1 var0_1) == tf1 (Cons var0_0 var0_1)
Failed to prove min (ite2 var0_0 var0_1 var0_1) (tf1 var0_2) == tf1 (Cons var0_1 var0_2)
Failed to prove min (tf1 var0_0) (ite2 var0_1 var0_2 var0_2) == tf1 (Cons var0_2 var0_0)
Failed to prove tf1 (tf3 var0_0 var0_1) == tf1 (tf3 var0_1 var0_0)
Failed to prove tf1 (tf3 var0_0 var0_0) == tf1 var0_0
Failed to prove main (Concat var0_0 var0_1) == main (Concat var0_1 var0_0)
Failed to prove main (Concat var0_0 var0_0) == main var0_0
Failed to prove main var0_0 == tf7 var0_0
Failed to prove main (Concat var0_0 var0_1) == tf7 (Concat var0_0 var0_1)
Failed to prove min (tf1 var0_0) (tf1 var0_1) == tf1 (tf3 var0_0 var0_1)
Failed to prove spec (Cons Zero var0_0) == Zero
