File processed.
Depth 1: 16 terms, 100 tests, 438 evaluations, 13 classes, 3 raw equations.
Depth 2: 268 terms, 100 tests, 14969 evaluations, 162 classes, 106 raw equations.
Depth 3: 25857 terms, 1600 tests, 5866891 evaluations, 9886 classes, 15971 raw equations.
QuickSpec done, 9886 classes, 15971 equations.
Failed to prove optimize {- main inp0 == mainNew inp0 -}
Failed to prove var0_0 == var0_1
[034m[1mProved Null == var0_0 by induction on var0_0[0m using Z3
[034m[1mProved plus var0_0 var0_1 == plus var0_1 var0_0 by induction on var0_1,var0_0[0m using Z3
[034m[1mProved plus var0_0 (plus var0_1 var0_2) == plus var0_1 (plus var0_0 var0_2) by induction on var0_2[0m using Z3
[034m[1mProved nateq var0_0 var0_1 == nateq var0_1 var0_0 by induction on var0_0[0m using Z3
[034m[1mProved nateq var0_0 var0_0 == True by induction on var0_0[0m using Z3
[034m[1mProved nateq var0_0 (Succ var0_0) == False by induction on var0_0[0m using Z3
[034m[1mProved nateq var0_0 (plus var0_0 var0_1) == nateq var0_1 Zero by induction on var0_0[0m using Z3
[034m[1mProved nateq (plus var0_0 var0_1) (plus var0_0 var0_2) == nateq var0_1 var0_2 by induction on var0_1[0m using Z3
[034mProved nateq (plus var0_0 var0_1) (Succ var0_1) == nateq (plus var0_0 var0_2) (Succ var0_2) without induction[0m using Z3
[034m[1mProved nateq (plus var0_0 var0_0) (plus var0_1 var0_1) == nateq var0_0 var0_1 by induction on var0_0,var0_1[0m using Z3
[034m[1mProved nateq (plus var0_0 var0_0) (Succ Zero) == False by induction on var0_0[0m using Z3
[034m[1mProved lq var0_0 var0_0 == False by induction on var0_0[0m using Z3
[034mProved lq var0_0 Zero == False without induction[0m using Z3
[034m[1mProved lq var0_0 (Succ var0_0) == True by induction on var0_0[0m using Z3
[034m[1mProved lq (Succ var0_0) var0_0 == False by induction on var0_0[0m using Z3
[034m[1mProved lq var0_0 (plus var0_0 var0_1) == lq Zero var0_1 by induction on var0_0[0m using Z3
[034m[1mProved lq (plus var0_0 var0_1) var0_0 == False by induction on var0_0[0m using Z3
[034m[1mProved lq (plus var0_0 var0_1) (plus var0_0 var0_2) == lq var0_1 var0_2 by induction on var0_2[0m using Z3
[034m[1mProved lq (plus var0_0 var0_1) (Succ var0_1) == lq (plus var0_0 var0_2) (Succ var0_2) by induction on var0_1[0m using Z3
[034m[1mProved lq (Succ var0_0) (plus var0_0 var0_1) == lq (Succ var0_2) (plus var0_2 var0_1) by induction on var0_1[0m using Z3
[034m[1mProved lq (plus var0_0 var0_0) (plus var0_1 var0_1) == lq var0_0 var0_1 by induction on var0_0,var0_1[0m using Z3
[034mProved lq (plus var0_0 var0_0) (Succ Zero) == lq (plus var0_0 var0_1) (Succ var0_1) without induction[0m using Z3
[034m[1mProved lq (Succ Zero) (plus var0_0 var0_0) == lq Zero var0_0 by induction on var0_0[0m using Z3
[034m[1mProved lq (plus var0_0 var0_1) (Succ var0_0) == nateq var0_1 Zero by induction on var0_1[0m using Z3
Failed to prove tf1 (Node var0_0 var0_1 var0_2) == tf1 (Node var0_0 var0_2 var0_1)
[034mProved tf1 (Node var0_0 var0_1 var0_2) == tf1 (Node var0_0a var0_1 var0_2) without induction[0m using Z3
Failed to prove tf1 (Node var0_0 var0_1 var0_2) == tf1 (Node var0_0a var0_2 var0_1)
[034mProved Succ (tf1 var0_0) == tf1 (Node var0_1 var0_0 var0_0) without induction[0m using Z3
Failed to prove tf1 (Node Zero var0_0 var0_1) == tf1 (Node var0_2 var0_1 var0_0)
Failed to prove tf3 (Node var0_0 var0_1 var0_2) == tf3 (Node var0_0 var0_2 var0_1)
Failed to prove tf3 (Node var0_0 var0_1 var0_2) == tf3 (Node var0_0a var0_1 var0_2)
Failed to prove tf3 (Node var0_0 var0_1 var0_2) == tf3 (Node var0_0a var0_2 var0_1)
Failed to prove tf3 (Node var0_0 var0_1 var0_1) == tf3 var0_1
Failed to prove tf3 (Node Zero var0_0 var0_1) == tf3 (Node var0_2 var0_0 var0_1)
Failed to prove tf3 (Node Zero var0_0 var0_1) == tf3 (Node var0_2 var0_1 var0_0)
Failed to prove tf3 (Node Zero var0_0 var0_0) == tf3 var0_0
Failed to prove tf2 (Node var0_0 var0_1 var0_2) == tf3 (Node var0_0 var0_2 var0_1)
Failed to prove tf2 (Node var0_0 var0_1 var0_2) == tf3 (Node var0_0a var0_1 var0_2)
Failed to prove tf2 (Node var0_0 var0_1 var0_2) == tf3 (Node var0_0a var0_2 var0_1)
Failed to prove tf2 (Node var0_0 var0_1 var0_1) == tf3 var0_1
Failed to prove tf2 (Node Zero var0_0 var0_1) == tf3 (Node var0_2 var0_0 var0_1)
Failed to prove tf2 (Node Zero var0_0 var0_1) == tf3 (Node var0_2 var0_1 var0_0)
Failed to prove tf2 (Node Zero var0_0 var0_0) == tf3 var0_0
Failed to prove balanced (Node var0_0 var0_1 var0_2) == tf3 (Node var0_0 var0_2 var0_1)
