File processed.
Depth 1: 11 terms, 100 tests, 423 evaluations, 8 classes, 3 raw equations.
Depth 2: 119 terms, 100 tests, 7172 evaluations, 73 classes, 46 raw equations.
Depth 3: 4050 terms, 1600 tests, 470809 evaluations, 1573 classes, 2477 raw equations.
QuickSpec done, 1573 classes, 2477 equations.
Failed to prove optimize {- main inp0 == mainNew inp0 -}
Failed to prove var0_0 == var0_1
[034m[1mProved Null == var0_0 by induction on var0_0[0m using Z3
[034m[1mProved plus var0_0 var0_1 == plus var0_1 var0_0 by induction on var0_1,var0_0[0m using Z3
[034m[1mProved plus var0_0 (plus var0_1 var0_2) == plus var0_1 (plus var0_0 var0_2) by induction on var0_2[0m using Z3
[034m[1mProved tf1 var0_0 (Node var0_1 var0_2 var0_0a) == tf1 var0_0 (Node var0_1 var0_0a var0_2) by induction on var0_0a,var0_2[0m using Z3
[034m[1mProved tf1 var0_0 (Node var0_1 var0_2 var0_0a) == tf1 var0_1 (Node var0_0 var0_2 var0_0a) by induction on var0_0a[0m using Z3
[034m[1mProved plus var0_0 (tf1 var0_1 var0_2) == plus var0_1 (tf1 var0_0 var0_2) by induction on var0_2[0m using Z3
Failed to prove tf1 var0_0 (Node var0_1 var0_2 var0_2) == plus var0_0 (tf1 var0_1 var0_2)
Failed to prove tf1 var0_0 (Node var0_1 var0_2 var0_2) == plus var0_1 (tf1 var0_0 var0_2)
[034m[1mProved tf1 (plus var0_0 var0_1) var0_2 == plus var0_0 (tf1 var0_1 var0_2) by induction on var0_2[0m using Z3
Failed to prove tf1 var0_0 (Node var0_0 var0_1 var0_1) == plus var0_0 (tf1 var0_0 var0_1)
[034mProved tf1 (Succ var0_0) (Node var0_1 var0_2 var0_0a) == tf1 (Succ var0_1) (Node var0_0 var0_2 var0_0a) without induction[0m using Z3
Failed to prove plus (tf1 var0_0 var0_1) (tf1 var0_2 var0_1) == plus var0_0 (tf1 var0_2 var0_1)
Failed to prove plus (tf1 var0_0 var0_1) (tf1 var0_2 var0_1) == plus var0_2 (tf1 var0_0 var0_1)
Failed to prove tf1 (Succ var0_0) (Node var0_1 var0_2 var0_2) == plus (tf1 var0_0 var0_2) (Succ var0_1)
Failed to prove tf1 (Succ var0_0) (Node var0_1 var0_2 var0_2) == plus (tf1 var0_1 var0_2) (Succ var0_0)
Failed to prove plus (tf1 var0_0 var0_1) (tf1 var0_0 var0_1) == plus var0_0 (tf1 var0_0 var0_1)
Failed to prove tf1 (Succ var0_0) (Node var0_0 var0_1 var0_1) == plus (tf1 var0_0 var0_1) (Succ var0_0)
Failed to prove tf0 var0_0 (Node var0_1 var0_2 var0_2) == plus var0_0 (tf1 var0_1 var0_2)
Failed to prove tf0 var0_0 (Node var0_1 var0_2 var0_2) == plus var0_1 (tf1 var0_0 var0_2)
Failed to prove tf0 var0_0 (Node var0_0 var0_1 var0_1) == plus var0_0 (tf1 var0_0 var0_1)
Failed to prove tf0 (Succ var0_0) (Node var0_1 var0_2 var0_2) == plus (tf1 var0_0 var0_2) (Succ var0_1)
Failed to prove tf0 (Succ var0_0) (Node var0_1 var0_2 var0_2) == plus (tf1 var0_1 var0_2) (Succ var0_0)
Failed to prove tf0 (Succ var0_0) (Node var0_0 var0_1 var0_1) == plus (tf1 var0_0 var0_1) (Succ var0_0)
[034mProved plus (spec var0_0) var0_1 == tf1 var0_1 var0_0 without induction[0m using Z3
[034mProved tf1 (spec var0_0) (Node var0_1 var0_2 var0_0a) == tf1 (spec var0_0) (Node var0_1 var0_0a var0_2) without induction[0m using Z3
[034mProved tf1 (spec var0_0) (Node var0_1 var0_2 var0_0a) == tf1 (spec var0_2) (Node var0_1 var0_0 var0_0a) without induction[0m using Z3
Failed to prove tf1 (spec var0_0) (Node var0_1 var0_0 var0_2) == spec (Node var0_1 var0_0 var0_2)
Failed to prove tf1 (spec var0_0) (Node var0_1 var0_2 var0_0) == spec (Node var0_1 var0_0 var0_2)
Failed to prove tf1 (spec var0_0) (Node var0_1 var0_2 var0_2) == spec (Node var0_1 var0_0 var0_2)
Failed to prove tf1 (spec var0_0) (Node var0_1 var0_2 var0_2) == spec (Node var0_1 var0_2 var0_0)
Failed to prove tf1 (spec var0_0) (Node var0_1 var0_2 var0_0) == spec (Node var0_1 var0_2 var0_0)
Failed to prove tf1 (spec var0_0) (Node var0_1 var0_0 var0_2) == spec (Node var0_1 var0_2 var0_0)
[034mProved plus (spec var0_0) (spec var0_1) == tf1 (spec var0_0) var0_1 without induction[0m using Z3
Failed to prove tf1 (spec var0_0) (Node var0_1 var0_0 var0_0) == spec (Node var0_1 var0_0 var0_0)
[034mProved tf1 (Succ Zero) var0_0 == Succ (spec var0_0) without induction[0m using Z3
Failed to prove tf1 (Succ var0_0) (Node Zero var0_1 var0_2) == tf1 (spec var0_1) (Node var0_0a var0_1a var0_2)
[034mProved tf0 (spec var0_0) var0_1 == tf1 (spec var0_0) var0_1 without induction[0m using Z3
Failed to prove tf0 (spec var0_0) (Node var0_1 var0_0 var0_2) == spec (Node var0_1 var0_0 var0_2)
Failed to prove tf0 (spec var0_0) (Node var0_1 var0_2 var0_0) == spec (Node var0_1 var0_0 var0_2)
Failed to prove tf0 (spec var0_0) (Node var0_1 var0_2 var0_2) == spec (Node var0_1 var0_0 var0_2)
Failed to prove tf0 (spec var0_0) (Node var0_1 var0_2 var0_2) == spec (Node var0_1 var0_2 var0_0)
Failed to prove tf0 (spec var0_0) (Node var0_1 var0_2 var0_0) == spec (Node var0_1 var0_2 var0_0)
