File processed.
Depth 1: 18 terms, 7 tests, 55 evaluations, 18 classes, 0 raw equations.
Depth 2: 293 terms, 100 tests, 15550 evaluations, 192 classes, 101 raw equations.
Depth 3: 37224 terms, 3200 tests, 4669693 evaluations, 13429 classes, 23795 raw equations.
QuickSpec done, 13429 classes, 23795 equations.
Failed to prove optimize {- main inp0 == mainNew inp0 -}
[034mProved ite2 var0_0 var0_1 var0_1 == var0_1 without induction[0m using Z3
[034mProved ite2 var0_0 var0_1 (ite2 var0_0 var0_2 var0_0a) == ite2 var0_0 var0_1 var0_0a without induction[0m using Z3
[034mProved ite2 var0_0 var0_1 (ite2 var0_2 var0_1 var0_0a) == ite2 var0_2 var0_1 (ite2 var0_0 var0_1 var0_0a) without induction[0m using Z3
[034mProved ite2 var0_0 (ite2 var0_1 var0_2 var0_0a) var0_2 == ite2 var0_1 var0_2 (ite2 var0_0 var0_0a var0_2) without induction[0m using Z3
[034mProved ite2 var0_0 (ite2 var0_1 var0_2 var0_0a) var0_0a == ite2 var0_1 (ite2 var0_0 var0_2 var0_0a) var0_0a without induction[0m using Z3
[034mProved ite2 var0_0 (ite2 var0_0 var0_1 var0_2) var0_0a == ite2 var0_0 var0_1 var0_0a without induction[0m using Z3
[034mProved ite2 var0_0 (Succ var0_1) (Succ var0_2) == Succ (ite2 var0_0 var0_1 var0_2) without induction[0m using Z3
[034m[1mProved gq var0_0 var0_0 == False by induction on var0_0[0m using Z3
[034m[1mProved gq var0_0 (Succ var0_0) == False by induction on var0_0[0m using Z3
[034m[1mProved gq (Succ var0_0) var0_0 == True by induction on var0_0[0m using Z3
[034mProved gq (ite2 var0_0 var0_1 var0_2) var0_1 == gq var0_2 (ite2 var0_0 var0_2 var0_1) without induction[0m using Z3
[034mProved gq (ite2 var0_0 var0_1 var0_2) var0_2 == gq var0_1 (ite2 var0_0 var0_2 var0_1) without induction[0m using Z3
[034mProved ite2 (gq var0_0 var0_1) var0_2 var0_2 == var0_2 without induction[0m using Z3
[034m[1mProved ite2 (gq var0_0 var0_1) var0_1 var0_0 == ite2 (gq var0_1 var0_0) var0_0 var0_1 by induction on var0_0[0m using Z3
[034mProved ite2 (gq var0_0 var0_1) var0_0 var0_1 == ite2 (gq var0_1 var0_0) var0_1 var0_0 without induction[0m using Z3
Failed to prove gq (ite2 var0_0 var0_1 var0_2) (Succ var0_1) == gq var0_2 (ite2 var0_0 var0_2 var0_1)
[034mProved gq (ite2 var0_0 var0_1 Zero) var0_2 == gq var0_1 (ite2 var0_0 var0_2 var0_1) without induction[0m using Z3
[034mProved gq (ite2 var0_0 Zero var0_1) var0_2 == gq var0_1 (ite2 var0_0 var0_1 var0_2) without induction[0m using Z3
[034mProved gq (Succ var0_0) (ite2 var0_1 var0_2 Zero) == gq (Succ var0_0) (ite2 var0_1 var0_2 var0_0) without induction[0m using Z3
[034mProved gq (Succ var0_0) (ite2 var0_1 Zero var0_2) == gq (Succ var0_0) (ite2 var0_1 var0_0 var0_2) without induction[0m using Z3
[034mProved gq (ite2 var0_0 var0_1 Zero) (Succ var0_2) == gq (ite2 var0_0 var0_1 var0_2) (Succ var0_2) without induction[0m using Z3
[034mProved gq (ite2 var0_0 Zero var0_1) (Succ var0_2) == gq (ite2 var0_0 var0_2 var0_1) (Succ var0_2) without induction[0m using Z3
Failed to prove gq (ite2 var0_0 Zero var0_1) (Succ var0_2) == gq var0_1 (ite2 var0_0 var0_1 var0_2)
[034mProved ite2 (gq var0_0 Zero) var0_1 Zero == ite2 (gq var0_0 Zero) var0_1 var0_0 without induction[0m using Z3
[034mProved ite2 (gq var0_0 Zero) var0_1 (Succ Zero) == ite2 (gq var0_0 Zero) var0_1 (Succ var0_0) without induction[0m using Z3
[034m[1mProved lq var0_0 var0_0 == False by induction on var0_0[0m using Z3
[034mProved lq var0_0 Zero == False without induction[0m using Z3
[034m[1mProved lq var0_0 (Succ var0_0) == True by induction on var0_0[0m using Z3
[034m[1mProved lq (Succ var0_0) var0_0 == False by induction on var0_0[0m using Z3
[034m[1mProved gq var0_0 var0_1 == lq var0_1 var0_0 by induction on var0_1[0m using Z3
Failed to prove lq (Succ var0_0) (ite2 var0_1 var0_0 var0_2) == lq var0_0 (ite2 var0_1 var0_0 var0_2)
Failed to prove lq (Succ var0_0) (ite2 var0_1 Zero var0_2) == lq var0_0 (ite2 var0_1 var0_0 var0_2)
[034m[1mProved nateq var0_0 var0_1 == nateq var0_1 var0_0 by induction on var0_0[0m using Z3
[034m[1mProved nateq var0_0 var0_0 == True by induction on var0_0[0m using Z3
[034m[1mProved nateq var0_0 (Succ var0_0) == False by induction on var0_0[0m using Z3
[034mProved nateq var0_0 (ite2 var0_1 var0_2 var0_0) == nateq var0_2 (ite2 var0_1 var0_0 var0_2) without induction[0m using Z3
[034mProved nateq var0_0 (ite2 var0_1 var0_0 var0_2) == nateq var0_2 (ite2 var0_1 var0_2 var0_0) without induction[0m using Z3
[034m[1mProved ite2 (nateq var0_0 var0_1) var0_1 var0_2 == ite2 (nateq var0_0 var0_1) var0_0 var0_2 by induction on var0_1[0m using Z3
