File processed.
Depth 1: 15 terms, 5 tests, 39 evaluations, 15 classes, 0 raw equations.
Depth 2: 303 terms, 200 tests, 20529 evaluations, 166 classes, 137 raw equations.
Depth 3: 28366 terms, 1600 tests, 6219295 evaluations, 11661 classes, 16705 raw equations.
QuickSpec done, 11661 classes, 16705 equations.
Failed to prove optimize {- main inp0 == mainNew inp0 -}
[034m[1mProved tf12 var0_0 == var0_0 by induction on var0_0[0m using Z3
Failed to prove tf13 var0_0 (tf13 var0_1 var0_2) == tf13 var0_1 var0_2
Failed to prove tf13 (tf13 var0_0 var0_1) var0_2 == tf13 var0_1 var0_2
[034mProved tf13 (tf13 var0_0 var0_1) var0_2 == tf13 var0_0 (tf13 var0_1 var0_2) without induction[0m using Z3
Failed to prove tf13 var0_0 (tf13 var0_1 var0_0) == tf13 var0_1 var0_0
Failed to prove tf13 (tf13 var0_0 var0_1) var0_0 == tf13 var0_1 var0_0
Failed to prove tf13 (Concat var0_0 var0_1) (tf13 var0_0 var0_2) == tf13 var0_0 var0_2
Failed to prove tf13 (Concat var0_0 var0_1) (tf13 var0_1 var0_2) == tf13 var0_1 var0_2
Failed to prove tf13 (Concat var0_0 var0_1) (tf13 var0_2 var0_0) == tf13 var0_2 var0_0
Failed to prove tf13 (Concat var0_0 var0_1) (tf13 var0_2 var0_1) == tf13 var0_2 var0_1
Failed to prove tf13 (tf13 var0_0 var0_1) (tf13 var0_0 var0_2) == tf13 var0_0 var0_2
Failed to prove tf13 (tf13 var0_0 var0_1) (tf13 var0_1 var0_2) == tf13 var0_1 var0_2
Failed to prove tf13 (tf13 var0_0 var0_1) (tf13 var0_2 var0_0) == tf13 var0_2 var0_0
Failed to prove tf13 (tf13 var0_0 var0_1) (tf13 var0_2 var0_1) == tf13 var0_2 var0_1
Failed to prove tf13 (tf13 var0_0 var0_1) (tf13 var0_0 var0_2) == tf13 var0_1 (tf13 var0_0 var0_2)
Failed to prove tf13 (tf13 var0_0 var0_1) (tf13 var0_2 var0_0) == tf13 var0_1 (tf13 var0_2 var0_0)
[034mProved tf13 (tf13 var0_0 var0_1) (tf13 var0_2 var0_1) == tf13 var0_0 (tf13 var0_2 var0_1) without induction[0m using Z3
Failed to prove tf13 (Single var0_0) (tf13 var0_1 var0_2) == tf13 var0_1 var0_2
Failed to prove tf13 (Concat var0_0 var0_0) (tf13 var0_1 var0_2) == tf13 var0_1 var0_2
Failed to prove tf13 (Concat var0_0 var0_1) (tf13 var0_0 var0_1) == tf13 var0_0 var0_1
Failed to prove tf13 (Concat var0_0 var0_1) (tf13 var0_1 var0_0) == tf13 var0_1 var0_0
Failed to prove tf13 (tf13 var0_0 var0_1) (tf13 var0_1 var0_0) == tf13 var0_1 var0_0
Failed to prove tf13 (Concat var0_0 var0_0) (tf13 var0_0 var0_1) == tf13 var0_0 var0_1
Failed to prove tf13 (Concat var0_0 var0_0) (tf13 var0_1 var0_0) == tf13 var0_1 var0_0
Failed to prove tf13 (Single Zero) (tf13 var0_0 var0_1) == tf13 var0_0 var0_1
[034mProved and var0_0 var0_1 == and var0_1 var0_0 without induction[0m using Z3
[034mProved and var0_0 var0_0 == var0_0 without induction[0m using Z3
[034mProved and var0_0 (and var0_1 var0_2) == and var0_1 (and var0_0 var0_2) without induction[0m using Z3
[034mProved ite2 var0_0 var0_1 var0_1 == var0_1 without induction[0m using Z3
[034mProved ite2 var0_0 var0_1 (ite2 var0_0 var0_2 var0_0a) == ite2 var0_0 var0_1 var0_0a without induction[0m using Z3
[034mProved ite2 var0_0 var0_1 (ite2 var0_2 var0_1 var0_0a) == ite2 var0_2 var0_1 (ite2 var0_0 var0_1 var0_0a) without induction[0m using Z3
[034mProved ite2 var0_0 (ite2 var0_1 var0_2 var0_0a) var0_2 == ite2 var0_1 var0_2 (ite2 var0_0 var0_0a var0_2) without induction[0m using Z3
[034mProved ite2 var0_0 (ite2 var0_1 var0_2 var0_0a) var0_0a == ite2 var0_1 (ite2 var0_0 var0_2 var0_0a) var0_0a without induction[0m using Z3
