File processed.
Depth 1: 22 terms, 100 tests, 469 evaluations, 19 classes, 3 raw equations.
Depth 2: 251 terms, 100 tests, 11553 evaluations, 171 classes, 80 raw equations.
Depth 3: 23258 terms, 400 tests, 1885817 evaluations, 10241 classes, 13017 raw equations.
QuickSpec done, 10241 classes, 13017 equations.
Failed to prove optimize {- main inp0 == mainNew inp0 -}
Failed to prove var0_0 == var0_1
[034m[1mProved Null == var0_0 by induction on var0_0[0m using Z3
[034mProved MakeTuple3 (fst3 var0_0) (snd3 var0_0) == var0_0 without induction[0m using Z3
[034m[1mProved tf1 (tf1 var0_0 var0_1) var0_2 == tf1 var0_0 (tf1 var0_1 var0_2) by induction on var0_2[0m using Z3
[034m[1mProved tf1 (Nil var0_0) var0_1 == var0_1 by induction on var0_1[0m using Z3
[034m[1mProved plus var0_0 var0_1 == plus var0_1 var0_0 by induction on var0_1,var0_0[0m using Z3
[034m[1mProved plus var0_0 (plus var0_1 var0_2) == plus var0_1 (plus var0_0 var0_2) by induction on var0_2[0m using Z3
[034m[1mProved lq var0_0 var0_0 == False by induction on var0_0[0m using Z3
[034mProved lq var0_0 Zero == False without induction[0m using Z3
[034m[1mProved lq var0_0 (Succ var0_0) == True by induction on var0_0[0m using Z3
[034m[1mProved lq (Succ var0_0) var0_0 == False by induction on var0_0[0m using Z3
[034mProved max var0_0 == var0_0 without induction[0m using Z3
[034m[1mProved lq var0_0 (plus var0_0 var0_1) == lq Zero var0_1 by induction on var0_0[0m using Z3
[034m[1mProved lq (plus var0_0 var0_1) var0_0 == False by induction on var0_0[0m using Z3
[034m[1mProved lq (plus var0_0 var0_1) (plus var0_0 var0_2) == lq var0_1 var0_2 by induction on var0_2[0m using Z3
[034m[1mProved lq (plus var0_0 var0_1) (Succ var0_1) == lq (plus var0_0 var0_2) (Succ var0_2) by induction on var0_1[0m using Z3
[034m[1mProved lq (Succ var0_0) (plus var0_0 var0_1) == lq (Succ var0_2) (plus var0_2 var0_1) by induction on var0_1[0m using Z3
[034m[1mProved lq (plus var0_0 var0_0) (plus var0_1 var0_1) == lq var0_0 var0_1 by induction on var0_0,var0_1[0m using Z3
[034mProved lq (plus var0_0 var0_0) (Succ Zero) == lq (plus var0_0 var0_1) (Succ var0_1) without induction[0m using Z3
[034mProved lq (Succ Zero) (plus var0_0 var0_0) == lq Zero var0_0 without induction[0m using Z3
Failed to prove tf5 (Cons Zero var0_0) == tf5 var0_0
Failed to prove fst3 (tf5 var0_0) == snd3 (tf5 var0_0)
Failed to prove tf4 (Cons Zero var0_0) == tf5 var0_0
Failed to prove plus var0_0 (spec var0_1) == spec (Cons var0_0 var0_1)
Failed to prove plus (spec var0_0) var0_1 == spec (Cons var0_1 var0_0)
[034mProved spec (Nil var0_0) == Zero without induction[0m using Z3
Failed to prove spec (Cons Zero var0_0) == spec var0_0
Failed to prove MakeTuple3 (spec var0_0) (spec var0_0) == tf5 var0_0
[034m[1mProved snd3 (tf5 var0_0) == spec var0_0 by induction on var0_0[0m using Z3
[034m[1mProved tf5 (tf1 var0_0 var0_1) == tf5 (tf1 var0_1 var0_0) by induction on var0_1,var0_0[0m using Z3
[034m[1mProved plus (spec var0_0) (spec var0_1) == spec (tf1 var0_0 var0_1) by induction on var0_1[0m using Z3
[034mProved main (Concat var0_0 var0_1) == main (Concat var0_1 var0_0) without induction[0m using Z3
[034mProved plus (main var0_0) var0_1 == plus var0_1 (main var0_0) without induction[0m using Z3
[034mProved main (Cnil var0_0) == Zero without induction[0m using Z3
[034mProved main (Single var0_0) == var0_0 without induction[0m using Z3
[034mProved plus (main var0_0) (main var0_1) == main (Concat var0_0 var0_1) without induction[0m using Z3
[034mProved plus Zero (main var0_0) == main var0_0 without induction[0m using Z3
[034mProved MakeTuple3 (main var0_0) (main var0_0) == tf5 (tf3 var0_0) without induction[0m using Z3
[034mProved lq (main var0_0) Zero == False without induction[0m using Z3
[034mProved lq (main var0_0) (main var0_0) == False without induction[0m using Z3
[034mProved plus (main var0_0) (Succ Zero) == Succ (main var0_0) without induction[0m using Z3
[034mProved max (main var0_0) == main var0_0 without induction[0m using Z3
Failed to prove tf7 (Concat var0_0 var0_1) == tf7 (Concat var0_1 var0_0)
[034mProved tf7 (Single var0_0) == MakeTuple3 var0_0 var0_0 without induction[0m using Z3
Failed to prove fst3 (tf7 var0_0) == snd3 (tf7 var0_0)
[034m[1mProved tf5 (tf3 var0_0) == tf7 var0_0 by induction on var0_0[0m using Z3
[034mProved snd3 (tf7 var0_0) == main var0_0 without induction[0m using Z3
[034mProved spec (tf3 var0_0) == fst3 (tf7 var0_0) without induction[0m using Z3
[034mProved tf6 (Concat var0_0 var0_1) == tf7 (Concat var0_1 var0_0) without induction[0m using Z3
[034mProved mainNew (Concat var0_0 var0_1) == mainNew (Concat var0_1 var0_0) without induction[0m using Z3
[034mProved mainNew (Cnil var0_0) == Zero without induction[0m using Z3
[034mProved mainNew (Single var0_0) == var0_0 without induction[0m using Z3
[034mProved plus (mainNew var0_0) (mainNew var0_1) == mainNew (Concat var0_0 var0_1) without induction[0m using Z3
[034mProved MakeTuple3 (mainNew var0_0) (mainNew var0_0) == tf7 var0_0 without induction[0m using Z3
[034m[1mProved main var0_0 == mainNew var0_0 by induction on var0_0[0m using Z3
[034mProved ite2 var0_0 var0_1 var0_1 == var0_1 without induction[0m using Z3
[034mProved ite2 var0_0 var0_1 (ite2 var0_0 var0_2 var0_0a) == ite2 var0_0 var0_1 var0_0a without induction[0m using Z3
[034mProved ite2 var0_0 var0_1 (ite2 var0_2 var0_1 var0_0a) == ite2 var0_2 var0_1 (ite2 var0_0 var0_1 var0_0a) without induction[0m using Z3
[034mProved ite2 var0_0 (ite2 var0_1 var0_2 var0_0a) var0_2 == ite2 var0_1 var0_2 (ite2 var0_0 var0_0a var0_2) without induction[0m using Z3
[034mProved ite2 var0_0 (ite2 var0_1 var0_2 var0_0a) var0_0a == ite2 var0_1 (ite2 var0_0 var0_2 var0_0a) var0_0a without induction[0m using Z3
[034mProved ite2 var0_0 (ite2 var0_0 var0_1 var0_2) var0_0a == ite2 var0_0 var0_1 var0_0a without induction[0m using Z3
[034m[1mProved ite2 var0_0 (Succ var0_1) (Succ var0_2) == Succ (ite2 var0_0 var0_1 var0_2) by induction on var0_0[0m using Z3
[034m[1mProved plus var0_0 (ite2 var0_1 var0_2 Zero) == ite2 var0_1 (plus var0_0 var0_2) var0_0 by induction on var0_1[0m using Z3
[034m[1mProved plus var0_0 (ite2 var0_1 Zero var0_2) == ite2 var0_1 var0_0 (plus var0_0 var0_2) by induction on var0_1[0m using Z3
[034mProved lq (ite2 var0_0 var0_1 var0_2) var0_1 == lq var0_2 (ite2 var0_0 var0_2 var0_1) without induction[0m using Z3
[034m[1mProved lq (ite2 var0_0 var0_1 var0_2) var0_2 == lq var0_1 (ite2 var0_0 var0_2 var0_1) by induction on var0_0[0m using Z3
[034m[1mProved ite2 (lq var0_0 var0_1) var0_1 var0_0 == ite2 (lq var0_1 var0_0) var0_0 var0_1 by induction on var0_1,var0_0[0m using Z3
[034m[1mProved ite2 (lq var0_0 var0_1) var0_0 var0_1 == ite2 (lq var0_1 var0_0) var0_1 var0_0 by induction on var0_1,var0_0[0m using Z3
[034m[1mProved lq var0_0 (ite2 var0_1 var0_2 Zero) == lq var0_0 (ite2 var0_1 var0_2 var0_0) by induction on var0_2,var0_1[0m using Z3
[034m[1mProved lq var0_0 (ite2 var0_1 Zero var0_2) == lq var0_0 (ite2 var0_1 var0_0 var0_2) by induction on var0_1[0m using Z3
[034m[1mProved lq (Succ var0_0) (ite2 var0_1 var0_2 Zero) == lq (Succ var0_0) (ite2 var0_1 var0_2 var0_0) by induction on var0_1[0m using Z3
[034m[1mProved lq (Succ var0_0) (ite2 var0_1 Zero var0_2) == lq (Succ var0_0) (ite2 var0_1 var0_0 var0_2) by induction on var0_1[0m using Z3
[034m[1mProved lq (ite2 var0_0 var0_1 Zero) (Succ var0_2) == lq (ite2 var0_0 var0_1 var0_2) (Succ var0_2) by induction on var0_0[0m using Z3
[034m[1mProved lq (ite2 var0_0 Zero var0_1) (Succ var0_2) == lq (ite2 var0_0 var0_2 var0_1) (Succ var0_2) by induction on var0_0[0m using Z3
[034m[1mProved ite2 (lq Zero var0_0) var0_1 Zero == ite2 (lq Zero var0_0) var0_1 var0_0 by induction on var0_0[0m using Z3
[034m[1mProved ite2 (lq Zero var0_0) var0_1 (Succ Zero) == ite2 (lq Zero var0_0) var0_1 (Succ var0_0) by induction on var0_0[0m using Z3
Failed to prove lq (ite2 var0_0 var0_1 var0_2) (spec var0_0a) == lq (ite2 var0_1a var0_1 var0_2) (spec var0_0a)
Failed to prove lq (ite2 var0_0 var0_1 var0_2) (spec var0_0a) == lq (ite2 var0_1a var0_2 var0_2a) (spec var0_0a)
Failed to prove lq (spec var0_0) (ite2 var0_1 var0_2 var0_0a) == lq (spec var0_0) (ite2 var0_1 var0_2 var0_1a)
Failed to prove lq (spec var0_0) (ite2 var0_1 var0_2 var0_0a) == lq (spec var0_0) var0_2
