File processed.
Depth 1: 14 terms, 100 tests, 426 evaluations, 11 classes, 3 raw equations.
Depth 2: 154 terms, 100 tests, 6217 evaluations, 113 classes, 41 raw equations.
Depth 3: 11176 terms, 800 tests, 880970 evaluations, 5581 classes, 5595 raw equations.
QuickSpec done, 5581 classes, 5595 equations.
Failed to prove optimize {- main inp0 == mainNew inp0 -}
Failed to prove var0_0 == var0_1
[034m[1mProved Null == var0_0 by induction on var0_0[0m using Z3
[034m[1mProved plus var0_0 var0_1 == plus var0_1 var0_0 by induction on var0_1,var0_0[0m using Z3
[034m[1mProved plus var0_0 (plus var0_1 var0_2) == plus var0_1 (plus var0_0 var0_2) by induction on var0_2[0m using Z3
[034m[1mProved times var0_0 var0_1 == times var0_1 var0_0 by induction on var0_1,var0_0[0m using Z3
[034m[1mProved times var0_0 (times var0_1 var0_2) == times var0_1 (times var0_0 var0_2) by induction on var0_1,var0_0[0m using Z3
[034m[1mProved times var0_0 (plus var0_1 var0_1) == times var0_1 (plus var0_0 var0_0) by induction on var0_0[0m using Z3
Failed to prove times (times var0_0 var0_1) (times var0_1 var0_2) == times var0_0 (times var0_1 var0_2)
Failed to prove times (times var0_0 var0_1) (times var0_2 var0_1) == times var0_0 (times var0_1 var0_2)
Failed to prove times (times var0_0 var0_1) (Succ var0_2) == times (times var0_0 var0_1) (plus var0_1 var0_2)
Failed to prove times (times var0_0 var0_1) (plus var0_2 var0_2) == times (times var0_0 var0_1) (times var0_2 var0_2)
Failed to prove times (times var0_0 var0_1) (times var0_2 var0_2) == times var0_0 (times var0_2 var0_1)
Failed to prove times (times var0_0 var0_1) (plus var0_2 var0_2) == times (times var0_0 var0_2) (times var0_1 var0_1)
Failed to prove times (times var0_0 var0_1) (times var0_0 var0_2) == times var0_1 (times var0_0 var0_2)
Failed to prove times (times var0_0 var0_1) (times var0_2 var0_0) == times var0_1 (times var0_0 var0_2)
Failed to prove times (times var0_0 var0_1) (Succ var0_2) == times (times var0_1 var0_0) (plus var0_0 var0_2)
Failed to prove times (times var0_0 var0_1) (plus var0_2 var0_2) == times (times var0_1 var0_0) (times var0_2 var0_2)
Failed to prove times (times var0_0 var0_1) (times var0_2 var0_0) == times var0_2 (times var0_0 var0_1)
Failed to prove times (times var0_0 var0_1) (times var0_0 var0_2) == times var0_2 (times var0_0 var0_1)
Failed to prove times (times var0_0 var0_1) (Succ var0_2) == times (times var0_0 var0_1) (plus var0_2 var0_0)
Failed to prove times (times var0_0 var0_1) (plus var0_2 var0_2) == times (times var0_2 var0_0) (times var0_1 var0_1)
Failed to prove times (times var0_0 var0_1) (times var0_2 var0_2) == times var0_1 (times var0_2 var0_0)
Failed to prove times (times var0_0 var0_1) (plus var0_2 var0_2) == times (times var0_1 var0_2) (times var0_0 var0_0)
Failed to prove times (times var0_0 var0_1) (times var0_2 var0_1) == times var0_2 (times var0_1 var0_0)
