File processed.
Depth 1: 19 terms, 100 tests, 448 evaluations, 16 classes, 3 raw equations.
Depth 2: 231 terms, 100 tests, 11925 evaluations, 142 classes, 89 raw equations.
Depth 3: 22799 terms, 400 tests, 1960038 evaluations, 8506 classes, 14293 raw equations.
QuickSpec done, 8506 classes, 14293 equations.
Failed to prove optimize {- main inp0 == mainNew inp0 -}
Failed to prove var0_0 == var0_1
[034m[1mProved Null == var0_0 by induction on var0_0[0m using Z3
[034m[1mProved tf5 var0_0 == var0_0 by induction on var0_0[0m using Z3
[034m[1mProved plus var0_0 var0_1 == plus var0_1 var0_0 by induction on var0_1,var0_0[0m using Z3
[034m[1mProved plus var0_0 (plus var0_1 var0_2) == plus var0_1 (plus var0_0 var0_2) by induction on var0_2[0m using Z3
[034mProved plus (tf1 var0_0) var0_1 == tf1 (Cons var0_1 var0_0) without induction[0m using Z3
[034mProved plus (tf1 var0_0) (tf1 var0_1) == plus (tf1 var0_1) (tf1 var0_0) without induction[0m using Z3
[034mProved tf1 (Cons Zero var0_0) == tf1 var0_0 without induction[0m using Z3
[034mProved plus (tf1 var0_0) (Succ Zero) == Succ (tf1 var0_0) without induction[0m using Z3
[034m[1mProved lq var0_0 var0_0 == False by induction on var0_0[0m using Z3
[034mProved lq var0_0 Zero == False without induction[0m using Z3
[034m[1mProved lq var0_0 (Succ var0_0) == True by induction on var0_0[0m using Z3
[034m[1mProved lq (Succ var0_0) var0_0 == False by induction on var0_0[0m using Z3
[034m[1mProved lq var0_0 (plus var0_0 var0_1) == lq Zero var0_1 by induction on var0_0[0m using Z3
[034m[1mProved lq (plus var0_0 var0_1) var0_0 == False by induction on var0_0[0m using Z3
[034m[1mProved lq (plus var0_0 var0_1) (plus var0_0 var0_2) == lq var0_1 var0_2 by induction on var0_2[0m using Z3
[034m[1mProved lq (plus var0_0 var0_1) (Succ var0_1) == lq (plus var0_0 var0_2) (Succ var0_2) by induction on var0_1[0m using Z3
[034m[1mProved lq (Succ var0_0) (plus var0_0 var0_1) == lq (Succ var0_2) (plus var0_2 var0_1) by induction on var0_1[0m using Z3
[034m[1mProved lq (plus var0_0 var0_0) (plus var0_1 var0_1) == lq var0_0 var0_1 by induction on var0_0,var0_1[0m using Z3
[034mProved lq (plus var0_0 var0_0) (Succ Zero) == lq (plus var0_0 var0_1) (Succ var0_1) without induction[0m using Z3
[034mProved lq (Succ Zero) (plus var0_0 var0_0) == lq Zero var0_0 without induction[0m using Z3
Failed to prove lq (tf1 var0_0) (plus var0_1 var0_2) == lq (tf1 var0_0) (plus var0_0a var0_2)
Failed to prove lq (tf1 var0_0) (plus var0_1 var0_2) == lq (tf1 var0_0) (plus var0_0a var0_1)
[034mProved lq (tf1 var0_0) Zero == False without induction[0m using Z3
[034mProved lq (tf1 var0_0) (tf1 var0_0) == False without induction[0m using Z3
[034m[1mProved tf1 var0_0 == tf3 var0_0 by induction on var0_0[0m using Z3
Failed to prove lq (tf3 var0_0) (plus var0_1 var0_2) == lq (tf3 var0_0) (plus var0_0a var0_2)
Failed to prove lq (tf3 var0_0) (plus var0_1 var0_2) == lq (tf3 var0_0) (plus var0_0a var0_1)
Failed to prove tf7 (Cons Zero var0_0) == tf7 var0_0
Failed to prove MakeTuple2 (tf3 var0_0) (tf3 var0_0) == tf7 var0_0
[034m[1mProved mainNew (Nil var0_0) == Zero by induction on var0_0[0m using Z3
Failed to prove mainNew (Cons Zero var0_0) == mainNew var0_0
Failed to prove mainNew var0_0 == tf1 var0_0
Failed to prove mainNew (Cons var0_0 var0_1) == tf1 (Cons var0_0 var0_1)
Failed to prove tf6 (Cons Zero var0_0) == tf7 var0_0
Failed to prove reprNew (Cons Zero var0_0) == tf7 var0_0
[034m[1mProved max var0_0 var0_1 == max var0_1 var0_0 by induction on var0_0[0m using Z3
[034mProved max var0_0 var0_0 == var0_0 without induction[0m using Z3
[034mProved max var0_0 Zero == var0_0 without induction[0m using Z3
[034m[1mProved max var0_0 (max var0_1 var0_2) == max var0_1 (max var0_0 var0_2) by induction on var0_2[0m using Z3
[034mProved lq var0_0 (max var0_0 var0_1) == lq var0_0 var0_1 without induction[0m using Z3
[034mProved max var0_0 (Succ var0_0) == Succ var0_0 without induction[0m using Z3
[034mProved lq (max var0_0 var0_1) (Succ var0_0) == lq var0_1 (Succ var0_0) without induction[0m using Z3
[034mProved max (Succ var0_0) (Succ var0_1) == Succ (max var0_0 var0_1) without induction[0m using Z3
[034mProved max var0_0 (plus var0_0 var0_1) == plus var0_0 var0_1 without induction[0m using Z3
Failed to prove max (plus var0_0 var0_1) (plus var0_0 var0_2) == plus var0_0 (max var0_1 var0_2)
Failed to prove max (plus var0_0 var0_1) (plus var0_1 var0_2) == plus var0_1 (max var0_0 var0_2)
Failed to prove max (plus var0_0 var0_1) (plus var0_2 var0_0) == plus var0_0 (max var0_1 var0_2)
Failed to prove max (plus var0_0 var0_1) (plus var0_2 var0_1) == plus var0_1 (max var0_0 var0_2)
Failed to prove max (plus var0_0 var0_1) (plus var0_0 var0_2) == plus var0_0 (max var0_2 var0_1)
Failed to prove max (plus var0_0 var0_1) (plus var0_2 var0_0) == plus var0_0 (max var0_2 var0_1)
Failed to prove max (plus var0_0 var0_1) (plus var0_2 var0_1) == plus var0_1 (max var0_2 var0_0)
Failed to prove max (plus var0_0 var0_1) (plus var0_1 var0_2) == plus var0_1 (max var0_2 var0_0)
Failed to prove lq Zero (max var0_0 var0_1) == lq Zero (plus var0_0 var0_1)
