10:21:25 [0m[33m[WARN] [0mCollecting statistics
(tf1 ?tv4 (nil ?tv5)) => ?tv4
(tf1 ?tv4 (cons ?tv6 ?tv7)) => (cons ?tv6 (tf0 ?tv7))
(tf0 ?tv2) => (tf1 ?tv2 ?tv2)
(tf2 ?tv9) => (mis (tf0 ?tv9))
(single_pass ?tv1) => (tf2 ?tv1)
(lq zero (succ ?x)) => true
(lq ?x zero) => false
(lq (succ ?x) (succ ?y)) => (lq ?x ?y)
(ite1 true ?x ?y) => ?x
(ite1 false ?x ?y) => ?y
(max ?tv10 ?tv11) => (ite1 (lq ?tv10 ?tv11) ?tv11 ?tv10)
(plus zero ?x) => ?x
(plus (succ ?x) ?y) => (succ (plus ?x ?y))
(tf4 ?tv17 ?tv18 (nil ?tv19)) => (max ?tv18 ?tv17)
(tf4 ?tv17 ?tv18 (cons ?tv20 ?tv21)) => (tf3 (plus ?tv20 ?tv17) (max ?tv18 ?tv17) ?tv21)
(tf3 ?tv13 ?tv14 ?tv15) => (tf4 ?tv14 ?tv13 ?tv15)
(mis ?tv12) => (tf3 zero zero ?tv12)
(main ?tv22) => (single_pass ?tv22)
(fst_2 (makeTuple2 ?x0 ?x1)) => ?x0
(snd_2 (makeTuple2 ?x0 ?x1)) => ?x1
(tf6 (nil ?tv27)) => (makeTuple2 zero zero)
(tf6 (cons ?tv28 ?tv29)) => (makeTuple2 (ite1 (lq (fst_2 (tf5 ?tv29)) (plus ?tv28 (snd_2 (tf5 ?tv29)))) (plus ?tv28 (snd_2 (tf5 ?tv29))) (fst_2 (tf5 ?tv29))) (fst_2 (tf5 ?tv29)))
(tf5 ?tv25) => (tf6 ?tv25)
(tf7 ?tv30) => (fst_2 (tf5 ?tv30))
(single_pass_ ?tv24) => (tf7 ?tv24)
(main_ ?tv31) => (single_pass_ ?tv31)
Searcher: (lq ?autovar5 (succ ?autovar1))
Searcher: (lq ?autovar5 (succ ?autovar3))
Searcher: (lq zero ?autovar6)
Searcher: (lq (succ ?autovar4) ?autovar6)
10:21:25 [0m[33m[WARN] [0m ex is: true
10:21:25 [0m[33m[WARN] [0m ex is: false
10:21:25 [0m[33m[WARN] [0m ex is: zero
10:21:25 [0m[33m[WARN] [0m ex is: (succ zero)
10:21:25 [0m[33m[WARN] [0m ex is: (succ (succ zero))
10:21:25 [0m[33m[WARN] [0m ex is: null
10:21:25 [0m[33m[WARN] [0m ex is: (nil autovar_Unit_0)
10:21:25 [0m[33m[WARN] [0m ex is: (cons autovar_Nat_0 (nil autovar_Unit_0))
10:21:25 [0m[33m[WARN] [0m ex is: (cons autovar_Nat_1 (cons autovar_Nat_0 (nil autovar_Unit_0)))
10:21:25 [0m[33m[WARN] [0m ex is: (makeTuple2 autovar_Nat_0 autovar_Nat_1)
10:21:25 [0m[33m[WARN] [0mRunning exploration without proof mode, but goals were given
10:21:25 [0m[33m[WARN] [0mProof mode: true
10:21:25 [0m[33m[WARN] [0m ex is: true
10:21:25 [0m[33m[WARN] [0m ex is: false
10:21:25 [0m[33m[WARN] [0m ex is: zero
10:21:25 [0m[33m[WARN] [0m ex is: (succ zero)
10:21:25 [0m[33m[WARN] [0m ex is: (succ (succ zero))
10:21:25 [0m[33m[WARN] [0m ex is: null
10:21:25 [0m[33m[WARN] [0m ex is: (nil autovar_Unit_0)
10:21:25 [0m[33m[WARN] [0m ex is: (cons autovar_Nat_0 (nil autovar_Unit_0))
10:21:25 [0m[33m[WARN] [0m ex is: (cons autovar_Nat_1 (cons autovar_Nat_0 (nil autovar_Unit_0)))
10:21:25 [0m[33m[WARN] [0m ex is: (makeTuple2 autovar_Nat_0 autovar_Nat_1)
10:21:25 [0m[33m[WARN] [0mRunning exploration without proof mode, but goals were given
10:21:25 [0m[33m[WARN] [0mProof mode: true
10:21:25 [0m[33m[WARN] [0mproved: (max zero ?ts_ph_Nat_0) => ?ts_ph_Nat_0
10:21:25 [0m[33m[WARN] [0mproved: (max zero ?ts_ph_Nat_0) => (plus ?ts_ph_Nat_0 zero)
10:21:25 [0m[33m[WARN] [0mproved: (plus ?ts_ph_Nat_0 zero) => (max zero ?ts_ph_Nat_0)
