10:18:55 [WARN] Collecting statistics
10:18:55 [WARN]  ex is: true
10:18:55 [WARN]  ex is: false
10:18:55 [WARN]  ex is: zero
10:18:55 [WARN]  ex is: (succ zero)
10:18:55 [WARN]  ex is: (succ (succ zero))
10:18:55 [WARN]  ex is: null
10:18:55 [WARN]  ex is: (nil autovar_Unit_0)
10:18:55 [WARN]  ex is: (cons autovar_Nat_0 (nil autovar_Unit_0))
10:18:55 [WARN]  ex is: (cons autovar_Nat_1 (cons autovar_Nat_0 (nil autovar_Unit_0)))
10:18:55 [WARN] Running exploration without proof mode, but goals were given
10:18:55 [WARN] Proof mode: true
10:18:55 [WARN]  ex is: true
10:18:55 [WARN]  ex is: false
10:18:55 [WARN]  ex is: zero
10:18:55 [WARN]  ex is: (succ zero)
10:18:55 [WARN]  ex is: (succ (succ zero))
10:18:55 [WARN]  ex is: null
10:18:55 [WARN]  ex is: (nil autovar_Unit_0)
10:18:55 [WARN]  ex is: (cons autovar_Nat_0 (nil autovar_Unit_0))
10:18:55 [WARN]  ex is: (cons autovar_Nat_1 (cons autovar_Nat_0 (nil autovar_Unit_0)))
10:18:55 [WARN] Running exploration without proof mode, but goals were given
10:18:55 [WARN] Proof mode: true
10:18:55 [WARN] proved: (tf0 ?ts_ph_List_0) => ?ts_ph_List_0
10:18:55 [WARN] proved: (tf2 ?ts_ph_List_0) => (tf6 ?ts_ph_List_0)
10:18:55 [WARN] proved: (tf6 ?ts_ph_List_0) => (tf2 ?ts_ph_List_0)
10:18:55 [WARN] Found all lemmas
