11:36:26 [WARN] Collecting statistics
11:36:26 [WARN]  ex is: true
11:36:26 [WARN]  ex is: false
11:36:26 [WARN]  ex is: null
11:36:26 [WARN]  ex is: (nil autovar_Unit_0)
11:36:26 [WARN]  ex is: (cons autovar_Bool_0 (nil autovar_Unit_0))
11:36:26 [WARN]  ex is: (cons autovar_Bool_1 (cons autovar_Bool_0 (nil autovar_Unit_0)))
11:36:26 [WARN]  ex is: zero
11:36:26 [WARN]  ex is: (succ zero)
11:36:26 [WARN]  ex is: (succ (succ zero))
11:36:26 [WARN]  ex is: (makeTuple2 autovar_Nat_0 autovar_Nat_1)
11:36:26 [WARN] Running exploration without proof mode, but goals were given
11:36:26 [WARN] Proof mode: true
11:36:26 [WARN]  ex is: true
11:36:26 [WARN]  ex is: false
11:36:26 [WARN]  ex is: null
11:36:26 [WARN]  ex is: (nil autovar_Unit_0)
11:36:26 [WARN]  ex is: (cons autovar_Bool_0 (nil autovar_Unit_0))
11:36:26 [WARN]  ex is: (cons autovar_Bool_1 (cons autovar_Bool_0 (nil autovar_Unit_0)))
11:36:26 [WARN]  ex is: zero
11:36:26 [WARN]  ex is: (succ zero)
11:36:26 [WARN]  ex is: (succ (succ zero))
11:36:26 [WARN]  ex is: (makeTuple2 autovar_Nat_0 autovar_Nat_1)
11:36:26 [WARN] Running exploration without proof mode, but goals were given
11:36:26 [WARN] Proof mode: true
11:36:26 [WARN] proved: (and ?ts_ph_Bool_0 ?ts_ph_Bool_1) => (and ?ts_ph_Bool_1 ?ts_ph_Bool_0)
11:36:26 [WARN] proved: (and ?ts_ph_Bool_1 ?ts_ph_Bool_0) => (and ?ts_ph_Bool_0 ?ts_ph_Bool_1)
11:36:26 [WARN] proved: (or ?ts_ph_Bool_0 ?ts_ph_Bool_1) => (or ?ts_ph_Bool_1 ?ts_ph_Bool_0)
11:36:26 [WARN] proved: (or ?ts_ph_Bool_1 ?ts_ph_Bool_0) => (or ?ts_ph_Bool_0 ?ts_ph_Bool_1)
11:36:26 [WARN] proved: (and ?ts_ph_Bool_0 ?ts_ph_Bool_0) => ?ts_ph_Bool_0
11:36:26 [WARN] proved: (or ?ts_ph_Bool_0 ?ts_ph_Bool_0) => ?ts_ph_Bool_0
11:36:26 [WARN] proved: (plus ?ts_ph_Nat_0 zero) => ?ts_ph_Nat_0
11:36:26 [WARN] proved: (nat_eq zero ?ts_ph_Nat_0) => (nat_eq ?ts_ph_Nat_0 zero)
11:36:26 [WARN] proved: (nat_eq ?ts_ph_Nat_0 zero) => (nat_eq zero ?ts_ph_Nat_0)
11:36:26 [WARN] proved: (ite1 ?ts_ph_Bool_0 ?ts_ph_Nat_1 ?ts_ph_Nat_1) => ?ts_ph_Nat_1
11:36:26 [WARN] proved: (tf4 ?ts_ph_Bool_1 true ?ts_ph_List_0) => (tf4 true true ?ts_ph_List_0)
