10:59:58 [0m[33m[WARN] [0mCollecting statistics
(tf1 ?tv4 (nil ?tv5)) => ?tv4
(tf1 ?tv4 (cons ?tv6 ?tv7)) => (cons ?tv6 (tf0 ?tv7))
(tf0 ?tv2) => (tf1 ?tv2 ?tv2)
(tf2 ?tv9) => (zafter1 (tf0 ?tv9))
(single_pass ?tv1) => (tf2 ?tv1)
(and false ?x) => false
(and ?x false) => false
(and true true) => true
(not true) => false
(not false) => true
(or true ?x) => true
(or ?x true) => true
(or false false) => false
(ite1 true ?y) => true
(ite1 false ?y) => ?y
(tf4 ?tv14 (nil ?tv15)) => false
(tf4 ?tv14 (cons ?tv16 ?tv17)) => (ite1 (and ?tv14 (not ?tv16)) (tf3 (or ?tv14 ?tv16) ?tv17))
(tf3 ?tv11 ?tv12) => (tf4 ?tv11 ?tv12)
(zafter1 ?tv10) => (tf3 false ?tv10)
(main ?tv18) => (single_pass ?tv18)
(snd_2 (makeTuple2 ?x0 ?x1)) => ?x1
(fst_2 (makeTuple2 ?x0 ?x1)) => ?x0
(tf6 (nil ?tv23)) => (makeTuple2 false true)
(tf6 (cons ?tv24 ?tv25)) => (makeTuple2 (or (and ?tv24 (not (snd_2 (tf5 ?tv25)))) (fst_2 (tf5 ?tv25))) (and ?tv24 (snd_2 (tf5 ?tv25))))
(tf5 ?tv21) => (tf6 ?tv21)
(tf7 ?tv26) => (fst_2 (tf5 ?tv26))
(single_pass_ ?tv20) => (tf7 ?tv20)
(main_ ?tv27) => (single_pass_ ?tv27)
Searcher: (and ?autovar1 true)
Searcher: (and true ?autovar2)
Searcher: (or ?autovar1 false)
Searcher: (or false ?autovar2)
10:59:58 [0m[33m[WARN] [0m ex is: true
10:59:58 [0m[33m[WARN] [0m ex is: false
10:59:58 [0m[33m[WARN] [0m ex is: null
10:59:58 [0m[33m[WARN] [0m ex is: (nil autovar_Unit_0)
10:59:58 [0m[33m[WARN] [0m ex is: (cons autovar_Bool_0 (nil autovar_Unit_0))
10:59:58 [0m[33m[WARN] [0m ex is: (cons autovar_Bool_1 (cons autovar_Bool_0 (nil autovar_Unit_0)))
10:59:58 [0m[33m[WARN] [0m ex is: (makeTuple2 autovar_Bool_0 autovar_Bool_1)
10:59:58 [0m[33m[WARN] [0mRunning exploration without proof mode, but goals were given
10:59:58 [0m[33m[WARN] [0mProof mode: true
10:59:58 [0m[33m[WARN] [0m ex is: true
10:59:58 [0m[33m[WARN] [0m ex is: false
10:59:58 [0m[33m[WARN] [0m ex is: null
10:59:58 [0m[33m[WARN] [0m ex is: (nil autovar_Unit_0)
10:59:58 [0m[33m[WARN] [0m ex is: (cons autovar_Bool_0 (nil autovar_Unit_0))
10:59:58 [0m[33m[WARN] [0m ex is: (cons autovar_Bool_1 (cons autovar_Bool_0 (nil autovar_Unit_0)))
10:59:58 [0m[33m[WARN] [0m ex is: (makeTuple2 autovar_Bool_0 autovar_Bool_1)
10:59:58 [0m[33m[WARN] [0mRunning exploration without proof mode, but goals were given
10:59:58 [0m[33m[WARN] [0mProof mode: true
10:59:58 [0m[33m[WARN] [0mproved: (ite1 ?ts_ph_Bool_0 ?ts_ph_Bool_1) => (or ?ts_ph_Bool_1 ?ts_ph_Bool_0)
10:59:58 [0m[33m[WARN] [0mproved: (or ?ts_ph_Bool_1 ?ts_ph_Bool_0) => (ite1 ?ts_ph_Bool_0 ?ts_ph_Bool_1)
10:59:58 [0m[33m[WARN] [0mproved: (or ?ts_ph_Bool_0 ?ts_ph_Bool_1) => (or ?ts_ph_Bool_1 ?ts_ph_Bool_0)
10:59:58 [0m[33m[WARN] [0mproved: (or ?ts_ph_Bool_1 ?ts_ph_Bool_0) => (or ?ts_ph_Bool_0 ?ts_ph_Bool_1)
10:59:58 [0m[33m[WARN] [0mproved: (and ?ts_ph_Bool_0 ?ts_ph_Bool_1) => (and ?ts_ph_Bool_1 ?ts_ph_Bool_0)
10:59:58 [0m[33m[WARN] [0mproved: (and ?ts_ph_Bool_1 ?ts_ph_Bool_0) => (and ?ts_ph_Bool_0 ?ts_ph_Bool_1)
10:59:58 [0m[33m[WARN] [0mproved: (or ?ts_ph_Bool_0 ?ts_ph_Bool_0) => ?ts_ph_Bool_0
10:59:58 [0m[33m[WARN] [0mproved: (and ?ts_ph_Bool_0 ?ts_ph_Bool_0) => ?ts_ph_Bool_0
