10:21:25 [WARN] Collecting statistics
10:21:25 [WARN]  ex is: true
10:21:25 [WARN]  ex is: false
10:21:25 [WARN]  ex is: zero
10:21:25 [WARN]  ex is: (succ zero)
10:21:25 [WARN]  ex is: (succ (succ zero))
10:21:25 [WARN]  ex is: null
10:21:25 [WARN]  ex is: (nil autovar_Unit_0)
10:21:25 [WARN]  ex is: (cons autovar_Nat_0 (nil autovar_Unit_0))
10:21:25 [WARN]  ex is: (cons autovar_Nat_1 (cons autovar_Nat_0 (nil autovar_Unit_0)))
10:21:25 [WARN]  ex is: (makeTuple2 autovar_Nat_0 autovar_Nat_1)
10:21:25 [WARN] Running exploration without proof mode, but goals were given
10:21:25 [WARN] Proof mode: true
10:21:25 [WARN]  ex is: true
10:21:25 [WARN]  ex is: false
10:21:25 [WARN]  ex is: zero
10:21:25 [WARN]  ex is: (succ zero)
10:21:25 [WARN]  ex is: (succ (succ zero))
10:21:25 [WARN]  ex is: null
10:21:25 [WARN]  ex is: (nil autovar_Unit_0)
10:21:25 [WARN]  ex is: (cons autovar_Nat_0 (nil autovar_Unit_0))
10:21:25 [WARN]  ex is: (cons autovar_Nat_1 (cons autovar_Nat_0 (nil autovar_Unit_0)))
10:21:25 [WARN]  ex is: (makeTuple2 autovar_Nat_0 autovar_Nat_1)
10:21:25 [WARN] Running exploration without proof mode, but goals were given
10:21:25 [WARN] Proof mode: true
10:21:25 [WARN] proved: (max zero ?ts_ph_Nat_0) => ?ts_ph_Nat_0
10:21:25 [WARN] proved: (max zero ?ts_ph_Nat_0) => (plus ?ts_ph_Nat_0 zero)
10:21:25 [WARN] proved: (plus ?ts_ph_Nat_0 zero) => (max zero ?ts_ph_Nat_0)
