10:56:58 [WARN] Collecting statistics
10:56:58 [WARN]  ex is: true
10:56:58 [WARN]  ex is: false
10:56:58 [WARN]  ex is: null
10:56:58 [WARN]  ex is: (nil autovar_Unit_0)
10:56:58 [WARN]  ex is: (cons autovar_Bool_0 (nil autovar_Unit_0))
10:56:58 [WARN]  ex is: (cons autovar_Bool_1 (cons autovar_Bool_0 (nil autovar_Unit_0)))
10:56:58 [WARN]  ex is: zero
10:56:58 [WARN]  ex is: (succ zero)
10:56:58 [WARN]  ex is: (succ (succ zero))
10:56:58 [WARN]  ex is: (makeTuple2 autovar_Nat_0 autovar_Nat_1)
10:56:58 [WARN] Running exploration without proof mode, but goals were given
10:56:58 [WARN] Proof mode: true
10:56:58 [WARN]  ex is: true
10:56:58 [WARN]  ex is: false
10:56:58 [WARN]  ex is: null
10:56:58 [WARN]  ex is: (nil autovar_Unit_0)
10:56:58 [WARN]  ex is: (cons autovar_Bool_0 (nil autovar_Unit_0))
10:56:58 [WARN]  ex is: (cons autovar_Bool_1 (cons autovar_Bool_0 (nil autovar_Unit_0)))
10:56:58 [WARN]  ex is: zero
10:56:58 [WARN]  ex is: (succ zero)
10:56:58 [WARN]  ex is: (succ (succ zero))
10:56:58 [WARN]  ex is: (makeTuple2 autovar_Nat_0 autovar_Nat_1)
10:56:58 [WARN] Running exploration without proof mode, but goals were given
10:56:58 [WARN] Proof mode: true
10:56:59 [WARN] proved: (tf0 ?ts_ph_List_0) => ?ts_ph_List_0
10:56:59 [WARN] proved: (or ?ts_ph_Bool_1 ?ts_ph_Bool_0) => (or ?ts_ph_Bool_0 ?ts_ph_Bool_1)
10:56:59 [WARN] proved: (or ?ts_ph_Bool_0 ?ts_ph_Bool_1) => (or ?ts_ph_Bool_1 ?ts_ph_Bool_0)
10:56:59 [WARN] proved: (or ?ts_ph_Bool_0 ?ts_ph_Bool_0) => ?ts_ph_Bool_0
10:56:59 [WARN] proved: (max zero ?ts_ph_Nat_0) => ?ts_ph_Nat_0
10:56:59 [WARN] proved: (plus ?ts_ph_Nat_0 zero) => ?ts_ph_Nat_0
10:56:59 [WARN] proved: (lq ?ts_ph_Nat_0 ?ts_ph_Nat_0) => false
10:56:59 [WARN] proved: (ite1 ?ts_ph_Bool_0 ?ts_ph_Nat_1 ?ts_ph_Nat_1) => ?ts_ph_Nat_1
