10:39:26 [WARN] Collecting statistics
10:39:26 [WARN]  ex is: true
10:39:26 [WARN]  ex is: false
10:39:26 [WARN]  ex is: zero
10:39:26 [WARN]  ex is: (succ zero)
10:39:26 [WARN]  ex is: (succ (succ zero))
10:39:26 [WARN]  ex is: null
10:39:26 [WARN]  ex is: (nil autovar_Unit_0)
10:39:26 [WARN]  ex is: (cons autovar_Nat_0 (nil autovar_Unit_0))
10:39:26 [WARN]  ex is: (cons autovar_Nat_1 (cons autovar_Nat_0 (nil autovar_Unit_0)))
10:39:26 [WARN] Running exploration without proof mode, but goals were given
10:39:26 [WARN] Proof mode: true
10:39:26 [WARN]  ex is: true
10:39:26 [WARN]  ex is: false
10:39:26 [WARN]  ex is: zero
10:39:26 [WARN]  ex is: (succ zero)
10:39:26 [WARN]  ex is: (succ (succ zero))
10:39:26 [WARN]  ex is: null
10:39:26 [WARN]  ex is: (nil autovar_Unit_0)
10:39:26 [WARN]  ex is: (cons autovar_Nat_0 (nil autovar_Unit_0))
10:39:26 [WARN]  ex is: (cons autovar_Nat_1 (cons autovar_Nat_0 (nil autovar_Unit_0)))
10:39:26 [WARN] Running exploration without proof mode, but goals were given
10:39:26 [WARN] Proof mode: true
10:39:26 [WARN] proved: (tf0 ?ts_ph_List_0) => ?ts_ph_List_0
10:39:26 [WARN] proved: (plus ?ts_ph_Nat_0) => (succ ?ts_ph_Nat_0)
10:39:26 [WARN] proved: (succ ?ts_ph_Nat_0) => (plus ?ts_ph_Nat_0)
10:39:26 [WARN] proved: (tf6 ?ts_ph_List_0) => (length ?ts_ph_List_0)
10:39:26 [WARN] proved: (length ?ts_ph_List_0) => (tf6 ?ts_ph_List_0)
10:39:26 [WARN] Found all lemmas
