11:41:26 [0m[33m[WARN] [0mCollecting statistics
(tf1 ?tv4 (nil ?tv5)) => ?tv4
(tf1 ?tv4 (cons ?tv6 ?tv7)) => (cons ?tv6 (tf0 ?tv7))
(tf0 ?tv2) => (tf1 ?tv2 ?tv2)
(tf2 ?tv9) => (cnt1s (tf0 ?tv9))
(single_pass ?tv1) => (tf2 ?tv1)
(and false ?x) => false
(and ?x false) => false
(and true true) => true
(not true) => false
(not false) => true
(plus zero ?x) => ?x
(plus (succ ?x) ?y) => (succ (plus ?x ?y))
(ite1 true ?x ?y) => ?x
(ite1 false ?x ?y) => ?y
(tf4 ?tv15 ?tv16 (nil ?tv17)) => ?tv16
(tf4 ?tv15 ?tv16 (cons ?tv18 ?tv19)) => (tf3 ?tv18 (ite1 (and (not ?tv15) ?tv18) (plus ?tv16 (succ zero)) ?tv16) ?tv19)
(tf3 ?tv11 ?tv12 ?tv13) => (tf4 ?tv11 ?tv12 ?tv13)
(cnt1s ?tv10) => (tf3 false zero ?tv10)
(main ?tv20) => (single_pass ?tv20)
(or true ?x) => true
(or ?x true) => true
(or false false) => false
(snd_2 (makeTuple2 ?x0 ?x1)) => ?x1
(fst_2 (makeTuple2 ?x0 ?x1)) => ?x0
(tf6 (nil ?tv25)) => (makeTuple2 zero false)
(tf6 (cons ?tv26 ?tv27)) => (makeTuple2 (ite1 (or (not ?tv26) (snd_2 (tf5 ?tv27))) (fst_2 (tf5 ?tv27)) (plus (succ zero) (fst_2 (tf5 ?tv27)))) ?tv26)
(tf5 ?tv23) => (tf6 ?tv23)
(tf7 ?tv28) => (fst_2 (tf5 ?tv28))
(single_pass_ ?tv22) => (tf7 ?tv22)
(main_ ?tv29) => (single_pass_ ?tv29)
Searcher: (and ?autovar1 true)
Searcher: (and true ?autovar2)
Searcher: (or ?autovar1 false)
Searcher: (or false ?autovar2)
11:41:26 [0m[33m[WARN] [0m ex is: true
11:41:26 [0m[33m[WARN] [0m ex is: false
11:41:26 [0m[33m[WARN] [0m ex is: null
11:41:26 [0m[33m[WARN] [0m ex is: (nil autovar_Unit_0)
11:41:26 [0m[33m[WARN] [0m ex is: (cons autovar_Bool_0 (nil autovar_Unit_0))
11:41:26 [0m[33m[WARN] [0m ex is: (cons autovar_Bool_1 (cons autovar_Bool_0 (nil autovar_Unit_0)))
11:41:26 [0m[33m[WARN] [0m ex is: zero
11:41:26 [0m[33m[WARN] [0m ex is: (succ zero)
11:41:26 [0m[33m[WARN] [0m ex is: (succ (succ zero))
11:41:26 [0m[33m[WARN] [0m ex is: (makeTuple2 autovar_Nat_0 autovar_Bool_0)
11:41:26 [0m[33m[WARN] [0mRunning exploration without proof mode, but goals were given
11:41:26 [0m[33m[WARN] [0mProof mode: true
11:41:26 [0m[33m[WARN] [0m ex is: true
11:41:26 [0m[33m[WARN] [0m ex is: false
11:41:26 [0m[33m[WARN] [0m ex is: null
11:41:26 [0m[33m[WARN] [0m ex is: (nil autovar_Unit_0)
11:41:26 [0m[33m[WARN] [0m ex is: (cons autovar_Bool_0 (nil autovar_Unit_0))
11:41:26 [0m[33m[WARN] [0m ex is: (cons autovar_Bool_1 (cons autovar_Bool_0 (nil autovar_Unit_0)))
11:41:26 [0m[33m[WARN] [0m ex is: zero
11:41:26 [0m[33m[WARN] [0m ex is: (succ zero)
11:41:26 [0m[33m[WARN] [0m ex is: (succ (succ zero))
11:41:26 [0m[33m[WARN] [0m ex is: (makeTuple2 autovar_Nat_0 autovar_Bool_0)
11:41:26 [0m[33m[WARN] [0mRunning exploration without proof mode, but goals were given
11:41:26 [0m[33m[WARN] [0mProof mode: true
11:41:26 [0m[33m[WARN] [0mproved: (tf0 ?ts_ph_List_0) => ?ts_ph_List_0
11:41:26 [0m[33m[WARN] [0mproved: (or ?ts_ph_Bool_0 ?ts_ph_Bool_1) => (or ?ts_ph_Bool_1 ?ts_ph_Bool_0)
11:41:26 [0m[33m[WARN] [0mproved: (or ?ts_ph_Bool_1 ?ts_ph_Bool_0) => (or ?ts_ph_Bool_0 ?ts_ph_Bool_1)
11:41:26 [0m[33m[WARN] [0mproved: (and ?ts_ph_Bool_0 ?ts_ph_Bool_1) => (and ?ts_ph_Bool_1 ?ts_ph_Bool_0)
11:41:26 [0m[33m[WARN] [0mproved: (and ?ts_ph_Bool_1 ?ts_ph_Bool_0) => (and ?ts_ph_Bool_0 ?ts_ph_Bool_1)
11:41:26 [0m[33m[WARN] [0mproved: (plus ?ts_ph_Nat_0 zero) => ?ts_ph_Nat_0
11:41:26 [0m[33m[WARN] [0mproved: (and ?ts_ph_Bool_0 ?ts_ph_Bool_0) => ?ts_ph_Bool_0
11:41:26 [0m[33m[WARN] [0mproved: (or ?ts_ph_Bool_0 ?ts_ph_Bool_0) => ?ts_ph_Bool_0
11:41:26 [0m[33m[WARN] [0mproved: (ite1 ?ts_ph_Bool_0 ?ts_ph_Nat_1 ?ts_ph_Nat_1) => ?ts_ph_Nat_1
