10:50:58 [WARN] Collecting statistics
10:50:58 [WARN]  ex is: true
10:50:58 [WARN]  ex is: false
10:50:58 [WARN]  ex is: null
10:50:58 [WARN]  ex is: zero
10:50:58 [WARN]  ex is: (succ zero)
10:50:58 [WARN]  ex is: (succ (succ zero))
10:50:58 [WARN]  ex is: (nil autovar_Unit_0)
10:50:58 [WARN]  ex is: (cons autovar_Nat_0 (nil autovar_Unit_0))
10:50:58 [WARN]  ex is: (cons autovar_Nat_1 (cons autovar_Nat_0 (nil autovar_Unit_0)))
10:50:58 [WARN]  ex is: (bnil autovar_Unit_0)
10:50:58 [WARN]  ex is: (bcons autovar_Bool_0 (bnil autovar_Unit_0))
10:50:58 [WARN]  ex is: (bcons autovar_Bool_1 (bcons autovar_Bool_0 (bnil autovar_Unit_0)))
10:50:58 [WARN] Running exploration without proof mode, but goals were given
10:50:58 [WARN] Proof mode: true
10:50:58 [WARN]  ex is: true
10:50:58 [WARN]  ex is: false
10:50:58 [WARN]  ex is: null
10:50:58 [WARN]  ex is: zero
10:50:58 [WARN]  ex is: (succ zero)
10:50:58 [WARN]  ex is: (succ (succ zero))
10:50:58 [WARN]  ex is: (nil autovar_Unit_0)
10:50:58 [WARN]  ex is: (cons autovar_Nat_0 (nil autovar_Unit_0))
10:50:58 [WARN]  ex is: (cons autovar_Nat_1 (cons autovar_Nat_0 (nil autovar_Unit_0)))
10:50:58 [WARN]  ex is: (bnil autovar_Unit_0)
10:50:58 [WARN]  ex is: (bcons autovar_Bool_0 (bnil autovar_Unit_0))
10:50:58 [WARN]  ex is: (bcons autovar_Bool_1 (bcons autovar_Bool_0 (bnil autovar_Unit_0)))
10:50:58 [WARN] Running exploration without proof mode, but goals were given
10:50:58 [WARN] Proof mode: true
10:50:58 [WARN] proved: (nil ?ts_ph_Unit_0) => (nil null)
10:50:58 [WARN] proved: (and ?ts_ph_Bool_0 ?ts_ph_Bool_1) => (and ?ts_ph_Bool_1 ?ts_ph_Bool_0)
10:50:58 [WARN] proved: (and ?ts_ph_Bool_1 ?ts_ph_Bool_0) => (and ?ts_ph_Bool_0 ?ts_ph_Bool_1)
10:50:58 [WARN] proved: (and ?ts_ph_Bool_0 ?ts_ph_Bool_0) => ?ts_ph_Bool_0
10:50:58 [WARN] proved: (geq ?ts_ph_Nat_0 ?ts_ph_Nat_0) => true
