11:19:59 [WARN] Collecting statistics
11:19:59 [WARN]  ex is: true
11:19:59 [WARN]  ex is: false
11:19:59 [WARN]  ex is: null
11:19:59 [WARN]  ex is: zero
11:19:59 [WARN]  ex is: (succ zero)
11:19:59 [WARN]  ex is: (succ (succ zero))
11:19:59 [WARN]  ex is: (nil autovar_Unit_0)
11:19:59 [WARN]  ex is: (cons autovar_Nat_0 (nil autovar_Unit_0))
11:19:59 [WARN]  ex is: (cons autovar_Nat_1 (cons autovar_Nat_0 (nil autovar_Unit_0)))
11:19:59 [WARN]  ex is: (single autovar_List_0)
11:19:59 [WARN]  ex is: (ncons autovar_List_1 (single autovar_List_0))
11:19:59 [WARN]  ex is: (ncons autovar_List_2 (ncons autovar_List_1 (single autovar_List_0)))
11:19:59 [WARN]  ex is: (makeTuple2 autovar_Nat_0 autovar_Nat_1)
11:19:59 [WARN] Running exploration without proof mode, but goals were given
11:19:59 [WARN] Proof mode: true
11:19:59 [WARN]  ex is: true
11:19:59 [WARN]  ex is: false
11:19:59 [WARN]  ex is: null
11:19:59 [WARN]  ex is: zero
11:19:59 [WARN]  ex is: (succ zero)
11:19:59 [WARN]  ex is: (succ (succ zero))
11:19:59 [WARN]  ex is: (nil autovar_Unit_0)
11:19:59 [WARN]  ex is: (cons autovar_Nat_0 (nil autovar_Unit_0))
11:19:59 [WARN]  ex is: (cons autovar_Nat_1 (cons autovar_Nat_0 (nil autovar_Unit_0)))
11:19:59 [WARN]  ex is: (single autovar_List_0)
11:19:59 [WARN]  ex is: (ncons autovar_List_1 (single autovar_List_0))
11:19:59 [WARN]  ex is: (ncons autovar_List_2 (ncons autovar_List_1 (single autovar_List_0)))
11:19:59 [WARN]  ex is: (makeTuple2 autovar_Nat_0 autovar_Nat_1)
11:19:59 [WARN] Running exploration without proof mode, but goals were given
11:19:59 [WARN] Proof mode: true
11:19:59 [WARN] proved: (times ?ts_ph_Nat_0 zero) => zero
