10:41:58 [0m[33m[WARN] [0mCollecting statistics
(tf3 (tip ?tv13)) => (tip (op ?tv13))
(tf3 (bin ?tv14 ?tv15)) => (bin (tf2 ?tv14) (tf2 ?tv15))
(tf2 ?tv10) => (tf3 ?tv10)
(tf1 (tip ?tv6)) => (tip zero)
(tf1 (bin ?tv7 ?tv8)) => (bin (tf2 (tf0 ?tv7)) (tf2 (tf0 ?tv8)))
(tf0 ?tv3) => (tf1 ?tv3)
(tri ?tv1) => (tf0 ?tv1)
(plus zero ?x) => ?x
(plus (succ ?x) ?y) => (succ (plus ?x ?y))
(op ?tv16) => (plus (succ zero) ?tv16)
(lq zero (succ ?x)) => true
(lq ?x zero) => false
(lq (succ ?x) (succ ?y)) => (lq ?x ?y)
(ite1 true ?x ?y) => ?x
(ite1 false ?x ?y) => ?y
(max ?tv17 ?tv18) => (ite1 (lq ?tv17 ?tv18) ?tv18 ?tv17)
(tf5 (tip ?tv22)) => ?tv22
(tf5 (bin ?tv23 ?tv24)) => (max (tf4 ?tv23) (tf4 ?tv24))
(tf4 ?tv20) => (tf5 ?tv20)
(maximum ?tv19) => (tf4 ?tv19)
(main ?tv25) => (maximum (tri ?tv25))
(tf7 (tip ?tv30)) => zero
(tf7 (bin ?tv31 ?tv32)) => (ite1 (lq (tf6 ?tv31) (tf6 ?tv32)) (plus (succ zero) (tf6 ?tv32)) (plus (succ zero) (tf6 ?tv31)))
(tf6 ?tv28) => (tf7 ?tv28)
(tri_ ?tv27) => (tf6 ?tv27)
(main_ ?tv33) => (tri_ ?tv33)
Searcher: (lq ?autovar5 (succ ?autovar1))
Searcher: (lq ?autovar5 (succ ?autovar3))
Searcher: (lq zero ?autovar6)
Searcher: (lq (succ ?autovar4) ?autovar6)
10:41:58 [0m[33m[WARN] [0m ex is: true
10:41:58 [0m[33m[WARN] [0m ex is: false
10:41:58 [0m[33m[WARN] [0m ex is: zero
10:41:58 [0m[33m[WARN] [0m ex is: (succ zero)
10:41:58 [0m[33m[WARN] [0m ex is: (succ (succ zero))
10:41:58 [0m[33m[WARN] [0m ex is: (tip autovar_Nat_0)
10:41:58 [0m[33m[WARN] [0m ex is: (bin (tip autovar_Nat_0) (tip autovar_Nat_0))
10:41:58 [0m[33m[WARN] [0m ex is: (bin (bin (tip autovar_Nat_0) (tip autovar_Nat_0)) (bin (tip autovar_Nat_0) (tip autovar_Nat_0)))
10:41:58 [0m[33m[WARN] [0mRunning exploration without proof mode, but goals were given
10:41:58 [0m[33m[WARN] [0mProof mode: true
10:41:58 [0m[33m[WARN] [0m ex is: true
10:41:58 [0m[33m[WARN] [0m ex is: false
10:41:58 [0m[33m[WARN] [0m ex is: zero
10:41:58 [0m[33m[WARN] [0m ex is: (succ zero)
10:41:58 [0m[33m[WARN] [0m ex is: (succ (succ zero))
10:41:58 [0m[33m[WARN] [0m ex is: (tip autovar_Nat_0)
10:41:58 [0m[33m[WARN] [0m ex is: (bin (tip autovar_Nat_0) (tip autovar_Nat_0))
10:41:58 [0m[33m[WARN] [0m ex is: (bin (bin (tip autovar_Nat_0) (tip autovar_Nat_0)) (bin (tip autovar_Nat_0) (tip autovar_Nat_0)))
10:41:58 [0m[33m[WARN] [0mRunning exploration without proof mode, but goals were given
10:41:58 [0m[33m[WARN] [0mProof mode: true
10:41:58 [0m[33m[WARN] [0mproved: (max zero ?ts_ph_Nat_0) => ?ts_ph_Nat_0
10:41:58 [0m[33m[WARN] [0mproved: (lq ?ts_ph_Nat_0 ?ts_ph_Nat_0) => false
10:41:58 [0m[33m[WARN] [0mproved: (plus ?ts_ph_Nat_0 zero) => (max zero ?ts_ph_Nat_0)
10:41:58 [0m[33m[WARN] [0mproved: (max zero ?ts_ph_Nat_0) => (plus ?ts_ph_Nat_0 zero)
10:41:58 [0m[33m[WARN] [0mproved: (ite1 ?ts_ph_Bool_0 ?ts_ph_Nat_0 ?ts_ph_Nat_0) => ?ts_ph_Nat_0
10:42:35 [0m[33m[WARN] [0mproved: (plus ?ts_ph_Nat_0 (succ ?ts_ph_Nat_1)) => (succ (plus ?ts_ph_Nat_0 ?ts_ph_Nat_1))
10:42:35 [0m[33m[WARN] [0mproved: (succ (plus ?ts_ph_Nat_0 ?ts_ph_Nat_1)) => (plus ?ts_ph_Nat_0 (succ ?ts_ph_Nat_1))
10:42:35 [0m[33m[WARN] [0mproved: (lq (succ ?ts_ph_Nat_0) ?ts_ph_Nat_0) => false
10:42:35 [0m[33m[WARN] [0mproved: (max ?ts_ph_Nat_0 (succ zero)) => (max (succ zero) ?ts_ph_Nat_0)
10:42:35 [0m[33m[WARN] [0mproved: (max (succ zero) ?ts_ph_Nat_0) => (max ?ts_ph_Nat_0 (succ zero))
10:42:35 [0m[33m[WARN] [0mproved: (plus ?ts_ph_Nat_0 (plus ?ts_ph_Nat_0 ?ts_ph_Nat_1)) => (plus (plus ?ts_ph_Nat_0 ?ts_ph_Nat_0) ?ts_ph_Nat_1)
10:42:35 [0m[33m[WARN] [0mproved: (plus (plus ?ts_ph_Nat_0 ?ts_ph_Nat_0) ?ts_ph_Nat_1) => (plus ?ts_ph_Nat_0 (plus ?ts_ph_Nat_0 ?ts_ph_Nat_1))
10:42:35 [0m[33m[WARN] [0mproved: (plus ?ts_ph_Nat_0 (plus ?ts_ph_Nat_1 ?ts_ph_Nat_0)) => (plus (plus ?ts_ph_Nat_0 ?ts_ph_Nat_1) ?ts_ph_Nat_0)
10:42:35 [0m[33m[WARN] [0mproved: (plus (plus ?ts_ph_Nat_0 ?ts_ph_Nat_1) ?ts_ph_Nat_0) => (plus ?ts_ph_Nat_0 (plus ?ts_ph_Nat_1 ?ts_ph_Nat_0))
10:42:35 [0m[33m[WARN] [0mproved: (lq zero ?ts_ph_Nat_0) => (lq zero (plus ?ts_ph_Nat_0 ?ts_ph_Nat_0))
10:42:35 [0m[33m[WARN] [0mproved: (lq zero (plus ?ts_ph_Nat_0 ?ts_ph_Nat_0)) => (lq zero ?ts_ph_Nat_0)
10:42:37 [0m[33m[WARN] [0mproved: (max ?ts_ph_Nat_1 (ite1 ?ts_ph_Bool_0 ?ts_ph_Nat_1 ?ts_ph_Nat_0)) => (ite1 ?ts_ph_Bool_0 ?ts_ph_Nat_1 (max ?ts_ph_Nat_1 ?ts_ph_Nat_0))
10:42:37 [0m[33m[WARN] [0mproved: (ite1 ?ts_ph_Bool_0 ?ts_ph_Nat_1 (max ?ts_ph_Nat_1 ?ts_ph_Nat_0)) => (max ?ts_ph_Nat_1 (ite1 ?ts_ph_Bool_0 ?ts_ph_Nat_1 ?ts_ph_Nat_0))
10:42:37 [0m[33m[WARN] [0mproved: (ite1 ?ts_ph_Bool_0 (max ?ts_ph_Nat_0 ?ts_ph_Nat_1) ?ts_ph_Nat_1) => (max (ite1 ?ts_ph_Bool_0 ?ts_ph_Nat_0 ?ts_ph_Nat_1) ?ts_ph_Nat_1)
10:42:37 [0m[33m[WARN] [0mproved: (max (ite1 ?ts_ph_Bool_0 ?ts_ph_Nat_0 ?ts_ph_Nat_1) ?ts_ph_Nat_1) => (ite1 ?ts_ph_Bool_0 (max ?ts_ph_Nat_0 ?ts_ph_Nat_1) ?ts_ph_Nat_1)
10:42:37 [0m[33m[WARN] [0mproved: (max ?ts_ph_Nat_1 (ite1 ?ts_ph_Bool_0 ?ts_ph_Nat_0 ?ts_ph_Nat_1)) => (ite1 ?ts_ph_Bool_0 (max ?ts_ph_Nat_1 ?ts_ph_Nat_0) ?ts_ph_Nat_1)
10:42:37 [0m[33m[WARN] [0mproved: (ite1 ?ts_ph_Bool_0 (max ?ts_ph_Nat_1 ?ts_ph_Nat_0) ?ts_ph_Nat_1) => (max ?ts_ph_Nat_1 (ite1 ?ts_ph_Bool_0 ?ts_ph_Nat_0 ?ts_ph_Nat_1))
10:42:37 [0m[33m[WARN] [0mproved: (ite1 ?ts_ph_Bool_0 (succ ?ts_ph_Nat_1) (succ ?ts_ph_Nat_0)) => (succ (ite1 ?ts_ph_Bool_0 ?ts_ph_Nat_1 ?ts_ph_Nat_0))
10:42:37 [0m[33m[WARN] [0mproved: (succ (ite1 ?ts_ph_Bool_0 ?ts_ph_Nat_1 ?ts_ph_Nat_0)) => (ite1 ?ts_ph_Bool_0 (succ ?ts_ph_Nat_1) (succ ?ts_ph_Nat_0))
10:42:37 [0m[33m[WARN] [0mproved: (ite1 ?ts_ph_Bool_0 ?ts_ph_Nat_1 (plus ?ts_ph_Nat_1 ?ts_ph_Nat_0)) => (plus ?ts_ph_Nat_1 (ite1 ?ts_ph_Bool_0 zero ?ts_ph_Nat_0))
10:42:37 [0m[33m[WARN] [0mproved: (plus ?ts_ph_Nat_1 (ite1 ?ts_ph_Bool_0 zero ?ts_ph_Nat_0)) => (ite1 ?ts_ph_Bool_0 ?ts_ph_Nat_1 (plus ?ts_ph_Nat_1 ?ts_ph_Nat_0))
10:42:37 [0m[33m[WARN] [0mproved: (lq (ite1 ?ts_ph_Bool_0 ?ts_ph_Nat_0 ?ts_ph_Nat_1) ?ts_ph_Nat_1) => (lq ?ts_ph_Nat_0 (ite1 ?ts_ph_Bool_0 ?ts_ph_Nat_1 ?ts_ph_Nat_0))
10:42:37 [0m[33m[WARN] [0mproved: (lq ?ts_ph_Nat_0 (ite1 ?ts_ph_Bool_0 ?ts_ph_Nat_1 ?ts_ph_Nat_0)) => (lq (ite1 ?ts_ph_Bool_0 ?ts_ph_Nat_0 ?ts_ph_Nat_1) ?ts_ph_Nat_1)
10:42:37 [0m[33m[WARN] [0mproved: (lq ?ts_ph_Nat_0 (ite1 ?ts_ph_Bool_0 ?ts_ph_Nat_0 ?ts_ph_Nat_1)) => (lq (ite1 ?ts_ph_Bool_0 ?ts_ph_Nat_1 ?ts_ph_Nat_0) ?ts_ph_Nat_1)
10:42:37 [0m[33m[WARN] [0mproved: (lq (ite1 ?ts_ph_Bool_0 ?ts_ph_Nat_1 ?ts_ph_Nat_0) ?ts_ph_Nat_1) => (lq ?ts_ph_Nat_0 (ite1 ?ts_ph_Bool_0 ?ts_ph_Nat_0 ?ts_ph_Nat_1))
10:42:52 [0m[33m[WARN] [0mproved: (max ?ts_ph_Nat_1 (ite1 ?ts_ph_Bool_0 zero ?ts_ph_Nat_0)) => (ite1 ?ts_ph_Bool_0 ?ts_ph_Nat_1 (max ?ts_ph_Nat_1 ?ts_ph_Nat_0))
10:42:52 [0m[33m[WARN] [0mproved: (ite1 ?ts_ph_Bool_0 ?ts_ph_Nat_1 (max ?ts_ph_Nat_1 ?ts_ph_Nat_0)) => (max ?ts_ph_Nat_1 (ite1 ?ts_ph_Bool_0 zero ?ts_ph_Nat_0))
