11:46:26 [0m[33m[WARN] [0mCollecting statistics
(plus zero ?x) => ?x
(plus (succ ?x) ?y) => (succ (plus ?x ?y))
(times zero ?x) => zero
(times (succ ?x) ?y) => (plus (times ?x ?y) ?y)
(square ?tv0) => (times ?tv0 ?tv0)
(tf1 (leaf ?tv4)) => (leaf (square ?tv4))
(tf1 (branch ?tv5 ?tv6)) => (branch (tf0 ?tv5) (tf0 ?tv6))
(tf0 ?tv2) => (tf1 ?tv2)
(squaretr ?tv1) => (tf0 ?tv1)
(tf3 (leaf ?tv10)) => ?tv10
(tf3 (branch ?tv11 ?tv12)) => (plus (tf2 ?tv11) (tf2 ?tv12))
(tf2 ?tv8) => (tf3 ?tv8)
(sumtr ?tv7) => (tf2 ?tv7)
(main ?tv13) => (sumtr (squaretr ?tv13))
(tf5 (leaf ?tv17)) => (square ?tv17)
(tf5 (branch ?tv18 ?tv19)) => (plus (tf4 ?tv18) (tf4 ?tv19))
(tf4 ?tv15) => (tf5 ?tv15)
(squaretr_ ?tv14) => (tf4 ?tv14)
(main_ ?tv20) => (squaretr_ ?tv20)
11:46:26 [0m[33m[WARN] [0m ex is: true
11:46:26 [0m[33m[WARN] [0m ex is: false
11:46:26 [0m[33m[WARN] [0m ex is: zero
11:46:26 [0m[33m[WARN] [0m ex is: (succ zero)
11:46:26 [0m[33m[WARN] [0m ex is: (succ (succ zero))
11:46:26 [0m[33m[WARN] [0m ex is: (leaf autovar_Nat_0)
11:46:26 [0m[33m[WARN] [0m ex is: (branch (leaf autovar_Nat_0) (leaf autovar_Nat_0))
11:46:26 [0m[33m[WARN] [0m ex is: (branch (branch (leaf autovar_Nat_0) (leaf autovar_Nat_0)) (branch (leaf autovar_Nat_0) (leaf autovar_Nat_0)))
11:46:26 [0m[33m[WARN] [0mRunning exploration without proof mode, but goals were given
11:46:26 [0m[33m[WARN] [0mProof mode: true
11:46:26 [0m[33m[WARN] [0m ex is: true
11:46:26 [0m[33m[WARN] [0m ex is: false
11:46:26 [0m[33m[WARN] [0m ex is: zero
11:46:26 [0m[33m[WARN] [0m ex is: (succ zero)
11:46:26 [0m[33m[WARN] [0m ex is: (succ (succ zero))
11:46:26 [0m[33m[WARN] [0m ex is: (leaf autovar_Nat_0)
11:46:26 [0m[33m[WARN] [0m ex is: (branch (leaf autovar_Nat_0) (leaf autovar_Nat_0))
11:46:26 [0m[33m[WARN] [0m ex is: (branch (branch (leaf autovar_Nat_0) (leaf autovar_Nat_0)) (branch (leaf autovar_Nat_0) (leaf autovar_Nat_0)))
11:46:26 [0m[33m[WARN] [0mRunning exploration without proof mode, but goals were given
11:46:26 [0m[33m[WARN] [0mProof mode: true
11:46:26 [0m[33m[WARN] [0mproved: (plus ?ts_ph_Nat_0 zero) => ?ts_ph_Nat_0
11:46:26 [0m[33m[WARN] [0mproved: (main ?ts_ph_Tree_0) => (tf5 ?ts_ph_Tree_0)
11:46:26 [0m[33m[WARN] [0mproved: (tf5 ?ts_ph_Tree_0) => (main ?ts_ph_Tree_0)
11:46:26 [0m[33m[WARN] [0mFound all lemmas
done in 7
