21:50:07 [WARN] Collecting statistics
21:50:07 [WARN]  ex is: true
21:50:07 [WARN]  ex is: false
21:50:07 [WARN]  ex is: null
21:50:07 [WARN]  ex is: (myzero autovar_Unit_0)
21:50:07 [WARN]  ex is: (mysucc (myzero autovar_Unit_0))
21:50:07 [WARN]  ex is: (mysucc (mysucc (myzero autovar_Unit_0)))
21:50:07 [WARN]  ex is: zero
21:50:07 [WARN]  ex is: (succ zero)
21:50:07 [WARN]  ex is: (succ (succ zero))
21:50:07 [WARN]  ex is: (makeTuple0 autovar_Nat_0 autovar_Nat_1)
21:50:07 [WARN] Running exploration without proof mode, but goals were given
21:50:07 [WARN] Proof mode: true
21:50:07 [WARN]  ex is: true
21:50:07 [WARN]  ex is: false
21:50:07 [WARN]  ex is: null
21:50:07 [WARN]  ex is: (myzero autovar_Unit_0)
21:50:07 [WARN]  ex is: (mysucc (myzero autovar_Unit_0))
21:50:07 [WARN]  ex is: (mysucc (mysucc (myzero autovar_Unit_0)))
21:50:07 [WARN]  ex is: zero
21:50:07 [WARN]  ex is: (succ zero)
21:50:07 [WARN]  ex is: (succ (succ zero))
21:50:07 [WARN]  ex is: (makeTuple0 autovar_Nat_0 autovar_Nat_1)
21:50:07 [WARN] Running exploration without proof mode, but goals were given
21:50:07 [WARN] Proof mode: true
21:50:07 [WARN] proved: (tf2 ?ts_ph_MyNat_0) => ?ts_ph_MyNat_0
21:50:07 [WARN] proved: (plus ?ts_ph_Nat_0 zero) => ?ts_ph_Nat_0
21:50:07 [WARN] proved: (nat_eq ?ts_ph_Nat_0 ?ts_ph_Nat_0) => true
21:50:07 [WARN] proved: (nat_eq zero ?ts_ph_Nat_0) => (nat_eq ?ts_ph_Nat_0 zero)
21:50:07 [WARN] proved: (nat_eq ?ts_ph_Nat_0 zero) => (nat_eq zero ?ts_ph_Nat_0)
21:50:07 [WARN] proved: (ite1 ?ts_ph_Bool_0 ?ts_ph_Nat_0 ?ts_ph_Nat_0) => ?ts_ph_Nat_0
