10:54:58 [0m[33m[WARN] [0mCollecting statistics
(lq zero (succ ?x)) => true
(lq ?x zero) => false
(lq (succ ?x) (succ ?y)) => (lq ?x ?y)
(ite1 true ?x ?y) => ?x
(ite1 false ?x ?y) => ?y
(max ?tv0 ?tv1) => (ite1 (lq ?tv0 ?tv1) ?tv1 ?tv0)
(tf1 ?tv6 (nil ?tv7)) => ?tv6
(tf1 ?tv6 (node ?tv8 ?tv9 ?tv10)) => (tf0 (max (tf0 ?tv6 ?tv9) ?tv8) ?tv10)
(tf0 ?tv3 ?tv4) => (tf1 ?tv3 ?tv4)
(spec ?tv2) => (tf0 zero ?tv2)
(tf3 (nil ?tv14)) => (nil null)
(tf3 (node ?tv15 ?tv16 ?tv17)) => (node ?tv15 (tf2 ?tv16) (tf2 ?tv17))
(tf2 ?tv12) => (tf3 ?tv12)
(repr ?tv11) => (tf2 ?tv11)
(main ?tv18) => (spec (repr ?tv18))
(tf5 (nil ?tv22)) => zero
(tf5 (node ?tv23 ?tv24 ?tv25)) => (max ?tv23 (max (tf4 ?tv25) (tf4 ?tv24)))
(tf4 ?tv20) => (tf5 ?tv20)
(repr_ ?tv19) => (tf4 ?tv19)
(main_ ?tv26) => (repr_ ?tv26)
Searcher: (lq ?autovar5 (succ ?autovar1))
Searcher: (lq ?autovar5 (succ ?autovar3))
Searcher: (lq zero ?autovar6)
Searcher: (lq (succ ?autovar4) ?autovar6)
10:54:58 [0m[33m[WARN] [0m ex is: true
10:54:58 [0m[33m[WARN] [0m ex is: false
10:54:58 [0m[33m[WARN] [0m ex is: null
10:54:58 [0m[33m[WARN] [0m ex is: zero
10:54:58 [0m[33m[WARN] [0m ex is: (succ zero)
10:54:58 [0m[33m[WARN] [0m ex is: (succ (succ zero))
10:54:58 [0m[33m[WARN] [0m ex is: (nil autovar_Unit_0)
10:54:58 [0m[33m[WARN] [0m ex is: (node autovar_Nat_0 (nil autovar_Unit_0) (nil autovar_Unit_0))
10:54:58 [0m[33m[WARN] [0m ex is: (node autovar_Nat_1 (node autovar_Nat_0 (nil autovar_Unit_0) (nil autovar_Unit_0)) (node autovar_Nat_0 (nil autovar_Unit_0) (nil autovar_Unit_0)))
10:54:58 [0m[33m[WARN] [0mRunning exploration without proof mode, but goals were given
10:54:58 [0m[33m[WARN] [0mProof mode: true
10:54:58 [0m[33m[WARN] [0m ex is: true
10:54:58 [0m[33m[WARN] [0m ex is: false
10:54:58 [0m[33m[WARN] [0m ex is: null
10:54:58 [0m[33m[WARN] [0m ex is: zero
10:54:58 [0m[33m[WARN] [0m ex is: (succ zero)
10:54:58 [0m[33m[WARN] [0m ex is: (succ (succ zero))
10:54:58 [0m[33m[WARN] [0m ex is: (nil autovar_Unit_0)
10:54:58 [0m[33m[WARN] [0m ex is: (node autovar_Nat_0 (nil autovar_Unit_0) (nil autovar_Unit_0))
10:54:58 [0m[33m[WARN] [0m ex is: (node autovar_Nat_1 (node autovar_Nat_0 (nil autovar_Unit_0) (nil autovar_Unit_0)) (node autovar_Nat_0 (nil autovar_Unit_0) (nil autovar_Unit_0)))
10:54:58 [0m[33m[WARN] [0mRunning exploration without proof mode, but goals were given
10:54:58 [0m[33m[WARN] [0mProof mode: true
10:54:58 [0m[33m[WARN] [0mproved: (max zero ?ts_ph_Nat_0) => ?ts_ph_Nat_0
10:54:58 [0m[33m[WARN] [0mproved: (ite1 ?ts_ph_Bool_0 ?ts_ph_Nat_1 ?ts_ph_Nat_1) => ?ts_ph_Nat_1
