10:48:58 [0m[33m[WARN] [0mCollecting statistics
(lq zero (succ ?x)) => true
(lq ?x zero) => false
(lq (succ ?x) (succ ?y)) => (lq ?x ?y)
(ite2 true ?x ?y) => ?x
(ite2 false ?x ?y) => ?y
(max ?tv0 ?tv1) => (ite2 (lq ?tv0 ?tv1) ?tv1 ?tv0)
(tf1 ?tv6 (empty ?tv7)) => ?tv6
(tf1 ?tv6 (node ?tv8 ?tv9 ?tv10)) => (cons ?tv8 (tf0 (tf0 ?tv6 ?tv9) ?tv10))
(tf0 ?tv3 ?tv4) => (tf1 ?tv3 ?tv4)
(tf3 (empty ?tv13)) => (nil null)
(tf3 (node ?tv14 ?tv15 ?tv16)) => (cons ?tv14 (tf0 (tf2 ?tv15) ?tv16))
(tf2 ?tv11) => (tf3 ?tv11)
(repr ?tv2) => (tf2 ?tv2)
(tf5 (empty ?tv20)) => (empty null)
(tf5 (node ?tv21 ?tv22 ?tv23)) => (node ?tv21 (tf4 ?tv22) (tf4 ?tv23))
(tf4 ?tv18) => (tf5 ?tv18)
(target ?tv17) => (tf4 ?tv17)
(plus zero ?x) => ?x
(plus (succ ?x) ?y) => (succ (plus ?x ?y))
(fst_3 (makeTuple3 ?x0 ?x1)) => ?x0
(snd_3 (makeTuple3 ?x0 ?x1)) => ?x1
(tf7 (nil ?tv27)) => (makeTuple3 zero zero)
(tf7 (cons ?tv28 ?tv29)) => (makeTuple3 (plus ?tv28 (fst_3 (tf6 ?tv29))) (max (snd_3 (tf6 ?tv29)) (plus ?tv28 (fst_3 (tf6 ?tv29)))))
(tf6 ?tv25) => (tf7 ?tv25)
(spec ?tv24) => (tf6 ?tv24)
(main ?tv30) => (spec (repr (target ?tv30)))
(tf9 (empty ?tv34)) => (makeTuple3 zero zero)
(tf9 (node ?tv35 ?tv36 ?tv37)) => (makeTuple3 (plus (plus (fst_3 (tf8 ?tv37)) (fst_3 (tf8 ?tv36))) ?tv35) (ite2 (lq (max (plus (snd_3 (tf8 ?tv37)) (fst_3 (tf8 ?tv36))) (snd_3 (tf8 ?tv36))) (plus (fst_3 (tf8 ?tv37)) (max (plus (fst_3 (tf8 ?tv36)) ?tv35) (fst_3 (tf8 ?tv36))))) (plus (fst_3 (tf8 ?tv37)) (max (plus (fst_3 (tf8 ?tv36)) ?tv35) (fst_3 (tf8 ?tv36)))) (max (plus (snd_3 (tf8 ?tv37)) (fst_3 (tf8 ?tv36))) (snd_3 (tf8 ?tv36)))))
(tf8 ?tv32) => (tf9 ?tv32)
(target_ ?tv31) => (tf8 ?tv31)
(main_ ?tv38) => (makeTuple3 (fst_3 (target_ ?tv38)) (snd_3 (target_ ?tv38)))
Searcher: (lq ?autovar5 (succ ?autovar1))
Searcher: (lq ?autovar5 (succ ?autovar3))
Searcher: (lq zero ?autovar6)
Searcher: (lq (succ ?autovar4) ?autovar6)
10:48:58 [0m[33m[WARN] [0m ex is: true
10:48:58 [0m[33m[WARN] [0m ex is: false
10:48:58 [0m[33m[WARN] [0m ex is: null
10:48:58 [0m[33m[WARN] [0m ex is: zero
10:48:58 [0m[33m[WARN] [0m ex is: (succ zero)
10:48:58 [0m[33m[WARN] [0m ex is: (succ (succ zero))
10:48:58 [0m[33m[WARN] [0m ex is: (empty autovar_Unit_0)
10:48:58 [0m[33m[WARN] [0m ex is: (node autovar_Nat_0 (empty autovar_Unit_0) (empty autovar_Unit_0))
10:48:58 [0m[33m[WARN] [0m ex is: (node autovar_Nat_1 (node autovar_Nat_0 (empty autovar_Unit_0) (empty autovar_Unit_0)) (node autovar_Nat_0 (empty autovar_Unit_0) (empty autovar_Unit_0)))
10:48:58 [0m[33m[WARN] [0m ex is: (nil autovar_Unit_0)
10:48:58 [0m[33m[WARN] [0m ex is: (cons autovar_Nat_0 (nil autovar_Unit_0))
10:48:58 [0m[33m[WARN] [0m ex is: (cons autovar_Nat_1 (cons autovar_Nat_0 (nil autovar_Unit_0)))
10:48:58 [0m[33m[WARN] [0m ex is: (makeTuple3 autovar_Nat_0 autovar_Nat_1)
10:48:58 [0m[33m[WARN] [0mRunning exploration without proof mode, but goals were given
10:48:58 [0m[33m[WARN] [0mProof mode: true
10:48:58 [0m[33m[WARN] [0m ex is: true
10:48:58 [0m[33m[WARN] [0m ex is: false
10:48:58 [0m[33m[WARN] [0m ex is: null
10:48:58 [0m[33m[WARN] [0m ex is: zero
10:48:58 [0m[33m[WARN] [0m ex is: (succ zero)
10:48:58 [0m[33m[WARN] [0m ex is: (succ (succ zero))
10:48:58 [0m[33m[WARN] [0m ex is: (empty autovar_Unit_0)
10:48:58 [0m[33m[WARN] [0m ex is: (node autovar_Nat_0 (empty autovar_Unit_0) (empty autovar_Unit_0))
10:48:58 [0m[33m[WARN] [0m ex is: (node autovar_Nat_1 (node autovar_Nat_0 (empty autovar_Unit_0) (empty autovar_Unit_0)) (node autovar_Nat_0 (empty autovar_Unit_0) (empty autovar_Unit_0)))
10:48:58 [0m[33m[WARN] [0m ex is: (nil autovar_Unit_0)
10:48:58 [0m[33m[WARN] [0m ex is: (cons autovar_Nat_0 (nil autovar_Unit_0))
10:48:58 [0m[33m[WARN] [0m ex is: (cons autovar_Nat_1 (cons autovar_Nat_0 (nil autovar_Unit_0)))
10:48:58 [0m[33m[WARN] [0m ex is: (makeTuple3 autovar_Nat_0 autovar_Nat_1)
10:48:58 [0m[33m[WARN] [0mRunning exploration without proof mode, but goals were given
10:48:58 [0m[33m[WARN] [0mProof mode: true
10:48:58 [0m[33m[WARN] [0mproved: (tf9 ?ts_ph_Tree_0) => (main_ ?ts_ph_Tree_0)
10:48:58 [0m[33m[WARN] [0mproved: (main_ ?ts_ph_Tree_0) => (tf9 ?ts_ph_Tree_0)
10:48:58 [0m[33m[WARN] [0mproved: (nil ?ts_ph_Unit_0) => (nil null)
10:48:58 [0m[33m[WARN] [0mproved: (max zero ?ts_ph_Nat_0) => ?ts_ph_Nat_0
10:48:58 [0m[33m[WARN] [0mproved: (lq ?ts_ph_Nat_0 ?ts_ph_Nat_0) => false
10:48:58 [0m[33m[WARN] [0mproved: (plus ?ts_ph_Nat_0 zero) => (max zero ?ts_ph_Nat_0)
10:48:58 [0m[33m[WARN] [0mproved: (max zero ?ts_ph_Nat_0) => (plus ?ts_ph_Nat_0 zero)
10:48:58 [0m[33m[WARN] [0mproved: (ite2 ?ts_ph_Bool_0 zero zero) => zero
