10:19:25 [0m[33m[WARN] [0mCollecting statistics
(tf1 ?tv4 (uelt ?tv5)) => (cons ?tv5 ?tv4)
(tf1 ?tv4 (usplit ?tv6 ?tv7 ?tv8 ?tv9)) => (tf0 (cons ?tv7 (cons ?tv8 (tf0 ?tv4 ?tv9))) ?tv6)
(tf0 ?tv1 ?tv2) => (tf1 ?tv1 ?tv2)
(tf3 (uelt ?tv12)) => (elt ?tv12)
(tf3 (usplit ?tv13 ?tv14 ?tv15 ?tv16)) => (tf0 (cons ?tv14 (cons ?tv15 (tf2 ?tv16))) ?tv13)
(tf2 ?tv10) => (tf3 ?tv10)
(repr ?tv0) => (tf2 ?tv0)
(gq zero ?x) => false
(gq (succ ?x) zero) => true
(gq (succ ?x) (succ ?y)) => (gq ?x ?y)
(and false ?x) => false
(and ?x false) => false
(and true true) => true
(tf5 ?tv21 (elt ?tv22)) => (gq ?tv21 ?tv22)
(tf5 ?tv21 (cons ?tv23 ?tv24)) => (and (gq ?tv21 ?tv23) (tf4 ?tv23 ?tv24))
(tf4 ?tv18 ?tv19) => (tf5 ?tv18 ?tv19)
(lq zero (succ ?x)) => true
(lq ?x zero) => false
(lq (succ ?x) (succ ?y)) => (lq ?x ?y)
(ite2 true ?x ?y) => ?x
(ite2 false ?x ?y) => ?y
(tf7 ?tv28 (elt ?tv29)) => (lq ?tv28 ?tv29)
(tf7 ?tv28 (cons ?tv30 ?tv31)) => (ite2 (lq ?tv28 ?tv30) (tf6 ?tv30 ?tv31) (tf4 ?tv30 ?tv31))
(tf6 ?tv25 ?tv26) => (tf7 ?tv25 ?tv26)
(tf9 (elt ?tv33)) => true
(tf9 (cons ?tv34 ?tv35)) => (tf6 ?tv34 ?tv35)
(tf8 ?tv32) => (tf9 ?tv32)
(is_unimodal ?tv17) => (tf8 ?tv17)
(ite3 true ?x ?y) => ?x
(ite3 false ?x ?y) => ?y
(max ?tv36 ?tv37) => (ite3 (lq ?tv36 ?tv37) ?tv37 ?tv36)
(tf11 (elt ?tv41)) => ?tv41
(tf11 (cons ?tv42 ?tv43)) => (max ?tv42 (tf10 ?tv43))
(tf10 ?tv39) => (tf11 ?tv39)
(spec ?tv38) => (tf10 ?tv38)
(ite4 true ?x ?y) => ?x
(ite4 false ?x ?y) => ?y
(tf13 (uelt ?tv47)) => (uelt ?tv47)
(tf13 (usplit ?tv48 ?tv49 ?tv50 ?tv51)) => (ite4 (gq ?tv49 ?tv50) (usplit (tf12 ?tv48) ?tv49 ?tv50 ?tv51) (usplit ?tv48 ?tv49 ?tv50 (tf12 ?tv51)))
(tf12 ?tv45) => (tf13 ?tv45)
(target ?tv44) => (tf12 ?tv44)
(main ?tv52) => (ite3 (is_unimodal (repr ?tv52)) (spec (repr (target ?tv52))) zero)
(tf15 (uelt ?tv56)) => ?tv56
(tf15 (usplit ?tv57 ?tv58 ?tv59 ?tv60)) => (ite3 (gq ?tv58 ?tv59) (max ?tv58 (tf14 ?tv57)) (max ?tv59 (tf14 ?tv60)))
(tf14 ?tv54) => (tf15 ?tv54)
(target_ ?tv53) => (tf14 ?tv53)
(main_ ?tv61) => (ite3 (is_unimodal (repr ?tv61)) (target_ ?tv61) zero)
Searcher: (gq ?autovar6 zero)
Searcher: (gq ?autovar6 (succ ?autovar3))
Searcher: (gq (succ ?autovar4) ?autovar7)
Searcher: (gq (succ ?autovar5) ?autovar7)
Searcher: (and ?autovar1 true)
Searcher: (and true ?autovar2)
Searcher: (lq ?autovar5 (succ ?autovar1))
Searcher: (lq ?autovar5 (succ ?autovar3))
Searcher: (lq zero ?autovar6)
Searcher: (lq (succ ?autovar4) ?autovar6)
10:19:25 [0m[33m[WARN] [0m ex is: true
10:19:25 [0m[33m[WARN] [0m ex is: false
10:19:25 [0m[33m[WARN] [0m ex is: zero
10:19:25 [0m[33m[WARN] [0m ex is: (succ zero)
10:19:25 [0m[33m[WARN] [0m ex is: (succ (succ zero))
10:19:25 [0m[33m[WARN] [0m ex is: (uelt autovar_Nat_0)
10:19:25 [0m[33m[WARN] [0m ex is: (usplit (uelt autovar_Nat_0) autovar_Nat_1 autovar_Nat_2 (uelt autovar_Nat_0))
10:19:25 [0m[33m[WARN] [0m ex is: (usplit (usplit (uelt autovar_Nat_0) autovar_Nat_1 autovar_Nat_2 (uelt autovar_Nat_0)) autovar_Nat_3 autovar_Nat_4 (usplit (uelt autovar_Nat_0) autovar_Nat_1 autovar_Nat_2 (uelt autovar_Nat_0)))
10:19:25 [0m[33m[WARN] [0m ex is: (elt autovar_Nat_0)
10:19:25 [0m[33m[WARN] [0m ex is: (cons autovar_Nat_1 (elt autovar_Nat_0))
10:19:25 [0m[33m[WARN] [0m ex is: (cons autovar_Nat_2 (cons autovar_Nat_1 (elt autovar_Nat_0)))
10:19:25 [0m[33m[WARN] [0mRunning exploration without proof mode, but goals were given
10:19:25 [0m[33m[WARN] [0mProof mode: true
10:19:25 [0m[33m[WARN] [0m ex is: true
10:19:25 [0m[33m[WARN] [0m ex is: false
10:19:25 [0m[33m[WARN] [0m ex is: zero
10:19:25 [0m[33m[WARN] [0m ex is: (succ zero)
10:19:25 [0m[33m[WARN] [0m ex is: (succ (succ zero))
10:19:25 [0m[33m[WARN] [0m ex is: (uelt autovar_Nat_0)
10:19:25 [0m[33m[WARN] [0m ex is: (usplit (uelt autovar_Nat_0) autovar_Nat_1 autovar_Nat_2 (uelt autovar_Nat_0))
10:19:25 [0m[33m[WARN] [0m ex is: (usplit (usplit (uelt autovar_Nat_0) autovar_Nat_1 autovar_Nat_2 (uelt autovar_Nat_0)) autovar_Nat_3 autovar_Nat_4 (usplit (uelt autovar_Nat_0) autovar_Nat_1 autovar_Nat_2 (uelt autovar_Nat_0)))
10:19:25 [0m[33m[WARN] [0m ex is: (elt autovar_Nat_0)
10:19:25 [0m[33m[WARN] [0m ex is: (cons autovar_Nat_1 (elt autovar_Nat_0))
10:19:25 [0m[33m[WARN] [0m ex is: (cons autovar_Nat_2 (cons autovar_Nat_1 (elt autovar_Nat_0)))
10:19:25 [0m[33m[WARN] [0mRunning exploration without proof mode, but goals were given
10:19:25 [0m[33m[WARN] [0mProof mode: true
10:19:25 [0m[33m[WARN] [0mproved: (and ?ts_ph_Bool_0 ?ts_ph_Bool_1) => (and ?ts_ph_Bool_1 ?ts_ph_Bool_0)
10:19:25 [0m[33m[WARN] [0mproved: (and ?ts_ph_Bool_1 ?ts_ph_Bool_0) => (and ?ts_ph_Bool_0 ?ts_ph_Bool_1)
10:19:25 [0m[33m[WARN] [0mproved: (max zero ?ts_ph_Nat_0) => ?ts_ph_Nat_0
10:19:25 [0m[33m[WARN] [0mproved: (and ?ts_ph_Bool_0 ?ts_ph_Bool_0) => ?ts_ph_Bool_0
10:19:25 [0m[33m[WARN] [0mproved: (tf5 zero ?ts_ph_List_0) => false
10:19:25 [0m[33m[WARN] [0mproved: (lq zero ?ts_ph_Nat_0) => (gq ?ts_ph_Nat_0 zero)
10:19:25 [0m[33m[WARN] [0mproved: (gq ?ts_ph_Nat_0 zero) => (lq zero ?ts_ph_Nat_0)
10:19:25 [0m[33m[WARN] [0mproved: (ite3 ?ts_ph_Bool_0 ?ts_ph_Nat_1 ?ts_ph_Nat_1) => ?ts_ph_Nat_1
10:19:25 [0m[33m[WARN] [0mproved: (ite4 ?ts_ph_Bool_0 ?ts_ph_UList_1 ?ts_ph_UList_1) => ?ts_ph_UList_1
10:19:25 [0m[33m[WARN] [0mgeneralized case_split proof as: (ite2 ?ts_ph_Bool_0 ?ts_ph_Bool_1 ?ts_ph_Bool_1) -- ?ts_ph_Bool_1
10:19:25 [0m[33m[WARN] [0mproved: (ite2 ?ts_ph_Bool_0 ?ts_ph_Bool_1 ?ts_ph_Bool_1) => ?ts_ph_Bool_1
10:19:25 [0m[33m[WARN] [0mproved: (ite2 ?ts_ph_Bool_0 ?ts_ph_Bool_1 ?ts_ph_Bool_0) => (and ?ts_ph_Bool_1 ?ts_ph_Bool_0)
10:19:25 [0m[33m[WARN] [0mproved: (and ?ts_ph_Bool_1 ?ts_ph_Bool_0) => (ite2 ?ts_ph_Bool_0 ?ts_ph_Bool_1 ?ts_ph_Bool_0)
10:19:25 [0m[33m[WARN] [0mproved: (ite2 ?ts_ph_Bool_0 ?ts_ph_Bool_1 false) => (and ?ts_ph_Bool_1 ?ts_ph_Bool_0)
10:19:25 [0m[33m[WARN] [0mproved: (and ?ts_ph_Bool_1 ?ts_ph_Bool_0) => (ite2 ?ts_ph_Bool_0 ?ts_ph_Bool_1 false)
10:19:25 [0m[33m[WARN] [0mproved: (ite2 ?ts_ph_Bool_0 true ?ts_ph_Bool_1) => (ite2 ?ts_ph_Bool_0 ?ts_ph_Bool_0 ?ts_ph_Bool_1)
10:19:25 [0m[33m[WARN] [0mproved: (ite2 ?ts_ph_Bool_0 ?ts_ph_Bool_0 ?ts_ph_Bool_1) => (ite2 ?ts_ph_Bool_0 true ?ts_ph_Bool_1)
10:19:25 [0m[33m[WARN] [0mproved: (tf13 ?ts_ph_UList_0) => ?ts_ph_UList_0
10:19:25 [0m[33m[WARN] [0mproved: (gq ?ts_ph_Nat_0 ?ts_ph_Nat_1) => (lq ?ts_ph_Nat_1 ?ts_ph_Nat_0)
10:19:25 [0m[33m[WARN] [0mproved: (lq ?ts_ph_Nat_1 ?ts_ph_Nat_0) => (gq ?ts_ph_Nat_0 ?ts_ph_Nat_1)
10:19:25 [0m[33m[WARN] [0mproved: (gq ?ts_ph_Nat_0 ?ts_ph_Nat_0) => false
