11:18:59 [WARN] Collecting statistics
11:18:59 [WARN]  ex is: true
11:18:59 [WARN]  ex is: false
11:18:59 [WARN]  ex is: null
11:18:59 [WARN]  ex is: zero
11:18:59 [WARN]  ex is: (succ zero)
11:18:59 [WARN]  ex is: (succ (succ zero))
11:18:59 [WARN]  ex is: (unil autovar_Unit_0)
11:18:59 [WARN]  ex is: (uelt autovar_Nat_0)
11:18:59 [WARN]  ex is: (usplit (uelt autovar_Nat_0) autovar_Nat_1 autovar_Nat_2 (uelt autovar_Nat_0))
11:18:59 [WARN]  ex is: (usplit (usplit (uelt autovar_Nat_0) autovar_Nat_1 autovar_Nat_2 (uelt autovar_Nat_0)) autovar_Nat_3 autovar_Nat_4 (usplit (uelt autovar_Nat_0) autovar_Nat_1 autovar_Nat_2 (uelt autovar_Nat_0)))
11:18:59 [WARN]  ex is: (nil autovar_Unit_0)
11:18:59 [WARN]  ex is: (cons autovar_Nat_0 (nil autovar_Unit_0))
11:18:59 [WARN]  ex is: (cons autovar_Nat_1 (cons autovar_Nat_0 (nil autovar_Unit_0)))
11:18:59 [WARN] Running exploration without proof mode, but goals were given
11:18:59 [WARN] Proof mode: true
11:18:59 [WARN]  ex is: true
11:18:59 [WARN]  ex is: false
11:18:59 [WARN]  ex is: null
11:18:59 [WARN]  ex is: zero
11:18:59 [WARN]  ex is: (succ zero)
11:18:59 [WARN]  ex is: (succ (succ zero))
11:18:59 [WARN]  ex is: (unil autovar_Unit_0)
11:18:59 [WARN]  ex is: (uelt autovar_Nat_0)
11:18:59 [WARN]  ex is: (usplit (uelt autovar_Nat_0) autovar_Nat_1 autovar_Nat_2 (uelt autovar_Nat_0))
11:18:59 [WARN]  ex is: (usplit (usplit (uelt autovar_Nat_0) autovar_Nat_1 autovar_Nat_2 (uelt autovar_Nat_0)) autovar_Nat_3 autovar_Nat_4 (usplit (uelt autovar_Nat_0) autovar_Nat_1 autovar_Nat_2 (uelt autovar_Nat_0)))
11:18:59 [WARN]  ex is: (nil autovar_Unit_0)
11:18:59 [WARN]  ex is: (cons autovar_Nat_0 (nil autovar_Unit_0))
11:18:59 [WARN]  ex is: (cons autovar_Nat_1 (cons autovar_Nat_0 (nil autovar_Unit_0)))
11:18:59 [WARN] Running exploration without proof mode, but goals were given
11:18:59 [WARN] Proof mode: true
11:19:00 [WARN] proved: (nil ?ts_ph_Unit_0) => (nil null)
11:19:00 [WARN] proved: (and ?ts_ph_Bool_1 ?ts_ph_Bool_0) => (and ?ts_ph_Bool_0 ?ts_ph_Bool_1)
11:19:00 [WARN] proved: (and ?ts_ph_Bool_0 ?ts_ph_Bool_1) => (and ?ts_ph_Bool_1 ?ts_ph_Bool_0)
11:19:00 [WARN] proved: (and ?ts_ph_Bool_0 ?ts_ph_Bool_0) => ?ts_ph_Bool_0
11:19:00 [WARN] proved: (max zero ?ts_ph_Nat_0) => ?ts_ph_Nat_0
11:19:00 [WARN] proved: (gq ?ts_ph_Nat_0 ?ts_ph_Nat_0) => false
11:19:00 [WARN] proved: (lq ?ts_ph_Nat_0 ?ts_ph_Nat_0) => false
11:19:00 [WARN] proved: (lq zero ?ts_ph_Nat_0) => (gq ?ts_ph_Nat_0 zero)
11:19:00 [WARN] proved: (gq ?ts_ph_Nat_0 zero) => (lq zero ?ts_ph_Nat_0)
11:19:00 [WARN] proved: (tf5 zero ?ts_ph_List_0) => (tf3 zero ?ts_ph_List_0)
11:19:00 [WARN] proved: (tf3 zero ?ts_ph_List_0) => (tf5 zero ?ts_ph_List_0)
11:19:00 [WARN] proved: (ite3 ?ts_ph_Bool_0 ?ts_ph_Nat_1 ?ts_ph_Nat_1) => ?ts_ph_Nat_1
11:19:00 [WARN] generalized case_split proof as: (ite2 ?ts_ph_Bool_0 ?ts_ph_Bool_1 ?ts_ph_Bool_1) -- ?ts_ph_Bool_1
11:19:00 [WARN] proved: (ite2 ?ts_ph_Bool_0 ?ts_ph_Bool_1 ?ts_ph_Bool_1) => ?ts_ph_Bool_1
11:19:00 [WARN] proved: (ite4 ?ts_ph_Bool_0 ?ts_ph_UList_1 ?ts_ph_UList_1) => ?ts_ph_UList_1
11:19:00 [WARN] proved: (and ?ts_ph_Bool_0 ?ts_ph_Bool_1) => (ite2 ?ts_ph_Bool_0 ?ts_ph_Bool_1 ?ts_ph_Bool_0)
11:19:00 [WARN] proved: (ite2 ?ts_ph_Bool_0 ?ts_ph_Bool_1 ?ts_ph_Bool_0) => (and ?ts_ph_Bool_0 ?ts_ph_Bool_1)
11:19:00 [WARN] proved: (ite2 ?ts_ph_Bool_0 ?ts_ph_Bool_1 false) => (and ?ts_ph_Bool_0 ?ts_ph_Bool_1)
11:19:00 [WARN] proved: (and ?ts_ph_Bool_0 ?ts_ph_Bool_1) => (ite2 ?ts_ph_Bool_0 ?ts_ph_Bool_1 false)
11:19:00 [WARN] proved: (ite2 ?ts_ph_Bool_0 true ?ts_ph_Bool_1) => (ite2 ?ts_ph_Bool_0 ?ts_ph_Bool_0 ?ts_ph_Bool_1)
11:19:00 [WARN] proved: (ite2 ?ts_ph_Bool_0 ?ts_ph_Bool_0 ?ts_ph_Bool_1) => (ite2 ?ts_ph_Bool_0 true ?ts_ph_Bool_1)
