11:12:58 [WARN] Collecting statistics
11:12:58 [WARN]  ex is: true
11:12:58 [WARN]  ex is: false
11:12:58 [WARN]  ex is: null
11:12:58 [WARN]  ex is: zero
11:12:58 [WARN]  ex is: (succ zero)
11:12:58 [WARN]  ex is: (succ (succ zero))
11:12:58 [WARN]  ex is: (nil autovar_Unit_0)
11:12:58 [WARN]  ex is: (cons autovar_Nat_0 (nil autovar_Unit_0))
11:12:58 [WARN]  ex is: (cons autovar_Nat_1 (cons autovar_Nat_0 (nil autovar_Unit_0)))
11:12:58 [WARN]  ex is: (inil autovar_Unit_0)
11:12:58 [WARN]  ex is: (icons autovar_Nat_0 autovar_Nat_1 (inil autovar_Unit_0))
11:12:58 [WARN]  ex is: (icons autovar_Nat_2 autovar_Nat_3 (icons autovar_Nat_0 autovar_Nat_1 (inil autovar_Unit_0)))
11:12:58 [WARN] Running exploration without proof mode, but goals were given
11:12:58 [WARN] Proof mode: true
11:12:58 [WARN]  ex is: true
11:12:58 [WARN]  ex is: false
11:12:58 [WARN]  ex is: null
11:12:58 [WARN]  ex is: zero
11:12:58 [WARN]  ex is: (succ zero)
11:12:58 [WARN]  ex is: (succ (succ zero))
11:12:58 [WARN]  ex is: (nil autovar_Unit_0)
11:12:58 [WARN]  ex is: (cons autovar_Nat_0 (nil autovar_Unit_0))
11:12:58 [WARN]  ex is: (cons autovar_Nat_1 (cons autovar_Nat_0 (nil autovar_Unit_0)))
11:12:58 [WARN]  ex is: (inil autovar_Unit_0)
11:12:58 [WARN]  ex is: (icons autovar_Nat_0 autovar_Nat_1 (inil autovar_Unit_0))
11:12:58 [WARN]  ex is: (icons autovar_Nat_2 autovar_Nat_3 (icons autovar_Nat_0 autovar_Nat_1 (inil autovar_Unit_0)))
11:12:58 [WARN] Running exploration without proof mode, but goals were given
11:12:58 [WARN] Proof mode: true
11:12:58 [WARN] proved: (inil ?ts_ph_Unit_0) => (inil null)
11:12:58 [WARN] proved: (plus ?ts_ph_Nat_0 zero) => ?ts_ph_Nat_0
11:12:58 [WARN] proved: (gq ?ts_ph_Nat_0 zero) => (lq zero ?ts_ph_Nat_0)
11:12:58 [WARN] proved: (lq zero ?ts_ph_Nat_0) => (gq ?ts_ph_Nat_0 zero)
11:12:58 [WARN] proved: (gq ?ts_ph_Nat_0 ?ts_ph_Nat_0) => (lq ?ts_ph_Nat_0 ?ts_ph_Nat_0)
11:12:58 [WARN] proved: (lq ?ts_ph_Nat_0 ?ts_ph_Nat_0) => (gq ?ts_ph_Nat_0 ?ts_ph_Nat_0)
11:12:58 [WARN] proved: (ite2 ?ts_ph_Bool_0 ?ts_ph_Nat_1 ?ts_ph_Nat_1) => ?ts_ph_Nat_1
