11:32:26 [WARN] Collecting statistics
11:32:26 [WARN]  ex is: true
11:32:26 [WARN]  ex is: false
11:32:26 [WARN]  ex is: null
11:32:26 [WARN]  ex is: zero
11:32:26 [WARN]  ex is: (succ zero)
11:32:26 [WARN]  ex is: (succ (succ zero))
11:32:26 [WARN]  ex is: (nil autovar_Unit_0)
11:32:26 [WARN]  ex is: (node autovar_Nat_0 (nil autovar_Unit_0) (nil autovar_Unit_0))
11:32:26 [WARN]  ex is: (node autovar_Nat_1 (node autovar_Nat_0 (nil autovar_Unit_0) (nil autovar_Unit_0)) (node autovar_Nat_0 (nil autovar_Unit_0) (nil autovar_Unit_0)))
11:32:26 [WARN] Running exploration without proof mode, but goals were given
11:32:26 [WARN] Proof mode: true
11:32:26 [WARN]  ex is: true
11:32:26 [WARN]  ex is: false
11:32:26 [WARN]  ex is: null
11:32:26 [WARN]  ex is: zero
11:32:26 [WARN]  ex is: (succ zero)
11:32:26 [WARN]  ex is: (succ (succ zero))
11:32:26 [WARN]  ex is: (nil autovar_Unit_0)
11:32:26 [WARN]  ex is: (node autovar_Nat_0 (nil autovar_Unit_0) (nil autovar_Unit_0))
11:32:26 [WARN]  ex is: (node autovar_Nat_1 (node autovar_Nat_0 (nil autovar_Unit_0) (nil autovar_Unit_0)) (node autovar_Nat_0 (nil autovar_Unit_0) (nil autovar_Unit_0)))
11:32:26 [WARN] Running exploration without proof mode, but goals were given
11:32:26 [WARN] Proof mode: true
11:32:26 [WARN] proved: (and ?ts_ph_Bool_0 ?ts_ph_Bool_1) => (and ?ts_ph_Bool_1 ?ts_ph_Bool_0)
11:32:26 [WARN] proved: (and ?ts_ph_Bool_1 ?ts_ph_Bool_0) => (and ?ts_ph_Bool_0 ?ts_ph_Bool_1)
11:32:26 [WARN] proved: (and ?ts_ph_Bool_0 ?ts_ph_Bool_0) => ?ts_ph_Bool_0
11:32:26 [WARN] proved: (max zero ?ts_ph_Nat_0) => ?ts_ph_Nat_0
11:32:26 [WARN] proved: (nat_eq ?ts_ph_Nat_0 ?ts_ph_Nat_0) => true
11:32:26 [WARN] proved: (times ?ts_ph_Nat_0 zero) => zero
11:32:26 [WARN] proved: (max zero ?ts_ph_Nat_0) => (plus ?ts_ph_Nat_0 zero)
11:32:26 [WARN] proved: (plus ?ts_ph_Nat_0 zero) => (max zero ?ts_ph_Nat_0)
11:32:26 [WARN] proved: (nat_eq zero ?ts_ph_Nat_0) => (nat_eq ?ts_ph_Nat_0 zero)
11:32:26 [WARN] proved: (nat_eq ?ts_ph_Nat_0 zero) => (nat_eq zero ?ts_ph_Nat_0)
11:32:26 [WARN] proved: (ite1 ?ts_ph_Bool_0 ?ts_ph_Nat_1 ?ts_ph_Nat_1) => ?ts_ph_Nat_1
