11:15:59 [WARN] Collecting statistics
11:15:59 [WARN]  ex is: true
11:15:59 [WARN]  ex is: false
11:15:59 [WARN]  ex is: null
11:15:59 [WARN]  ex is: zero
11:15:59 [WARN]  ex is: (succ zero)
11:15:59 [WARN]  ex is: (succ (succ zero))
11:15:59 [WARN]  ex is: (nil autovar_Unit_0)
11:15:59 [WARN]  ex is: (cons autovar_Nat_0 (nil autovar_Unit_0))
11:15:59 [WARN]  ex is: (cons autovar_Nat_1 (cons autovar_Nat_0 (nil autovar_Unit_0)))
11:15:59 [WARN] Running exploration without proof mode, but goals were given
11:15:59 [WARN] Proof mode: true
11:15:59 [WARN]  ex is: true
11:15:59 [WARN]  ex is: false
11:15:59 [WARN]  ex is: null
11:15:59 [WARN]  ex is: zero
11:15:59 [WARN]  ex is: (succ zero)
11:15:59 [WARN]  ex is: (succ (succ zero))
11:15:59 [WARN]  ex is: (nil autovar_Unit_0)
11:15:59 [WARN]  ex is: (cons autovar_Nat_0 (nil autovar_Unit_0))
11:15:59 [WARN]  ex is: (cons autovar_Nat_1 (cons autovar_Nat_0 (nil autovar_Unit_0)))
11:15:59 [WARN] Running exploration without proof mode, but goals were given
11:15:59 [WARN] Proof mode: true
11:15:59 [WARN] proved: (nil ?ts_ph_Unit_0) => (nil null)
