10:51:58 [WARN] Collecting statistics
10:51:58 [WARN]  ex is: true
10:51:58 [WARN]  ex is: false
10:51:58 [WARN]  ex is: zero
10:51:58 [WARN]  ex is: (succ zero)
10:51:58 [WARN]  ex is: (succ (succ zero))
10:51:58 [WARN]  ex is: (elt autovar_Nat_0)
10:51:58 [WARN]  ex is: (cons autovar_Nat_1 (elt autovar_Nat_0))
10:51:58 [WARN]  ex is: (cons autovar_Nat_2 (cons autovar_Nat_1 (elt autovar_Nat_0)))
10:51:58 [WARN]  ex is: (single autovar_Nat_0)
10:51:58 [WARN]  ex is: (concat (single autovar_Nat_0) (single autovar_Nat_0))
10:51:58 [WARN]  ex is: (concat (concat (single autovar_Nat_0) (single autovar_Nat_0)) (concat (single autovar_Nat_0) (single autovar_Nat_0)))
10:51:58 [WARN]  ex is: (makeTuple3 autovar_Nat_0 autovar_Nat_1)
10:51:58 [WARN] Running exploration without proof mode, but goals were given
10:51:58 [WARN] Proof mode: true
10:51:58 [WARN]  ex is: true
10:51:58 [WARN]  ex is: false
10:51:58 [WARN]  ex is: zero
10:51:58 [WARN]  ex is: (succ zero)
10:51:58 [WARN]  ex is: (succ (succ zero))
10:51:58 [WARN]  ex is: (elt autovar_Nat_0)
10:51:58 [WARN]  ex is: (cons autovar_Nat_1 (elt autovar_Nat_0))
10:51:58 [WARN]  ex is: (cons autovar_Nat_2 (cons autovar_Nat_1 (elt autovar_Nat_0)))
10:51:58 [WARN]  ex is: (single autovar_Nat_0)
10:51:58 [WARN]  ex is: (concat (single autovar_Nat_0) (single autovar_Nat_0))
10:51:58 [WARN]  ex is: (concat (concat (single autovar_Nat_0) (single autovar_Nat_0)) (concat (single autovar_Nat_0) (single autovar_Nat_0)))
10:51:58 [WARN]  ex is: (makeTuple3 autovar_Nat_0 autovar_Nat_1)
10:51:58 [WARN] Running exploration without proof mode, but goals were given
10:51:58 [WARN] Proof mode: true
10:51:58 [WARN] proved: (plus ?ts_ph_Nat_0 zero) => ?ts_ph_Nat_0
10:51:58 [WARN] proved: (max ?ts_ph_Nat_0 zero) => ?ts_ph_Nat_0
10:51:58 [WARN] proved: (nat_eq ?ts_ph_Nat_0 ?ts_ph_Nat_0) => true
10:51:58 [WARN] proved: (nat_eq ?ts_ph_Nat_0 zero) => (nat_eq zero ?ts_ph_Nat_0)
10:51:58 [WARN] proved: (nat_eq zero ?ts_ph_Nat_0) => (nat_eq ?ts_ph_Nat_0 zero)
10:51:58 [WARN] proved: (lq zero ?ts_ph_Nat_0) => (gq ?ts_ph_Nat_0 zero)
10:51:58 [WARN] proved: (gq ?ts_ph_Nat_0 zero) => (lq zero ?ts_ph_Nat_0)
10:51:58 [WARN] proved: (ite2 ?ts_ph_Bool_0 ?ts_ph_Nat_1 ?ts_ph_Nat_1) => ?ts_ph_Nat_1
10:51:58 [WARN] proved: (gq ?ts_ph_Nat_0 ?ts_ph_Nat_1) => (lq ?ts_ph_Nat_1 ?ts_ph_Nat_0)
10:51:58 [WARN] proved: (lq ?ts_ph_Nat_1 ?ts_ph_Nat_0) => (gq ?ts_ph_Nat_0 ?ts_ph_Nat_1)
10:51:58 [WARN] proved: (gq ?ts_ph_Nat_0 ?ts_ph_Nat_0) => false
