11:31:26 [0m[33m[WARN] [0mCollecting statistics
(gq zero ?x) => false
(gq (succ ?x) zero) => true
(gq (succ ?x) (succ ?y)) => (gq ?x ?y)
(ite1 true ?x ?y) => ?x
(ite1 false ?x ?y) => ?y
(max ?tv0 ?tv1) => (ite1 (gq ?tv0 ?tv1) ?tv0 ?tv1)
(plus zero ?x) => ?x
(plus (succ ?x) ?y) => (succ (plus ?x ?y))
(fst_2 (makeTuple2 ?x0 ?x1)) => ?x0
(snd_2 (makeTuple2 ?x0 ?x1)) => ?x1
(tf1 (nil ?tv5)) => (makeTuple2 zero zero)
(tf1 (cons ?tv6 ?tv7)) => (makeTuple2 (plus ?tv6 (fst_2 (tf0 ?tv7))) (max zero (plus ?tv6 (snd_2 (tf0 ?tv7)))))
(tf0 ?tv3) => (tf1 ?tv3)
(spec ?tv2) => (snd_2 (tf0 ?tv2))
(tf3 ?tv13 (nil ?tv14)) => (cons ?tv13 (nil null))
(tf3 ?tv13 (cons ?tv15 ?tv16)) => (cons ?tv15 (tf2 ?tv16 ?tv13))
(tf2 ?tv10 ?tv11) => (tf3 ?tv11 ?tv10)
(snoc ?tv8 ?tv9) => (tf2 ?tv8 ?tv9)
(tf5 ?tv21 (nil ?tv22)) => ?tv21
(tf5 ?tv21 (cons ?tv23 ?tv24)) => (tf4 (snoc ?tv21 ?tv23) ?tv24)
(tf4 ?tv18 ?tv19) => (tf5 ?tv18 ?tv19)
(repr ?tv17) => (tf4 (nil null) ?tv17)
(main ?tv25) => (spec (repr ?tv25))
(tf7 ?tv30 (nil ?tv31)) => ?tv30
(tf7 ?tv30 (cons ?tv32 ?tv33)) => (tf6 (makeTuple2 (max (fst_2 ?tv30) (plus ?tv32 (snd_2 ?tv30))) (plus ?tv32 (snd_2 ?tv30))) ?tv33)
(tf6 ?tv27 ?tv28) => (tf7 ?tv27 ?tv28)
(repr_ ?tv26) => (tf6 (makeTuple2 zero zero) ?tv26)
(main_ ?tv34) => (fst_2 (repr_ ?tv34))
Searcher: (gq ?autovar6 zero)
Searcher: (gq ?autovar6 (succ ?autovar3))
Searcher: (gq (succ ?autovar4) ?autovar7)
Searcher: (gq (succ ?autovar5) ?autovar7)
11:31:26 [0m[33m[WARN] [0m ex is: true
11:31:26 [0m[33m[WARN] [0m ex is: false
11:31:26 [0m[33m[WARN] [0m ex is: null
11:31:26 [0m[33m[WARN] [0m ex is: zero
11:31:26 [0m[33m[WARN] [0m ex is: (succ zero)
11:31:26 [0m[33m[WARN] [0m ex is: (succ (succ zero))
11:31:26 [0m[33m[WARN] [0m ex is: (nil autovar_Unit_0)
11:31:26 [0m[33m[WARN] [0m ex is: (cons autovar_Nat_0 (nil autovar_Unit_0))
11:31:26 [0m[33m[WARN] [0m ex is: (cons autovar_Nat_1 (cons autovar_Nat_0 (nil autovar_Unit_0)))
11:31:26 [0m[33m[WARN] [0m ex is: (makeTuple2 autovar_Nat_0 autovar_Nat_1)
11:31:26 [0m[33m[WARN] [0mRunning exploration without proof mode, but goals were given
11:31:26 [0m[33m[WARN] [0mProof mode: true
11:31:26 [0m[33m[WARN] [0m ex is: true
11:31:26 [0m[33m[WARN] [0m ex is: false
11:31:26 [0m[33m[WARN] [0m ex is: null
11:31:26 [0m[33m[WARN] [0m ex is: zero
11:31:26 [0m[33m[WARN] [0m ex is: (succ zero)
11:31:26 [0m[33m[WARN] [0m ex is: (succ (succ zero))
11:31:26 [0m[33m[WARN] [0m ex is: (nil autovar_Unit_0)
11:31:26 [0m[33m[WARN] [0m ex is: (cons autovar_Nat_0 (nil autovar_Unit_0))
11:31:26 [0m[33m[WARN] [0m ex is: (cons autovar_Nat_1 (cons autovar_Nat_0 (nil autovar_Unit_0)))
11:31:26 [0m[33m[WARN] [0m ex is: (makeTuple2 autovar_Nat_0 autovar_Nat_1)
11:31:26 [0m[33m[WARN] [0mRunning exploration without proof mode, but goals were given
11:31:26 [0m[33m[WARN] [0mProof mode: true
11:31:26 [0m[33m[WARN] [0mproved: (max ?ts_ph_Nat_0 zero) => ?ts_ph_Nat_0
11:31:26 [0m[33m[WARN] [0mproved: (plus ?ts_ph_Nat_0 zero) => (max ?ts_ph_Nat_0 zero)
11:31:26 [0m[33m[WARN] [0mproved: (max ?ts_ph_Nat_0 zero) => (plus ?ts_ph_Nat_0 zero)
11:31:26 [0m[33m[WARN] [0mproved: (ite1 ?ts_ph_Bool_0 ?ts_ph_Nat_1 ?ts_ph_Nat_1) => ?ts_ph_Nat_1
