10:48:58 [WARN] Collecting statistics
10:48:58 [WARN]  ex is: true
10:48:58 [WARN]  ex is: false
10:48:58 [WARN]  ex is: null
10:48:58 [WARN]  ex is: zero
10:48:58 [WARN]  ex is: (succ zero)
10:48:58 [WARN]  ex is: (succ (succ zero))
10:48:58 [WARN]  ex is: (empty autovar_Unit_0)
10:48:58 [WARN]  ex is: (node autovar_Nat_0 (empty autovar_Unit_0) (empty autovar_Unit_0))
10:48:58 [WARN]  ex is: (node autovar_Nat_1 (node autovar_Nat_0 (empty autovar_Unit_0) (empty autovar_Unit_0)) (node autovar_Nat_0 (empty autovar_Unit_0) (empty autovar_Unit_0)))
10:48:58 [WARN]  ex is: (nil autovar_Unit_0)
10:48:58 [WARN]  ex is: (cons autovar_Nat_0 (nil autovar_Unit_0))
10:48:58 [WARN]  ex is: (cons autovar_Nat_1 (cons autovar_Nat_0 (nil autovar_Unit_0)))
10:48:58 [WARN]  ex is: (makeTuple3 autovar_Nat_0 autovar_Nat_1)
10:48:58 [WARN] Running exploration without proof mode, but goals were given
10:48:58 [WARN] Proof mode: true
10:48:58 [WARN]  ex is: true
10:48:58 [WARN]  ex is: false
10:48:58 [WARN]  ex is: null
10:48:58 [WARN]  ex is: zero
10:48:58 [WARN]  ex is: (succ zero)
10:48:58 [WARN]  ex is: (succ (succ zero))
10:48:58 [WARN]  ex is: (empty autovar_Unit_0)
10:48:58 [WARN]  ex is: (node autovar_Nat_0 (empty autovar_Unit_0) (empty autovar_Unit_0))
10:48:58 [WARN]  ex is: (node autovar_Nat_1 (node autovar_Nat_0 (empty autovar_Unit_0) (empty autovar_Unit_0)) (node autovar_Nat_0 (empty autovar_Unit_0) (empty autovar_Unit_0)))
10:48:58 [WARN]  ex is: (nil autovar_Unit_0)
10:48:58 [WARN]  ex is: (cons autovar_Nat_0 (nil autovar_Unit_0))
10:48:58 [WARN]  ex is: (cons autovar_Nat_1 (cons autovar_Nat_0 (nil autovar_Unit_0)))
10:48:58 [WARN]  ex is: (makeTuple3 autovar_Nat_0 autovar_Nat_1)
10:48:58 [WARN] Running exploration without proof mode, but goals were given
10:48:58 [WARN] Proof mode: true
10:48:58 [WARN] proved: (tf9 ?ts_ph_Tree_0) => (main_ ?ts_ph_Tree_0)
10:48:58 [WARN] proved: (main_ ?ts_ph_Tree_0) => (tf9 ?ts_ph_Tree_0)
10:48:58 [WARN] proved: (nil ?ts_ph_Unit_0) => (nil null)
10:48:58 [WARN] proved: (max zero ?ts_ph_Nat_0) => ?ts_ph_Nat_0
10:48:58 [WARN] proved: (lq ?ts_ph_Nat_0 ?ts_ph_Nat_0) => false
10:48:58 [WARN] proved: (plus ?ts_ph_Nat_0 zero) => (max zero ?ts_ph_Nat_0)
10:48:58 [WARN] proved: (max zero ?ts_ph_Nat_0) => (plus ?ts_ph_Nat_0 zero)
10:48:58 [WARN] proved: (ite2 ?ts_ph_Bool_0 zero zero) => zero
