10:32:26 [WARN] Collecting statistics
10:32:26 [WARN]  ex is: true
10:32:26 [WARN]  ex is: false
10:32:26 [WARN]  ex is: null
10:32:26 [WARN]  ex is: zero
10:32:26 [WARN]  ex is: (succ zero)
10:32:26 [WARN]  ex is: (succ (succ zero))
10:32:26 [WARN]  ex is: (nil autovar_Unit_0)
10:32:26 [WARN]  ex is: (cons autovar_Nat_0 (nil autovar_Unit_0))
10:32:26 [WARN]  ex is: (cons autovar_Nat_1 (cons autovar_Nat_0 (nil autovar_Unit_0)))
10:32:26 [WARN]  ex is: (cnil autovar_Unit_0)
10:32:26 [WARN]  ex is: (single autovar_Nat_0)
10:32:26 [WARN]  ex is: (concat (single autovar_Nat_0) (single autovar_Nat_0))
10:32:26 [WARN]  ex is: (concat (concat (single autovar_Nat_0) (single autovar_Nat_0)) (concat (single autovar_Nat_0) (single autovar_Nat_0)))
10:32:26 [WARN]  ex is: (makeTuple3 autovar_Nat_0 autovar_Nat_1)
10:32:26 [WARN] Running exploration without proof mode, but goals were given
10:32:26 [WARN] Proof mode: true
10:32:26 [WARN]  ex is: true
10:32:26 [WARN]  ex is: false
10:32:26 [WARN]  ex is: null
10:32:26 [WARN]  ex is: zero
10:32:26 [WARN]  ex is: (succ zero)
10:32:26 [WARN]  ex is: (succ (succ zero))
10:32:26 [WARN]  ex is: (nil autovar_Unit_0)
10:32:26 [WARN]  ex is: (cons autovar_Nat_0 (nil autovar_Unit_0))
10:32:26 [WARN]  ex is: (cons autovar_Nat_1 (cons autovar_Nat_0 (nil autovar_Unit_0)))
10:32:26 [WARN]  ex is: (cnil autovar_Unit_0)
10:32:26 [WARN]  ex is: (single autovar_Nat_0)
10:32:26 [WARN]  ex is: (concat (single autovar_Nat_0) (single autovar_Nat_0))
10:32:26 [WARN]  ex is: (concat (concat (single autovar_Nat_0) (single autovar_Nat_0)) (concat (single autovar_Nat_0) (single autovar_Nat_0)))
10:32:26 [WARN]  ex is: (makeTuple3 autovar_Nat_0 autovar_Nat_1)
10:32:26 [WARN] Running exploration without proof mode, but goals were given
10:32:26 [WARN] Proof mode: true
10:32:26 [WARN] proved: (cnil ?ts_ph_Unit_0) => (cnil null)
10:32:26 [WARN] proved: (nil ?ts_ph_Unit_0) => (nil null)
10:32:26 [WARN] proved: (max zero ?ts_ph_Nat_0) => ?ts_ph_Nat_0
10:32:26 [WARN] proved: (plus ?ts_ph_Nat_0 zero) => ?ts_ph_Nat_0
10:32:26 [WARN] proved: (lq ?ts_ph_Nat_0 ?ts_ph_Nat_0) => false
