11:14:59 [0m[33m[WARN] [0mCollecting statistics
(plus zero ?x) => ?x
(plus (succ ?x) ?y) => (succ (plus ?x ?y))
(tf1 (nil ?tv3)) => zero
(tf1 (cons ?tv4 ?tv5)) => (plus (succ zero) (tf0 ?tv5))
(tf0 ?tv1) => (tf1 ?tv1)
(length ?tv0) => (tf0 ?tv0)
(tf3 (nil ?tv9)) => (inil null)
(tf3 (cons ?tv10 ?tv11)) => (icons ?tv10 (length ?tv11) (tf2 ?tv11))
(tf2 ?tv7) => (tf3 ?tv7)
(repr ?tv6) => (tf2 ?tv6)
(times zero ?x) => zero
(times (succ ?x) ?y) => (plus (times ?x ?y) ?y)
(tf5 (inil ?tv15)) => zero
(tf5 (icons ?tv16 ?tv17 ?tv18)) => (plus (times ?tv16 ?tv17) (tf4 ?tv18))
(tf4 ?tv13) => (tf5 ?tv13)
(spec ?tv12) => (tf4 ?tv12)
(main ?tv19) => (spec (repr ?tv19))
(tf7 (nil ?tv23)) => zero
(tf7 (cons ?tv24 ?tv25)) => (plus (tf6 ?tv25) (times (length ?tv25) ?tv24))
(tf6 ?tv21) => (tf7 ?tv21)
(repr_ ?tv20) => (tf6 ?tv20)
(main_ ?tv26) => (repr_ ?tv26)
11:14:59 [0m[33m[WARN] [0m ex is: true
11:14:59 [0m[33m[WARN] [0m ex is: false
11:14:59 [0m[33m[WARN] [0m ex is: null
11:14:59 [0m[33m[WARN] [0m ex is: zero
11:14:59 [0m[33m[WARN] [0m ex is: (succ zero)
11:14:59 [0m[33m[WARN] [0m ex is: (succ (succ zero))
11:14:59 [0m[33m[WARN] [0m ex is: (nil autovar_Unit_0)
11:14:59 [0m[33m[WARN] [0m ex is: (cons autovar_Nat_0 (nil autovar_Unit_0))
11:14:59 [0m[33m[WARN] [0m ex is: (cons autovar_Nat_1 (cons autovar_Nat_0 (nil autovar_Unit_0)))
11:14:59 [0m[33m[WARN] [0m ex is: (inil autovar_Unit_0)
11:14:59 [0m[33m[WARN] [0m ex is: (icons autovar_Nat_0 autovar_Nat_1 (inil autovar_Unit_0))
11:14:59 [0m[33m[WARN] [0m ex is: (icons autovar_Nat_2 autovar_Nat_3 (icons autovar_Nat_0 autovar_Nat_1 (inil autovar_Unit_0)))
11:14:59 [0m[33m[WARN] [0mRunning exploration without proof mode, but goals were given
11:14:59 [0m[33m[WARN] [0mProof mode: true
11:14:59 [0m[33m[WARN] [0m ex is: true
11:14:59 [0m[33m[WARN] [0m ex is: false
11:14:59 [0m[33m[WARN] [0m ex is: null
11:14:59 [0m[33m[WARN] [0m ex is: zero
11:14:59 [0m[33m[WARN] [0m ex is: (succ zero)
11:14:59 [0m[33m[WARN] [0m ex is: (succ (succ zero))
11:14:59 [0m[33m[WARN] [0m ex is: (nil autovar_Unit_0)
11:14:59 [0m[33m[WARN] [0m ex is: (cons autovar_Nat_0 (nil autovar_Unit_0))
11:14:59 [0m[33m[WARN] [0m ex is: (cons autovar_Nat_1 (cons autovar_Nat_0 (nil autovar_Unit_0)))
11:14:59 [0m[33m[WARN] [0m ex is: (inil autovar_Unit_0)
11:14:59 [0m[33m[WARN] [0m ex is: (icons autovar_Nat_0 autovar_Nat_1 (inil autovar_Unit_0))
11:14:59 [0m[33m[WARN] [0m ex is: (icons autovar_Nat_2 autovar_Nat_3 (icons autovar_Nat_0 autovar_Nat_1 (inil autovar_Unit_0)))
11:14:59 [0m[33m[WARN] [0mRunning exploration without proof mode, but goals were given
11:14:59 [0m[33m[WARN] [0mProof mode: true
11:14:59 [0m[33m[WARN] [0mproved: (nil ?ts_ph_Unit_0) => (nil null)
11:14:59 [0m[33m[WARN] [0mproved: (times ?ts_ph_Nat_0 zero) => zero
