11:23:26 [WARN] Collecting statistics
11:23:26 [WARN]  ex is: true
11:23:26 [WARN]  ex is: false
11:23:26 [WARN]  ex is: zero
11:23:26 [WARN]  ex is: (succ zero)
11:23:26 [WARN]  ex is: (succ (succ zero))
11:23:26 [WARN]  ex is: (leaf autovar_Nat_0)
11:23:26 [WARN]  ex is: (node autovar_Nat_1 (leaf autovar_Nat_0) (leaf autovar_Nat_0))
11:23:26 [WARN]  ex is: (node autovar_Nat_2 (node autovar_Nat_1 (leaf autovar_Nat_0) (leaf autovar_Nat_0)) (node autovar_Nat_1 (leaf autovar_Nat_0) (leaf autovar_Nat_0)))
11:23:26 [WARN]  ex is: (makeTuple2 autovar_Nat_0 autovar_Nat_1)
11:23:26 [WARN] Running exploration without proof mode, but goals were given
11:23:26 [WARN] Proof mode: true
11:23:26 [WARN]  ex is: true
11:23:26 [WARN]  ex is: false
11:23:26 [WARN]  ex is: zero
11:23:26 [WARN]  ex is: (succ zero)
11:23:26 [WARN]  ex is: (succ (succ zero))
11:23:26 [WARN]  ex is: (leaf autovar_Nat_0)
11:23:26 [WARN]  ex is: (node autovar_Nat_1 (leaf autovar_Nat_0) (leaf autovar_Nat_0))
11:23:26 [WARN]  ex is: (node autovar_Nat_2 (node autovar_Nat_1 (leaf autovar_Nat_0) (leaf autovar_Nat_0)) (node autovar_Nat_1 (leaf autovar_Nat_0) (leaf autovar_Nat_0)))
11:23:26 [WARN]  ex is: (makeTuple2 autovar_Nat_0 autovar_Nat_1)
11:23:26 [WARN] Running exploration without proof mode, but goals were given
11:23:26 [WARN] Proof mode: true
11:23:26 [WARN] proved: (tf9 ?ts_ph_Tree_0) => ?ts_ph_Tree_0
11:23:26 [WARN] proved: (and ?ts_ph_Bool_0 ?ts_ph_Bool_1) => (and ?ts_ph_Bool_1 ?ts_ph_Bool_0)
11:23:26 [WARN] proved: (and ?ts_ph_Bool_1 ?ts_ph_Bool_0) => (and ?ts_ph_Bool_0 ?ts_ph_Bool_1)
11:23:26 [WARN] proved: (max zero ?ts_ph_Nat_0) => ?ts_ph_Nat_0
11:23:26 [WARN] proved: (and ?ts_ph_Bool_0 ?ts_ph_Bool_0) => ?ts_ph_Bool_0
11:23:26 [WARN] proved: (geq ?ts_ph_Nat_0 ?ts_ph_Nat_0) => true
11:23:26 [WARN] proved: (leq ?ts_ph_Nat_0 ?ts_ph_Nat_0) => true
11:23:26 [WARN] proved: (min zero ?ts_ph_Nat_0) => zero
11:23:26 [WARN] proved: (geq zero ?ts_ph_Nat_0) => (leq ?ts_ph_Nat_0 zero)
11:23:26 [WARN] proved: (leq ?ts_ph_Nat_0 zero) => (geq zero ?ts_ph_Nat_0)
11:23:26 [WARN] proved: (ite1 ?ts_ph_Bool_0 ?ts_ph_Nat_1 ?ts_ph_Nat_1) => ?ts_ph_Nat_1
11:23:26 [WARN] proved: (leq ?ts_ph_Nat_0 ?ts_ph_Nat_1) => (geq ?ts_ph_Nat_1 ?ts_ph_Nat_0)
11:23:26 [WARN] proved: (geq ?ts_ph_Nat_1 ?ts_ph_Nat_0) => (leq ?ts_ph_Nat_0 ?ts_ph_Nat_1)
11:23:26 [WARN] proved: (lq ?ts_ph_Nat_0 ?ts_ph_Nat_0) => false
