10:34:26 [WARN] Collecting statistics
10:34:26 [WARN]  ex is: true
10:34:26 [WARN]  ex is: false
10:34:26 [WARN]  ex is: zero
10:34:26 [WARN]  ex is: (succ zero)
10:34:26 [WARN]  ex is: (succ (succ zero))
10:34:26 [WARN]  ex is: (elt autovar_Nat_0)
10:34:26 [WARN]  ex is: (cons autovar_Nat_1 (elt autovar_Nat_0))
10:34:26 [WARN]  ex is: (cons autovar_Nat_2 (cons autovar_Nat_1 (elt autovar_Nat_0)))
10:34:26 [WARN]  ex is: (ielt autovar_Nat_0)
10:34:26 [WARN]  ex is: (icons autovar_Nat_1 autovar_Nat_2 (ielt autovar_Nat_0))
10:34:26 [WARN]  ex is: (icons autovar_Nat_3 autovar_Nat_4 (icons autovar_Nat_1 autovar_Nat_2 (ielt autovar_Nat_0)))
10:34:26 [WARN] Running exploration without proof mode, but goals were given
10:34:26 [WARN] Proof mode: true
10:34:26 [WARN]  ex is: true
10:34:26 [WARN]  ex is: false
10:34:26 [WARN]  ex is: zero
10:34:26 [WARN]  ex is: (succ zero)
10:34:26 [WARN]  ex is: (succ (succ zero))
10:34:26 [WARN]  ex is: (elt autovar_Nat_0)
10:34:26 [WARN]  ex is: (cons autovar_Nat_1 (elt autovar_Nat_0))
10:34:26 [WARN]  ex is: (cons autovar_Nat_2 (cons autovar_Nat_1 (elt autovar_Nat_0)))
10:34:26 [WARN]  ex is: (ielt autovar_Nat_0)
10:34:26 [WARN]  ex is: (icons autovar_Nat_1 autovar_Nat_2 (ielt autovar_Nat_0))
10:34:26 [WARN]  ex is: (icons autovar_Nat_3 autovar_Nat_4 (icons autovar_Nat_1 autovar_Nat_2 (ielt autovar_Nat_0)))
10:34:26 [WARN] Running exploration without proof mode, but goals were given
10:34:26 [WARN] Proof mode: true
10:34:26 [WARN] proved: (and ?ts_ph_Bool_0 ?ts_ph_Bool_1) => (and ?ts_ph_Bool_1 ?ts_ph_Bool_0)
10:34:26 [WARN] proved: (and ?ts_ph_Bool_1 ?ts_ph_Bool_0) => (and ?ts_ph_Bool_0 ?ts_ph_Bool_1)
10:34:26 [WARN] proved: (and ?ts_ph_Bool_0 ?ts_ph_Bool_0) => ?ts_ph_Bool_0
10:34:26 [WARN] proved: (max zero ?ts_ph_Nat_0) => ?ts_ph_Nat_0
10:34:26 [WARN] proved: (plus ?ts_ph_Nat_0 zero) => ?ts_ph_Nat_0
10:34:26 [WARN] proved: (lq ?ts_ph_Nat_0 ?ts_ph_Nat_0) => false
10:34:26 [WARN] proved: (nat_eq ?ts_ph_Nat_0 ?ts_ph_Nat_0) => true
10:34:26 [WARN] proved: (nat_eq zero ?ts_ph_Nat_0) => (nat_eq ?ts_ph_Nat_0 zero)
10:34:26 [WARN] proved: (nat_eq ?ts_ph_Nat_0 zero) => (nat_eq zero ?ts_ph_Nat_0)
10:34:26 [WARN] proved: (ite2 ?ts_ph_Bool_0 ?ts_ph_Nat_1 ?ts_ph_Nat_1) => ?ts_ph_Nat_1
10:34:26 [WARN] proved: (tf8 ?ts_ph_MList_0) => ?ts_ph_MList_0
