10:58:58 [0m[33m[WARN] [0mCollecting statistics
(lq zero (succ ?x)) => true
(lq ?x zero) => false
(lq (succ ?x) (succ ?y)) => (lq ?x ?y)
(ite1 true ?x ?y) => ?x
(ite1 false ?x ?y) => ?y
(max ?tv0 ?tv1) => (ite1 (lq ?tv0 ?tv1) ?tv1 ?tv0)
(plus zero ?x) => ?x
(plus (succ ?x) ?y) => (succ (plus ?x ?y))
(tf1 (nil ?tv5)) => zero
(tf1 (node ?tv6 ?tv7 ?tv8)) => (plus (succ zero) (max (tf0 ?tv7) (tf0 ?tv8)))
(tf0 ?tv3) => (tf1 ?tv3)
(height ?tv2) => (tf0 ?tv2)
(and false ?x) => false
(and ?x false) => false
(and true true) => true
(nat_eq zero zero) => true
(nat_eq zero (succ ?x)) => false
(nat_eq (succ ?x) zero) => false
(nat_eq (succ ?x) (succ ?y)) => (nat_eq ?x ?y)
(tf3 (nil ?tv12)) => true
(tf3 (node ?tv13 ?tv14 ?tv15)) => (and (and (nat_eq (height ?tv14) (height ?tv15)) (tf2 ?tv14)) (tf2 ?tv15))
(tf2 ?tv10) => (tf3 ?tv10)
(balanced ?tv9) => (tf2 ?tv9)
(tf5 (nil ?tv19)) => (nil null)
(tf5 (node ?tv20 ?tv21 ?tv22)) => (node ?tv20 (tf4 ?tv21) ?tv22)
(tf4 ?tv17) => (tf5 ?tv17)
(target ?tv16) => (tf4 ?tv16)
(main ?tv23) => (ite1 (balanced ?tv23) (height (target ?tv23)) zero)
(tf7 (nil ?tv27)) => zero
(tf7 (node ?tv28 ?tv29 ?tv30)) => (plus (tf6 ?tv29) (max (tf6 ?tv29) (succ zero)))
(tf6 ?tv25) => (tf7 ?tv25)
(target_ ?tv24) => (tf6 ?tv24)
(main_ ?tv31) => (ite1 (balanced ?tv31) (target_ ?tv31) zero)
Searcher: (lq ?autovar5 (succ ?autovar1))
Searcher: (lq ?autovar5 (succ ?autovar3))
Searcher: (lq zero ?autovar6)
Searcher: (lq (succ ?autovar4) ?autovar6)
Searcher: (and ?autovar1 true)
Searcher: (and true ?autovar2)
Searcher: (nat_eq ?autovar7 zero)
Searcher: (nat_eq ?autovar7 (succ ?autovar1))
Searcher: (nat_eq ?autovar7 zero)
Searcher: (nat_eq ?autovar7 (succ ?autovar4))
Searcher: (nat_eq zero ?autovar8)
Searcher: (nat_eq zero ?autovar8)
Searcher: (nat_eq (succ ?autovar5) ?autovar8)
Searcher: (nat_eq (succ ?autovar6) ?autovar8)
10:58:58 [0m[33m[WARN] [0m ex is: true
10:58:58 [0m[33m[WARN] [0m ex is: false
10:58:58 [0m[33m[WARN] [0m ex is: null
10:58:58 [0m[33m[WARN] [0m ex is: zero
10:58:58 [0m[33m[WARN] [0m ex is: (succ zero)
10:58:58 [0m[33m[WARN] [0m ex is: (succ (succ zero))
10:58:58 [0m[33m[WARN] [0m ex is: (nil autovar_Unit_0)
10:58:58 [0m[33m[WARN] [0m ex is: (node autovar_Nat_0 (nil autovar_Unit_0) (nil autovar_Unit_0))
10:58:58 [0m[33m[WARN] [0m ex is: (node autovar_Nat_1 (node autovar_Nat_0 (nil autovar_Unit_0) (nil autovar_Unit_0)) (node autovar_Nat_0 (nil autovar_Unit_0) (nil autovar_Unit_0)))
10:58:58 [0m[33m[WARN] [0mRunning exploration without proof mode, but goals were given
10:58:58 [0m[33m[WARN] [0mProof mode: true
10:58:58 [0m[33m[WARN] [0m ex is: true
10:58:58 [0m[33m[WARN] [0m ex is: false
10:58:58 [0m[33m[WARN] [0m ex is: null
10:58:58 [0m[33m[WARN] [0m ex is: zero
10:58:58 [0m[33m[WARN] [0m ex is: (succ zero)
10:58:58 [0m[33m[WARN] [0m ex is: (succ (succ zero))
10:58:58 [0m[33m[WARN] [0m ex is: (nil autovar_Unit_0)
10:58:58 [0m[33m[WARN] [0m ex is: (node autovar_Nat_0 (nil autovar_Unit_0) (nil autovar_Unit_0))
10:58:58 [0m[33m[WARN] [0m ex is: (node autovar_Nat_1 (node autovar_Nat_0 (nil autovar_Unit_0) (nil autovar_Unit_0)) (node autovar_Nat_0 (nil autovar_Unit_0) (nil autovar_Unit_0)))
10:58:58 [0m[33m[WARN] [0mRunning exploration without proof mode, but goals were given
10:58:58 [0m[33m[WARN] [0mProof mode: true
10:58:58 [0m[33m[WARN] [0mproved: (nil ?ts_ph_Unit_0) => (nil null)
10:58:58 [0m[33m[WARN] [0mproved: (and ?ts_ph_Bool_0 ?ts_ph_Bool_1) => (and ?ts_ph_Bool_1 ?ts_ph_Bool_0)
10:58:58 [0m[33m[WARN] [0mproved: (and ?ts_ph_Bool_1 ?ts_ph_Bool_0) => (and ?ts_ph_Bool_0 ?ts_ph_Bool_1)
10:58:58 [0m[33m[WARN] [0mproved: (max zero ?ts_ph_Nat_0) => ?ts_ph_Nat_0
10:58:58 [0m[33m[WARN] [0mproved: (and ?ts_ph_Bool_0 ?ts_ph_Bool_0) => ?ts_ph_Bool_0
10:58:58 [0m[33m[WARN] [0mproved: (lq ?ts_ph_Nat_0 ?ts_ph_Nat_0) => false
10:58:58 [0m[33m[WARN] [0mproved: (max zero ?ts_ph_Nat_0) => (plus ?ts_ph_Nat_0 zero)
10:58:58 [0m[33m[WARN] [0mproved: (plus ?ts_ph_Nat_0 zero) => (max zero ?ts_ph_Nat_0)
10:58:58 [0m[33m[WARN] [0mproved: (nat_eq zero ?ts_ph_Nat_0) => (nat_eq ?ts_ph_Nat_0 zero)
10:58:58 [0m[33m[WARN] [0mproved: (nat_eq ?ts_ph_Nat_0 zero) => (nat_eq zero ?ts_ph_Nat_0)
10:58:58 [0m[33m[WARN] [0mproved: (ite1 ?ts_ph_Bool_0 ?ts_ph_Nat_1 ?ts_ph_Nat_1) => ?ts_ph_Nat_1
