10:33:26 [WARN] Collecting statistics
10:33:26 [WARN]  ex is: true
10:33:26 [WARN]  ex is: false
10:33:26 [WARN]  ex is: null
10:33:26 [WARN]  ex is: zero
10:33:26 [WARN]  ex is: (succ zero)
10:33:26 [WARN]  ex is: (succ (succ zero))
10:33:26 [WARN]  ex is: (unil autovar_Unit_0)
10:33:26 [WARN]  ex is: (uelt autovar_Nat_0)
10:33:26 [WARN]  ex is: (usplit (uelt autovar_Nat_0) autovar_Nat_1 autovar_Nat_2 (uelt autovar_Nat_0))
10:33:26 [WARN]  ex is: (usplit (usplit (uelt autovar_Nat_0) autovar_Nat_1 autovar_Nat_2 (uelt autovar_Nat_0)) autovar_Nat_3 autovar_Nat_4 (usplit (uelt autovar_Nat_0) autovar_Nat_1 autovar_Nat_2 (uelt autovar_Nat_0)))
10:33:26 [WARN]  ex is: (nil autovar_Unit_0)
10:33:26 [WARN]  ex is: (cons autovar_Nat_0 (nil autovar_Unit_0))
10:33:26 [WARN]  ex is: (cons autovar_Nat_1 (cons autovar_Nat_0 (nil autovar_Unit_0)))
10:33:26 [WARN] Running exploration without proof mode, but goals were given
10:33:26 [WARN] Proof mode: true
10:33:26 [WARN]  ex is: true
10:33:26 [WARN]  ex is: false
10:33:26 [WARN]  ex is: null
10:33:26 [WARN]  ex is: zero
10:33:26 [WARN]  ex is: (succ zero)
10:33:26 [WARN]  ex is: (succ (succ zero))
10:33:26 [WARN]  ex is: (unil autovar_Unit_0)
10:33:26 [WARN]  ex is: (uelt autovar_Nat_0)
10:33:26 [WARN]  ex is: (usplit (uelt autovar_Nat_0) autovar_Nat_1 autovar_Nat_2 (uelt autovar_Nat_0))
10:33:26 [WARN]  ex is: (usplit (usplit (uelt autovar_Nat_0) autovar_Nat_1 autovar_Nat_2 (uelt autovar_Nat_0)) autovar_Nat_3 autovar_Nat_4 (usplit (uelt autovar_Nat_0) autovar_Nat_1 autovar_Nat_2 (uelt autovar_Nat_0)))
10:33:26 [WARN]  ex is: (nil autovar_Unit_0)
10:33:26 [WARN]  ex is: (cons autovar_Nat_0 (nil autovar_Unit_0))
10:33:26 [WARN]  ex is: (cons autovar_Nat_1 (cons autovar_Nat_0 (nil autovar_Unit_0)))
10:33:26 [WARN] Running exploration without proof mode, but goals were given
10:33:26 [WARN] Proof mode: true
10:33:27 [WARN] proved: (nil ?ts_ph_Unit_0) => (nil null)
10:33:27 [WARN] proved: (and ?ts_ph_Bool_1 ?ts_ph_Bool_0) => (and ?ts_ph_Bool_0 ?ts_ph_Bool_1)
10:33:27 [WARN] proved: (and ?ts_ph_Bool_0 ?ts_ph_Bool_1) => (and ?ts_ph_Bool_1 ?ts_ph_Bool_0)
10:33:27 [WARN] proved: (and ?ts_ph_Bool_0 ?ts_ph_Bool_0) => ?ts_ph_Bool_0
10:33:27 [WARN] proved: (ite3 ?ts_ph_Bool_0 zero) => zero
10:33:27 [WARN] proved: (leq ?ts_ph_Nat_0 ?ts_ph_Nat_0) => true
10:33:27 [WARN] proved: (tf5 zero ?ts_ph_List_0) => (tf7 ?ts_ph_List_0)
10:33:27 [WARN] proved: (tf7 ?ts_ph_List_0) => (tf5 zero ?ts_ph_List_0)
10:33:27 [WARN] proved: (geq ?ts_ph_Nat_0 ?ts_ph_Nat_0) => (leq ?ts_ph_Nat_0 ?ts_ph_Nat_0)
10:33:27 [WARN] proved: (leq ?ts_ph_Nat_0 ?ts_ph_Nat_0) => (geq ?ts_ph_Nat_0 ?ts_ph_Nat_0)
10:33:27 [WARN] proved: (geq zero ?ts_ph_Nat_0) => (leq ?ts_ph_Nat_0 zero)
10:33:27 [WARN] proved: (leq ?ts_ph_Nat_0 zero) => (geq zero ?ts_ph_Nat_0)
10:33:27 [WARN] generalized case_split proof as: (ite2 ?ts_ph_Bool_0 ?ts_ph_Bool_1 ?ts_ph_Bool_1) -- ?ts_ph_Bool_1
10:33:27 [WARN] proved: (ite2 ?ts_ph_Bool_0 ?ts_ph_Bool_1 ?ts_ph_Bool_1) => ?ts_ph_Bool_1
10:33:27 [WARN] proved: (and ?ts_ph_Bool_0 ?ts_ph_Bool_1) => (ite2 ?ts_ph_Bool_0 ?ts_ph_Bool_1 ?ts_ph_Bool_0)
10:33:27 [WARN] proved: (ite2 ?ts_ph_Bool_0 ?ts_ph_Bool_1 ?ts_ph_Bool_0) => (and ?ts_ph_Bool_0 ?ts_ph_Bool_1)
10:33:27 [WARN] proved: (and ?ts_ph_Bool_0 ?ts_ph_Bool_1) => (ite2 ?ts_ph_Bool_0 ?ts_ph_Bool_1 false)
10:33:27 [WARN] proved: (ite2 ?ts_ph_Bool_0 ?ts_ph_Bool_1 false) => (and ?ts_ph_Bool_0 ?ts_ph_Bool_1)
10:33:27 [WARN] proved: (ite2 ?ts_ph_Bool_0 ?ts_ph_Bool_0 ?ts_ph_Bool_1) => (ite2 ?ts_ph_Bool_0 true ?ts_ph_Bool_1)
10:33:27 [WARN] proved: (ite2 ?ts_ph_Bool_0 true ?ts_ph_Bool_1) => (ite2 ?ts_ph_Bool_0 ?ts_ph_Bool_0 ?ts_ph_Bool_1)
