11:07:58 [WARN] Collecting statistics
11:07:58 [WARN]  ex is: true
11:07:58 [WARN]  ex is: false
11:07:58 [WARN]  ex is: null
11:07:58 [WARN]  ex is: zero
11:07:58 [WARN]  ex is: (succ zero)
11:07:58 [WARN]  ex is: (succ (succ zero))
11:07:58 [WARN]  ex is: (nil autovar_Unit_0)
11:07:58 [WARN]  ex is: (cons autovar_Nat_0 (nil autovar_Unit_0))
11:07:58 [WARN]  ex is: (cons autovar_Nat_1 (cons autovar_Nat_0 (nil autovar_Unit_0)))
11:07:58 [WARN]  ex is: (cnil autovar_Unit_0)
11:07:58 [WARN]  ex is: (single autovar_Nat_0)
11:07:58 [WARN]  ex is: (concat (single autovar_Nat_0) (single autovar_Nat_0))
11:07:58 [WARN]  ex is: (concat (concat (single autovar_Nat_0) (single autovar_Nat_0)) (concat (single autovar_Nat_0) (single autovar_Nat_0)))
11:07:58 [WARN] Running exploration without proof mode, but goals were given
11:07:58 [WARN] Proof mode: true
11:07:58 [WARN]  ex is: true
11:07:58 [WARN]  ex is: false
11:07:58 [WARN]  ex is: null
11:07:58 [WARN]  ex is: zero
11:07:58 [WARN]  ex is: (succ zero)
11:07:58 [WARN]  ex is: (succ (succ zero))
11:07:58 [WARN]  ex is: (nil autovar_Unit_0)
11:07:58 [WARN]  ex is: (cons autovar_Nat_0 (nil autovar_Unit_0))
11:07:58 [WARN]  ex is: (cons autovar_Nat_1 (cons autovar_Nat_0 (nil autovar_Unit_0)))
11:07:58 [WARN]  ex is: (cnil autovar_Unit_0)
11:07:58 [WARN]  ex is: (single autovar_Nat_0)
11:07:58 [WARN]  ex is: (concat (single autovar_Nat_0) (single autovar_Nat_0))
11:07:58 [WARN]  ex is: (concat (concat (single autovar_Nat_0) (single autovar_Nat_0)) (concat (single autovar_Nat_0) (single autovar_Nat_0)))
11:07:58 [WARN] Running exploration without proof mode, but goals were given
11:07:58 [WARN] Proof mode: true
