11:37:26 [0m[33m[WARN] [0mCollecting statistics
(gq zero ?x) => false
(gq (succ ?x) zero) => true
(gq (succ ?x) (succ ?y)) => (gq ?x ?y)
(and false ?x) => false
(and ?x false) => false
(and true true) => true
(tf1 (cnil ?tv3)) => true
(tf1 (single ?tv4)) => (gq ?tv4 zero)
(tf1 (concat ?tv5 ?tv6)) => (and (tf0 ?tv5) (tf0 ?tv6))
(tf0 ?tv1) => (tf1 ?tv1)
(allpos ?tv0) => (tf0 ?tv0)
(tf3 ?tv11 (cons ?tv13 ?tv14)) => (cons ?tv13 (tf2 ?tv14 ?tv11))
(tf3 ?tv11 (nil ?tv15)) => ?tv11
(tf2 ?tv9 ?tv10) => (tf3 ?tv10 ?tv9)
(cat ?tv7 ?tv8) => (tf2 ?tv7 ?tv8)
(tf5 (cnil ?tv19)) => (nil null)
(tf5 (single ?tv20)) => (cons ?tv20 (nil null))
(tf5 (concat ?tv21 ?tv22)) => (cat (tf4 ?tv21) (tf4 ?tv22))
(tf4 ?tv17) => (tf5 ?tv17)
(repr ?tv16) => (tf4 ?tv16)
(lq zero (succ ?x)) => true
(lq ?x zero) => false
(lq (succ ?x) (succ ?y)) => (lq ?x ?y)
(ite2 true ?x ?y) => ?x
(ite2 false ?x ?y) => ?y
(max ?tv23) => (ite2 (lq ?tv23 zero) zero ?tv23)
(plus zero ?x) => ?x
(plus (succ ?x) ?y) => (succ (plus ?x ?y))
(tf7 (nil ?tv28)) => zero
(tf7 (cons ?tv29 ?tv30)) => (max (plus (tf6 ?tv30) ?tv29))
(tf6 ?tv26) => (tf7 ?tv26)
(spec ?tv25) => (tf6 ?tv25)
(tf9 (cnil ?tv34)) => (cnil null)
(tf9 (single ?tv35)) => (single ?tv35)
(tf9 (concat ?tv36 ?tv37)) => (concat (tf8 ?tv36) (tf8 ?tv37))
(tf8 ?tv32) => (tf9 ?tv32)
(target ?tv31) => (tf8 ?tv31)
(main ?tv38) => (ite2 (allpos ?tv38) (spec (repr (target ?tv38))) zero)
(tf11 (cnil ?tv42)) => zero
(tf11 (single ?tv43)) => ?tv43
(tf11 (concat ?tv44 ?tv45)) => (plus (tf10 ?tv45) (tf10 ?tv44))
(tf10 ?tv40) => (tf11 ?tv40)
(target_ ?tv39) => (tf10 ?tv39)
(main_ ?tv46) => (ite2 (allpos ?tv46) (target_ ?tv46) zero)
Searcher: (gq ?autovar6 zero)
Searcher: (gq ?autovar6 (succ ?autovar3))
Searcher: (gq (succ ?autovar4) ?autovar7)
Searcher: (gq (succ ?autovar5) ?autovar7)
Searcher: (and ?autovar1 true)
Searcher: (and true ?autovar2)
Searcher: (lq ?autovar5 (succ ?autovar1))
Searcher: (lq ?autovar5 (succ ?autovar3))
Searcher: (lq zero ?autovar6)
Searcher: (lq (succ ?autovar4) ?autovar6)
11:37:26 [0m[33m[WARN] [0m ex is: true
11:37:26 [0m[33m[WARN] [0m ex is: false
11:37:26 [0m[33m[WARN] [0m ex is: null
11:37:26 [0m[33m[WARN] [0m ex is: zero
11:37:26 [0m[33m[WARN] [0m ex is: (succ zero)
11:37:26 [0m[33m[WARN] [0m ex is: (succ (succ zero))
11:37:26 [0m[33m[WARN] [0m ex is: (cnil autovar_Unit_0)
11:37:26 [0m[33m[WARN] [0m ex is: (single autovar_Nat_0)
11:37:26 [0m[33m[WARN] [0m ex is: (concat (single autovar_Nat_0) (single autovar_Nat_0))
11:37:26 [0m[33m[WARN] [0m ex is: (concat (concat (single autovar_Nat_0) (single autovar_Nat_0)) (concat (single autovar_Nat_0) (single autovar_Nat_0)))
11:37:26 [0m[33m[WARN] [0m ex is: (nil autovar_Unit_0)
11:37:26 [0m[33m[WARN] [0m ex is: (cons autovar_Nat_0 (nil autovar_Unit_0))
11:37:26 [0m[33m[WARN] [0m ex is: (cons autovar_Nat_1 (cons autovar_Nat_0 (nil autovar_Unit_0)))
11:37:26 [0m[33m[WARN] [0mRunning exploration without proof mode, but goals were given
11:37:26 [0m[33m[WARN] [0mProof mode: true
11:37:26 [0m[33m[WARN] [0m ex is: true
11:37:26 [0m[33m[WARN] [0m ex is: false
11:37:26 [0m[33m[WARN] [0m ex is: null
11:37:26 [0m[33m[WARN] [0m ex is: zero
11:37:26 [0m[33m[WARN] [0m ex is: (succ zero)
11:37:26 [0m[33m[WARN] [0m ex is: (succ (succ zero))
11:37:26 [0m[33m[WARN] [0m ex is: (cnil autovar_Unit_0)
11:37:26 [0m[33m[WARN] [0m ex is: (single autovar_Nat_0)
11:37:26 [0m[33m[WARN] [0m ex is: (concat (single autovar_Nat_0) (single autovar_Nat_0))
11:37:26 [0m[33m[WARN] [0m ex is: (concat (concat (single autovar_Nat_0) (single autovar_Nat_0)) (concat (single autovar_Nat_0) (single autovar_Nat_0)))
11:37:26 [0m[33m[WARN] [0m ex is: (nil autovar_Unit_0)
11:37:26 [0m[33m[WARN] [0m ex is: (cons autovar_Nat_0 (nil autovar_Unit_0))
11:37:26 [0m[33m[WARN] [0m ex is: (cons autovar_Nat_1 (cons autovar_Nat_0 (nil autovar_Unit_0)))
11:37:26 [0m[33m[WARN] [0mRunning exploration without proof mode, but goals were given
11:37:26 [0m[33m[WARN] [0mProof mode: true
11:37:26 [0m[33m[WARN] [0mproved: (and ?ts_ph_Bool_1 ?ts_ph_Bool_0) => (and ?ts_ph_Bool_0 ?ts_ph_Bool_1)
11:37:26 [0m[33m[WARN] [0mproved: (and ?ts_ph_Bool_0 ?ts_ph_Bool_1) => (and ?ts_ph_Bool_1 ?ts_ph_Bool_0)
11:37:26 [0m[33m[WARN] [0mproved: (and ?ts_ph_Bool_0 ?ts_ph_Bool_0) => ?ts_ph_Bool_0
11:37:26 [0m[33m[WARN] [0mproved: (gq ?ts_ph_Nat_0 ?ts_ph_Nat_0) => false
11:37:26 [0m[33m[WARN] [0mproved: (gq ?ts_ph_Nat_0 ?ts_ph_Nat_0) => (lq ?ts_ph_Nat_0 ?ts_ph_Nat_0)
11:37:26 [0m[33m[WARN] [0mproved: (lq ?ts_ph_Nat_0 ?ts_ph_Nat_0) => (gq ?ts_ph_Nat_0 ?ts_ph_Nat_0)
11:37:26 [0m[33m[WARN] [0mproved: (gq ?ts_ph_Nat_0 zero) => (lq zero ?ts_ph_Nat_0)
11:37:26 [0m[33m[WARN] [0mproved: (lq zero ?ts_ph_Nat_0) => (gq ?ts_ph_Nat_0 zero)
11:37:26 [0m[33m[WARN] [0mproved: (ite2 ?ts_ph_Bool_0 ?ts_ph_Nat_1 ?ts_ph_Nat_1) => ?ts_ph_Nat_1
