10:25:26 [0m[33m[WARN] [0mCollecting statistics
(gq zero ?x) => false
(gq (succ ?x) zero) => true
(gq (succ ?x) (succ ?y)) => (gq ?x ?y)
(and false ?x) => false
(and ?x false) => false
(and true true) => true
(tf1 (cnil ?tv3)) => true
(tf1 (single ?tv4)) => (gq ?tv4 zero)
(tf1 (concat ?tv5 ?tv6)) => (and (tf0 ?tv5) (tf0 ?tv6))
(tf0 ?tv1) => (tf1 ?tv1)
(allpos ?tv0) => (tf0 ?tv0)
(tf3 ?tv11 (cons ?tv13 ?tv14)) => (cons ?tv13 (tf2 ?tv14 ?tv11))
(tf3 ?tv11 (nil ?tv15)) => ?tv11
(tf2 ?tv9 ?tv10) => (tf3 ?tv10 ?tv9)
(cat ?tv7 ?tv8) => (tf2 ?tv7 ?tv8)
(tf5 (cnil ?tv19)) => (nil null)
(tf5 (single ?tv20)) => (cons ?tv20 (nil null))
(tf5 (concat ?tv21 ?tv22)) => (cat (tf4 ?tv21) (tf4 ?tv22))
(tf4 ?tv17) => (tf5 ?tv17)
(repr ?tv16) => (tf4 ?tv16)
(lq zero (succ ?x)) => true
(lq ?x zero) => false
(lq (succ ?x) (succ ?y)) => (lq ?x ?y)
(ite2 true ?x ?y) => ?x
(ite2 false ?x ?y) => ?y
(min ?tv23 ?tv24) => (ite2 (lq ?tv23 ?tv24) ?tv23 ?tv24)
(max ?tv25 ?tv26) => (ite2 (lq ?tv25 ?tv26) ?tv26 ?tv25)
(fst_3 (makeTuple3 ?x0 ?x1)) => ?x0
(snd_3 (makeTuple3 ?x0 ?x1)) => ?x1
(tf7 (nil ?tv30)) => (makeTuple3 zero zero)
(tf7 (cons ?tv31 ?tv32)) => (makeTuple3 (min ?tv31 (fst_3 (tf6 ?tv32))) (min (snd_3 (tf6 ?tv32)) (max (fst_3 (tf6 ?tv32)) ?tv31)))
(tf6 ?tv28) => (tf7 ?tv28)
(spec ?tv27) => (snd_3 (tf6 ?tv27))
(tf9 (cnil ?tv36)) => (cnil null)
(tf9 (single ?tv37)) => (single ?tv37)
(tf9 (concat ?tv38 ?tv39)) => (concat (tf8 ?tv38) (tf8 ?tv39))
(tf8 ?tv34) => (tf9 ?tv34)
(target ?tv33) => (tf8 ?tv33)
(main ?tv40) => (ite2 (allpos ?tv40) (spec (repr (target ?tv40))) zero)
(main_ ?tv41) => (ite2 (allpos ?tv41) zero zero)
Searcher: (gq ?autovar6 zero)
Searcher: (gq ?autovar6 (succ ?autovar3))
Searcher: (gq (succ ?autovar4) ?autovar7)
Searcher: (gq (succ ?autovar5) ?autovar7)
Searcher: (and ?autovar1 true)
Searcher: (and true ?autovar2)
Searcher: (lq ?autovar5 (succ ?autovar1))
Searcher: (lq ?autovar5 (succ ?autovar3))
Searcher: (lq zero ?autovar6)
Searcher: (lq (succ ?autovar4) ?autovar6)
10:25:26 [0m[33m[WARN] [0m ex is: true
10:25:26 [0m[33m[WARN] [0m ex is: false
10:25:26 [0m[33m[WARN] [0m ex is: null
10:25:26 [0m[33m[WARN] [0m ex is: zero
10:25:26 [0m[33m[WARN] [0m ex is: (succ zero)
10:25:26 [0m[33m[WARN] [0m ex is: (succ (succ zero))
10:25:26 [0m[33m[WARN] [0m ex is: (cnil autovar_Unit_0)
10:25:26 [0m[33m[WARN] [0m ex is: (single autovar_Nat_0)
10:25:26 [0m[33m[WARN] [0m ex is: (concat (single autovar_Nat_0) (single autovar_Nat_0))
10:25:26 [0m[33m[WARN] [0m ex is: (concat (concat (single autovar_Nat_0) (single autovar_Nat_0)) (concat (single autovar_Nat_0) (single autovar_Nat_0)))
10:25:26 [0m[33m[WARN] [0m ex is: (nil autovar_Unit_0)
10:25:26 [0m[33m[WARN] [0m ex is: (cons autovar_Nat_0 (nil autovar_Unit_0))
10:25:26 [0m[33m[WARN] [0m ex is: (cons autovar_Nat_1 (cons autovar_Nat_0 (nil autovar_Unit_0)))
10:25:26 [0m[33m[WARN] [0m ex is: (makeTuple3 autovar_Nat_0 autovar_Nat_1)
10:25:26 [0m[33m[WARN] [0mRunning exploration without proof mode, but goals were given
10:25:26 [0m[33m[WARN] [0mProof mode: true
10:25:26 [0m[33m[WARN] [0m ex is: true
10:25:26 [0m[33m[WARN] [0m ex is: false
10:25:26 [0m[33m[WARN] [0m ex is: null
10:25:26 [0m[33m[WARN] [0m ex is: zero
10:25:26 [0m[33m[WARN] [0m ex is: (succ zero)
10:25:26 [0m[33m[WARN] [0m ex is: (succ (succ zero))
10:25:26 [0m[33m[WARN] [0m ex is: (cnil autovar_Unit_0)
10:25:26 [0m[33m[WARN] [0m ex is: (single autovar_Nat_0)
10:25:26 [0m[33m[WARN] [0m ex is: (concat (single autovar_Nat_0) (single autovar_Nat_0))
10:25:26 [0m[33m[WARN] [0m ex is: (concat (concat (single autovar_Nat_0) (single autovar_Nat_0)) (concat (single autovar_Nat_0) (single autovar_Nat_0)))
10:25:26 [0m[33m[WARN] [0m ex is: (nil autovar_Unit_0)
10:25:26 [0m[33m[WARN] [0m ex is: (cons autovar_Nat_0 (nil autovar_Unit_0))
10:25:26 [0m[33m[WARN] [0m ex is: (cons autovar_Nat_1 (cons autovar_Nat_0 (nil autovar_Unit_0)))
10:25:26 [0m[33m[WARN] [0m ex is: (makeTuple3 autovar_Nat_0 autovar_Nat_1)
10:25:26 [0m[33m[WARN] [0mRunning exploration without proof mode, but goals were given
10:25:26 [0m[33m[WARN] [0mProof mode: true
10:25:26 [0m[33m[WARN] [0mproved: (cnil ?ts_ph_Unit_0) => (cnil null)
10:25:26 [0m[33m[WARN] [0mproved: (and ?ts_ph_Bool_1 ?ts_ph_Bool_0) => (and ?ts_ph_Bool_0 ?ts_ph_Bool_1)
10:25:26 [0m[33m[WARN] [0mproved: (and ?ts_ph_Bool_0 ?ts_ph_Bool_1) => (and ?ts_ph_Bool_1 ?ts_ph_Bool_0)
10:25:26 [0m[33m[WARN] [0mproved: (and ?ts_ph_Bool_0 ?ts_ph_Bool_0) => ?ts_ph_Bool_0
10:25:26 [0m[33m[WARN] [0mproved: (max zero ?ts_ph_Nat_0) => ?ts_ph_Nat_0
10:25:26 [0m[33m[WARN] [0mproved: (gq ?ts_ph_Nat_0 ?ts_ph_Nat_0) => false
10:25:26 [0m[33m[WARN] [0mproved: (lq ?ts_ph_Nat_0 ?ts_ph_Nat_0) => false
10:25:26 [0m[33m[WARN] [0mproved: (min zero ?ts_ph_Nat_0) => zero
10:25:26 [0m[33m[WARN] [0mproved: (gq ?ts_ph_Nat_0 zero) => (lq zero ?ts_ph_Nat_0)
10:25:26 [0m[33m[WARN] [0mproved: (lq zero ?ts_ph_Nat_0) => (gq ?ts_ph_Nat_0 zero)
10:25:26 [0m[33m[WARN] [0mproved: (ite2 ?ts_ph_Bool_0 ?ts_ph_Nat_1 ?ts_ph_Nat_1) => ?ts_ph_Nat_1
