10:36:26 [0m[33m[WARN] [0mCollecting statistics
(tf1 ?tv4 (cons ?tv6 ?tv7)) => (cons ?tv6 (tf0 ?tv7 ?tv4))
(tf1 ?tv4 (nil ?tv8)) => ?tv4
(tf0 ?tv2 ?tv3) => (tf1 ?tv3 ?tv2)
(cat ?tv0 ?tv1) => (tf0 ?tv0 ?tv1)
(tf3 (cnil ?tv12)) => (nil null)
(tf3 (single ?tv13)) => (cons ?tv13 (nil null))
(tf3 (concat ?tv14 ?tv15)) => (cat (tf2 ?tv14) (tf2 ?tv15))
(tf2 ?tv10) => (tf3 ?tv10)
(repr ?tv9) => (tf2 ?tv9)
(lq zero (succ ?x)) => true
(lq ?x zero) => false
(lq (succ ?x) (succ ?y)) => (lq ?x ?y)
(ite2 true ?x ?y) => ?x
(ite2 false ?x ?y) => ?y
(max ?tv17) => (ite2 (lq zero ?tv17) ?tv17 zero)
(plus zero ?x) => ?x
(plus (succ ?x) ?y) => (succ (plus ?x ?y))
(fst_3 (makeTuple3 ?x0 ?x1)) => ?x0
(snd_3 (makeTuple3 ?x0 ?x1)) => ?x1
(tf5 (nil ?tv21)) => (makeTuple3 zero zero)
(tf5 (cons ?tv22 ?tv23)) => (makeTuple3 (max (plus (fst_3 (tf4 ?tv23)) ?tv22)) (plus (snd_3 (tf4 ?tv23)) ?tv22))
(tf4 ?tv19) => (tf5 ?tv19)
(spec ?tv18) => (fst_3 (tf4 ?tv18))
(main ?tv24) => (spec (repr ?tv24))
(tf7 (cnil ?tv28)) => (makeTuple3 zero zero)
(tf7 (single ?tv29)) => (makeTuple3 (ite2 (lq ?tv29 zero) zero ?tv29) ?tv29)
(tf7 (concat ?tv30 ?tv31)) => (makeTuple3 (ite2 (lq (fst_3 (tf6 ?tv30)) (plus (snd_3 (tf6 ?tv30)) (fst_3 (tf6 ?tv31)))) (plus (snd_3 (tf6 ?tv30)) (fst_3 (tf6 ?tv31))) (fst_3 (tf6 ?tv30))) (plus (snd_3 (tf6 ?tv30)) (snd_3 (tf6 ?tv31))))
(tf6 ?tv26) => (tf7 ?tv26)
(repr_ ?tv25) => (tf6 ?tv25)
(main_ ?tv32) => (fst_3 (repr_ ?tv32))
Searcher: (lq ?autovar5 (succ ?autovar1))
Searcher: (lq ?autovar5 (succ ?autovar3))
Searcher: (lq zero ?autovar6)
Searcher: (lq (succ ?autovar4) ?autovar6)
10:36:26 [0m[33m[WARN] [0m ex is: true
10:36:26 [0m[33m[WARN] [0m ex is: false
10:36:26 [0m[33m[WARN] [0m ex is: null
10:36:26 [0m[33m[WARN] [0m ex is: zero
10:36:26 [0m[33m[WARN] [0m ex is: (succ zero)
10:36:26 [0m[33m[WARN] [0m ex is: (succ (succ zero))
10:36:26 [0m[33m[WARN] [0m ex is: (cnil autovar_Unit_0)
10:36:26 [0m[33m[WARN] [0m ex is: (single autovar_Nat_0)
10:36:26 [0m[33m[WARN] [0m ex is: (concat (single autovar_Nat_0) (single autovar_Nat_0))
10:36:26 [0m[33m[WARN] [0m ex is: (concat (concat (single autovar_Nat_0) (single autovar_Nat_0)) (concat (single autovar_Nat_0) (single autovar_Nat_0)))
10:36:26 [0m[33m[WARN] [0m ex is: (nil autovar_Unit_0)
10:36:26 [0m[33m[WARN] [0m ex is: (cons autovar_Nat_0 (nil autovar_Unit_0))
10:36:26 [0m[33m[WARN] [0m ex is: (cons autovar_Nat_1 (cons autovar_Nat_0 (nil autovar_Unit_0)))
10:36:26 [0m[33m[WARN] [0m ex is: (makeTuple3 autovar_Nat_0 autovar_Nat_1)
10:36:26 [0m[33m[WARN] [0mRunning exploration without proof mode, but goals were given
10:36:26 [0m[33m[WARN] [0mProof mode: true
10:36:26 [0m[33m[WARN] [0m ex is: true
10:36:26 [0m[33m[WARN] [0m ex is: false
10:36:26 [0m[33m[WARN] [0m ex is: null
10:36:26 [0m[33m[WARN] [0m ex is: zero
10:36:26 [0m[33m[WARN] [0m ex is: (succ zero)
10:36:26 [0m[33m[WARN] [0m ex is: (succ (succ zero))
10:36:26 [0m[33m[WARN] [0m ex is: (cnil autovar_Unit_0)
10:36:26 [0m[33m[WARN] [0m ex is: (single autovar_Nat_0)
10:36:26 [0m[33m[WARN] [0m ex is: (concat (single autovar_Nat_0) (single autovar_Nat_0))
10:36:26 [0m[33m[WARN] [0m ex is: (concat (concat (single autovar_Nat_0) (single autovar_Nat_0)) (concat (single autovar_Nat_0) (single autovar_Nat_0)))
10:36:26 [0m[33m[WARN] [0m ex is: (nil autovar_Unit_0)
10:36:26 [0m[33m[WARN] [0m ex is: (cons autovar_Nat_0 (nil autovar_Unit_0))
10:36:26 [0m[33m[WARN] [0m ex is: (cons autovar_Nat_1 (cons autovar_Nat_0 (nil autovar_Unit_0)))
10:36:26 [0m[33m[WARN] [0m ex is: (makeTuple3 autovar_Nat_0 autovar_Nat_1)
10:36:26 [0m[33m[WARN] [0mRunning exploration without proof mode, but goals were given
10:36:26 [0m[33m[WARN] [0mProof mode: true
10:36:26 [0m[33m[WARN] [0mproved: (max ?ts_ph_Nat_0) => ?ts_ph_Nat_0
10:36:26 [0m[33m[WARN] [0mproved: (lq ?ts_ph_Nat_0 ?ts_ph_Nat_0) => false
10:36:26 [0m[33m[WARN] [0mproved: (max ?ts_ph_Nat_0) => (plus ?ts_ph_Nat_0 zero)
10:36:26 [0m[33m[WARN] [0mproved: (plus ?ts_ph_Nat_0 zero) => (max ?ts_ph_Nat_0)
10:36:26 [0m[33m[WARN] [0mproved: (ite2 ?ts_ph_Bool_0 ?ts_ph_Nat_1 ?ts_ph_Nat_1) => ?ts_ph_Nat_1
