11:27:26 [WARN] Collecting statistics
11:27:26 [WARN]  ex is: true
11:27:26 [WARN]  ex is: false
11:27:26 [WARN]  ex is: null
11:27:26 [WARN]  ex is: zero
11:27:26 [WARN]  ex is: (succ zero)
11:27:26 [WARN]  ex is: (succ (succ zero))
11:27:26 [WARN]  ex is: (nil autovar_Unit_0)
11:27:26 [WARN]  ex is: (cons autovar_Nat_0 (nil autovar_Unit_0))
11:27:26 [WARN]  ex is: (cons autovar_Nat_1 (cons autovar_Nat_0 (nil autovar_Unit_0)))
11:27:26 [WARN]  ex is: (zip autovar_List_0 autovar_List_1)
11:27:26 [WARN] Running exploration without proof mode, but goals were given
11:27:26 [WARN] Proof mode: true
11:27:26 [WARN]  ex is: true
11:27:26 [WARN]  ex is: false
11:27:26 [WARN]  ex is: null
11:27:26 [WARN]  ex is: zero
11:27:26 [WARN]  ex is: (succ zero)
11:27:26 [WARN]  ex is: (succ (succ zero))
11:27:26 [WARN]  ex is: (nil autovar_Unit_0)
11:27:26 [WARN]  ex is: (cons autovar_Nat_0 (nil autovar_Unit_0))
11:27:26 [WARN]  ex is: (cons autovar_Nat_1 (cons autovar_Nat_0 (nil autovar_Unit_0)))
11:27:26 [WARN]  ex is: (zip autovar_List_0 autovar_List_1)
11:27:26 [WARN] Running exploration without proof mode, but goals were given
11:27:26 [WARN] Proof mode: true
11:27:26 [WARN] proved: (plus ?ts_ph_Nat_0 zero) => ?ts_ph_Nat_0
