10:32:26 [0m[33m[WARN] [0mCollecting statistics
(lq zero (succ ?x)) => true
(lq ?x zero) => false
(lq (succ ?x) (succ ?y)) => (lq ?x ?y)
(ite2 true ?x ?y) => ?x
(ite2 false ?x ?y) => ?y
(max ?tv0 ?tv1) => (ite2 (lq ?tv0 ?tv1) ?tv1 ?tv0)
(fst_3 (makeTuple3 ?x0 ?x1)) => ?x0
(plus zero ?x) => ?x
(plus (succ ?x) ?y) => (succ (plus ?x ?y))
(snd_3 (makeTuple3 ?x0 ?x1)) => ?x1
(tf1 (nil ?tv5)) => (makeTuple3 zero zero)
(tf1 (cons ?tv6 ?tv7)) => (makeTuple3 (max (fst_3 (tf0 ?tv7)) (plus ?tv6 (snd_3 (tf0 ?tv7)))) (plus ?tv6 (snd_3 (tf0 ?tv7))))
(tf0 ?tv3) => (tf1 ?tv3)
(spec ?tv2) => (fst_3 (tf0 ?tv2))
(tf3 ?tv13 (nil ?tv14)) => ?tv13
(tf3 ?tv13 (cons ?tv15 ?tv16)) => (cons ?tv15 (tf2 ?tv16 ?tv13))
(tf2 ?tv10 ?tv11) => (tf3 ?tv11 ?tv10)
(cat ?tv8 ?tv9) => (tf2 ?tv8 ?tv9)
(tf5 (cnil ?tv20)) => (nil null)
(tf5 (single ?tv21)) => (cons ?tv21 (nil null))
(tf5 (concat ?tv22 ?tv23)) => (cat (tf4 ?tv22) (tf4 ?tv23))
(tf4 ?tv18) => (tf5 ?tv18)
(repr ?tv17) => (tf4 ?tv17)
(main ?tv24) => (spec (repr ?tv24))
(tf7 (cnil ?tv28)) => (makeTuple3 zero zero)
(tf7 (single ?tv29)) => (makeTuple3 (ite2 (lq ?tv29 zero) zero ?tv29) ?tv29)
(tf7 (concat ?tv30 ?tv31)) => (makeTuple3 (max (fst_3 (tf6 ?tv31)) (plus (snd_3 (tf6 ?tv31)) (fst_3 (tf6 ?tv30)))) (plus (snd_3 (tf6 ?tv31)) (snd_3 (tf6 ?tv30))))
(tf6 ?tv26) => (tf7 ?tv26)
(repr_ ?tv25) => (tf6 ?tv25)
(main_ ?tv32) => (fst_3 (repr_ ?tv32))
Searcher: (lq ?autovar5 (succ ?autovar1))
Searcher: (lq ?autovar5 (succ ?autovar3))
Searcher: (lq zero ?autovar6)
Searcher: (lq (succ ?autovar4) ?autovar6)
10:32:26 [0m[33m[WARN] [0m ex is: true
10:32:26 [0m[33m[WARN] [0m ex is: false
10:32:26 [0m[33m[WARN] [0m ex is: null
10:32:26 [0m[33m[WARN] [0m ex is: zero
10:32:26 [0m[33m[WARN] [0m ex is: (succ zero)
10:32:26 [0m[33m[WARN] [0m ex is: (succ (succ zero))
10:32:26 [0m[33m[WARN] [0m ex is: (nil autovar_Unit_0)
10:32:26 [0m[33m[WARN] [0m ex is: (cons autovar_Nat_0 (nil autovar_Unit_0))
10:32:26 [0m[33m[WARN] [0m ex is: (cons autovar_Nat_1 (cons autovar_Nat_0 (nil autovar_Unit_0)))
10:32:26 [0m[33m[WARN] [0m ex is: (cnil autovar_Unit_0)
10:32:26 [0m[33m[WARN] [0m ex is: (single autovar_Nat_0)
10:32:26 [0m[33m[WARN] [0m ex is: (concat (single autovar_Nat_0) (single autovar_Nat_0))
10:32:26 [0m[33m[WARN] [0m ex is: (concat (concat (single autovar_Nat_0) (single autovar_Nat_0)) (concat (single autovar_Nat_0) (single autovar_Nat_0)))
10:32:26 [0m[33m[WARN] [0m ex is: (makeTuple3 autovar_Nat_0 autovar_Nat_1)
10:32:26 [0m[33m[WARN] [0mRunning exploration without proof mode, but goals were given
10:32:26 [0m[33m[WARN] [0mProof mode: true
10:32:26 [0m[33m[WARN] [0m ex is: true
10:32:26 [0m[33m[WARN] [0m ex is: false
10:32:26 [0m[33m[WARN] [0m ex is: null
10:32:26 [0m[33m[WARN] [0m ex is: zero
10:32:26 [0m[33m[WARN] [0m ex is: (succ zero)
10:32:26 [0m[33m[WARN] [0m ex is: (succ (succ zero))
10:32:26 [0m[33m[WARN] [0m ex is: (nil autovar_Unit_0)
10:32:26 [0m[33m[WARN] [0m ex is: (cons autovar_Nat_0 (nil autovar_Unit_0))
10:32:26 [0m[33m[WARN] [0m ex is: (cons autovar_Nat_1 (cons autovar_Nat_0 (nil autovar_Unit_0)))
10:32:26 [0m[33m[WARN] [0m ex is: (cnil autovar_Unit_0)
10:32:26 [0m[33m[WARN] [0m ex is: (single autovar_Nat_0)
10:32:26 [0m[33m[WARN] [0m ex is: (concat (single autovar_Nat_0) (single autovar_Nat_0))
10:32:26 [0m[33m[WARN] [0m ex is: (concat (concat (single autovar_Nat_0) (single autovar_Nat_0)) (concat (single autovar_Nat_0) (single autovar_Nat_0)))
10:32:26 [0m[33m[WARN] [0m ex is: (makeTuple3 autovar_Nat_0 autovar_Nat_1)
10:32:26 [0m[33m[WARN] [0mRunning exploration without proof mode, but goals were given
10:32:26 [0m[33m[WARN] [0mProof mode: true
10:32:26 [0m[33m[WARN] [0mproved: (cnil ?ts_ph_Unit_0) => (cnil null)
10:32:26 [0m[33m[WARN] [0mproved: (nil ?ts_ph_Unit_0) => (nil null)
10:32:26 [0m[33m[WARN] [0mproved: (max zero ?ts_ph_Nat_0) => ?ts_ph_Nat_0
10:32:26 [0m[33m[WARN] [0mproved: (plus ?ts_ph_Nat_0 zero) => ?ts_ph_Nat_0
10:32:26 [0m[33m[WARN] [0mproved: (lq ?ts_ph_Nat_0 ?ts_ph_Nat_0) => false
