11:09:58 [WARN] Collecting statistics
11:09:58 [WARN]  ex is: true
11:09:58 [WARN]  ex is: false
11:09:58 [WARN]  ex is: zero
11:09:58 [WARN]  ex is: (succ zero)
11:09:58 [WARN]  ex is: (succ (succ zero))
11:09:58 [WARN]  ex is: (elt autovar_Nat_0)
11:09:58 [WARN]  ex is: (cons autovar_Nat_1 (elt autovar_Nat_0))
11:09:58 [WARN]  ex is: (cons autovar_Nat_2 (cons autovar_Nat_1 (elt autovar_Nat_0)))
11:09:58 [WARN]  ex is: (line autovar_List_0)
11:09:58 [WARN]  ex is: (ncons autovar_List_1 (line autovar_List_0))
11:09:58 [WARN]  ex is: (ncons autovar_List_2 (ncons autovar_List_1 (line autovar_List_0)))
11:09:58 [WARN]  ex is: (makeTuple3 autovar_Nat_0 autovar_Nat_1)
11:09:58 [WARN]  ex is: (makeTuple4 autovar_Nat_0 autovar_Nat_1 autovar_Bool_0)
11:09:58 [WARN]  ex is: (makeTuple5 autovar_Bool_0 autovar_Nat_0 autovar_Nat_1)
11:09:58 [WARN] Running exploration without proof mode, but goals were given
11:09:58 [WARN] Proof mode: true
11:09:58 [WARN]  ex is: true
11:09:58 [WARN]  ex is: false
11:09:58 [WARN]  ex is: zero
11:09:58 [WARN]  ex is: (succ zero)
11:09:58 [WARN]  ex is: (succ (succ zero))
11:09:58 [WARN]  ex is: (elt autovar_Nat_0)
11:09:58 [WARN]  ex is: (cons autovar_Nat_1 (elt autovar_Nat_0))
11:09:58 [WARN]  ex is: (cons autovar_Nat_2 (cons autovar_Nat_1 (elt autovar_Nat_0)))
11:09:58 [WARN]  ex is: (line autovar_List_0)
11:09:58 [WARN]  ex is: (ncons autovar_List_1 (line autovar_List_0))
11:09:58 [WARN]  ex is: (ncons autovar_List_2 (ncons autovar_List_1 (line autovar_List_0)))
11:09:58 [WARN]  ex is: (makeTuple3 autovar_Nat_0 autovar_Nat_1)
11:09:58 [WARN]  ex is: (makeTuple4 autovar_Nat_0 autovar_Nat_1 autovar_Bool_0)
11:09:58 [WARN]  ex is: (makeTuple5 autovar_Bool_0 autovar_Nat_0 autovar_Nat_1)
11:09:58 [WARN] Running exploration without proof mode, but goals were given
11:09:58 [WARN] Proof mode: true
11:09:59 [WARN] proved: (and ?ts_ph_Bool_1 ?ts_ph_Bool_0) => (and ?ts_ph_Bool_0 ?ts_ph_Bool_1)
11:09:59 [WARN] proved: (and ?ts_ph_Bool_0 ?ts_ph_Bool_1) => (and ?ts_ph_Bool_1 ?ts_ph_Bool_0)
11:09:59 [WARN] proved: (max zero ?ts_ph_Nat_0) => ?ts_ph_Nat_0
11:09:59 [WARN] proved: (and ?ts_ph_Bool_0 ?ts_ph_Bool_0) => ?ts_ph_Bool_0
11:09:59 [WARN] proved: (gq ?ts_ph_Nat_0 ?ts_ph_Nat_0) => false
11:09:59 [WARN] proved: (min ?ts_ph_Nat_0 zero) => zero
11:09:59 [WARN] proved: (leq ?ts_ph_Nat_0 ?ts_ph_Nat_0) => true
11:09:59 [WARN] proved: (lq zero ?ts_ph_Nat_0) => (gq ?ts_ph_Nat_0 zero)
11:09:59 [WARN] proved: (gq ?ts_ph_Nat_0 zero) => (lq zero ?ts_ph_Nat_0)
11:09:59 [WARN] proved: (lq ?ts_ph_Nat_0 ?ts_ph_Nat_0) => (gq ?ts_ph_Nat_0 ?ts_ph_Nat_0)
11:09:59 [WARN] proved: (gq ?ts_ph_Nat_0 ?ts_ph_Nat_0) => (lq ?ts_ph_Nat_0 ?ts_ph_Nat_0)
11:09:59 [WARN] proved: (ite2 ?ts_ph_Bool_0 ?ts_ph_Nat_1 ?ts_ph_Nat_1) => ?ts_ph_Nat_1
11:09:59 [WARN] proved: (tf4 ?ts_ph_NList_0) => ?ts_ph_NList_0
11:09:59 [WARN] proved: (gq ?ts_ph_Nat_0 ?ts_ph_Nat_1) => (lq ?ts_ph_Nat_1 ?ts_ph_Nat_0)
11:09:59 [WARN] proved: (lq ?ts_ph_Nat_1 ?ts_ph_Nat_0) => (gq ?ts_ph_Nat_0 ?ts_ph_Nat_1)
