11:00:58 [0m[33m[WARN] [0mCollecting statistics
(plus zero ?x) => ?x
(plus (succ ?x) ?y) => (succ (plus ?x ?y))
(tf1 (inil ?tv3)) => zero
(tf1 (icons ?tv4 ?tv5 ?tv6)) => (plus (succ zero) (tf0 ?tv6))
(tf0 ?tv1) => (tf1 ?tv1)
(length ?tv0) => (tf0 ?tv0)
(and false ?x) => false
(and ?x false) => false
(and true true) => true
(nat_eq zero zero) => true
(nat_eq zero (succ ?x)) => false
(nat_eq (succ ?x) zero) => false
(nat_eq (succ ?x) (succ ?y)) => (nat_eq ?x ?y)
(tf3 (inil ?tv10)) => true
(tf3 (icons ?tv11 ?tv12 ?tv13)) => (and (tf2 ?tv13) (nat_eq ?tv12 (length ?tv13)))
(tf2 ?tv8) => (tf3 ?tv8)
(is_indexed ?tv7) => (tf2 ?tv7)
(tf5 (inil ?tv17)) => (nil null)
(tf5 (icons ?tv18 ?tv19 ?tv20)) => (cons ?tv18 (tf4 ?tv20))
(tf4 ?tv15) => (tf5 ?tv15)
(repr ?tv14) => (tf4 ?tv14)
(gq zero ?x) => false
(gq (succ ?x) zero) => true
(gq (succ ?x) (succ ?y)) => (gq ?x ?y)
(ite2 true ?x ?y) => ?x
(ite2 false ?x ?y) => ?y
(max ?tv21) => (ite2 (gq ?tv21 zero) ?tv21 zero)
(snd_3 (makeTuple3 ?x0 ?x1)) => ?x1
(fst_3 (makeTuple3 ?x0 ?x1)) => ?x0
(tf7 (nil ?tv26)) => (makeTuple3 zero zero)
(tf7 (cons ?tv27 ?tv28)) => (makeTuple3 (ite2 (gq ?tv27 (snd_3 (tf6 ?tv28))) (max (plus (fst_3 (tf6 ?tv28)) ?tv27)) (fst_3 (tf6 ?tv28))) (plus (snd_3 (tf6 ?tv28)) (succ zero)))
(tf6 ?tv24) => (tf7 ?tv24)
(spec ?tv23) => (tf6 ?tv23)
(tf9 ?tv32 (inil ?tv33)) => ?tv32
(tf9 ?tv32 (icons ?tv34 ?tv35 ?tv36)) => (icons ?tv34 ?tv35 (tf8 ?tv36))
(tf8 ?tv30) => (tf9 ?tv30 ?tv30)
(target ?tv29) => (tf8 ?tv29)
(ite3 true ?x) => ?x
(ite3 false ?x) => (makeTuple3 zero zero)
(main ?tv37) => (ite3 (is_indexed ?tv37) (spec (repr (target ?tv37))))
(leq zero ?x) => true
(leq (succ ?x) zero) => false
(leq (succ ?x) (succ ?y)) => (leq ?x ?y)
(tf11 (inil ?tv41)) => (makeTuple3 zero zero)
(tf11 (icons ?tv42 ?tv43 ?tv44)) => (makeTuple3 (ite2 (leq ?tv42 (snd_3 (tf10 ?tv44))) (fst_3 (tf10 ?tv44)) (plus (fst_3 (tf10 ?tv44)) ?tv42)) (plus (succ zero) (snd_3 (tf10 ?tv44))))
(tf10 ?tv39) => (tf11 ?tv39)
(target_ ?tv38) => (tf10 ?tv38)
(main_ ?tv45) => (ite3 (is_indexed ?tv45) (makeTuple3 (fst_3 (target_ ?tv45)) (snd_3 (target_ ?tv45))))
Searcher: (and ?autovar1 true)
Searcher: (and true ?autovar2)
Searcher: (nat_eq ?autovar7 zero)
Searcher: (nat_eq ?autovar7 (succ ?autovar1))
Searcher: (nat_eq ?autovar7 zero)
Searcher: (nat_eq ?autovar7 (succ ?autovar4))
Searcher: (nat_eq zero ?autovar8)
Searcher: (nat_eq zero ?autovar8)
Searcher: (nat_eq (succ ?autovar5) ?autovar8)
Searcher: (nat_eq (succ ?autovar6) ?autovar8)
Searcher: (gq ?autovar6 zero)
Searcher: (gq ?autovar6 (succ ?autovar3))
Searcher: (gq (succ ?autovar4) ?autovar7)
Searcher: (gq (succ ?autovar5) ?autovar7)
Searcher: (leq ?autovar6 zero)
Searcher: (leq ?autovar6 (succ ?autovar3))
Searcher: (leq (succ ?autovar4) ?autovar7)
Searcher: (leq (succ ?autovar5) ?autovar7)
11:00:58 [0m[33m[WARN] [0m ex is: true
11:00:58 [0m[33m[WARN] [0m ex is: false
11:00:58 [0m[33m[WARN] [0m ex is: null
11:00:58 [0m[33m[WARN] [0m ex is: zero
11:00:58 [0m[33m[WARN] [0m ex is: (succ zero)
11:00:58 [0m[33m[WARN] [0m ex is: (succ (succ zero))
11:00:58 [0m[33m[WARN] [0m ex is: (nil autovar_Unit_0)
11:00:58 [0m[33m[WARN] [0m ex is: (cons autovar_Nat_0 (nil autovar_Unit_0))
11:00:58 [0m[33m[WARN] [0m ex is: (cons autovar_Nat_1 (cons autovar_Nat_0 (nil autovar_Unit_0)))
11:00:58 [0m[33m[WARN] [0m ex is: (inil autovar_Unit_0)
11:00:58 [0m[33m[WARN] [0m ex is: (icons autovar_Nat_0 autovar_Nat_1 (inil autovar_Unit_0))
11:00:58 [0m[33m[WARN] [0m ex is: (icons autovar_Nat_2 autovar_Nat_3 (icons autovar_Nat_0 autovar_Nat_1 (inil autovar_Unit_0)))
11:00:58 [0m[33m[WARN] [0m ex is: (makeTuple3 autovar_Nat_0 autovar_Nat_1)
11:00:58 [0m[33m[WARN] [0mRunning exploration without proof mode, but goals were given
11:00:58 [0m[33m[WARN] [0mProof mode: true
11:00:58 [0m[33m[WARN] [0m ex is: true
11:00:58 [0m[33m[WARN] [0m ex is: false
11:00:58 [0m[33m[WARN] [0m ex is: null
11:00:58 [0m[33m[WARN] [0m ex is: zero
11:00:58 [0m[33m[WARN] [0m ex is: (succ zero)
11:00:58 [0m[33m[WARN] [0m ex is: (succ (succ zero))
11:00:58 [0m[33m[WARN] [0m ex is: (nil autovar_Unit_0)
11:00:58 [0m[33m[WARN] [0m ex is: (cons autovar_Nat_0 (nil autovar_Unit_0))
11:00:58 [0m[33m[WARN] [0m ex is: (cons autovar_Nat_1 (cons autovar_Nat_0 (nil autovar_Unit_0)))
11:00:58 [0m[33m[WARN] [0m ex is: (inil autovar_Unit_0)
11:00:58 [0m[33m[WARN] [0m ex is: (icons autovar_Nat_0 autovar_Nat_1 (inil autovar_Unit_0))
11:00:58 [0m[33m[WARN] [0m ex is: (icons autovar_Nat_2 autovar_Nat_3 (icons autovar_Nat_0 autovar_Nat_1 (inil autovar_Unit_0)))
11:00:58 [0m[33m[WARN] [0m ex is: (makeTuple3 autovar_Nat_0 autovar_Nat_1)
11:00:58 [0m[33m[WARN] [0mRunning exploration without proof mode, but goals were given
11:00:58 [0m[33m[WARN] [0mProof mode: true
11:00:59 [0m[33m[WARN] [0mproved: (max ?ts_ph_Nat_0) => ?ts_ph_Nat_0
11:00:59 [0m[33m[WARN] [0mproved: (nil ?ts_ph_Unit_0) => (nil null)
11:00:59 [0m[33m[WARN] [0mproved: (and ?ts_ph_Bool_1 ?ts_ph_Bool_0) => (and ?ts_ph_Bool_0 ?ts_ph_Bool_1)
11:00:59 [0m[33m[WARN] [0mproved: (and ?ts_ph_Bool_0 ?ts_ph_Bool_1) => (and ?ts_ph_Bool_1 ?ts_ph_Bool_0)
11:00:59 [0m[33m[WARN] [0mproved: (and ?ts_ph_Bool_0 ?ts_ph_Bool_0) => ?ts_ph_Bool_0
11:00:59 [0m[33m[WARN] [0mproved: (nat_eq ?ts_ph_Nat_0 ?ts_ph_Nat_0) => true
11:00:59 [0m[33m[WARN] [0mproved: (leq ?ts_ph_Nat_0 ?ts_ph_Nat_0) => true
11:00:59 [0m[33m[WARN] [0mproved: (max ?ts_ph_Nat_0) => (plus ?ts_ph_Nat_0 zero)
11:00:59 [0m[33m[WARN] [0mproved: (plus ?ts_ph_Nat_0 zero) => (max ?ts_ph_Nat_0)
11:00:59 [0m[33m[WARN] [0mproved: (leq ?ts_ph_Nat_0 zero) => (nat_eq ?ts_ph_Nat_0 zero)
11:00:59 [0m[33m[WARN] [0mproved: (nat_eq ?ts_ph_Nat_0 zero) => (leq ?ts_ph_Nat_0 zero)
11:00:59 [0m[33m[WARN] [0mproved: (nat_eq zero ?ts_ph_Nat_0) => (nat_eq ?ts_ph_Nat_0 zero)
11:00:59 [0m[33m[WARN] [0mproved: (nat_eq ?ts_ph_Nat_0 zero) => (nat_eq zero ?ts_ph_Nat_0)
11:00:59 [0m[33m[WARN] [0mproved: (ite2 ?ts_ph_Bool_0 ?ts_ph_Nat_1 ?ts_ph_Nat_1) => ?ts_ph_Nat_1
