11:29:26 [WARN] Collecting statistics
11:29:26 [WARN]  ex is: true
11:29:26 [WARN]  ex is: false
11:29:26 [WARN]  ex is: zero
11:29:26 [WARN]  ex is: (succ zero)
11:29:26 [WARN]  ex is: (succ (succ zero))
11:29:26 [WARN]  ex is: (elt autovar_Nat_0)
11:29:26 [WARN]  ex is: (cons autovar_Nat_1 (elt autovar_Nat_0))
11:29:26 [WARN]  ex is: (cons autovar_Nat_2 (cons autovar_Nat_1 (elt autovar_Nat_0)))
11:29:26 [WARN] Running exploration without proof mode, but goals were given
11:29:26 [WARN] Proof mode: true
11:29:26 [WARN]  ex is: true
11:29:26 [WARN]  ex is: false
11:29:26 [WARN]  ex is: zero
11:29:26 [WARN]  ex is: (succ zero)
11:29:26 [WARN]  ex is: (succ (succ zero))
11:29:26 [WARN]  ex is: (elt autovar_Nat_0)
11:29:26 [WARN]  ex is: (cons autovar_Nat_1 (elt autovar_Nat_0))
11:29:26 [WARN]  ex is: (cons autovar_Nat_2 (cons autovar_Nat_1 (elt autovar_Nat_0)))
11:29:26 [WARN] Running exploration without proof mode, but goals were given
11:29:26 [WARN] Proof mode: true
11:29:26 [WARN] proved: (tf7 ?ts_ph_List_1 ?ts_ph_List_0) => ?ts_ph_List_1
11:29:26 [WARN] proved: (and ?ts_ph_Bool_0 ?ts_ph_Bool_1) => (and ?ts_ph_Bool_1 ?ts_ph_Bool_0)
11:29:26 [WARN] proved: (and ?ts_ph_Bool_1 ?ts_ph_Bool_0) => (and ?ts_ph_Bool_0 ?ts_ph_Bool_1)
11:29:26 [WARN] proved: (and ?ts_ph_Bool_0 ?ts_ph_Bool_0) => ?ts_ph_Bool_0
11:29:26 [WARN] proved: (max zero ?ts_ph_Nat_0) => ?ts_ph_Nat_0
11:29:26 [WARN] proved: (ite1 ?ts_ph_Bool_0 ?ts_ph_Nat_1 ?ts_ph_Nat_1) => ?ts_ph_Nat_1
11:29:26 [WARN] proved: (lq ?ts_ph_Nat_0 ?ts_ph_Nat_0) => false
11:29:26 [WARN] proved: (geq ?ts_ph_Nat_0 ?ts_ph_Nat_0) => true
