11:20:59 [WARN] Collecting statistics
11:20:59 [WARN]  ex is: true
11:20:59 [WARN]  ex is: false
11:20:59 [WARN]  ex is: zero
11:20:59 [WARN]  ex is: (succ zero)
11:20:59 [WARN]  ex is: (succ (succ zero))
11:20:59 [WARN]  ex is: (leaf autovar_Nat_0)
11:20:59 [WARN]  ex is: (node autovar_Nat_1 (leaf autovar_Nat_0) (leaf autovar_Nat_0))
11:20:59 [WARN]  ex is: (node autovar_Nat_2 (node autovar_Nat_1 (leaf autovar_Nat_0) (leaf autovar_Nat_0)) (node autovar_Nat_1 (leaf autovar_Nat_0) (leaf autovar_Nat_0)))
11:20:59 [WARN]  ex is: (mleaf autovar_Nat_0 autovar_Nat_1)
11:20:59 [WARN]  ex is: (mnode autovar_Nat_2 autovar_Nat_3 (mleaf autovar_Nat_0 autovar_Nat_1) (mleaf autovar_Nat_0 autovar_Nat_1))
11:20:59 [WARN]  ex is: (mnode autovar_Nat_4 autovar_Nat_5 (mnode autovar_Nat_2 autovar_Nat_3 (mleaf autovar_Nat_0 autovar_Nat_1) (mleaf autovar_Nat_0 autovar_Nat_1)) (mnode autovar_Nat_2 autovar_Nat_3 (mleaf autovar_Nat_0 autovar_Nat_1) (mleaf autovar_Nat_0 autovar_Nat_1)))
11:20:59 [WARN] Running exploration without proof mode, but goals were given
11:20:59 [WARN] Proof mode: true
11:20:59 [WARN]  ex is: true
11:20:59 [WARN]  ex is: false
11:20:59 [WARN]  ex is: zero
11:20:59 [WARN]  ex is: (succ zero)
11:20:59 [WARN]  ex is: (succ (succ zero))
11:20:59 [WARN]  ex is: (leaf autovar_Nat_0)
11:20:59 [WARN]  ex is: (node autovar_Nat_1 (leaf autovar_Nat_0) (leaf autovar_Nat_0))
11:20:59 [WARN]  ex is: (node autovar_Nat_2 (node autovar_Nat_1 (leaf autovar_Nat_0) (leaf autovar_Nat_0)) (node autovar_Nat_1 (leaf autovar_Nat_0) (leaf autovar_Nat_0)))
11:20:59 [WARN]  ex is: (mleaf autovar_Nat_0 autovar_Nat_1)
11:20:59 [WARN]  ex is: (mnode autovar_Nat_2 autovar_Nat_3 (mleaf autovar_Nat_0 autovar_Nat_1) (mleaf autovar_Nat_0 autovar_Nat_1))
11:20:59 [WARN]  ex is: (mnode autovar_Nat_4 autovar_Nat_5 (mnode autovar_Nat_2 autovar_Nat_3 (mleaf autovar_Nat_0 autovar_Nat_1) (mleaf autovar_Nat_0 autovar_Nat_1)) (mnode autovar_Nat_2 autovar_Nat_3 (mleaf autovar_Nat_0 autovar_Nat_1) (mleaf autovar_Nat_0 autovar_Nat_1)))
11:20:59 [WARN] Running exploration without proof mode, but goals were given
11:20:59 [WARN] Proof mode: true
11:20:59 [WARN] proved: (and ?ts_ph_Bool_1 ?ts_ph_Bool_0) => (and ?ts_ph_Bool_0 ?ts_ph_Bool_1)
11:20:59 [WARN] proved: (and ?ts_ph_Bool_0 ?ts_ph_Bool_1) => (and ?ts_ph_Bool_1 ?ts_ph_Bool_0)
11:20:59 [WARN] proved: (plus ?ts_ph_Nat_0 zero) => ?ts_ph_Nat_0
11:20:59 [WARN] proved: (and ?ts_ph_Bool_0 ?ts_ph_Bool_0) => ?ts_ph_Bool_0
11:20:59 [WARN] proved: (geq ?ts_ph_Nat_0 ?ts_ph_Nat_0) => true
11:20:59 [WARN] proved: (nat_eq ?ts_ph_Nat_0 ?ts_ph_Nat_0) => true
11:20:59 [WARN] proved: (nat_eq zero ?ts_ph_Nat_0) => (nat_eq ?ts_ph_Nat_0 zero)
11:20:59 [WARN] proved: (nat_eq ?ts_ph_Nat_0 zero) => (nat_eq zero ?ts_ph_Nat_0)
11:20:59 [WARN] proved: (geq zero ?ts_ph_Nat_0) => (nat_eq ?ts_ph_Nat_0 zero)
11:20:59 [WARN] proved: (nat_eq ?ts_ph_Nat_0 zero) => (geq zero ?ts_ph_Nat_0)
11:20:59 [WARN] generalized case_split proof as: (ite3 ?ts_ph_Bool_0 ?ts_ph_Bool_1 ?ts_ph_Bool_1) -- ?ts_ph_Bool_1
11:20:59 [WARN] proved: (ite3 ?ts_ph_Bool_0 ?ts_ph_Bool_1 ?ts_ph_Bool_1) => ?ts_ph_Bool_1
11:20:59 [WARN] proved: (ite5 ?ts_ph_Bool_0 ?ts_ph_TreeMemo_1 ?ts_ph_TreeMemo_1) => ?ts_ph_TreeMemo_1
11:20:59 [WARN] proved: (ite4 ?ts_ph_Bool_0 ?ts_ph_Nat_1 ?ts_ph_Nat_1) => ?ts_ph_Nat_1
11:20:59 [WARN] proved: (and ?ts_ph_Bool_0 ?ts_ph_Bool_1) => (ite3 ?ts_ph_Bool_0 ?ts_ph_Bool_1 ?ts_ph_Bool_0)
11:20:59 [WARN] proved: (ite3 ?ts_ph_Bool_0 ?ts_ph_Bool_1 ?ts_ph_Bool_0) => (and ?ts_ph_Bool_0 ?ts_ph_Bool_1)
11:20:59 [WARN] proved: (ite3 ?ts_ph_Bool_0 ?ts_ph_Bool_1 false) => (and ?ts_ph_Bool_0 ?ts_ph_Bool_1)
11:20:59 [WARN] proved: (and ?ts_ph_Bool_0 ?ts_ph_Bool_1) => (ite3 ?ts_ph_Bool_0 ?ts_ph_Bool_1 false)
11:20:59 [WARN] proved: (ite3 ?ts_ph_Bool_0 true ?ts_ph_Bool_1) => (ite3 ?ts_ph_Bool_0 ?ts_ph_Bool_0 ?ts_ph_Bool_1)
11:20:59 [WARN] proved: (ite3 ?ts_ph_Bool_0 ?ts_ph_Bool_0 ?ts_ph_Bool_1) => (ite3 ?ts_ph_Bool_0 true ?ts_ph_Bool_1)
11:20:59 [WARN] proved: (tf7 ?ts_ph_TreeMemo_0) => ?ts_ph_TreeMemo_0
11:20:59 [WARN] proved: (tf8 ?ts_ph_TreeMemo_1 ?ts_ph_TreeMemo_0) => ?ts_ph_TreeMemo_1
11:20:59 [WARN] proved: (lq ?ts_ph_Nat_0 ?ts_ph_Nat_0) => false
