11:01:58 [WARN] Collecting statistics
11:01:58 [WARN]  ex is: true
11:01:58 [WARN]  ex is: false
11:01:58 [WARN]  ex is: zero
11:01:58 [WARN]  ex is: (succ zero)
11:01:58 [WARN]  ex is: (succ (succ zero))
11:01:58 [WARN]  ex is: (leaf autovar_Nat_0)
11:01:58 [WARN]  ex is: (node autovar_Nat_1 (leaf autovar_Nat_0) (leaf autovar_Nat_0))
11:01:58 [WARN]  ex is: (node autovar_Nat_2 (node autovar_Nat_1 (leaf autovar_Nat_0) (leaf autovar_Nat_0)) (node autovar_Nat_1 (leaf autovar_Nat_0) (leaf autovar_Nat_0)))
11:01:58 [WARN]  ex is: (makeTuple2 autovar_Nat_0 autovar_Nat_1)
11:01:58 [WARN] Running exploration without proof mode, but goals were given
11:01:58 [WARN] Proof mode: true
11:01:58 [WARN]  ex is: true
11:01:58 [WARN]  ex is: false
11:01:58 [WARN]  ex is: zero
11:01:58 [WARN]  ex is: (succ zero)
11:01:58 [WARN]  ex is: (succ (succ zero))
11:01:58 [WARN]  ex is: (leaf autovar_Nat_0)
11:01:58 [WARN]  ex is: (node autovar_Nat_1 (leaf autovar_Nat_0) (leaf autovar_Nat_0))
11:01:58 [WARN]  ex is: (node autovar_Nat_2 (node autovar_Nat_1 (leaf autovar_Nat_0) (leaf autovar_Nat_0)) (node autovar_Nat_1 (leaf autovar_Nat_0) (leaf autovar_Nat_0)))
11:01:58 [WARN]  ex is: (makeTuple2 autovar_Nat_0 autovar_Nat_1)
11:01:58 [WARN] Running exploration without proof mode, but goals were given
11:01:58 [WARN] Proof mode: true
11:01:58 [WARN] proved: (tf5 ?ts_ph_Tree_0) => ?ts_ph_Tree_0
11:01:58 [WARN] proved: (max zero ?ts_ph_Nat_0) => ?ts_ph_Nat_0
11:01:58 [WARN] proved: (min ?ts_ph_Nat_0 zero) => zero
11:01:58 [WARN] proved: (gq ?ts_ph_Nat_0 zero) => (lq zero ?ts_ph_Nat_0)
11:01:58 [WARN] proved: (lq zero ?ts_ph_Nat_0) => (gq ?ts_ph_Nat_0 zero)
11:01:58 [WARN] proved: (ite1 ?ts_ph_Bool_0 ?ts_ph_Nat_1 ?ts_ph_Nat_1) => ?ts_ph_Nat_1
11:01:58 [WARN] proved: (tf7 ?ts_ph_Tree_0) => (main_ ?ts_ph_Tree_0)
11:01:58 [WARN] proved: (main_ ?ts_ph_Tree_0) => (tf7 ?ts_ph_Tree_0)
11:01:58 [WARN] proved: (lq ?ts_ph_Nat_1 ?ts_ph_Nat_0) => (gq ?ts_ph_Nat_0 ?ts_ph_Nat_1)
11:01:58 [WARN] proved: (gq ?ts_ph_Nat_0 ?ts_ph_Nat_1) => (lq ?ts_ph_Nat_1 ?ts_ph_Nat_0)
11:01:58 [WARN] proved: (lq ?ts_ph_Nat_0 ?ts_ph_Nat_0) => false
