10:33:26 [0m[33m[WARN] [0mCollecting statistics
(tf1 ?tv4 (unil ?tv5)) => ?tv4
(tf1 ?tv4 (uelt ?tv6)) => (cons ?tv6 ?tv4)
(tf1 ?tv4 (usplit ?tv7 ?tv8 ?tv9 ?tv10)) => (tf0 (cons ?tv8 (cons ?tv9 (tf0 ?tv4 ?tv10))) ?tv7)
(tf0 ?tv1 ?tv2) => (tf1 ?tv1 ?tv2)
(repr ?tv0) => (tf0 (nil null) ?tv0)
(and false ?x) => false
(and ?x false) => false
(and true true) => true
(geq zero (succ ?x)) => false
(geq ?x zero) => true
(geq (succ ?x) (succ ?y)) => (geq ?x ?y)
(tf3 ?tv15 (nil ?tv16)) => true
(tf3 ?tv15 (cons ?tv17 ?tv18)) => (and (geq ?tv15 ?tv17) (tf2 ?tv17 ?tv18))
(tf2 ?tv12 ?tv13) => (tf3 ?tv12 ?tv13)
(leq zero ?x) => true
(leq (succ ?x) zero) => false
(leq (succ ?x) (succ ?y)) => (leq ?x ?y)
(ite2 true ?x ?y) => ?x
(ite2 false ?x ?y) => ?y
(tf5 ?tv22 (nil ?tv23)) => true
(tf5 ?tv22 (cons ?tv24 ?tv25)) => (ite2 (leq ?tv22 ?tv24) (tf4 ?tv24 ?tv25) (tf2 ?tv24 ?tv25))
(tf4 ?tv19 ?tv20) => (tf5 ?tv19 ?tv20)
(tf7 (nil ?tv27)) => true
(tf7 (cons ?tv28 ?tv29)) => (tf4 ?tv28 ?tv29)
(tf6 ?tv26) => (tf7 ?tv26)
(is_unimodal ?tv11) => (tf6 ?tv11)
(plus zero ?x) => ?x
(plus (succ ?x) ?y) => (succ (plus ?x ?y))
(tf9 (nil ?tv33)) => zero
(tf9 (cons ?tv34 ?tv35)) => (plus ?tv34 (tf8 ?tv35))
(tf8 ?tv31) => (tf9 ?tv31)
(spec ?tv30) => (tf8 ?tv30)
(tf11 (unil ?tv39)) => (unil null)
(tf11 (uelt ?tv40)) => (uelt ?tv40)
(tf11 (usplit ?tv41 ?tv42 ?tv43 ?tv44)) => (usplit (tf10 ?tv41) ?tv42 ?tv43 (tf10 ?tv44))
(tf10 ?tv37) => (tf11 ?tv37)
(target ?tv36) => (tf10 ?tv36)
(ite3 true ?x) => ?x
(ite3 false ?x) => zero
(main ?tv45) => (ite3 (is_unimodal (repr ?tv45)) (spec (repr (target ?tv45))))
(tf13 (unil ?tv49)) => zero
(tf13 (uelt ?tv50)) => ?tv50
(tf13 (usplit ?tv51 ?tv52 ?tv53 ?tv54)) => (plus (tf12 ?tv54) (plus (tf12 ?tv51) (plus ?tv52 ?tv53)))
(tf12 ?tv47) => (tf13 ?tv47)
(target_ ?tv46) => (tf12 ?tv46)
(main_ ?tv55) => (ite3 (is_unimodal (repr ?tv55)) (target_ ?tv55))
Searcher: (and ?autovar1 true)
Searcher: (and true ?autovar2)
Searcher: (geq ?autovar5 (succ ?autovar1))
Searcher: (geq ?autovar5 (succ ?autovar3))
Searcher: (geq zero ?autovar6)
Searcher: (geq (succ ?autovar4) ?autovar6)
Searcher: (leq ?autovar6 zero)
Searcher: (leq ?autovar6 (succ ?autovar3))
Searcher: (leq (succ ?autovar4) ?autovar7)
Searcher: (leq (succ ?autovar5) ?autovar7)
10:33:26 [0m[33m[WARN] [0m ex is: true
10:33:26 [0m[33m[WARN] [0m ex is: false
10:33:26 [0m[33m[WARN] [0m ex is: null
10:33:26 [0m[33m[WARN] [0m ex is: zero
10:33:26 [0m[33m[WARN] [0m ex is: (succ zero)
10:33:26 [0m[33m[WARN] [0m ex is: (succ (succ zero))
10:33:26 [0m[33m[WARN] [0m ex is: (unil autovar_Unit_0)
10:33:26 [0m[33m[WARN] [0m ex is: (uelt autovar_Nat_0)
10:33:26 [0m[33m[WARN] [0m ex is: (usplit (uelt autovar_Nat_0) autovar_Nat_1 autovar_Nat_2 (uelt autovar_Nat_0))
10:33:26 [0m[33m[WARN] [0m ex is: (usplit (usplit (uelt autovar_Nat_0) autovar_Nat_1 autovar_Nat_2 (uelt autovar_Nat_0)) autovar_Nat_3 autovar_Nat_4 (usplit (uelt autovar_Nat_0) autovar_Nat_1 autovar_Nat_2 (uelt autovar_Nat_0)))
10:33:26 [0m[33m[WARN] [0m ex is: (nil autovar_Unit_0)
10:33:26 [0m[33m[WARN] [0m ex is: (cons autovar_Nat_0 (nil autovar_Unit_0))
10:33:26 [0m[33m[WARN] [0m ex is: (cons autovar_Nat_1 (cons autovar_Nat_0 (nil autovar_Unit_0)))
10:33:26 [0m[33m[WARN] [0mRunning exploration without proof mode, but goals were given
10:33:26 [0m[33m[WARN] [0mProof mode: true
10:33:26 [0m[33m[WARN] [0m ex is: true
10:33:26 [0m[33m[WARN] [0m ex is: false
10:33:26 [0m[33m[WARN] [0m ex is: null
10:33:26 [0m[33m[WARN] [0m ex is: zero
10:33:26 [0m[33m[WARN] [0m ex is: (succ zero)
10:33:26 [0m[33m[WARN] [0m ex is: (succ (succ zero))
10:33:26 [0m[33m[WARN] [0m ex is: (unil autovar_Unit_0)
10:33:26 [0m[33m[WARN] [0m ex is: (uelt autovar_Nat_0)
10:33:26 [0m[33m[WARN] [0m ex is: (usplit (uelt autovar_Nat_0) autovar_Nat_1 autovar_Nat_2 (uelt autovar_Nat_0))
10:33:26 [0m[33m[WARN] [0m ex is: (usplit (usplit (uelt autovar_Nat_0) autovar_Nat_1 autovar_Nat_2 (uelt autovar_Nat_0)) autovar_Nat_3 autovar_Nat_4 (usplit (uelt autovar_Nat_0) autovar_Nat_1 autovar_Nat_2 (uelt autovar_Nat_0)))
10:33:26 [0m[33m[WARN] [0m ex is: (nil autovar_Unit_0)
10:33:26 [0m[33m[WARN] [0m ex is: (cons autovar_Nat_0 (nil autovar_Unit_0))
10:33:26 [0m[33m[WARN] [0m ex is: (cons autovar_Nat_1 (cons autovar_Nat_0 (nil autovar_Unit_0)))
10:33:26 [0m[33m[WARN] [0mRunning exploration without proof mode, but goals were given
10:33:26 [0m[33m[WARN] [0mProof mode: true
10:33:27 [0m[33m[WARN] [0mproved: (nil ?ts_ph_Unit_0) => (nil null)
10:33:27 [0m[33m[WARN] [0mproved: (and ?ts_ph_Bool_1 ?ts_ph_Bool_0) => (and ?ts_ph_Bool_0 ?ts_ph_Bool_1)
10:33:27 [0m[33m[WARN] [0mproved: (and ?ts_ph_Bool_0 ?ts_ph_Bool_1) => (and ?ts_ph_Bool_1 ?ts_ph_Bool_0)
10:33:27 [0m[33m[WARN] [0mproved: (and ?ts_ph_Bool_0 ?ts_ph_Bool_0) => ?ts_ph_Bool_0
10:33:27 [0m[33m[WARN] [0mproved: (ite3 ?ts_ph_Bool_0 zero) => zero
10:33:27 [0m[33m[WARN] [0mproved: (leq ?ts_ph_Nat_0 ?ts_ph_Nat_0) => true
10:33:27 [0m[33m[WARN] [0mproved: (tf5 zero ?ts_ph_List_0) => (tf7 ?ts_ph_List_0)
10:33:27 [0m[33m[WARN] [0mproved: (tf7 ?ts_ph_List_0) => (tf5 zero ?ts_ph_List_0)
10:33:27 [0m[33m[WARN] [0mproved: (geq ?ts_ph_Nat_0 ?ts_ph_Nat_0) => (leq ?ts_ph_Nat_0 ?ts_ph_Nat_0)
10:33:27 [0m[33m[WARN] [0mproved: (leq ?ts_ph_Nat_0 ?ts_ph_Nat_0) => (geq ?ts_ph_Nat_0 ?ts_ph_Nat_0)
10:33:27 [0m[33m[WARN] [0mproved: (geq zero ?ts_ph_Nat_0) => (leq ?ts_ph_Nat_0 zero)
10:33:27 [0m[33m[WARN] [0mproved: (leq ?ts_ph_Nat_0 zero) => (geq zero ?ts_ph_Nat_0)
10:33:27 [0m[33m[WARN] [0mgeneralized case_split proof as: (ite2 ?ts_ph_Bool_0 ?ts_ph_Bool_1 ?ts_ph_Bool_1) -- ?ts_ph_Bool_1
10:33:27 [0m[33m[WARN] [0mproved: (ite2 ?ts_ph_Bool_0 ?ts_ph_Bool_1 ?ts_ph_Bool_1) => ?ts_ph_Bool_1
10:33:27 [0m[33m[WARN] [0mproved: (and ?ts_ph_Bool_0 ?ts_ph_Bool_1) => (ite2 ?ts_ph_Bool_0 ?ts_ph_Bool_1 ?ts_ph_Bool_0)
10:33:27 [0m[33m[WARN] [0mproved: (ite2 ?ts_ph_Bool_0 ?ts_ph_Bool_1 ?ts_ph_Bool_0) => (and ?ts_ph_Bool_0 ?ts_ph_Bool_1)
10:33:27 [0m[33m[WARN] [0mproved: (and ?ts_ph_Bool_0 ?ts_ph_Bool_1) => (ite2 ?ts_ph_Bool_0 ?ts_ph_Bool_1 false)
10:33:27 [0m[33m[WARN] [0mproved: (ite2 ?ts_ph_Bool_0 ?ts_ph_Bool_1 false) => (and ?ts_ph_Bool_0 ?ts_ph_Bool_1)
10:33:27 [0m[33m[WARN] [0mproved: (ite2 ?ts_ph_Bool_0 ?ts_ph_Bool_0 ?ts_ph_Bool_1) => (ite2 ?ts_ph_Bool_0 true ?ts_ph_Bool_1)
10:33:27 [0m[33m[WARN] [0mproved: (ite2 ?ts_ph_Bool_0 true ?ts_ph_Bool_1) => (ite2 ?ts_ph_Bool_0 ?ts_ph_Bool_0 ?ts_ph_Bool_1)
