10:40:58 [WARN] Collecting statistics
10:40:58 [WARN]  ex is: true
10:40:58 [WARN]  ex is: false
10:40:58 [WARN]  ex is: zero
10:40:58 [WARN]  ex is: (succ zero)
10:40:58 [WARN]  ex is: (succ (succ zero))
10:40:58 [WARN]  ex is: (elt autovar_Nat_0)
10:40:58 [WARN]  ex is: (cons autovar_Nat_1 (elt autovar_Nat_0))
10:40:58 [WARN]  ex is: (cons autovar_Nat_2 (cons autovar_Nat_1 (elt autovar_Nat_0)))
10:40:58 [WARN]  ex is: (single autovar_Nat_0)
10:40:58 [WARN]  ex is: (concat (single autovar_Nat_0) (single autovar_Nat_0))
10:40:58 [WARN]  ex is: (concat (concat (single autovar_Nat_0) (single autovar_Nat_0)) (concat (single autovar_Nat_0) (single autovar_Nat_0)))
10:40:58 [WARN] Running exploration without proof mode, but goals were given
10:40:58 [WARN] Proof mode: true
10:40:58 [WARN]  ex is: true
10:40:58 [WARN]  ex is: false
10:40:58 [WARN]  ex is: zero
10:40:58 [WARN]  ex is: (succ zero)
10:40:58 [WARN]  ex is: (succ (succ zero))
10:40:58 [WARN]  ex is: (elt autovar_Nat_0)
10:40:58 [WARN]  ex is: (cons autovar_Nat_1 (elt autovar_Nat_0))
10:40:58 [WARN]  ex is: (cons autovar_Nat_2 (cons autovar_Nat_1 (elt autovar_Nat_0)))
10:40:58 [WARN]  ex is: (single autovar_Nat_0)
10:40:58 [WARN]  ex is: (concat (single autovar_Nat_0) (single autovar_Nat_0))
10:40:58 [WARN]  ex is: (concat (concat (single autovar_Nat_0) (single autovar_Nat_0)) (concat (single autovar_Nat_0) (single autovar_Nat_0)))
10:40:58 [WARN] Running exploration without proof mode, but goals were given
10:40:58 [WARN] Proof mode: true
10:40:58 [WARN] proved: (max ?ts_ph_Nat_0 zero) => ?ts_ph_Nat_0
10:40:58 [WARN] proved: (ite2 ?ts_ph_Bool_0 ?ts_ph_Nat_1 ?ts_ph_Nat_1) => ?ts_ph_Nat_1
10:40:58 [WARN] proved: (gq ?ts_ph_Nat_0 ?ts_ph_Nat_0) => false
10:41:24 [WARN] proved: (gq ?ts_ph_Nat_0 (succ ?ts_ph_Nat_0)) => false
10:41:24 [WARN] proved: (gq (succ ?ts_ph_Nat_0) ?ts_ph_Nat_0) => true
10:41:24 [WARN] proved: (max (succ zero) ?ts_ph_Nat_0) => (max ?ts_ph_Nat_0 (succ zero))
10:41:24 [WARN] proved: (max ?ts_ph_Nat_0 (succ zero)) => (max (succ zero) ?ts_ph_Nat_0)
10:41:24 [WARN] proved: (max (ite2 ?ts_ph_Bool_0 ?ts_ph_Nat_0 ?ts_ph_Nat_1) ?ts_ph_Nat_1) => (ite2 ?ts_ph_Bool_0 (max ?ts_ph_Nat_0 ?ts_ph_Nat_1) ?ts_ph_Nat_1)
10:41:24 [WARN] proved: (ite2 ?ts_ph_Bool_0 (max ?ts_ph_Nat_0 ?ts_ph_Nat_1) ?ts_ph_Nat_1) => (max (ite2 ?ts_ph_Bool_0 ?ts_ph_Nat_0 ?ts_ph_Nat_1) ?ts_ph_Nat_1)
10:41:24 [WARN] proved: (ite2 ?ts_ph_Bool_0 (succ ?ts_ph_Nat_1) (succ ?ts_ph_Nat_0)) => (succ (ite2 ?ts_ph_Bool_0 ?ts_ph_Nat_1 ?ts_ph_Nat_0))
10:41:24 [WARN] proved: (succ (ite2 ?ts_ph_Bool_0 ?ts_ph_Nat_1 ?ts_ph_Nat_0)) => (ite2 ?ts_ph_Bool_0 (succ ?ts_ph_Nat_1) (succ ?ts_ph_Nat_0))
10:41:24 [WARN] proved: (ite2 ?ts_ph_Bool_0 ?ts_ph_Nat_1 (max ?ts_ph_Nat_1 ?ts_ph_Nat_0)) => (max ?ts_ph_Nat_1 (ite2 ?ts_ph_Bool_0 zero ?ts_ph_Nat_0))
10:41:24 [WARN] proved: (max ?ts_ph_Nat_1 (ite2 ?ts_ph_Bool_0 zero ?ts_ph_Nat_0)) => (ite2 ?ts_ph_Bool_0 ?ts_ph_Nat_1 (max ?ts_ph_Nat_1 ?ts_ph_Nat_0))
10:41:24 [WARN] proved: (max ?ts_ph_Nat_1 (ite2 ?ts_ph_Bool_0 ?ts_ph_Nat_1 ?ts_ph_Nat_0)) => (max ?ts_ph_Nat_1 (ite2 ?ts_ph_Bool_0 zero ?ts_ph_Nat_0))
10:41:24 [WARN] proved: (max ?ts_ph_Nat_1 (ite2 ?ts_ph_Bool_0 zero ?ts_ph_Nat_0)) => (max ?ts_ph_Nat_1 (ite2 ?ts_ph_Bool_0 ?ts_ph_Nat_1 ?ts_ph_Nat_0))
10:41:37 [WARN] proved: (max ?ts_ph_Nat_1 (ite2 ?ts_ph_Bool_0 ?ts_ph_Nat_0 zero)) => (max ?ts_ph_Nat_1 (ite2 ?ts_ph_Bool_0 ?ts_ph_Nat_0 ?ts_ph_Nat_1))
10:41:37 [WARN] proved: (max ?ts_ph_Nat_1 (ite2 ?ts_ph_Bool_0 ?ts_ph_Nat_0 ?ts_ph_Nat_1)) => (max ?ts_ph_Nat_1 (ite2 ?ts_ph_Bool_0 ?ts_ph_Nat_0 zero))
10:41:37 [WARN] proved: (gq (ite2 ?ts_ph_Bool_0 ?ts_ph_Nat_0 ?ts_ph_Nat_1) ?ts_ph_Nat_1) => (gq ?ts_ph_Nat_0 (ite2 ?ts_ph_Bool_0 ?ts_ph_Nat_1 ?ts_ph_Nat_0))
10:41:37 [WARN] proved: (gq ?ts_ph_Nat_0 (ite2 ?ts_ph_Bool_0 ?ts_ph_Nat_1 ?ts_ph_Nat_0)) => (gq (ite2 ?ts_ph_Bool_0 ?ts_ph_Nat_0 ?ts_ph_Nat_1) ?ts_ph_Nat_1)
10:41:55 [WARN] proved: (max (ite2 ?ts_ph_Bool_0 ?ts_ph_Nat_1 ?ts_ph_Nat_0) ?ts_ph_Nat_1) => (max (ite2 ?ts_ph_Bool_0 zero ?ts_ph_Nat_0) ?ts_ph_Nat_1)
10:41:55 [WARN] proved: (max (ite2 ?ts_ph_Bool_0 zero ?ts_ph_Nat_0) ?ts_ph_Nat_1) => (max (ite2 ?ts_ph_Bool_0 ?ts_ph_Nat_1 ?ts_ph_Nat_0) ?ts_ph_Nat_1)
10:41:55 [WARN] proved: (gq ?ts_ph_Nat_1 (ite2 ?ts_ph_Bool_0 ?ts_ph_Nat_1 ?ts_ph_Nat_0)) => (gq (ite2 ?ts_ph_Bool_0 ?ts_ph_Nat_0 ?ts_ph_Nat_1) ?ts_ph_Nat_0)
10:41:55 [WARN] proved: (gq (ite2 ?ts_ph_Bool_0 ?ts_ph_Nat_0 ?ts_ph_Nat_1) ?ts_ph_Nat_0) => (gq ?ts_ph_Nat_1 (ite2 ?ts_ph_Bool_0 ?ts_ph_Nat_1 ?ts_ph_Nat_0))
