10:29:26 [WARN] Collecting statistics
10:29:26 [WARN]  ex is: true
10:29:26 [WARN]  ex is: false
10:29:26 [WARN]  ex is: zero
10:29:26 [WARN]  ex is: (succ zero)
10:29:26 [WARN]  ex is: (succ (succ zero))
10:29:26 [WARN]  ex is: (elt autovar_Nat_0)
10:29:26 [WARN]  ex is: (cons autovar_Nat_1 (elt autovar_Nat_0))
10:29:26 [WARN]  ex is: (cons autovar_Nat_2 (cons autovar_Nat_1 (elt autovar_Nat_0)))
10:29:26 [WARN]  ex is: (single autovar_Nat_0)
10:29:26 [WARN]  ex is: (concat autovar_Nat_1 (single autovar_Nat_0) (single autovar_Nat_0))
10:29:26 [WARN]  ex is: (concat autovar_Nat_2 (concat autovar_Nat_1 (single autovar_Nat_0) (single autovar_Nat_0)) (concat autovar_Nat_1 (single autovar_Nat_0) (single autovar_Nat_0)))
10:29:26 [WARN]  ex is: (makeTuple3 autovar_Nat_0 autovar_Bool_0)
10:29:26 [WARN] Running exploration without proof mode, but goals were given
10:29:26 [WARN] Proof mode: true
10:29:26 [WARN]  ex is: true
10:29:26 [WARN]  ex is: false
10:29:26 [WARN]  ex is: zero
10:29:26 [WARN]  ex is: (succ zero)
10:29:26 [WARN]  ex is: (succ (succ zero))
10:29:26 [WARN]  ex is: (elt autovar_Nat_0)
10:29:26 [WARN]  ex is: (cons autovar_Nat_1 (elt autovar_Nat_0))
10:29:26 [WARN]  ex is: (cons autovar_Nat_2 (cons autovar_Nat_1 (elt autovar_Nat_0)))
10:29:26 [WARN]  ex is: (single autovar_Nat_0)
10:29:26 [WARN]  ex is: (concat autovar_Nat_1 (single autovar_Nat_0) (single autovar_Nat_0))
10:29:26 [WARN]  ex is: (concat autovar_Nat_2 (concat autovar_Nat_1 (single autovar_Nat_0) (single autovar_Nat_0)) (concat autovar_Nat_1 (single autovar_Nat_0) (single autovar_Nat_0)))
10:29:26 [WARN]  ex is: (makeTuple3 autovar_Nat_0 autovar_Bool_0)
10:29:26 [WARN] Running exploration without proof mode, but goals were given
10:29:26 [WARN] Proof mode: true
10:29:26 [WARN] proved: (and ?ts_ph_Bool_0 ?ts_ph_Bool_1) => (and ?ts_ph_Bool_1 ?ts_ph_Bool_0)
10:29:26 [WARN] proved: (and ?ts_ph_Bool_1 ?ts_ph_Bool_0) => (and ?ts_ph_Bool_0 ?ts_ph_Bool_1)
10:29:26 [WARN] proved: (and ?ts_ph_Bool_0 ?ts_ph_Bool_0) => ?ts_ph_Bool_0
10:29:26 [WARN] proved: (max zero ?ts_ph_Nat_0) => ?ts_ph_Nat_0
10:29:26 [WARN] proved: (lq ?ts_ph_Nat_0 ?ts_ph_Nat_0) => false
10:29:26 [WARN] proved: (min zero ?ts_ph_Nat_0) => zero
10:29:26 [WARN] proved: (geq ?ts_ph_Nat_0 ?ts_ph_Nat_0) => true
10:29:26 [WARN] proved: (geq zero ?ts_ph_Nat_0) => (leq ?ts_ph_Nat_0 zero)
10:29:26 [WARN] proved: (leq ?ts_ph_Nat_0 zero) => (geq zero ?ts_ph_Nat_0)
10:29:26 [WARN] proved: (plus ?ts_ph_Nat_0 zero) => (max zero ?ts_ph_Nat_0)
10:29:26 [WARN] proved: (max zero ?ts_ph_Nat_0) => (plus ?ts_ph_Nat_0 zero)
10:29:26 [WARN] proved: (ite2 ?ts_ph_Bool_0 ?ts_ph_Nat_1 ?ts_ph_Nat_1) => ?ts_ph_Nat_1
10:29:26 [WARN] proved: (ite4 ?ts_ph_Bool_0 ?ts_ph_CList_1 ?ts_ph_CList_1) => ?ts_ph_CList_1
10:29:26 [WARN] proved: (tf12 ?ts_ph_CList_0) => ?ts_ph_CList_0
10:29:26 [WARN] proved: (leq ?ts_ph_Nat_0 ?ts_ph_Nat_1) => (geq ?ts_ph_Nat_1 ?ts_ph_Nat_0)
10:29:26 [WARN] proved: (geq ?ts_ph_Nat_1 ?ts_ph_Nat_0) => (leq ?ts_ph_Nat_0 ?ts_ph_Nat_1)
