10:24:26 [0m[33m[WARN] [0mCollecting statistics
(plus zero ?x) => ?x
(plus (succ ?x) ?y) => (succ (plus ?x ?y))
(tf1 ?tv4 (nil ?tv5)) => ?tv4
(tf1 ?tv4 (node ?tv6 ?tv7 ?tv8)) => (tf0 (plus (tf0 ?tv4 ?tv7) ?tv6) ?tv8)
(tf0 ?tv1 ?tv2) => (tf1 ?tv1 ?tv2)
(spec ?tv0) => (tf0 zero ?tv0)
(tf3 (nil ?tv12)) => (nil null)
(tf3 (node ?tv13 ?tv14 ?tv15)) => (node ?tv13 (tf2 ?tv14) (tf2 ?tv15))
(tf2 ?tv10) => (tf3 ?tv10)
(repr ?tv9) => (tf2 ?tv9)
(main ?tv16) => (spec (repr ?tv16))
(tf5 (nil ?tv20)) => zero
(tf5 (node ?tv21 ?tv22 ?tv23)) => (plus (tf4 ?tv23) (plus (tf4 ?tv22) ?tv21))
(tf4 ?tv18) => (tf5 ?tv18)
(repr_ ?tv17) => (tf4 ?tv17)
(main_ ?tv24) => (repr_ ?tv24)
10:24:26 [0m[33m[WARN] [0m ex is: true
10:24:26 [0m[33m[WARN] [0m ex is: false
10:24:26 [0m[33m[WARN] [0m ex is: null
10:24:26 [0m[33m[WARN] [0m ex is: zero
10:24:26 [0m[33m[WARN] [0m ex is: (succ zero)
10:24:26 [0m[33m[WARN] [0m ex is: (succ (succ zero))
10:24:26 [0m[33m[WARN] [0m ex is: (nil autovar_Unit_0)
10:24:26 [0m[33m[WARN] [0m ex is: (node autovar_Nat_0 (nil autovar_Unit_0) (nil autovar_Unit_0))
10:24:26 [0m[33m[WARN] [0m ex is: (node autovar_Nat_1 (node autovar_Nat_0 (nil autovar_Unit_0) (nil autovar_Unit_0)) (node autovar_Nat_0 (nil autovar_Unit_0) (nil autovar_Unit_0)))
10:24:26 [0m[33m[WARN] [0mRunning exploration without proof mode, but goals were given
10:24:26 [0m[33m[WARN] [0mProof mode: true
10:24:26 [0m[33m[WARN] [0m ex is: true
10:24:26 [0m[33m[WARN] [0m ex is: false
10:24:26 [0m[33m[WARN] [0m ex is: null
10:24:26 [0m[33m[WARN] [0m ex is: zero
10:24:26 [0m[33m[WARN] [0m ex is: (succ zero)
10:24:26 [0m[33m[WARN] [0m ex is: (succ (succ zero))
10:24:26 [0m[33m[WARN] [0m ex is: (nil autovar_Unit_0)
10:24:26 [0m[33m[WARN] [0m ex is: (node autovar_Nat_0 (nil autovar_Unit_0) (nil autovar_Unit_0))
10:24:26 [0m[33m[WARN] [0m ex is: (node autovar_Nat_1 (node autovar_Nat_0 (nil autovar_Unit_0) (nil autovar_Unit_0)) (node autovar_Nat_0 (nil autovar_Unit_0) (nil autovar_Unit_0)))
10:24:26 [0m[33m[WARN] [0mRunning exploration without proof mode, but goals were given
10:24:26 [0m[33m[WARN] [0mProof mode: true
10:24:26 [0m[33m[WARN] [0mproved: (nil ?ts_ph_Unit_0) => (nil null)
10:24:26 [0m[33m[WARN] [0mproved: (plus ?ts_ph_Nat_0 zero) => ?ts_ph_Nat_0
