11:43:26 [0m[33m[WARN] [0mCollecting statistics
(lq zero (succ ?x)) => true
(lq ?x zero) => false
(lq (succ ?x) (succ ?y)) => (lq ?x ?y)
(ite2 true ?x ?y) => ?x
(ite2 false ?x ?y) => ?y
(max ?tv0 ?tv1) => (ite2 (lq ?tv0 ?tv1) ?tv1 ?tv0)
(snd_3 (makeTuple3 ?x0 ?x1 ?x2)) => ?x1
(gq zero ?x) => false
(gq (succ ?x) zero) => true
(gq (succ ?x) (succ ?y)) => (gq ?x ?y)
(tf1 (single ?tv5)) => (makeTuple3 ?tv5 ?tv5 true)
(tf1 (cons ?tv6 ?tv7)) => (makeTuple3 ?tv6 (max (snd_3 (tf0 ?tv7)) ?tv6) (gq ?tv6 (snd_3 (tf0 ?tv7))))
(tf0 ?tv3) => (tf1 ?tv3)
(third_3 (makeTuple3 ?x0 ?x1 ?x2)) => ?x2
(spec ?tv2) => (third_3 (tf0 ?tv2))
(tf3 ?tv13 (single ?tv14)) => (cons ?tv14 ?tv13)
(tf3 ?tv13 (cons ?tv15 ?tv16)) => (cons ?tv15 (tf2 ?tv16 ?tv13))
(tf2 ?tv10 ?tv11) => (tf3 ?tv11 ?tv10)
(cat_list ?tv8 ?tv9) => (tf2 ?tv8 ?tv9)
(tf5 (elt ?tv20)) => (single ?tv20)
(tf5 (cat ?tv21 ?tv22)) => (cat_list (tf4 ?tv21) (tf4 ?tv22))
(tf4 ?tv18) => (tf5 ?tv18)
(repr ?tv17) => (tf4 ?tv17)
(main ?tv23) => (spec (repr ?tv23))
(and false ?x) => false
(and ?x false) => false
(and true true) => true
(fst_4 (makeTuple4 ?x0 ?x1)) => ?x0
(snd_4 (makeTuple4 ?x0 ?x1)) => ?x1
(tf7 (elt ?tv27)) => (makeTuple4 true ?tv27)
(tf7 (cat ?tv28 ?tv29)) => (makeTuple4 (and (fst_4 (tf6 ?tv28)) (lq (snd_4 (tf6 ?tv29)) (snd_4 (tf6 ?tv28)))) (max (snd_4 (tf6 ?tv29)) (snd_4 (tf6 ?tv28))))
(tf6 ?tv25) => (tf7 ?tv25)
(repr_ ?tv24) => (tf6 ?tv24)
(main_ ?tv30) => (fst_4 (repr_ ?tv30))
Searcher: (lq ?autovar5 (succ ?autovar1))
Searcher: (lq ?autovar5 (succ ?autovar3))
Searcher: (lq zero ?autovar6)
Searcher: (lq (succ ?autovar4) ?autovar6)
Searcher: (gq ?autovar6 zero)
Searcher: (gq ?autovar6 (succ ?autovar3))
Searcher: (gq (succ ?autovar4) ?autovar7)
Searcher: (gq (succ ?autovar5) ?autovar7)
Searcher: (and ?autovar1 true)
Searcher: (and true ?autovar2)
11:43:26 [0m[33m[WARN] [0m ex is: true
11:43:26 [0m[33m[WARN] [0m ex is: false
11:43:26 [0m[33m[WARN] [0m ex is: zero
11:43:26 [0m[33m[WARN] [0m ex is: (succ zero)
11:43:26 [0m[33m[WARN] [0m ex is: (succ (succ zero))
11:43:26 [0m[33m[WARN] [0m ex is: (single autovar_Nat_0)
11:43:26 [0m[33m[WARN] [0m ex is: (cons autovar_Nat_1 (single autovar_Nat_0))
11:43:26 [0m[33m[WARN] [0m ex is: (cons autovar_Nat_2 (cons autovar_Nat_1 (single autovar_Nat_0)))
11:43:26 [0m[33m[WARN] [0m ex is: (elt autovar_Nat_0)
11:43:26 [0m[33m[WARN] [0m ex is: (cat (elt autovar_Nat_0) (elt autovar_Nat_0))
11:43:26 [0m[33m[WARN] [0m ex is: (cat (cat (elt autovar_Nat_0) (elt autovar_Nat_0)) (cat (elt autovar_Nat_0) (elt autovar_Nat_0)))
11:43:26 [0m[33m[WARN] [0m ex is: (makeTuple3 autovar_Nat_0 autovar_Nat_1 autovar_Bool_0)
11:43:26 [0m[33m[WARN] [0m ex is: (makeTuple4 autovar_Bool_0 autovar_Nat_0)
11:43:26 [0m[33m[WARN] [0mRunning exploration without proof mode, but goals were given
11:43:26 [0m[33m[WARN] [0mProof mode: true
11:43:26 [0m[33m[WARN] [0m ex is: true
11:43:26 [0m[33m[WARN] [0m ex is: false
11:43:26 [0m[33m[WARN] [0m ex is: zero
11:43:26 [0m[33m[WARN] [0m ex is: (succ zero)
11:43:26 [0m[33m[WARN] [0m ex is: (succ (succ zero))
11:43:26 [0m[33m[WARN] [0m ex is: (single autovar_Nat_0)
11:43:26 [0m[33m[WARN] [0m ex is: (cons autovar_Nat_1 (single autovar_Nat_0))
11:43:26 [0m[33m[WARN] [0m ex is: (cons autovar_Nat_2 (cons autovar_Nat_1 (single autovar_Nat_0)))
11:43:26 [0m[33m[WARN] [0m ex is: (elt autovar_Nat_0)
11:43:26 [0m[33m[WARN] [0m ex is: (cat (elt autovar_Nat_0) (elt autovar_Nat_0))
11:43:26 [0m[33m[WARN] [0m ex is: (cat (cat (elt autovar_Nat_0) (elt autovar_Nat_0)) (cat (elt autovar_Nat_0) (elt autovar_Nat_0)))
11:43:26 [0m[33m[WARN] [0m ex is: (makeTuple3 autovar_Nat_0 autovar_Nat_1 autovar_Bool_0)
11:43:26 [0m[33m[WARN] [0m ex is: (makeTuple4 autovar_Bool_0 autovar_Nat_0)
11:43:26 [0m[33m[WARN] [0mRunning exploration without proof mode, but goals were given
11:43:26 [0m[33m[WARN] [0mProof mode: true
11:43:26 [0m[33m[WARN] [0mproved: (and ?ts_ph_Bool_1 ?ts_ph_Bool_0) => (and ?ts_ph_Bool_0 ?ts_ph_Bool_1)
11:43:26 [0m[33m[WARN] [0mproved: (and ?ts_ph_Bool_0 ?ts_ph_Bool_1) => (and ?ts_ph_Bool_1 ?ts_ph_Bool_0)
11:43:26 [0m[33m[WARN] [0mproved: (max zero ?ts_ph_Nat_0) => ?ts_ph_Nat_0
11:43:26 [0m[33m[WARN] [0mproved: (and ?ts_ph_Bool_0 ?ts_ph_Bool_0) => ?ts_ph_Bool_0
11:43:26 [0m[33m[WARN] [0mproved: (gq ?ts_ph_Nat_0 zero) => (lq zero ?ts_ph_Nat_0)
11:43:26 [0m[33m[WARN] [0mproved: (lq zero ?ts_ph_Nat_0) => (gq ?ts_ph_Nat_0 zero)
11:43:26 [0m[33m[WARN] [0mproved: (ite2 ?ts_ph_Bool_0 ?ts_ph_Nat_1 ?ts_ph_Nat_1) => ?ts_ph_Nat_1
11:43:26 [0m[33m[WARN] [0mproved: (lq ?ts_ph_Nat_1 ?ts_ph_Nat_0) => (gq ?ts_ph_Nat_0 ?ts_ph_Nat_1)
11:43:26 [0m[33m[WARN] [0mproved: (gq ?ts_ph_Nat_0 ?ts_ph_Nat_1) => (lq ?ts_ph_Nat_1 ?ts_ph_Nat_0)
11:43:26 [0m[33m[WARN] [0mproved: (lq ?ts_ph_Nat_0 ?ts_ph_Nat_0) => false
