11:39:26 [WARN] Collecting statistics
11:39:26 [WARN]  ex is: true
11:39:26 [WARN]  ex is: false
11:39:26 [WARN]  ex is: zero
11:39:26 [WARN]  ex is: (succ zero)
11:39:26 [WARN]  ex is: (succ (succ zero))
11:39:26 [WARN]  ex is: (elt autovar_Nat_0)
11:39:26 [WARN]  ex is: (cons autovar_Nat_1 (elt autovar_Nat_0))
11:39:26 [WARN]  ex is: (cons autovar_Nat_2 (cons autovar_Nat_1 (elt autovar_Nat_0)))
11:39:26 [WARN]  ex is: (ielt autovar_Nat_0)
11:39:26 [WARN]  ex is: (icons autovar_Nat_1 autovar_Nat_2 (ielt autovar_Nat_0))
11:39:26 [WARN]  ex is: (icons autovar_Nat_3 autovar_Nat_4 (icons autovar_Nat_1 autovar_Nat_2 (ielt autovar_Nat_0)))
11:39:26 [WARN]  ex is: (makeTuple3 autovar_Nat_0 autovar_Nat_1 autovar_Nat_2)
11:39:26 [WARN]  ex is: (makeTuple4 autovar_Nat_0 autovar_Nat_1)
11:39:26 [WARN] Running exploration without proof mode, but goals were given
11:39:26 [WARN] Proof mode: true
11:39:26 [WARN]  ex is: true
11:39:26 [WARN]  ex is: false
11:39:26 [WARN]  ex is: zero
11:39:26 [WARN]  ex is: (succ zero)
11:39:26 [WARN]  ex is: (succ (succ zero))
11:39:26 [WARN]  ex is: (elt autovar_Nat_0)
11:39:26 [WARN]  ex is: (cons autovar_Nat_1 (elt autovar_Nat_0))
11:39:26 [WARN]  ex is: (cons autovar_Nat_2 (cons autovar_Nat_1 (elt autovar_Nat_0)))
11:39:26 [WARN]  ex is: (ielt autovar_Nat_0)
11:39:26 [WARN]  ex is: (icons autovar_Nat_1 autovar_Nat_2 (ielt autovar_Nat_0))
11:39:26 [WARN]  ex is: (icons autovar_Nat_3 autovar_Nat_4 (icons autovar_Nat_1 autovar_Nat_2 (ielt autovar_Nat_0)))
11:39:26 [WARN]  ex is: (makeTuple3 autovar_Nat_0 autovar_Nat_1 autovar_Nat_2)
11:39:26 [WARN]  ex is: (makeTuple4 autovar_Nat_0 autovar_Nat_1)
11:39:26 [WARN] Running exploration without proof mode, but goals were given
11:39:26 [WARN] Proof mode: true
11:39:26 [WARN] proved: (and ?ts_ph_Bool_0 ?ts_ph_Bool_1) => (and ?ts_ph_Bool_1 ?ts_ph_Bool_0)
11:39:26 [WARN] proved: (and ?ts_ph_Bool_1 ?ts_ph_Bool_0) => (and ?ts_ph_Bool_0 ?ts_ph_Bool_1)
11:39:26 [WARN] proved: (and ?ts_ph_Bool_0 ?ts_ph_Bool_0) => ?ts_ph_Bool_0
11:39:26 [WARN] proved: (max zero ?ts_ph_Nat_0) => ?ts_ph_Nat_0
11:39:26 [WARN] proved: (lq ?ts_ph_Nat_0 ?ts_ph_Nat_0) => false
11:39:26 [WARN] proved: (lq zero ?ts_ph_Nat_0) => (gq ?ts_ph_Nat_0 zero)
11:39:26 [WARN] proved: (gq ?ts_ph_Nat_0 zero) => (lq zero ?ts_ph_Nat_0)
11:39:26 [WARN] proved: (plus ?ts_ph_Nat_0 zero) => (max ?ts_ph_Nat_0 ?ts_ph_Nat_0)
11:39:26 [WARN] proved: (max ?ts_ph_Nat_0 ?ts_ph_Nat_0) => (plus ?ts_ph_Nat_0 zero)
11:39:26 [WARN] proved: (ite2 ?ts_ph_Bool_0 ?ts_ph_Nat_1 ?ts_ph_Nat_1) => ?ts_ph_Nat_1
11:39:26 [WARN] proved: (gq ?ts_ph_Nat_0 ?ts_ph_Nat_1) => (lq ?ts_ph_Nat_1 ?ts_ph_Nat_0)
11:39:26 [WARN] proved: (lq ?ts_ph_Nat_1 ?ts_ph_Nat_0) => (gq ?ts_ph_Nat_0 ?ts_ph_Nat_1)
