10:44:58 [0m[33m[WARN] [0mCollecting statistics
(or true ?x) => true
(or ?x true) => true
(or false false) => false
(op_or ?tv0 ?tv1) => (or ?tv0 ?tv1)
(tf1 ?tv7 (nil ?tv8)) => ?tv7
(tf1 ?tv7 (cons ?tv9 ?tv10)) => (cons ?tv9 (tf0 ?tv10 ?tv7))
(tf0 ?tv4 ?tv5) => (tf1 ?tv5 ?tv4)
(cat_list ?tv2 ?tv3) => (tf0 ?tv2 ?tv3)
(tf3 (emp ?tv14)) => (nil null)
(tf3 (single ?tv15)) => (cons ?tv15 (nil null))
(tf3 (concat ?tv16 ?tv17)) => (cat_list (tf2 ?tv16) (tf2 ?tv17))
(tf2 ?tv12) => (tf3 ?tv12)
(repr ?tv11) => (tf2 ?tv11)
(fst_2 (makeTuple2 ?x0 ?x1 ?x2)) => ?x0
(snd_2 (makeTuple2 ?x0 ?x1 ?x2)) => ?x1
(and false ?x) => false
(and ?x false) => false
(and true true) => true
(not true) => false
(not false) => true
(third_2 (makeTuple2 ?x0 ?x1 ?x2)) => ?x2
(tf5 (nil ?tv21)) => (makeTuple2 false false false)
(tf5 (cons ?tv22 ?tv23)) => (makeTuple2 (or (fst_2 (tf4 ?tv23)) ?tv22) (or (snd_2 (tf4 ?tv23)) (and (fst_2 (tf4 ?tv23)) (not ?tv22))) (or (third_2 (tf4 ?tv23)) (not ?tv22)))
(tf4 ?tv19) => (tf5 ?tv19)
(spec ?tv18) => (snd_2 (tf4 ?tv18))
(main ?tv24) => (spec (repr ?tv24))
(snd_3 (makeTuple3 ?x0 ?x1 ?x2 ?x3)) => ?x1
(third_3 (makeTuple3 ?x0 ?x1 ?x2 ?x3)) => ?x2
(fst_3 (makeTuple3 ?x0 ?x1 ?x2 ?x3)) => ?x0
(fourth_3 (makeTuple3 ?x0 ?x1 ?x2 ?x3)) => ?x3
(tf7 (emp ?tv28)) => (makeTuple3 false true true false)
(tf7 (single ?tv29)) => (makeTuple3 false ?tv29 false false)
(tf7 (concat ?tv30 ?tv31)) => (makeTuple3
  (or (or (and (and (not (snd_3 (tf6 ?tv30))) (not (third_3 (tf6 ?tv31)))) (op_or (fst_3 (tf6 ?tv31)) (snd_3 (tf6 ?tv31)))) (and (and (op_or (fst_3 (tf6 ?tv31)) (fourth_3 (tf6 ?tv30))) (not (third_3 (tf6 ?tv31)))) (op_or (fst_3 (tf6 ?tv31)) (snd_3 (tf6 ?tv31))))) (op_or (fst_3 (tf6 ?tv31)) (fst_3 (tf6 ?tv30))))
  (or (and (snd_3 (tf6 ?tv31)) (snd_3 (tf6 ?tv30))) (and (snd_3 (tf6 ?tv30)) (not (third_3 (tf6 ?tv30)))))
  (and (third_3 (tf6 ?tv31)) (third_3 (tf6 ?tv30)))
  (or (or (and (and (not (snd_3 (tf6 ?tv31))) (not (third_3 (tf6 ?tv30)))) (op_or (snd_3 (tf6 ?tv31)) (snd_3 (tf6 ?tv30)))) (and (and (not (snd_3 (tf6 ?tv30))) (not (third_3 (tf6 ?tv31)))) (op_or (snd_3 (tf6 ?tv31)) (fourth_3 (tf6 ?tv31))))) (op_or (fourth_3 (tf6 ?tv31)) (fourth_3 (tf6 ?tv30)))))
(tf6 ?tv26) => (tf7 ?tv26)
(repr_ ?tv25) => (tf6 ?tv25)
(main_ ?tv32) => (fst_3 (repr_ ?tv32))
Searcher: (or ?autovar1 false)
Searcher: (or false ?autovar2)
Searcher: (and ?autovar1 true)
Searcher: (and true ?autovar2)
10:44:58 [0m[33m[WARN] [0m ex is: true
10:44:58 [0m[33m[WARN] [0m ex is: false
10:44:58 [0m[33m[WARN] [0m ex is: null
10:44:58 [0m[33m[WARN] [0m ex is: (nil autovar_Unit_0)
10:44:58 [0m[33m[WARN] [0m ex is: (cons autovar_Bool_0 (nil autovar_Unit_0))
10:44:58 [0m[33m[WARN] [0m ex is: (cons autovar_Bool_1 (cons autovar_Bool_0 (nil autovar_Unit_0)))
10:44:58 [0m[33m[WARN] [0m ex is: (emp autovar_Unit_0)
10:44:58 [0m[33m[WARN] [0m ex is: (single autovar_Bool_0)
10:44:58 [0m[33m[WARN] [0m ex is: (concat (single autovar_Bool_0) (single autovar_Bool_0))
10:44:58 [0m[33m[WARN] [0m ex is: (concat (concat (single autovar_Bool_0) (single autovar_Bool_0)) (concat (single autovar_Bool_0) (single autovar_Bool_0)))
10:44:58 [0m[33m[WARN] [0m ex is: (makeTuple2 autovar_Bool_0 autovar_Bool_1 autovar_Bool_2)
10:44:58 [0m[33m[WARN] [0m ex is: (makeTuple3 autovar_Bool_0 autovar_Bool_1 autovar_Bool_2 autovar_Bool_3)
10:44:58 [0m[33m[WARN] [0mRunning exploration without proof mode, but goals were given
10:44:58 [0m[33m[WARN] [0mProof mode: true
10:44:58 [0m[33m[WARN] [0m ex is: true
10:44:58 [0m[33m[WARN] [0m ex is: false
10:44:58 [0m[33m[WARN] [0m ex is: null
10:44:58 [0m[33m[WARN] [0m ex is: (nil autovar_Unit_0)
10:44:58 [0m[33m[WARN] [0m ex is: (cons autovar_Bool_0 (nil autovar_Unit_0))
10:44:58 [0m[33m[WARN] [0m ex is: (cons autovar_Bool_1 (cons autovar_Bool_0 (nil autovar_Unit_0)))
10:44:58 [0m[33m[WARN] [0m ex is: (emp autovar_Unit_0)
10:44:58 [0m[33m[WARN] [0m ex is: (single autovar_Bool_0)
10:44:58 [0m[33m[WARN] [0m ex is: (concat (single autovar_Bool_0) (single autovar_Bool_0))
10:44:58 [0m[33m[WARN] [0m ex is: (concat (concat (single autovar_Bool_0) (single autovar_Bool_0)) (concat (single autovar_Bool_0) (single autovar_Bool_0)))
10:44:58 [0m[33m[WARN] [0m ex is: (makeTuple2 autovar_Bool_0 autovar_Bool_1 autovar_Bool_2)
10:44:58 [0m[33m[WARN] [0m ex is: (makeTuple3 autovar_Bool_0 autovar_Bool_1 autovar_Bool_2 autovar_Bool_3)
10:44:58 [0m[33m[WARN] [0mRunning exploration without proof mode, but goals were given
10:44:58 [0m[33m[WARN] [0mProof mode: true
10:44:58 [0m[33m[WARN] [0mproved: (nil ?ts_ph_Unit_0) => (nil null)
10:44:58 [0m[33m[WARN] [0mproved: (emp ?ts_ph_Unit_0) => (emp null)
10:44:58 [0m[33m[WARN] [0mproved: (and ?ts_ph_Bool_1 ?ts_ph_Bool_0) => (and ?ts_ph_Bool_0 ?ts_ph_Bool_1)
10:44:58 [0m[33m[WARN] [0mproved: (and ?ts_ph_Bool_0 ?ts_ph_Bool_1) => (and ?ts_ph_Bool_1 ?ts_ph_Bool_0)
10:44:58 [0m[33m[WARN] [0mproved: (or ?ts_ph_Bool_0 ?ts_ph_Bool_1) => (or ?ts_ph_Bool_1 ?ts_ph_Bool_0)
10:44:58 [0m[33m[WARN] [0mproved: (or ?ts_ph_Bool_1 ?ts_ph_Bool_0) => (or ?ts_ph_Bool_0 ?ts_ph_Bool_1)
10:44:58 [0m[33m[WARN] [0mproved: (or ?ts_ph_Bool_0 ?ts_ph_Bool_0) => ?ts_ph_Bool_0
10:44:58 [0m[33m[WARN] [0mproved: (and ?ts_ph_Bool_0 ?ts_ph_Bool_0) => ?ts_ph_Bool_0
