10:18:55 [0m[33m[WARN] [0mCollecting statistics
(and false ?x) => false
(and ?x false) => false
(and true true) => true
(or true ?x) => true
(or ?x true) => true
(or false false) => false
(ite2 true) => false
(ite2 false) => true
(tf1 (flit ?tv3)) => ?tv3
(tf1 (fand ?tv4 ?tv5)) => (and (tf0 ?tv4) (tf0 ?tv5))
(tf1 (forr ?tv6 ?tv7)) => (or (tf0 ?tv6) (tf0 ?tv7))
(tf1 (fnot ?tv8)) => (ite2 (tf0 ?tv8))
(tf0 ?tv1) => (tf1 ?tv1)
(spec ?tv0) => (tf0 ?tv0)
(tf3 (nflit ?tv12)) => (flit ?tv12)
(tf3 (nfneglit ?tv13)) => (fnot (flit ?tv13))
(tf3 (nfand ?tv14 ?tv15)) => (fand (tf2 ?tv14) (tf2 ?tv15))
(tf3 (nfor ?tv16 ?tv17)) => (forr (tf2 ?tv16) (tf2 ?tv17))
(tf2 ?tv10) => (tf3 ?tv10)
(repr ?tv9) => (tf2 ?tv9)
(main ?tv18) => (spec (repr ?tv18))
(not true) => false
(not false) => true
(tf5 (nflit ?tv22)) => ?tv22
(tf5 (nfneglit ?tv23)) => (not ?tv23)
(tf5 (nfand ?tv24 ?tv25)) => (and (tf4 ?tv25) (tf4 ?tv24))
(tf5 (nfor ?tv26 ?tv27)) => (or (tf4 ?tv26) (tf4 ?tv27))
(tf4 ?tv20) => (tf5 ?tv20)
(repr_ ?tv19) => (tf4 ?tv19)
(main_ ?tv28) => (repr_ ?tv28)
Searcher: (and ?autovar1 true)
Searcher: (and true ?autovar2)
Searcher: (or ?autovar1 false)
Searcher: (or false ?autovar2)
10:18:55 [0m[33m[WARN] [0m ex is: true
10:18:55 [0m[33m[WARN] [0m ex is: false
10:18:55 [0m[33m[WARN] [0m ex is: (flit autovar_Bool_0)
10:18:55 [0m[33m[WARN] [0m ex is: (fand (flit autovar_Bool_0) (flit autovar_Bool_0))
10:18:55 [0m[33m[WARN] [0m ex is: (forr (flit autovar_Bool_0) (flit autovar_Bool_0))
10:18:55 [0m[33m[WARN] [0m ex is: (fnot (flit autovar_Bool_0))
10:18:55 [0m[33m[WARN] [0m ex is: (fand (fnot (flit autovar_Bool_0)) (fnot (flit autovar_Bool_0)))
10:18:55 [0m[33m[WARN] [0m ex is: (forr (fnot (flit autovar_Bool_0)) (fnot (flit autovar_Bool_0)))
10:18:55 [0m[33m[WARN] [0m ex is: (fnot (fnot (flit autovar_Bool_0)))
10:18:55 [0m[33m[WARN] [0m ex is: (nfneglit autovar_Bool_0)
10:18:55 [0m[33m[WARN] [0m ex is: (nflit autovar_Bool_1)
10:18:55 [0m[33m[WARN] [0m ex is: (nfand (nflit autovar_Bool_1) (nflit autovar_Bool_1))
10:18:55 [0m[33m[WARN] [0m ex is: (nfor (nflit autovar_Bool_1) (nflit autovar_Bool_1))
10:18:55 [0m[33m[WARN] [0m ex is: (nfand (nfor (nflit autovar_Bool_1) (nflit autovar_Bool_1)) (nfor (nflit autovar_Bool_1) (nflit autovar_Bool_1)))
10:18:55 [0m[33m[WARN] [0m ex is: (nfor (nfor (nflit autovar_Bool_1) (nflit autovar_Bool_1)) (nfor (nflit autovar_Bool_1) (nflit autovar_Bool_1)))
10:18:55 [0m[33m[WARN] [0mRunning exploration without proof mode, but goals were given
10:18:55 [0m[33m[WARN] [0mProof mode: true
10:18:55 [0m[33m[WARN] [0m ex is: true
10:18:55 [0m[33m[WARN] [0m ex is: false
10:18:55 [0m[33m[WARN] [0m ex is: (flit autovar_Bool_0)
10:18:55 [0m[33m[WARN] [0m ex is: (fand (flit autovar_Bool_0) (flit autovar_Bool_0))
10:18:55 [0m[33m[WARN] [0m ex is: (forr (flit autovar_Bool_0) (flit autovar_Bool_0))
10:18:55 [0m[33m[WARN] [0m ex is: (fnot (flit autovar_Bool_0))
10:18:55 [0m[33m[WARN] [0m ex is: (fand (fnot (flit autovar_Bool_0)) (fnot (flit autovar_Bool_0)))
10:18:55 [0m[33m[WARN] [0m ex is: (forr (fnot (flit autovar_Bool_0)) (fnot (flit autovar_Bool_0)))
10:18:55 [0m[33m[WARN] [0m ex is: (fnot (fnot (flit autovar_Bool_0)))
10:18:55 [0m[33m[WARN] [0m ex is: (nfneglit autovar_Bool_0)
10:18:55 [0m[33m[WARN] [0m ex is: (nflit autovar_Bool_1)
10:18:55 [0m[33m[WARN] [0m ex is: (nfand (nflit autovar_Bool_1) (nflit autovar_Bool_1))
10:18:55 [0m[33m[WARN] [0m ex is: (nfor (nflit autovar_Bool_1) (nflit autovar_Bool_1))
10:18:55 [0m[33m[WARN] [0m ex is: (nfand (nfor (nflit autovar_Bool_1) (nflit autovar_Bool_1)) (nfor (nflit autovar_Bool_1) (nflit autovar_Bool_1)))
10:18:55 [0m[33m[WARN] [0m ex is: (nfor (nfor (nflit autovar_Bool_1) (nflit autovar_Bool_1)) (nfor (nflit autovar_Bool_1) (nflit autovar_Bool_1)))
10:18:55 [0m[33m[WARN] [0mRunning exploration without proof mode, but goals were given
10:18:55 [0m[33m[WARN] [0mProof mode: true
10:18:55 [0m[33m[WARN] [0mproved: (not ?ts_ph_Bool_0) => (ite2 ?ts_ph_Bool_0)
10:18:55 [0m[33m[WARN] [0mproved: (ite2 ?ts_ph_Bool_0) => (not ?ts_ph_Bool_0)
10:18:55 [0m[33m[WARN] [0mproved: (and ?ts_ph_Bool_0 ?ts_ph_Bool_1) => (and ?ts_ph_Bool_1 ?ts_ph_Bool_0)
10:18:55 [0m[33m[WARN] [0mproved: (and ?ts_ph_Bool_1 ?ts_ph_Bool_0) => (and ?ts_ph_Bool_0 ?ts_ph_Bool_1)
10:18:55 [0m[33m[WARN] [0mproved: (or ?ts_ph_Bool_1 ?ts_ph_Bool_0) => (or ?ts_ph_Bool_0 ?ts_ph_Bool_1)
10:18:55 [0m[33m[WARN] [0mproved: (or ?ts_ph_Bool_0 ?ts_ph_Bool_1) => (or ?ts_ph_Bool_1 ?ts_ph_Bool_0)
10:18:55 [0m[33m[WARN] [0mproved: (or ?ts_ph_Bool_0 ?ts_ph_Bool_0) => ?ts_ph_Bool_0
10:18:55 [0m[33m[WARN] [0mproved: (and ?ts_ph_Bool_0 ?ts_ph_Bool_0) => ?ts_ph_Bool_0
10:18:55 [0m[33m[WARN] [0mproved: (tf5 ?ts_ph_NnfFormula_0) => (main ?ts_ph_NnfFormula_0)
10:18:55 [0m[33m[WARN] [0mproved: (main ?ts_ph_NnfFormula_0) => (tf5 ?ts_ph_NnfFormula_0)
10:18:55 [0m[33m[WARN] [0mFound all lemmas
done in 39
