11:09:58 [0m[33m[WARN] [0mCollecting statistics
(lq zero (succ ?x)) => true
(lq ?x zero) => false
(lq (succ ?x) (succ ?y)) => (lq ?x ?y)
(ite2 true ?x ?y) => ?x
(ite2 false ?x ?y) => ?y
(max ?tv0 ?tv1) => (ite2 (lq ?tv0 ?tv1) ?tv1 ?tv0)
(gq zero ?x) => false
(gq (succ ?x) zero) => true
(gq (succ ?x) (succ ?y)) => (gq ?x ?y)
(min ?tv2 ?tv3) => (ite2 (gq ?tv2 ?tv3) ?tv3 ?tv2)
(fst_3 (makeTuple3 ?x0 ?x1)) => ?x0
(snd_3 (makeTuple3 ?x0 ?x1)) => ?x1
(tf1 (elt ?tv7)) => (makeTuple3 ?tv7 ?tv7)
(tf1 (cons ?tv8 ?tv9)) => (makeTuple3 (min ?tv8 (fst_3 (tf0 ?tv9))) (max ?tv8 (snd_3 (tf0 ?tv9))))
(tf0 ?tv5) => (tf1 ?tv5)
(interval ?tv4) => (tf0 ?tv4)
(fst_4 (makeTuple4 ?x0 ?x1 ?x2)) => ?x0
(snd_4 (makeTuple4 ?x0 ?x1 ?x2)) => ?x1
(and false ?x) => false
(and ?x false) => false
(and true true) => true
(third_4 (makeTuple4 ?x0 ?x1 ?x2)) => ?x2
(leq zero ?x) => true
(leq (succ ?x) zero) => false
(leq (succ ?x) (succ ?y)) => (leq ?x ?y)
(tf3 (line ?tv13)) => (makeTuple4 (fst_3 (interval ?tv13)) (snd_3 (interval ?tv13)) true)
(tf3 (ncons ?tv14 ?tv15)) => (makeTuple4 (min (fst_4 (tf2 ?tv15)) (fst_3 (interval ?tv14))) (max (snd_4 (tf2 ?tv15)) (snd_3 (interval ?tv14))) (and (third_4 (tf2 ?tv15)) (and (leq (fst_4 (tf2 ?tv15)) (fst_3 (interval ?tv14))) (leq (snd_4 (tf2 ?tv15)) (snd_3 (interval ?tv14))))))
(tf2 ?tv11) => (tf3 ?tv11)
(spec ?tv10) => (third_4 (tf2 ?tv10))
(tf5 ?tv19 (line ?tv20)) => ?tv19
(tf5 ?tv19 (ncons ?tv21 ?tv22)) => (ncons ?tv21 (tf4 ?tv22))
(tf4 ?tv17) => (tf5 ?tv17 ?tv17)
(target ?tv16) => (tf4 ?tv16)
(main ?tv23) => (spec (target ?tv23))
(snd_5 (makeTuple5 ?x0 ?x1 ?x2)) => ?x1
(fst_5 (makeTuple5 ?x0 ?x1 ?x2)) => ?x0
(third_5 (makeTuple5 ?x0 ?x1 ?x2)) => ?x2
(tf7 (line ?tv27)) => (makeTuple5 true (fst_3 (interval ?tv27)) (snd_3 (interval ?tv27)))
(tf7 (ncons ?tv28 ?tv29)) => (makeTuple5 (and (and (leq (snd_5 (tf6 ?tv29)) (fst_3 (interval ?tv28))) (fst_5 (tf6 ?tv29))) (leq (third_5 (tf6 ?tv29)) (snd_3 (interval ?tv28)))) (snd_5 (tf6 ?tv29)) (snd_3 (interval ?tv28)))
(tf6 ?tv25) => (tf7 ?tv25)
(target_ ?tv24) => (tf6 ?tv24)
(main_ ?tv30) => (fst_5 (target_ ?tv30))
Searcher: (lq ?autovar5 (succ ?autovar1))
Searcher: (lq ?autovar5 (succ ?autovar3))
Searcher: (lq zero ?autovar6)
Searcher: (lq (succ ?autovar4) ?autovar6)
Searcher: (gq ?autovar6 zero)
Searcher: (gq ?autovar6 (succ ?autovar3))
Searcher: (gq (succ ?autovar4) ?autovar7)
Searcher: (gq (succ ?autovar5) ?autovar7)
Searcher: (and ?autovar1 true)
Searcher: (and true ?autovar2)
Searcher: (leq ?autovar6 zero)
Searcher: (leq ?autovar6 (succ ?autovar3))
Searcher: (leq (succ ?autovar4) ?autovar7)
Searcher: (leq (succ ?autovar5) ?autovar7)
11:09:58 [0m[33m[WARN] [0m ex is: true
11:09:58 [0m[33m[WARN] [0m ex is: false
11:09:58 [0m[33m[WARN] [0m ex is: zero
11:09:58 [0m[33m[WARN] [0m ex is: (succ zero)
11:09:58 [0m[33m[WARN] [0m ex is: (succ (succ zero))
11:09:58 [0m[33m[WARN] [0m ex is: (elt autovar_Nat_0)
11:09:58 [0m[33m[WARN] [0m ex is: (cons autovar_Nat_1 (elt autovar_Nat_0))
11:09:58 [0m[33m[WARN] [0m ex is: (cons autovar_Nat_2 (cons autovar_Nat_1 (elt autovar_Nat_0)))
11:09:58 [0m[33m[WARN] [0m ex is: (line autovar_List_0)
11:09:58 [0m[33m[WARN] [0m ex is: (ncons autovar_List_1 (line autovar_List_0))
11:09:58 [0m[33m[WARN] [0m ex is: (ncons autovar_List_2 (ncons autovar_List_1 (line autovar_List_0)))
11:09:58 [0m[33m[WARN] [0m ex is: (makeTuple3 autovar_Nat_0 autovar_Nat_1)
11:09:58 [0m[33m[WARN] [0m ex is: (makeTuple4 autovar_Nat_0 autovar_Nat_1 autovar_Bool_0)
11:09:58 [0m[33m[WARN] [0m ex is: (makeTuple5 autovar_Bool_0 autovar_Nat_0 autovar_Nat_1)
11:09:58 [0m[33m[WARN] [0mRunning exploration without proof mode, but goals were given
11:09:58 [0m[33m[WARN] [0mProof mode: true
11:09:58 [0m[33m[WARN] [0m ex is: true
11:09:58 [0m[33m[WARN] [0m ex is: false
11:09:58 [0m[33m[WARN] [0m ex is: zero
11:09:58 [0m[33m[WARN] [0m ex is: (succ zero)
11:09:58 [0m[33m[WARN] [0m ex is: (succ (succ zero))
11:09:58 [0m[33m[WARN] [0m ex is: (elt autovar_Nat_0)
11:09:58 [0m[33m[WARN] [0m ex is: (cons autovar_Nat_1 (elt autovar_Nat_0))
11:09:58 [0m[33m[WARN] [0m ex is: (cons autovar_Nat_2 (cons autovar_Nat_1 (elt autovar_Nat_0)))
11:09:58 [0m[33m[WARN] [0m ex is: (line autovar_List_0)
11:09:58 [0m[33m[WARN] [0m ex is: (ncons autovar_List_1 (line autovar_List_0))
11:09:58 [0m[33m[WARN] [0m ex is: (ncons autovar_List_2 (ncons autovar_List_1 (line autovar_List_0)))
11:09:58 [0m[33m[WARN] [0m ex is: (makeTuple3 autovar_Nat_0 autovar_Nat_1)
11:09:58 [0m[33m[WARN] [0m ex is: (makeTuple4 autovar_Nat_0 autovar_Nat_1 autovar_Bool_0)
11:09:58 [0m[33m[WARN] [0m ex is: (makeTuple5 autovar_Bool_0 autovar_Nat_0 autovar_Nat_1)
11:09:58 [0m[33m[WARN] [0mRunning exploration without proof mode, but goals were given
11:09:58 [0m[33m[WARN] [0mProof mode: true
11:09:59 [0m[33m[WARN] [0mproved: (and ?ts_ph_Bool_1 ?ts_ph_Bool_0) => (and ?ts_ph_Bool_0 ?ts_ph_Bool_1)
11:09:59 [0m[33m[WARN] [0mproved: (and ?ts_ph_Bool_0 ?ts_ph_Bool_1) => (and ?ts_ph_Bool_1 ?ts_ph_Bool_0)
11:09:59 [0m[33m[WARN] [0mproved: (max zero ?ts_ph_Nat_0) => ?ts_ph_Nat_0
11:09:59 [0m[33m[WARN] [0mproved: (and ?ts_ph_Bool_0 ?ts_ph_Bool_0) => ?ts_ph_Bool_0
11:09:59 [0m[33m[WARN] [0mproved: (gq ?ts_ph_Nat_0 ?ts_ph_Nat_0) => false
11:09:59 [0m[33m[WARN] [0mproved: (min ?ts_ph_Nat_0 zero) => zero
11:09:59 [0m[33m[WARN] [0mproved: (leq ?ts_ph_Nat_0 ?ts_ph_Nat_0) => true
11:09:59 [0m[33m[WARN] [0mproved: (lq zero ?ts_ph_Nat_0) => (gq ?ts_ph_Nat_0 zero)
11:09:59 [0m[33m[WARN] [0mproved: (gq ?ts_ph_Nat_0 zero) => (lq zero ?ts_ph_Nat_0)
11:09:59 [0m[33m[WARN] [0mproved: (lq ?ts_ph_Nat_0 ?ts_ph_Nat_0) => (gq ?ts_ph_Nat_0 ?ts_ph_Nat_0)
11:09:59 [0m[33m[WARN] [0mproved: (gq ?ts_ph_Nat_0 ?ts_ph_Nat_0) => (lq ?ts_ph_Nat_0 ?ts_ph_Nat_0)
11:09:59 [0m[33m[WARN] [0mproved: (ite2 ?ts_ph_Bool_0 ?ts_ph_Nat_1 ?ts_ph_Nat_1) => ?ts_ph_Nat_1
11:09:59 [0m[33m[WARN] [0mproved: (tf4 ?ts_ph_NList_0) => ?ts_ph_NList_0
11:09:59 [0m[33m[WARN] [0mproved: (gq ?ts_ph_Nat_0 ?ts_ph_Nat_1) => (lq ?ts_ph_Nat_1 ?ts_ph_Nat_0)
11:09:59 [0m[33m[WARN] [0mproved: (lq ?ts_ph_Nat_1 ?ts_ph_Nat_0) => (gq ?ts_ph_Nat_0 ?ts_ph_Nat_1)
