10:43:58 [0m[33m[WARN] [0mCollecting statistics
(lq zero (succ ?x)) => true
(lq ?x zero) => false
(lq (succ ?x) (succ ?y)) => (lq ?x ?y)
(ite2 true ?x ?y) => ?x
(ite2 false ?x ?y) => ?y
(max ?tv0 ?tv1) => (ite2 (lq ?tv0 ?tv1) ?tv1 ?tv0)
(plus zero ?x) => ?x
(plus (succ ?x) ?y) => (succ (plus ?x ?y))
(tf1 (empty ?tv5)) => zero
(tf1 (node ?tv6 ?tv7 ?tv8)) => (plus ?tv6 (max (tf0 ?tv7) (tf0 ?tv8)))
(tf0 ?tv3) => (tf1 ?tv3)
(mpath ?tv2) => (tf0 ?tv2)
(tf3 (top ?tv12)) => (empty null)
(tf3 (left ?tv13 ?tv14 ?tv15)) => (node ?tv13 ?tv14 (tf2 ?tv15))
(tf3 (right ?tv16 ?tv17 ?tv18)) => (node ?tv16 (tf2 ?tv18) ?tv17)
(tf2 ?tv10) => (tf3 ?tv10)
(repr ?tv9) => (tf2 ?tv9)
(main ?tv19) => (mpath (repr ?tv19))
(tf5 (top ?tv23)) => zero
(tf5 (left ?tv24 ?tv25 ?tv26)) => (plus ?tv24 (max (tf4 ?tv26) (mpath ?tv25)))
(tf5 (right ?tv27 ?tv28 ?tv29)) => (plus ?tv27 (max (tf4 ?tv29) (mpath ?tv28)))
(tf4 ?tv21) => (tf5 ?tv21)
(repr_ ?tv20) => (tf4 ?tv20)
(main_ ?tv30) => (repr_ ?tv30)
Searcher: (lq ?autovar5 (succ ?autovar1))
Searcher: (lq ?autovar5 (succ ?autovar3))
Searcher: (lq zero ?autovar6)
Searcher: (lq (succ ?autovar4) ?autovar6)
10:43:58 [0m[33m[WARN] [0m ex is: true
10:43:58 [0m[33m[WARN] [0m ex is: false
10:43:58 [0m[33m[WARN] [0m ex is: null
10:43:58 [0m[33m[WARN] [0m ex is: zero
10:43:58 [0m[33m[WARN] [0m ex is: (succ zero)
10:43:58 [0m[33m[WARN] [0m ex is: (succ (succ zero))
10:43:58 [0m[33m[WARN] [0m ex is: (empty autovar_Unit_0)
10:43:58 [0m[33m[WARN] [0m ex is: (node autovar_Nat_0 (empty autovar_Unit_0) (empty autovar_Unit_0))
10:43:58 [0m[33m[WARN] [0m ex is: (node autovar_Nat_1 (node autovar_Nat_0 (empty autovar_Unit_0) (empty autovar_Unit_0)) (node autovar_Nat_0 (empty autovar_Unit_0) (empty autovar_Unit_0)))
10:43:58 [0m[33m[WARN] [0m ex is: (top autovar_Unit_0)
10:43:58 [0m[33m[WARN] [0m ex is: (left autovar_Nat_0 autovar_BTree_0 (top autovar_Unit_0))
10:43:58 [0m[33m[WARN] [0m ex is: (right autovar_Nat_1 autovar_BTree_1 (top autovar_Unit_0))
10:43:58 [0m[33m[WARN] [0m ex is: (left autovar_Nat_2 autovar_BTree_2 (right autovar_Nat_1 autovar_BTree_1 (top autovar_Unit_0)))
10:43:58 [0m[33m[WARN] [0m ex is: (right autovar_Nat_3 autovar_BTree_3 (right autovar_Nat_1 autovar_BTree_1 (top autovar_Unit_0)))
10:43:58 [0m[33m[WARN] [0mRunning exploration without proof mode, but goals were given
10:43:58 [0m[33m[WARN] [0mProof mode: true
10:43:58 [0m[33m[WARN] [0m ex is: true
10:43:58 [0m[33m[WARN] [0m ex is: false
10:43:58 [0m[33m[WARN] [0m ex is: null
10:43:58 [0m[33m[WARN] [0m ex is: zero
10:43:58 [0m[33m[WARN] [0m ex is: (succ zero)
10:43:58 [0m[33m[WARN] [0m ex is: (succ (succ zero))
10:43:58 [0m[33m[WARN] [0m ex is: (empty autovar_Unit_0)
10:43:58 [0m[33m[WARN] [0m ex is: (node autovar_Nat_0 (empty autovar_Unit_0) (empty autovar_Unit_0))
10:43:58 [0m[33m[WARN] [0m ex is: (node autovar_Nat_1 (node autovar_Nat_0 (empty autovar_Unit_0) (empty autovar_Unit_0)) (node autovar_Nat_0 (empty autovar_Unit_0) (empty autovar_Unit_0)))
10:43:58 [0m[33m[WARN] [0m ex is: (top autovar_Unit_0)
10:43:58 [0m[33m[WARN] [0m ex is: (left autovar_Nat_0 autovar_BTree_0 (top autovar_Unit_0))
10:43:58 [0m[33m[WARN] [0m ex is: (right autovar_Nat_1 autovar_BTree_1 (top autovar_Unit_0))
10:43:58 [0m[33m[WARN] [0m ex is: (left autovar_Nat_2 autovar_BTree_2 (right autovar_Nat_1 autovar_BTree_1 (top autovar_Unit_0)))
10:43:58 [0m[33m[WARN] [0m ex is: (right autovar_Nat_3 autovar_BTree_3 (right autovar_Nat_1 autovar_BTree_1 (top autovar_Unit_0)))
10:43:58 [0m[33m[WARN] [0mRunning exploration without proof mode, but goals were given
10:43:58 [0m[33m[WARN] [0mProof mode: true
10:43:58 [0m[33m[WARN] [0mproved: (top ?ts_ph_Unit_0) => (top null)
10:43:58 [0m[33m[WARN] [0mproved: (max zero ?ts_ph_Nat_0) => ?ts_ph_Nat_0
10:43:58 [0m[33m[WARN] [0mproved: (plus ?ts_ph_Nat_0 zero) => ?ts_ph_Nat_0
10:43:58 [0m[33m[WARN] [0mproved: (ite2 ?ts_ph_Bool_0 ?ts_ph_Nat_1 ?ts_ph_Nat_1) => ?ts_ph_Nat_1
