11:10:58 [WARN] Collecting statistics
11:10:58 [WARN]  ex is: true
11:10:58 [WARN]  ex is: false
11:10:58 [WARN]  ex is: null
11:10:58 [WARN]  ex is: zero
11:10:58 [WARN]  ex is: (succ zero)
11:10:58 [WARN]  ex is: (succ (succ zero))
11:10:58 [WARN]  ex is: (nil autovar_Unit_0)
11:10:58 [WARN]  ex is: (node autovar_Nat_0 (nil autovar_Unit_0) (nil autovar_Unit_0))
11:10:58 [WARN]  ex is: (node autovar_Nat_1 (node autovar_Nat_0 (nil autovar_Unit_0) (nil autovar_Unit_0)) (node autovar_Nat_0 (nil autovar_Unit_0) (nil autovar_Unit_0)))
11:10:58 [WARN] Running exploration without proof mode, but goals were given
11:10:58 [WARN] Proof mode: true
11:10:58 [WARN]  ex is: true
11:10:58 [WARN]  ex is: false
11:10:58 [WARN]  ex is: null
11:10:58 [WARN]  ex is: zero
11:10:58 [WARN]  ex is: (succ zero)
11:10:58 [WARN]  ex is: (succ (succ zero))
11:10:58 [WARN]  ex is: (nil autovar_Unit_0)
11:10:58 [WARN]  ex is: (node autovar_Nat_0 (nil autovar_Unit_0) (nil autovar_Unit_0))
11:10:58 [WARN]  ex is: (node autovar_Nat_1 (node autovar_Nat_0 (nil autovar_Unit_0) (nil autovar_Unit_0)) (node autovar_Nat_0 (nil autovar_Unit_0) (nil autovar_Unit_0)))
11:10:58 [WARN] Running exploration without proof mode, but goals were given
11:10:58 [WARN] Proof mode: true
11:10:58 [WARN] proved: (max zero ?ts_ph_Nat_0) => ?ts_ph_Nat_0
11:10:58 [WARN] proved: (plus ?ts_ph_Nat_0 zero) => ?ts_ph_Nat_0
11:10:58 [WARN] proved: (lq ?ts_ph_Nat_0 ?ts_ph_Nat_0) => false
11:10:58 [WARN] proved: (ite1 ?ts_ph_Bool_0 ?ts_ph_Nat_1 ?ts_ph_Nat_1) => ?ts_ph_Nat_1
