10:34:26 [0m[33m[WARN] [0mCollecting statistics
(tf1 (ielt ?tv3)) => (elt ?tv3)
(tf1 (icons ?tv4 ?tv5 ?tv6)) => (cons ?tv4 (tf0 ?tv6))
(tf0 ?tv1) => (tf1 ?tv1)
(repr ?tv0) => (tf0 ?tv0)
(plus zero ?x) => ?x
(plus (succ ?x) ?y) => (succ (plus ?x ?y))
(tf3 (elt ?tv10)) => ?tv10
(tf3 (cons ?tv11 ?tv12)) => (plus ?tv11 (tf2 ?tv12))
(tf2 ?tv8) => (tf3 ?tv8)
(sum ?tv7) => (tf2 ?tv7)
(and false ?x) => false
(and ?x false) => false
(and true true) => true
(nat_eq zero zero) => true
(nat_eq zero (succ ?x)) => false
(nat_eq (succ ?x) zero) => false
(nat_eq (succ ?x) (succ ?y)) => (nat_eq ?x ?y)
(tf5 ?tv16 (ielt ?tv17)) => true
(tf5 ?tv16 (icons ?tv18 ?tv19 ?tv20)) => (and (nat_eq ?tv19 (sum (repr ?tv16))) (tf4 ?tv20))
(tf4 ?tv14) => (tf5 ?tv14 ?tv14)
(is_memo ?tv13) => (tf4 ?tv13)
(lq zero (succ ?x)) => true
(lq ?x zero) => false
(lq (succ ?x) (succ ?y)) => (lq ?x ?y)
(ite2 true ?x ?y) => ?x
(ite2 false ?x ?y) => ?y
(max ?tv21 ?tv22) => (ite2 (lq ?tv21 ?tv22) ?tv22 ?tv21)
(tf7 ?tv25 (elt ?tv27)) => ?tv27
(tf7 ?tv25 (cons ?tv28 ?tv29)) => (max (tf6 ?tv29) (sum ?tv25))
(tf6 ?tv24) => (tf7 ?tv24 ?tv24)
(spec ?tv23) => (tf6 ?tv23)
(tf9 ?tv33 (ielt ?tv34)) => ?tv33
(tf9 ?tv33 (icons ?tv35 ?tv36 ?tv37)) => (icons ?tv35 ?tv36 (tf8 ?tv37))
(tf8 ?tv31) => (tf9 ?tv31 ?tv31)
(target ?tv30) => (tf8 ?tv30)
(main ?tv38) => (ite2 (is_memo ?tv38) (spec (repr (target ?tv38))) zero)
(tf11 (ielt ?tv42)) => ?tv42
(tf11 (icons ?tv43 ?tv44 ?tv45)) => (ite2 (lq (tf10 ?tv45) ?tv44) ?tv44 (tf10 ?tv45))
(tf10 ?tv40) => (tf11 ?tv40)
(target_ ?tv39) => (tf10 ?tv39)
(main_ ?tv46) => (ite2 (is_memo ?tv46) (target_ ?tv46) zero)
Searcher: (and ?autovar1 true)
Searcher: (and true ?autovar2)
Searcher: (nat_eq ?autovar7 zero)
Searcher: (nat_eq ?autovar7 (succ ?autovar1))
Searcher: (nat_eq ?autovar7 zero)
Searcher: (nat_eq ?autovar7 (succ ?autovar4))
Searcher: (nat_eq zero ?autovar8)
Searcher: (nat_eq zero ?autovar8)
Searcher: (nat_eq (succ ?autovar5) ?autovar8)
Searcher: (nat_eq (succ ?autovar6) ?autovar8)
Searcher: (lq ?autovar5 (succ ?autovar1))
Searcher: (lq ?autovar5 (succ ?autovar3))
Searcher: (lq zero ?autovar6)
Searcher: (lq (succ ?autovar4) ?autovar6)
10:34:26 [0m[33m[WARN] [0m ex is: true
10:34:26 [0m[33m[WARN] [0m ex is: false
10:34:26 [0m[33m[WARN] [0m ex is: zero
10:34:26 [0m[33m[WARN] [0m ex is: (succ zero)
10:34:26 [0m[33m[WARN] [0m ex is: (succ (succ zero))
10:34:26 [0m[33m[WARN] [0m ex is: (elt autovar_Nat_0)
10:34:26 [0m[33m[WARN] [0m ex is: (cons autovar_Nat_1 (elt autovar_Nat_0))
10:34:26 [0m[33m[WARN] [0m ex is: (cons autovar_Nat_2 (cons autovar_Nat_1 (elt autovar_Nat_0)))
10:34:26 [0m[33m[WARN] [0m ex is: (ielt autovar_Nat_0)
10:34:26 [0m[33m[WARN] [0m ex is: (icons autovar_Nat_1 autovar_Nat_2 (ielt autovar_Nat_0))
10:34:26 [0m[33m[WARN] [0m ex is: (icons autovar_Nat_3 autovar_Nat_4 (icons autovar_Nat_1 autovar_Nat_2 (ielt autovar_Nat_0)))
10:34:26 [0m[33m[WARN] [0mRunning exploration without proof mode, but goals were given
10:34:26 [0m[33m[WARN] [0mProof mode: true
10:34:26 [0m[33m[WARN] [0m ex is: true
10:34:26 [0m[33m[WARN] [0m ex is: false
10:34:26 [0m[33m[WARN] [0m ex is: zero
10:34:26 [0m[33m[WARN] [0m ex is: (succ zero)
10:34:26 [0m[33m[WARN] [0m ex is: (succ (succ zero))
10:34:26 [0m[33m[WARN] [0m ex is: (elt autovar_Nat_0)
10:34:26 [0m[33m[WARN] [0m ex is: (cons autovar_Nat_1 (elt autovar_Nat_0))
10:34:26 [0m[33m[WARN] [0m ex is: (cons autovar_Nat_2 (cons autovar_Nat_1 (elt autovar_Nat_0)))
10:34:26 [0m[33m[WARN] [0m ex is: (ielt autovar_Nat_0)
10:34:26 [0m[33m[WARN] [0m ex is: (icons autovar_Nat_1 autovar_Nat_2 (ielt autovar_Nat_0))
10:34:26 [0m[33m[WARN] [0m ex is: (icons autovar_Nat_3 autovar_Nat_4 (icons autovar_Nat_1 autovar_Nat_2 (ielt autovar_Nat_0)))
10:34:26 [0m[33m[WARN] [0mRunning exploration without proof mode, but goals were given
10:34:26 [0m[33m[WARN] [0mProof mode: true
10:34:26 [0m[33m[WARN] [0mproved: (and ?ts_ph_Bool_0 ?ts_ph_Bool_1) => (and ?ts_ph_Bool_1 ?ts_ph_Bool_0)
10:34:26 [0m[33m[WARN] [0mproved: (and ?ts_ph_Bool_1 ?ts_ph_Bool_0) => (and ?ts_ph_Bool_0 ?ts_ph_Bool_1)
10:34:26 [0m[33m[WARN] [0mproved: (and ?ts_ph_Bool_0 ?ts_ph_Bool_0) => ?ts_ph_Bool_0
10:34:26 [0m[33m[WARN] [0mproved: (max zero ?ts_ph_Nat_0) => ?ts_ph_Nat_0
10:34:26 [0m[33m[WARN] [0mproved: (plus ?ts_ph_Nat_0 zero) => ?ts_ph_Nat_0
10:34:26 [0m[33m[WARN] [0mproved: (lq ?ts_ph_Nat_0 ?ts_ph_Nat_0) => false
10:34:26 [0m[33m[WARN] [0mproved: (nat_eq ?ts_ph_Nat_0 ?ts_ph_Nat_0) => true
10:34:26 [0m[33m[WARN] [0mproved: (nat_eq zero ?ts_ph_Nat_0) => (nat_eq ?ts_ph_Nat_0 zero)
10:34:26 [0m[33m[WARN] [0mproved: (nat_eq ?ts_ph_Nat_0 zero) => (nat_eq zero ?ts_ph_Nat_0)
10:34:26 [0m[33m[WARN] [0mproved: (ite2 ?ts_ph_Bool_0 ?ts_ph_Nat_1 ?ts_ph_Nat_1) => ?ts_ph_Nat_1
10:34:26 [0m[33m[WARN] [0mproved: (tf8 ?ts_ph_MList_0) => ?ts_ph_MList_0
