10:30:26 [0m[33m[WARN] [0mCollecting statistics
(tf1 ?tv4 (unil ?tv5)) => ?tv4
(tf1 ?tv4 (uelt ?tv6)) => (cons ?tv6 ?tv4)
(tf1 ?tv4 (usplit ?tv7 ?tv8 ?tv9 ?tv10)) => (tf0 (cons ?tv8 (cons ?tv9 (tf0 ?tv4 ?tv10))) ?tv7)
(tf0 ?tv1 ?tv2) => (tf1 ?tv1 ?tv2)
(repr ?tv0) => (tf0 (nil null) ?tv0)
(geq zero (succ ?x)) => false
(geq ?x zero) => true
(geq (succ ?x) (succ ?y)) => (geq ?x ?y)
(and false ?x) => false
(and ?x false) => false
(and true true) => true
(gq zero ?x) => false
(gq (succ ?x) zero) => true
(gq (succ ?x) (succ ?y)) => (gq ?x ?y)
(tf3 ?tv15 (nil ?tv16)) => (geq ?tv15 zero)
(tf3 ?tv15 (cons ?tv17 ?tv18)) => (and (geq ?tv15 zero) (and (gq ?tv15 ?tv17) (tf2 ?tv17 ?tv18)))
(tf2 ?tv12 ?tv13) => (tf3 ?tv12 ?tv13)
(lq zero (succ ?x)) => true
(lq ?x zero) => false
(lq (succ ?x) (succ ?y)) => (lq ?x ?y)
(ite2 true ?x ?y) => ?x
(ite2 false ?x ?y) => ?y
(tf5 ?tv22 (nil ?tv23)) => (geq ?tv22 zero)
(tf5 ?tv22 (cons ?tv24 ?tv25)) => (and (geq ?tv22 zero) (ite2 (lq ?tv22 ?tv24) (tf4 ?tv24 ?tv25) (tf2 ?tv24 ?tv25)))
(tf4 ?tv19 ?tv20) => (tf5 ?tv19 ?tv20)
(tf7 (nil ?tv27)) => true
(tf7 (cons ?tv28 ?tv29)) => (tf4 ?tv28 ?tv29)
(tf6 ?tv26) => (tf7 ?tv26)
(is_unimodal ?tv11) => (tf6 ?tv11)
(ite3 true ?x ?y) => ?x
(ite3 false ?x ?y) => ?y
(max ?tv30 ?tv31) => (ite3 (lq ?tv30 ?tv31) ?tv31 ?tv30)
(tf9 (nil ?tv35)) => zero
(tf9 (cons ?tv36 ?tv37)) => (max ?tv36 (tf8 ?tv37))
(tf8 ?tv33) => (tf9 ?tv33)
(spec ?tv32) => (tf8 ?tv32)
(tf11 (unil ?tv41)) => (unil null)
(tf11 (uelt ?tv42)) => (uelt ?tv42)
(tf11 (usplit ?tv43 ?tv44 ?tv45 ?tv46)) => (usplit (tf10 ?tv43) ?tv44 ?tv45 (tf10 ?tv46))
(tf10 ?tv39) => (tf11 ?tv39)
(target ?tv38) => (tf10 ?tv38)
(main ?tv47) => (ite3 (is_unimodal (repr ?tv47)) (spec (repr (target ?tv47))) zero)
(tf13 (unil ?tv51)) => zero
(tf13 (uelt ?tv52)) => ?tv52
(tf13 (usplit ?tv53 ?tv54 ?tv55 ?tv56)) => (ite3 (and (lq (tf12 ?tv56) (max ?tv55 ?tv54)) (lq (tf12 ?tv53) (max ?tv55 ?tv54))) (max ?tv55 ?tv54) (ite3 (lq (tf12 ?tv56) (tf12 ?tv53)) (tf12 ?tv53) (tf12 ?tv56)))
(tf12 ?tv49) => (tf13 ?tv49)
(target_ ?tv48) => (tf12 ?tv48)
(main_ ?tv57) => (ite3 (is_unimodal (repr ?tv57)) (target_ ?tv57) zero)
Searcher: (geq ?autovar5 (succ ?autovar1))
Searcher: (geq ?autovar5 (succ ?autovar3))
Searcher: (geq zero ?autovar6)
Searcher: (geq (succ ?autovar4) ?autovar6)
Searcher: (and ?autovar1 true)
Searcher: (and true ?autovar2)
Searcher: (gq ?autovar6 zero)
Searcher: (gq ?autovar6 (succ ?autovar3))
Searcher: (gq (succ ?autovar4) ?autovar7)
Searcher: (gq (succ ?autovar5) ?autovar7)
Searcher: (lq ?autovar5 (succ ?autovar1))
Searcher: (lq ?autovar5 (succ ?autovar3))
Searcher: (lq zero ?autovar6)
Searcher: (lq (succ ?autovar4) ?autovar6)
10:30:26 [0m[33m[WARN] [0m ex is: true
10:30:26 [0m[33m[WARN] [0m ex is: false
10:30:26 [0m[33m[WARN] [0m ex is: null
10:30:26 [0m[33m[WARN] [0m ex is: zero
10:30:26 [0m[33m[WARN] [0m ex is: (succ zero)
10:30:26 [0m[33m[WARN] [0m ex is: (succ (succ zero))
10:30:26 [0m[33m[WARN] [0m ex is: (unil autovar_Unit_0)
10:30:26 [0m[33m[WARN] [0m ex is: (uelt autovar_Nat_0)
10:30:26 [0m[33m[WARN] [0m ex is: (usplit (uelt autovar_Nat_0) autovar_Nat_1 autovar_Nat_2 (uelt autovar_Nat_0))
10:30:26 [0m[33m[WARN] [0m ex is: (usplit (usplit (uelt autovar_Nat_0) autovar_Nat_1 autovar_Nat_2 (uelt autovar_Nat_0)) autovar_Nat_3 autovar_Nat_4 (usplit (uelt autovar_Nat_0) autovar_Nat_1 autovar_Nat_2 (uelt autovar_Nat_0)))
10:30:26 [0m[33m[WARN] [0m ex is: (nil autovar_Unit_0)
10:30:26 [0m[33m[WARN] [0m ex is: (cons autovar_Nat_0 (nil autovar_Unit_0))
10:30:26 [0m[33m[WARN] [0m ex is: (cons autovar_Nat_1 (cons autovar_Nat_0 (nil autovar_Unit_0)))
10:30:26 [0m[33m[WARN] [0mRunning exploration without proof mode, but goals were given
10:30:26 [0m[33m[WARN] [0mProof mode: true
10:30:26 [0m[33m[WARN] [0m ex is: true
10:30:26 [0m[33m[WARN] [0m ex is: false
10:30:26 [0m[33m[WARN] [0m ex is: null
10:30:26 [0m[33m[WARN] [0m ex is: zero
10:30:26 [0m[33m[WARN] [0m ex is: (succ zero)
10:30:26 [0m[33m[WARN] [0m ex is: (succ (succ zero))
10:30:26 [0m[33m[WARN] [0m ex is: (unil autovar_Unit_0)
10:30:26 [0m[33m[WARN] [0m ex is: (uelt autovar_Nat_0)
10:30:26 [0m[33m[WARN] [0m ex is: (usplit (uelt autovar_Nat_0) autovar_Nat_1 autovar_Nat_2 (uelt autovar_Nat_0))
10:30:26 [0m[33m[WARN] [0m ex is: (usplit (usplit (uelt autovar_Nat_0) autovar_Nat_1 autovar_Nat_2 (uelt autovar_Nat_0)) autovar_Nat_3 autovar_Nat_4 (usplit (uelt autovar_Nat_0) autovar_Nat_1 autovar_Nat_2 (uelt autovar_Nat_0)))
10:30:26 [0m[33m[WARN] [0m ex is: (nil autovar_Unit_0)
10:30:26 [0m[33m[WARN] [0m ex is: (cons autovar_Nat_0 (nil autovar_Unit_0))
10:30:26 [0m[33m[WARN] [0m ex is: (cons autovar_Nat_1 (cons autovar_Nat_0 (nil autovar_Unit_0)))
10:30:26 [0m[33m[WARN] [0mRunning exploration without proof mode, but goals were given
10:30:26 [0m[33m[WARN] [0mProof mode: true
10:30:32 [0m[33m[WARN] [0mproved: (unil ?ts_ph_Unit_0) => (unil null)
10:30:32 [0m[33m[WARN] [0mproved: (and ?ts_ph_Bool_1 ?ts_ph_Bool_0) => (and ?ts_ph_Bool_0 ?ts_ph_Bool_1)
10:30:32 [0m[33m[WARN] [0mproved: (and ?ts_ph_Bool_0 ?ts_ph_Bool_1) => (and ?ts_ph_Bool_1 ?ts_ph_Bool_0)
10:30:32 [0m[33m[WARN] [0mproved: (and ?ts_ph_Bool_0 ?ts_ph_Bool_0) => ?ts_ph_Bool_0
10:30:32 [0m[33m[WARN] [0mproved: (max zero ?ts_ph_Nat_0) => ?ts_ph_Nat_0
10:30:32 [0m[33m[WARN] [0mproved: (lq zero ?ts_ph_Nat_0) => (gq ?ts_ph_Nat_0 zero)
10:30:32 [0m[33m[WARN] [0mproved: (gq ?ts_ph_Nat_0 zero) => (lq zero ?ts_ph_Nat_0)
10:30:32 [0m[33m[WARN] [0mgeneralized case_split proof as: (ite2 ?ts_ph_Bool_0 ?ts_ph_Bool_1 ?ts_ph_Bool_1) -- ?ts_ph_Bool_1
10:30:32 [0m[33m[WARN] [0mproved: (ite2 ?ts_ph_Bool_0 ?ts_ph_Bool_1 ?ts_ph_Bool_1) => ?ts_ph_Bool_1
10:30:32 [0m[33m[WARN] [0mproved: (ite3 ?ts_ph_Bool_0 ?ts_ph_Nat_1 ?ts_ph_Nat_1) => ?ts_ph_Nat_1
10:30:32 [0m[33m[WARN] [0mproved: (and ?ts_ph_Bool_0 ?ts_ph_Bool_1) => (ite2 ?ts_ph_Bool_0 ?ts_ph_Bool_1 ?ts_ph_Bool_0)
10:30:32 [0m[33m[WARN] [0mproved: (ite2 ?ts_ph_Bool_0 ?ts_ph_Bool_1 ?ts_ph_Bool_0) => (and ?ts_ph_Bool_0 ?ts_ph_Bool_1)
10:30:32 [0m[33m[WARN] [0mproved: (ite2 ?ts_ph_Bool_0 ?ts_ph_Bool_1 false) => (and ?ts_ph_Bool_0 ?ts_ph_Bool_1)
10:30:32 [0m[33m[WARN] [0mproved: (and ?ts_ph_Bool_0 ?ts_ph_Bool_1) => (ite2 ?ts_ph_Bool_0 ?ts_ph_Bool_1 false)
10:30:32 [0m[33m[WARN] [0mproved: (ite2 ?ts_ph_Bool_0 ?ts_ph_Bool_0 ?ts_ph_Bool_1) => (ite2 ?ts_ph_Bool_0 true ?ts_ph_Bool_1)
10:30:32 [0m[33m[WARN] [0mproved: (ite2 ?ts_ph_Bool_0 true ?ts_ph_Bool_1) => (ite2 ?ts_ph_Bool_0 ?ts_ph_Bool_0 ?ts_ph_Bool_1)
