11:07:58 [0m[33m[WARN] [0mCollecting statistics
(plus zero ?x) => ?x
(plus (succ ?x) ?y) => (succ (plus ?x ?y))
(tf1 (nil ?tv3)) => zero
(tf1 (cons ?tv4 ?tv5)) => (plus ?tv4 (tf0 ?tv5))
(tf0 ?tv1) => (tf1 ?tv1)
(spec ?tv0) => (tf0 ?tv0)
(tf3 ?tv11 (nil ?tv12)) => ?tv11
(tf3 ?tv11 (cons ?tv13 ?tv14)) => (cons ?tv13 (tf2 ?tv14 ?tv11))
(tf2 ?tv8 ?tv9) => (tf3 ?tv9 ?tv8)
(cat ?tv6 ?tv7) => (tf2 ?tv6 ?tv7)
(tf5 (cnil ?tv18)) => (nil null)
(tf5 (single ?tv19)) => (cons ?tv19 (nil null))
(tf5 (concat ?tv20 ?tv21)) => (cat (tf4 ?tv20) (tf4 ?tv21))
(tf4 ?tv16) => (tf5 ?tv16)
(repr ?tv15) => (tf4 ?tv15)
(main ?tv22) => (spec (repr ?tv22))
(tf7 (cnil ?tv26)) => zero
(tf7 (single ?tv27)) => ?tv27
(tf7 (concat ?tv28 ?tv29)) => (plus (tf6 ?tv29) (tf6 ?tv28))
(tf6 ?tv24) => (tf7 ?tv24)
(repr_ ?tv23) => (tf6 ?tv23)
(main_ ?tv30) => (repr_ ?tv30)
11:07:58 [0m[33m[WARN] [0m ex is: true
11:07:58 [0m[33m[WARN] [0m ex is: false
11:07:58 [0m[33m[WARN] [0m ex is: null
11:07:58 [0m[33m[WARN] [0m ex is: zero
11:07:58 [0m[33m[WARN] [0m ex is: (succ zero)
11:07:58 [0m[33m[WARN] [0m ex is: (succ (succ zero))
11:07:58 [0m[33m[WARN] [0m ex is: (nil autovar_Unit_0)
11:07:58 [0m[33m[WARN] [0m ex is: (cons autovar_Nat_0 (nil autovar_Unit_0))
11:07:58 [0m[33m[WARN] [0m ex is: (cons autovar_Nat_1 (cons autovar_Nat_0 (nil autovar_Unit_0)))
11:07:58 [0m[33m[WARN] [0m ex is: (cnil autovar_Unit_0)
11:07:58 [0m[33m[WARN] [0m ex is: (single autovar_Nat_0)
11:07:58 [0m[33m[WARN] [0m ex is: (concat (single autovar_Nat_0) (single autovar_Nat_0))
11:07:58 [0m[33m[WARN] [0m ex is: (concat (concat (single autovar_Nat_0) (single autovar_Nat_0)) (concat (single autovar_Nat_0) (single autovar_Nat_0)))
11:07:58 [0m[33m[WARN] [0mRunning exploration without proof mode, but goals were given
11:07:58 [0m[33m[WARN] [0mProof mode: true
11:07:58 [0m[33m[WARN] [0m ex is: true
11:07:58 [0m[33m[WARN] [0m ex is: false
11:07:58 [0m[33m[WARN] [0m ex is: null
11:07:58 [0m[33m[WARN] [0m ex is: zero
11:07:58 [0m[33m[WARN] [0m ex is: (succ zero)
11:07:58 [0m[33m[WARN] [0m ex is: (succ (succ zero))
11:07:58 [0m[33m[WARN] [0m ex is: (nil autovar_Unit_0)
11:07:58 [0m[33m[WARN] [0m ex is: (cons autovar_Nat_0 (nil autovar_Unit_0))
11:07:58 [0m[33m[WARN] [0m ex is: (cons autovar_Nat_1 (cons autovar_Nat_0 (nil autovar_Unit_0)))
11:07:58 [0m[33m[WARN] [0m ex is: (cnil autovar_Unit_0)
11:07:58 [0m[33m[WARN] [0m ex is: (single autovar_Nat_0)
11:07:58 [0m[33m[WARN] [0m ex is: (concat (single autovar_Nat_0) (single autovar_Nat_0))
11:07:58 [0m[33m[WARN] [0m ex is: (concat (concat (single autovar_Nat_0) (single autovar_Nat_0)) (concat (single autovar_Nat_0) (single autovar_Nat_0)))
11:07:58 [0m[33m[WARN] [0mRunning exploration without proof mode, but goals were given
11:07:58 [0m[33m[WARN] [0mProof mode: true
