11:29:26 [0m[33m[WARN] [0mCollecting statistics
(geq zero (succ ?x)) => false
(geq ?x zero) => true
(geq (succ ?x) (succ ?y)) => (geq ?x ?y)
(and false ?x) => false
(and ?x false) => false
(and true true) => true
(tf1 ?tv4 (elt ?tv5)) => (geq ?tv4 ?tv5)
(tf1 ?tv4 (cons ?tv6 ?tv7)) => (and (geq ?tv4 ?tv6) (tf0 ?tv6 ?tv7))
(tf0 ?tv1 ?tv2) => (tf1 ?tv1 ?tv2)
(tf3 (elt ?tv9)) => true
(tf3 (cons ?tv10 ?tv11)) => (tf0 ?tv10 ?tv11)
(tf2 ?tv8) => (tf3 ?tv8)
(is_sorted ?tv0) => (tf2 ?tv0)
(lq zero (succ ?x)) => true
(lq ?x zero) => false
(lq (succ ?x) (succ ?y)) => (lq ?x ?y)
(ite1 true ?x ?y) => ?x
(ite1 false ?x ?y) => ?y
(max ?tv12 ?tv13) => (ite1 (lq ?tv12 ?tv13) ?tv13 ?tv12)
(tf5 (elt ?tv17)) => ?tv17
(tf5 (cons ?tv18 ?tv19)) => (max ?tv18 (tf4 ?tv19))
(tf4 ?tv15) => (tf5 ?tv15)
(maximum ?tv14) => (tf4 ?tv14)
(tf7 ?tv22 (elt ?tv23)) => ?tv22
(tf7 ?tv22 (cons ?tv24 ?tv25)) => ?tv22
(tf6 ?tv21) => (tf7 ?tv21 ?tv21)
(target ?tv20) => (tf6 ?tv20)
(main ?tv26) => (ite1 (is_sorted ?tv26) (maximum (target ?tv26)) zero)
(tf9 (elt ?tv29)) => ?tv29
(tf9 (cons ?tv30 ?tv31)) => ?tv30
(tf8 ?tv28) => (tf9 ?tv28)
(target_ ?tv27) => (tf8 ?tv27)
(main_ ?tv32) => (ite1 (is_sorted ?tv32) (target_ ?tv32) zero)
Searcher: (geq ?autovar5 (succ ?autovar1))
Searcher: (geq ?autovar5 (succ ?autovar3))
Searcher: (geq zero ?autovar6)
Searcher: (geq (succ ?autovar4) ?autovar6)
Searcher: (and ?autovar1 true)
Searcher: (and true ?autovar2)
Searcher: (lq ?autovar5 (succ ?autovar1))
Searcher: (lq ?autovar5 (succ ?autovar3))
Searcher: (lq zero ?autovar6)
Searcher: (lq (succ ?autovar4) ?autovar6)
11:29:26 [0m[33m[WARN] [0m ex is: true
11:29:26 [0m[33m[WARN] [0m ex is: false
11:29:26 [0m[33m[WARN] [0m ex is: zero
11:29:26 [0m[33m[WARN] [0m ex is: (succ zero)
11:29:26 [0m[33m[WARN] [0m ex is: (succ (succ zero))
11:29:26 [0m[33m[WARN] [0m ex is: (elt autovar_Nat_0)
11:29:26 [0m[33m[WARN] [0m ex is: (cons autovar_Nat_1 (elt autovar_Nat_0))
11:29:26 [0m[33m[WARN] [0m ex is: (cons autovar_Nat_2 (cons autovar_Nat_1 (elt autovar_Nat_0)))
11:29:26 [0m[33m[WARN] [0mRunning exploration without proof mode, but goals were given
11:29:26 [0m[33m[WARN] [0mProof mode: true
11:29:26 [0m[33m[WARN] [0m ex is: true
11:29:26 [0m[33m[WARN] [0m ex is: false
11:29:26 [0m[33m[WARN] [0m ex is: zero
11:29:26 [0m[33m[WARN] [0m ex is: (succ zero)
11:29:26 [0m[33m[WARN] [0m ex is: (succ (succ zero))
11:29:26 [0m[33m[WARN] [0m ex is: (elt autovar_Nat_0)
11:29:26 [0m[33m[WARN] [0m ex is: (cons autovar_Nat_1 (elt autovar_Nat_0))
11:29:26 [0m[33m[WARN] [0m ex is: (cons autovar_Nat_2 (cons autovar_Nat_1 (elt autovar_Nat_0)))
11:29:26 [0m[33m[WARN] [0mRunning exploration without proof mode, but goals were given
11:29:26 [0m[33m[WARN] [0mProof mode: true
11:29:26 [0m[33m[WARN] [0mproved: (tf7 ?ts_ph_List_1 ?ts_ph_List_0) => ?ts_ph_List_1
11:29:26 [0m[33m[WARN] [0mproved: (and ?ts_ph_Bool_0 ?ts_ph_Bool_1) => (and ?ts_ph_Bool_1 ?ts_ph_Bool_0)
11:29:26 [0m[33m[WARN] [0mproved: (and ?ts_ph_Bool_1 ?ts_ph_Bool_0) => (and ?ts_ph_Bool_0 ?ts_ph_Bool_1)
11:29:26 [0m[33m[WARN] [0mproved: (and ?ts_ph_Bool_0 ?ts_ph_Bool_0) => ?ts_ph_Bool_0
11:29:26 [0m[33m[WARN] [0mproved: (max zero ?ts_ph_Nat_0) => ?ts_ph_Nat_0
11:29:26 [0m[33m[WARN] [0mproved: (ite1 ?ts_ph_Bool_0 ?ts_ph_Nat_1 ?ts_ph_Nat_1) => ?ts_ph_Nat_1
11:29:26 [0m[33m[WARN] [0mproved: (lq ?ts_ph_Nat_0 ?ts_ph_Nat_0) => false
11:29:26 [0m[33m[WARN] [0mproved: (geq ?ts_ph_Nat_0 ?ts_ph_Nat_0) => true
