11:03:58 [WARN] Collecting statistics
11:03:58 [WARN]  ex is: true
11:03:58 [WARN]  ex is: false
11:03:58 [WARN]  ex is: null
11:03:58 [WARN]  ex is: zero
11:03:58 [WARN]  ex is: (succ zero)
11:03:58 [WARN]  ex is: (succ (succ zero))
11:03:58 [WARN]  ex is: (nil autovar_Unit_0)
11:03:58 [WARN]  ex is: (cons autovar_Nat_0 (nil autovar_Unit_0))
11:03:58 [WARN]  ex is: (cons autovar_Nat_1 (cons autovar_Nat_0 (nil autovar_Unit_0)))
11:03:58 [WARN]  ex is: (cnil autovar_Unit_0)
11:03:58 [WARN]  ex is: (single autovar_Nat_0)
11:03:58 [WARN]  ex is: (concat (single autovar_Nat_0) (single autovar_Nat_0))
11:03:58 [WARN]  ex is: (concat (concat (single autovar_Nat_0) (single autovar_Nat_0)) (concat (single autovar_Nat_0) (single autovar_Nat_0)))
11:03:58 [WARN]  ex is: (makeTuple3 autovar_Nat_0 autovar_Nat_1)
11:03:58 [WARN] Running exploration without proof mode, but goals were given
11:03:58 [WARN] Proof mode: true
11:03:58 [WARN]  ex is: true
11:03:58 [WARN]  ex is: false
11:03:58 [WARN]  ex is: null
11:03:58 [WARN]  ex is: zero
11:03:58 [WARN]  ex is: (succ zero)
11:03:58 [WARN]  ex is: (succ (succ zero))
11:03:58 [WARN]  ex is: (nil autovar_Unit_0)
11:03:58 [WARN]  ex is: (cons autovar_Nat_0 (nil autovar_Unit_0))
11:03:58 [WARN]  ex is: (cons autovar_Nat_1 (cons autovar_Nat_0 (nil autovar_Unit_0)))
11:03:58 [WARN]  ex is: (cnil autovar_Unit_0)
11:03:58 [WARN]  ex is: (single autovar_Nat_0)
11:03:58 [WARN]  ex is: (concat (single autovar_Nat_0) (single autovar_Nat_0))
11:03:58 [WARN]  ex is: (concat (concat (single autovar_Nat_0) (single autovar_Nat_0)) (concat (single autovar_Nat_0) (single autovar_Nat_0)))
11:03:58 [WARN]  ex is: (makeTuple3 autovar_Nat_0 autovar_Nat_1)
11:03:58 [WARN] Running exploration without proof mode, but goals were given
11:03:58 [WARN] Proof mode: true
11:03:58 [WARN] proved: (nil ?ts_ph_Unit_0) => (nil null)
11:03:58 [WARN] proved: (max zero ?ts_ph_Nat_0) => ?ts_ph_Nat_0
11:03:58 [WARN] proved: (plus ?ts_ph_Nat_0 zero) => ?ts_ph_Nat_0
11:03:58 [WARN] proved: (lq ?ts_ph_Nat_0 ?ts_ph_Nat_0) => false
11:03:58 [WARN] proved: (ite2 ?ts_ph_Bool_0 ?ts_ph_Nat_1 ?ts_ph_Nat_1) => ?ts_ph_Nat_1
