10:49:58 [WARN] Collecting statistics
10:49:58 [WARN]  ex is: true
10:49:58 [WARN]  ex is: false
10:49:58 [WARN]  ex is: zero
10:49:58 [WARN]  ex is: (succ zero)
10:49:58 [WARN]  ex is: (succ (succ zero))
10:49:58 [WARN]  ex is: (elt autovar_Nat_0)
10:49:58 [WARN]  ex is: (cons autovar_Nat_1 (elt autovar_Nat_0))
10:49:58 [WARN]  ex is: (cons autovar_Nat_2 (cons autovar_Nat_1 (elt autovar_Nat_0)))
10:49:58 [WARN]  ex is: (single autovar_Nat_0)
10:49:58 [WARN]  ex is: (concat (single autovar_Nat_0) (single autovar_Nat_0))
10:49:58 [WARN]  ex is: (concat (concat (single autovar_Nat_0) (single autovar_Nat_0)) (concat (single autovar_Nat_0) (single autovar_Nat_0)))
10:49:58 [WARN] Running exploration without proof mode, but goals were given
10:49:58 [WARN] Proof mode: true
10:49:58 [WARN]  ex is: true
10:49:58 [WARN]  ex is: false
10:49:58 [WARN]  ex is: zero
10:49:58 [WARN]  ex is: (succ zero)
10:49:58 [WARN]  ex is: (succ (succ zero))
10:49:58 [WARN]  ex is: (elt autovar_Nat_0)
10:49:58 [WARN]  ex is: (cons autovar_Nat_1 (elt autovar_Nat_0))
10:49:58 [WARN]  ex is: (cons autovar_Nat_2 (cons autovar_Nat_1 (elt autovar_Nat_0)))
10:49:58 [WARN]  ex is: (single autovar_Nat_0)
10:49:58 [WARN]  ex is: (concat (single autovar_Nat_0) (single autovar_Nat_0))
10:49:58 [WARN]  ex is: (concat (concat (single autovar_Nat_0) (single autovar_Nat_0)) (concat (single autovar_Nat_0) (single autovar_Nat_0)))
10:49:58 [WARN] Running exploration without proof mode, but goals were given
10:49:58 [WARN] Proof mode: true
10:49:58 [WARN] proved: (min zero ?ts_ph_Nat_0) => zero
10:49:58 [WARN] proved: (lq ?ts_ph_Nat_0 ?ts_ph_Nat_0) => false
10:49:58 [WARN] proved: (ite2 ?ts_ph_Bool_0 ?ts_ph_Nat_0 ?ts_ph_Nat_0) => ?ts_ph_Nat_0
10:50:24 [WARN] proved: (lq ?ts_ph_Nat_0 (succ ?ts_ph_Nat_0)) => true
10:50:24 [WARN] proved: (min ?ts_ph_Nat_0 (succ zero)) => (min (succ zero) ?ts_ph_Nat_0)
10:50:24 [WARN] proved: (min (succ zero) ?ts_ph_Nat_0) => (min ?ts_ph_Nat_0 (succ zero))
10:50:24 [WARN] generalized case_split proof as: (tf3 ?ts_ph_List_1 (tf3 ?ts_ph_List_2 ?ts_ph_List_0)) -- (tf3 (tf3 ?ts_ph_List_1 ?ts_ph_List_2) ?ts_ph_List_0)
10:50:24 [WARN] proved: (tf3 ?ts_ph_List_1 (tf3 ?ts_ph_List_2 ?ts_ph_List_0)) => (tf3 (tf3 ?ts_ph_List_1 ?ts_ph_List_2) ?ts_ph_List_0)
10:50:24 [WARN] proved: (tf3 (tf3 ?ts_ph_List_1 ?ts_ph_List_2) ?ts_ph_List_0) => (tf3 ?ts_ph_List_1 (tf3 ?ts_ph_List_2 ?ts_ph_List_0))
10:50:24 [WARN] proved: (ite2 ?ts_ph_Bool_0 ?ts_ph_Nat_1 (min ?ts_ph_Nat_0 ?ts_ph_Nat_1)) => (min (ite2 ?ts_ph_Bool_0 ?ts_ph_Nat_1 ?ts_ph_Nat_0) ?ts_ph_Nat_1)
10:50:24 [WARN] proved: (min (ite2 ?ts_ph_Bool_0 ?ts_ph_Nat_1 ?ts_ph_Nat_0) ?ts_ph_Nat_1) => (ite2 ?ts_ph_Bool_0 ?ts_ph_Nat_1 (min ?ts_ph_Nat_0 ?ts_ph_Nat_1))
10:50:24 [WARN] proved: (ite2 ?ts_ph_Bool_0 (min ?ts_ph_Nat_0 ?ts_ph_Nat_1) ?ts_ph_Nat_1) => (min (ite2 ?ts_ph_Bool_0 ?ts_ph_Nat_0 ?ts_ph_Nat_1) ?ts_ph_Nat_1)
10:50:24 [WARN] proved: (min (ite2 ?ts_ph_Bool_0 ?ts_ph_Nat_0 ?ts_ph_Nat_1) ?ts_ph_Nat_1) => (ite2 ?ts_ph_Bool_0 (min ?ts_ph_Nat_0 ?ts_ph_Nat_1) ?ts_ph_Nat_1)
10:50:24 [WARN] proved: (ite2 ?ts_ph_Bool_0 (succ ?ts_ph_Nat_0) (succ ?ts_ph_Nat_1)) => (succ (ite2 ?ts_ph_Bool_0 ?ts_ph_Nat_0 ?ts_ph_Nat_1))
10:50:24 [WARN] proved: (succ (ite2 ?ts_ph_Bool_0 ?ts_ph_Nat_0 ?ts_ph_Nat_1)) => (ite2 ?ts_ph_Bool_0 (succ ?ts_ph_Nat_0) (succ ?ts_ph_Nat_1))
10:50:24 [WARN] proved: (lq ?ts_ph_Nat_0 (ite2 ?ts_ph_Bool_0 zero ?ts_ph_Nat_1)) => (lq (ite2 ?ts_ph_Bool_0 ?ts_ph_Nat_1 ?ts_ph_Nat_0) ?ts_ph_Nat_1)
10:50:24 [WARN] proved: (lq (ite2 ?ts_ph_Bool_0 ?ts_ph_Nat_1 ?ts_ph_Nat_0) ?ts_ph_Nat_1) => (lq ?ts_ph_Nat_0 (ite2 ?ts_ph_Bool_0 zero ?ts_ph_Nat_1))
10:50:24 [WARN] proved: (lq ?ts_ph_Nat_0 (ite2 ?ts_ph_Bool_0 ?ts_ph_Nat_0 ?ts_ph_Nat_1)) => (lq (ite2 ?ts_ph_Bool_0 ?ts_ph_Nat_1 ?ts_ph_Nat_0) ?ts_ph_Nat_1)
10:50:24 [WARN] proved: (lq (ite2 ?ts_ph_Bool_0 ?ts_ph_Nat_1 ?ts_ph_Nat_0) ?ts_ph_Nat_1) => (lq ?ts_ph_Nat_0 (ite2 ?ts_ph_Bool_0 ?ts_ph_Nat_0 ?ts_ph_Nat_1))
10:50:24 [WARN] proved: (lq (ite2 ?ts_ph_Bool_0 ?ts_ph_Nat_1 ?ts_ph_Nat_0) ?ts_ph_Nat_0) => (lq ?ts_ph_Nat_1 (ite2 ?ts_ph_Bool_0 ?ts_ph_Nat_0 zero))
10:50:24 [WARN] proved: (lq ?ts_ph_Nat_1 (ite2 ?ts_ph_Bool_0 ?ts_ph_Nat_0 zero)) => (lq (ite2 ?ts_ph_Bool_0 ?ts_ph_Nat_1 ?ts_ph_Nat_0) ?ts_ph_Nat_0)
10:50:24 [WARN] proved: (min (ite2 ?ts_ph_Bool_0 zero ?ts_ph_Nat_0) ?ts_ph_Nat_1) => (ite2 ?ts_ph_Bool_0 zero (min ?ts_ph_Nat_0 ?ts_ph_Nat_1))
10:50:24 [WARN] proved: (ite2 ?ts_ph_Bool_0 zero (min ?ts_ph_Nat_0 ?ts_ph_Nat_1)) => (min (ite2 ?ts_ph_Bool_0 zero ?ts_ph_Nat_0) ?ts_ph_Nat_1)
10:50:57 [WARN] proved: (min ?ts_ph_Nat_0 (ite2 ?ts_ph_Bool_0 zero ?ts_ph_Nat_1)) => (ite2 ?ts_ph_Bool_0 zero (min ?ts_ph_Nat_0 ?ts_ph_Nat_1))
10:50:57 [WARN] proved: (ite2 ?ts_ph_Bool_0 zero (min ?ts_ph_Nat_0 ?ts_ph_Nat_1)) => (min ?ts_ph_Nat_0 (ite2 ?ts_ph_Bool_0 zero ?ts_ph_Nat_1))
