10:26:26 [0m[33m[WARN] [0mCollecting statistics
(tf1 ?tv5 (elt ?tv6)) => (cons ?tv6 ?tv5)
(tf1 ?tv5 (cons ?tv7 ?tv8)) => (cons ?tv7 (tf0 ?tv8 ?tv5))
(tf0 ?tv2 ?tv3) => (tf1 ?tv3 ?tv2)
(cat ?tv0 ?tv1) => (tf0 ?tv0 ?tv1)
(tf3 (single ?tv12)) => (elt ?tv12)
(tf3 (concat ?tv13 ?tv14)) => (cat (tf2 ?tv13) (tf2 ?tv14))
(tf2 ?tv10) => (tf3 ?tv10)
(repr ?tv9) => (tf2 ?tv9)
(lq zero (succ ?x)) => true
(lq ?x zero) => false
(lq (succ ?x) (succ ?y)) => (lq ?x ?y)
(ite2 true ?x ?y) => ?x
(ite2 false ?x ?y) => ?y
(max ?tv15 ?tv16) => (ite2 (lq ?tv15 ?tv16) ?tv16 ?tv15)
(tf5 (single ?tv20)) => ?tv20
(tf5 (concat ?tv21 ?tv22)) => (max (tf4 ?tv21) (tf4 ?tv22))
(tf4 ?tv18) => (tf5 ?tv18)
(lmax ?tv17) => (tf4 ?tv17)
(min ?tv23 ?tv24) => (ite2 (lq ?tv23 ?tv24) ?tv23 ?tv24)
(tf7 (single ?tv28)) => ?tv28
(tf7 (concat ?tv29 ?tv30)) => (min (tf6 ?tv29) (tf6 ?tv30))
(tf6 ?tv26) => (tf7 ?tv26)
(lmin ?tv25) => (tf6 ?tv25)
(and false ?x) => false
(and ?x false) => false
(and true true) => true
(gq zero ?x) => false
(gq (succ ?x) zero) => true
(gq (succ ?x) (succ ?y)) => (gq ?x ?y)
(tf9 (single ?tv34)) => true
(tf9 (concat ?tv35 ?tv36)) => (and (gq (lmin ?tv35) (lmax ?tv36)) (and (tf8 ?tv35) (tf8 ?tv36)))
(tf8 ?tv32) => (tf9 ?tv32)
(is_part ?tv31) => (tf8 ?tv31)
(tf11 (elt ?tv40)) => ?tv40
(tf11 (cons ?tv41 ?tv42)) => (max ?tv41 (tf10 ?tv42))
(tf10 ?tv38) => (tf11 ?tv38)
(spec ?tv37) => (tf10 ?tv37)
(tf13 ?tv46 (single ?tv47)) => ?tv46
(tf13 ?tv46 (concat ?tv48 ?tv49)) => (concat (tf12 ?tv48) ?tv49)
(tf12 ?tv44) => (tf13 ?tv44 ?tv44)
(target ?tv43) => (tf12 ?tv43)
(main ?tv50) => (ite2 (is_part ?tv50) (spec (repr (target ?tv50))) zero)
(tf15 (single ?tv54)) => ?tv54
(tf15 (concat ?tv55 ?tv56)) => (tf14 ?tv55)
(tf14 ?tv52) => (tf15 ?tv52)
(target_ ?tv51) => (tf14 ?tv51)
(main_ ?tv57) => (ite2 (is_part ?tv57) (target_ ?tv57) zero)
Searcher: (lq ?autovar5 (succ ?autovar1))
Searcher: (lq ?autovar5 (succ ?autovar3))
Searcher: (lq zero ?autovar6)
Searcher: (lq (succ ?autovar4) ?autovar6)
Searcher: (and ?autovar1 true)
Searcher: (and true ?autovar2)
Searcher: (gq ?autovar6 zero)
Searcher: (gq ?autovar6 (succ ?autovar3))
Searcher: (gq (succ ?autovar4) ?autovar7)
Searcher: (gq (succ ?autovar5) ?autovar7)
10:26:26 [0m[33m[WARN] [0m ex is: true
10:26:26 [0m[33m[WARN] [0m ex is: false
10:26:26 [0m[33m[WARN] [0m ex is: zero
10:26:26 [0m[33m[WARN] [0m ex is: (succ zero)
10:26:26 [0m[33m[WARN] [0m ex is: (succ (succ zero))
10:26:26 [0m[33m[WARN] [0m ex is: (elt autovar_Nat_0)
10:26:26 [0m[33m[WARN] [0m ex is: (cons autovar_Nat_1 (elt autovar_Nat_0))
10:26:26 [0m[33m[WARN] [0m ex is: (cons autovar_Nat_2 (cons autovar_Nat_1 (elt autovar_Nat_0)))
10:26:26 [0m[33m[WARN] [0m ex is: (single autovar_Nat_0)
10:26:26 [0m[33m[WARN] [0m ex is: (concat (single autovar_Nat_0) (single autovar_Nat_0))
10:26:26 [0m[33m[WARN] [0m ex is: (concat (concat (single autovar_Nat_0) (single autovar_Nat_0)) (concat (single autovar_Nat_0) (single autovar_Nat_0)))
10:26:26 [0m[33m[WARN] [0mRunning exploration without proof mode, but goals were given
10:26:26 [0m[33m[WARN] [0mProof mode: true
10:26:26 [0m[33m[WARN] [0m ex is: true
10:26:26 [0m[33m[WARN] [0m ex is: false
10:26:26 [0m[33m[WARN] [0m ex is: zero
10:26:26 [0m[33m[WARN] [0m ex is: (succ zero)
10:26:26 [0m[33m[WARN] [0m ex is: (succ (succ zero))
10:26:26 [0m[33m[WARN] [0m ex is: (elt autovar_Nat_0)
10:26:26 [0m[33m[WARN] [0m ex is: (cons autovar_Nat_1 (elt autovar_Nat_0))
10:26:26 [0m[33m[WARN] [0m ex is: (cons autovar_Nat_2 (cons autovar_Nat_1 (elt autovar_Nat_0)))
10:26:26 [0m[33m[WARN] [0m ex is: (single autovar_Nat_0)
10:26:26 [0m[33m[WARN] [0m ex is: (concat (single autovar_Nat_0) (single autovar_Nat_0))
10:26:26 [0m[33m[WARN] [0m ex is: (concat (concat (single autovar_Nat_0) (single autovar_Nat_0)) (concat (single autovar_Nat_0) (single autovar_Nat_0)))
10:26:26 [0m[33m[WARN] [0mRunning exploration without proof mode, but goals were given
10:26:26 [0m[33m[WARN] [0mProof mode: true
10:26:26 [0m[33m[WARN] [0mproved: (and ?ts_ph_Bool_0 ?ts_ph_Bool_1) => (and ?ts_ph_Bool_1 ?ts_ph_Bool_0)
10:26:26 [0m[33m[WARN] [0mproved: (and ?ts_ph_Bool_1 ?ts_ph_Bool_0) => (and ?ts_ph_Bool_0 ?ts_ph_Bool_1)
10:26:26 [0m[33m[WARN] [0mproved: (max zero ?ts_ph_Nat_0) => ?ts_ph_Nat_0
10:26:26 [0m[33m[WARN] [0mproved: (and ?ts_ph_Bool_0 ?ts_ph_Bool_0) => ?ts_ph_Bool_0
10:26:26 [0m[33m[WARN] [0mproved: (gq ?ts_ph_Nat_0 ?ts_ph_Nat_0) => false
10:26:26 [0m[33m[WARN] [0mproved: (min zero ?ts_ph_Nat_0) => zero
10:26:26 [0m[33m[WARN] [0mproved: (gq ?ts_ph_Nat_0 zero) => (lq zero ?ts_ph_Nat_0)
10:26:26 [0m[33m[WARN] [0mproved: (lq zero ?ts_ph_Nat_0) => (gq ?ts_ph_Nat_0 zero)
10:26:26 [0m[33m[WARN] [0mproved: (ite2 ?ts_ph_Bool_0 ?ts_ph_Nat_1 ?ts_ph_Nat_1) => ?ts_ph_Nat_1
10:26:26 [0m[33m[WARN] [0mproved: (tf12 ?ts_ph_CList_0) => ?ts_ph_CList_0
10:26:26 [0m[33m[WARN] [0mproved: (gq ?ts_ph_Nat_0 ?ts_ph_Nat_1) => (lq ?ts_ph_Nat_1 ?ts_ph_Nat_0)
10:26:26 [0m[33m[WARN] [0mproved: (lq ?ts_ph_Nat_1 ?ts_ph_Nat_0) => (gq ?ts_ph_Nat_0 ?ts_ph_Nat_1)
