11:12:58 [0m[33m[WARN] [0mCollecting statistics
(plus zero ?x) => ?x
(plus (succ ?x) ?y) => (succ (plus ?x ?y))
(tf1 (nil ?tv3)) => zero
(tf1 (cons ?tv4 ?tv5)) => (plus (succ zero) (tf0 ?tv5))
(tf0 ?tv1) => (tf1 ?tv1)
(length ?tv0) => (tf0 ?tv0)
(tf3 (nil ?tv9)) => (inil null)
(tf3 (cons ?tv10 ?tv11)) => (icons ?tv10 (length ?tv11) (tf2 ?tv11))
(tf2 ?tv7) => (tf3 ?tv7)
(repr ?tv6) => (tf2 ?tv6)
(gq zero ?x) => false
(gq (succ ?x) zero) => true
(gq (succ ?x) (succ ?y)) => (gq ?x ?y)
(ite2 true ?x ?y) => ?x
(ite2 false ?x ?y) => ?y
(tf5 (inil ?tv15)) => zero
(tf5 (icons ?tv16 ?tv17 ?tv18)) => (ite2 (gq ?tv16 ?tv17) (plus ?tv16 (tf4 ?tv18)) (tf4 ?tv18))
(tf4 ?tv13) => (tf5 ?tv13)
(spec ?tv12) => (tf4 ?tv12)
(main ?tv19) => (spec (repr ?tv19))
(lq zero (succ ?x)) => true
(lq ?x zero) => false
(lq (succ ?x) (succ ?y)) => (lq ?x ?y)
(tf7 (nil ?tv23)) => zero
(tf7 (cons ?tv24 ?tv25)) => (ite2 (lq (length ?tv25) ?tv24) (plus (tf6 ?tv25) ?tv24) (tf6 ?tv25))
(tf6 ?tv21) => (tf7 ?tv21)
(repr_ ?tv20) => (tf6 ?tv20)
(main_ ?tv26) => (repr_ ?tv26)
Searcher: (gq ?autovar6 zero)
Searcher: (gq ?autovar6 (succ ?autovar3))
Searcher: (gq (succ ?autovar4) ?autovar7)
Searcher: (gq (succ ?autovar5) ?autovar7)
Searcher: (lq ?autovar5 (succ ?autovar1))
Searcher: (lq ?autovar5 (succ ?autovar3))
Searcher: (lq zero ?autovar6)
Searcher: (lq (succ ?autovar4) ?autovar6)
11:12:58 [0m[33m[WARN] [0m ex is: true
11:12:58 [0m[33m[WARN] [0m ex is: false
11:12:58 [0m[33m[WARN] [0m ex is: null
11:12:58 [0m[33m[WARN] [0m ex is: zero
11:12:58 [0m[33m[WARN] [0m ex is: (succ zero)
11:12:58 [0m[33m[WARN] [0m ex is: (succ (succ zero))
11:12:58 [0m[33m[WARN] [0m ex is: (nil autovar_Unit_0)
11:12:58 [0m[33m[WARN] [0m ex is: (cons autovar_Nat_0 (nil autovar_Unit_0))
11:12:58 [0m[33m[WARN] [0m ex is: (cons autovar_Nat_1 (cons autovar_Nat_0 (nil autovar_Unit_0)))
11:12:58 [0m[33m[WARN] [0m ex is: (inil autovar_Unit_0)
11:12:58 [0m[33m[WARN] [0m ex is: (icons autovar_Nat_0 autovar_Nat_1 (inil autovar_Unit_0))
11:12:58 [0m[33m[WARN] [0m ex is: (icons autovar_Nat_2 autovar_Nat_3 (icons autovar_Nat_0 autovar_Nat_1 (inil autovar_Unit_0)))
11:12:58 [0m[33m[WARN] [0mRunning exploration without proof mode, but goals were given
11:12:58 [0m[33m[WARN] [0mProof mode: true
11:12:58 [0m[33m[WARN] [0m ex is: true
11:12:58 [0m[33m[WARN] [0m ex is: false
11:12:58 [0m[33m[WARN] [0m ex is: null
11:12:58 [0m[33m[WARN] [0m ex is: zero
11:12:58 [0m[33m[WARN] [0m ex is: (succ zero)
11:12:58 [0m[33m[WARN] [0m ex is: (succ (succ zero))
11:12:58 [0m[33m[WARN] [0m ex is: (nil autovar_Unit_0)
11:12:58 [0m[33m[WARN] [0m ex is: (cons autovar_Nat_0 (nil autovar_Unit_0))
11:12:58 [0m[33m[WARN] [0m ex is: (cons autovar_Nat_1 (cons autovar_Nat_0 (nil autovar_Unit_0)))
11:12:58 [0m[33m[WARN] [0m ex is: (inil autovar_Unit_0)
11:12:58 [0m[33m[WARN] [0m ex is: (icons autovar_Nat_0 autovar_Nat_1 (inil autovar_Unit_0))
11:12:58 [0m[33m[WARN] [0m ex is: (icons autovar_Nat_2 autovar_Nat_3 (icons autovar_Nat_0 autovar_Nat_1 (inil autovar_Unit_0)))
11:12:58 [0m[33m[WARN] [0mRunning exploration without proof mode, but goals were given
11:12:58 [0m[33m[WARN] [0mProof mode: true
11:12:58 [0m[33m[WARN] [0mproved: (inil ?ts_ph_Unit_0) => (inil null)
11:12:58 [0m[33m[WARN] [0mproved: (plus ?ts_ph_Nat_0 zero) => ?ts_ph_Nat_0
11:12:58 [0m[33m[WARN] [0mproved: (gq ?ts_ph_Nat_0 zero) => (lq zero ?ts_ph_Nat_0)
11:12:58 [0m[33m[WARN] [0mproved: (lq zero ?ts_ph_Nat_0) => (gq ?ts_ph_Nat_0 zero)
11:12:58 [0m[33m[WARN] [0mproved: (gq ?ts_ph_Nat_0 ?ts_ph_Nat_0) => (lq ?ts_ph_Nat_0 ?ts_ph_Nat_0)
11:12:58 [0m[33m[WARN] [0mproved: (lq ?ts_ph_Nat_0 ?ts_ph_Nat_0) => (gq ?ts_ph_Nat_0 ?ts_ph_Nat_0)
11:12:58 [0m[33m[WARN] [0mproved: (ite2 ?ts_ph_Bool_0 ?ts_ph_Nat_1 ?ts_ph_Nat_1) => ?ts_ph_Nat_1
